[2024-10-17T18:33:51.170+0000] {local_task_job_runner.py:123} INFO - ::group::Pre task execution logs
[2024-10-17T18:33:51.248+0000] {taskinstance.py:2612} INFO - Dependencies all met for dep_context=non-requeueable deps ti=<TaskInstance: conditional_dataset_and_time_based_timetable.conditional_dataset_and_time_based_timetable scheduled__2024-10-16T01:00:00+00:00 [queued]>
[2024-10-17T18:33:51.286+0000] {taskinstance.py:2612} INFO - Dependencies all met for dep_context=requeueable deps ti=<TaskInstance: conditional_dataset_and_time_based_timetable.conditional_dataset_and_time_based_timetable scheduled__2024-10-16T01:00:00+00:00 [queued]>
[2024-10-17T18:33:51.290+0000] {taskinstance.py:2865} INFO - Starting attempt 1 of 1
[2024-10-17T18:33:51.366+0000] {taskinstance.py:2888} INFO - Executing <Task(BashOperator): conditional_dataset_and_time_based_timetable> on 2024-10-16 01:00:00+00:00
[2024-10-17T18:33:51.429+0000] {standard_task_runner.py:104} INFO - Running: ['***', 'tasks', 'run', 'conditional_dataset_and_time_based_timetable', 'conditional_dataset_and_time_based_timetable', 'scheduled__2024-10-16T01:00:00+00:00', '--job-id', '4', '--raw', '--subdir', '/home/***/.local/lib/python3.12/site-packages/***/example_dags/example_datasets.py', '--cfg-path', '/tmp/tmpw610otcl']
[2024-10-17T18:33:51.436+0000] {standard_task_runner.py:105} INFO - Job 4: Subtask conditional_dataset_and_time_based_timetable
[2024-10-17T18:33:51.425+0000] {warnings.py:112} WARNING - /home/***/.local/lib/python3.12/site-packages/***/task/task_runner/standard_task_runner.py:70: DeprecationWarning: This process (pid=861) is multi-threaded, use of fork() may lead to deadlocks in the child.
  pid = os.fork()

[2024-10-17T18:33:51.438+0000] {standard_task_runner.py:72} INFO - Started process 870 to run task
[2024-10-17T18:33:51.694+0000] {task_command.py:467} INFO - Running <TaskInstance: conditional_dataset_and_time_based_timetable.conditional_dataset_and_time_based_timetable scheduled__2024-10-16T01:00:00+00:00 [running]> on host 2f4242badb89
[2024-10-17T18:33:52.108+0000] {taskinstance.py:3131} INFO - Exporting env vars: AIRFLOW_CTX_DAG_OWNER='***' AIRFLOW_CTX_DAG_ID='conditional_dataset_and_time_based_timetable' AIRFLOW_CTX_TASK_ID='conditional_dataset_and_time_based_timetable' AIRFLOW_CTX_EXECUTION_DATE='2024-10-16T01:00:00+00:00' AIRFLOW_CTX_TRY_NUMBER='1' AIRFLOW_CTX_DAG_RUN_ID='scheduled__2024-10-16T01:00:00+00:00'
[2024-10-17T18:33:52.111+0000] {logging_mixin.py:190} INFO - Task instance is in running state
[2024-10-17T18:33:52.112+0000] {logging_mixin.py:190} INFO -  Previous state of the Task instance: queued
[2024-10-17T18:33:52.124+0000] {logging_mixin.py:190} INFO - Current task name:conditional_dataset_and_time_based_timetable state:running start_date:2024-10-17 18:33:51.249842+00:00
[2024-10-17T18:33:52.125+0000] {logging_mixin.py:190} INFO - Dag name:conditional_dataset_and_time_based_timetable and current dag run status:running
[2024-10-17T18:33:52.126+0000] {taskinstance.py:731} INFO - ::endgroup::
[2024-10-17T18:33:52.129+0000] {subprocess.py:63} INFO - Tmp dir root location: /tmp
[2024-10-17T18:33:52.137+0000] {subprocess.py:75} INFO - Running command: ['/usr/bin/bash', '-c', 'sleep 5']
[2024-10-17T18:33:52.218+0000] {subprocess.py:86} INFO - Output:
[2024-10-17T18:33:57.348+0000] {subprocess.py:97} INFO - Command exited with return code 0
[2024-10-17T18:33:57.662+0000] {taskinstance.py:340} INFO - ::group::Post task execution logs
[2024-10-17T18:33:57.674+0000] {taskinstance.py:352} INFO - Marking task as SUCCESS. dag_id=conditional_dataset_and_time_based_timetable, task_id=conditional_dataset_and_time_based_timetable, run_id=scheduled__2024-10-16T01:00:00+00:00, execution_date=20241016T010000, start_date=20241017T183351, end_date=20241017T183357
[2024-10-17T18:33:58.352+0000] {logging_mixin.py:190} INFO - Task instance in success state
[2024-10-17T18:33:58.353+0000] {logging_mixin.py:190} INFO -  Previous state of the Task instance: running
[2024-10-17T18:33:58.354+0000] {logging_mixin.py:190} INFO - Dag name:conditional_dataset_and_time_based_timetable queued_at:2024-10-17 18:33:07.160464+00:00
[2024-10-17T18:33:58.355+0000] {logging_mixin.py:190} INFO - Task hostname:2f4242badb89 operator:BashOperator
[2024-10-17T18:33:58.490+0000] {local_task_job_runner.py:266} INFO - Task exited with return code 0
[2024-10-17T18:33:58.703+0000] {taskinstance.py:3900} INFO - 0 downstream tasks scheduled from follow-on schedule check
[2024-10-17T18:33:58.731+0000] {local_task_job_runner.py:245} INFO - ::endgroup::
