[2024-10-19T14:37:21.143+0000] {processor.py:186} INFO - Started process (PID=1289) to work on /opt/airflow/dags/my_cde_ass.py
[2024-10-19T14:37:21.144+0000] {processor.py:914} INFO - Processing file /opt/airflow/dags/my_cde_ass.py for tasks to queue
[2024-10-19T14:37:21.149+0000] {logging_mixin.py:190} INFO - [2024-10-19T14:37:21.148+0000] {dagbag.py:587} INFO - Filling up the DagBag from /opt/airflow/dags/my_cde_ass.py
[2024-10-19T14:37:21.157+0000] {logging_mixin.py:190} INFO - [2024-10-19T14:37:21.154+0000] {dagbag.py:386} ERROR - Failed to import: /opt/airflow/dags/my_cde_ass.py
Traceback (most recent call last):
  File "/home/airflow/.local/lib/python3.12/site-packages/airflow/models/dagbag.py", line 382, in parse
    loader.exec_module(new_module)
  File "<frozen importlib._bootstrap_external>", line 991, in exec_module
  File "<frozen importlib._bootstrap_external>", line 1129, in get_code
  File "<frozen importlib._bootstrap_external>", line 1059, in source_to_code
  File "<frozen importlib._bootstrap>", line 488, in _call_with_frames_removed
  File "/opt/airflow/dags/my_cde_ass.py", line 13
    schedule_interval=timedelta(days=1)
                      
SyntaxError: invalid syntax. Perhaps you forgot a comma?
[2024-10-19T14:37:21.159+0000] {processor.py:927} WARNING - No viable dags retrieved from /opt/airflow/dags/my_cde_ass.py
[2024-10-19T14:37:21.203+0000] {processor.py:208} INFO - Processing /opt/airflow/dags/my_cde_ass.py took 0.081 seconds
[2024-10-19T14:37:51.282+0000] {processor.py:186} INFO - Started process (PID=1350) to work on /opt/airflow/dags/my_cde_ass.py
[2024-10-19T14:37:51.284+0000] {processor.py:914} INFO - Processing file /opt/airflow/dags/my_cde_ass.py for tasks to queue
[2024-10-19T14:37:51.289+0000] {logging_mixin.py:190} INFO - [2024-10-19T14:37:51.288+0000] {dagbag.py:587} INFO - Filling up the DagBag from /opt/airflow/dags/my_cde_ass.py
[2024-10-19T14:37:51.295+0000] {logging_mixin.py:190} INFO - [2024-10-19T14:37:51.293+0000] {dagbag.py:386} ERROR - Failed to import: /opt/airflow/dags/my_cde_ass.py
Traceback (most recent call last):
  File "/home/airflow/.local/lib/python3.12/site-packages/airflow/models/dagbag.py", line 382, in parse
    loader.exec_module(new_module)
  File "<frozen importlib._bootstrap_external>", line 991, in exec_module
  File "<frozen importlib._bootstrap_external>", line 1129, in get_code
  File "<frozen importlib._bootstrap_external>", line 1059, in source_to_code
  File "<frozen importlib._bootstrap>", line 488, in _call_with_frames_removed
  File "/opt/airflow/dags/my_cde_ass.py", line 13
    schedule_interval=timedelta(days=1)
                      
SyntaxError: invalid syntax. Perhaps you forgot a comma?
[2024-10-19T14:37:51.296+0000] {processor.py:927} WARNING - No viable dags retrieved from /opt/airflow/dags/my_cde_ass.py
[2024-10-19T14:37:51.352+0000] {processor.py:208} INFO - Processing /opt/airflow/dags/my_cde_ass.py took 0.085 seconds
[2024-10-19T14:38:22.115+0000] {processor.py:186} INFO - Started process (PID=1411) to work on /opt/airflow/dags/my_cde_ass.py
[2024-10-19T14:38:22.117+0000] {processor.py:914} INFO - Processing file /opt/airflow/dags/my_cde_ass.py for tasks to queue
[2024-10-19T14:38:22.128+0000] {logging_mixin.py:190} INFO - [2024-10-19T14:38:22.127+0000] {dagbag.py:587} INFO - Filling up the DagBag from /opt/airflow/dags/my_cde_ass.py
[2024-10-19T14:38:22.150+0000] {logging_mixin.py:190} INFO - [2024-10-19T14:38:22.147+0000] {dagbag.py:386} ERROR - Failed to import: /opt/airflow/dags/my_cde_ass.py
Traceback (most recent call last):
  File "/home/airflow/.local/lib/python3.12/site-packages/airflow/models/dagbag.py", line 382, in parse
    loader.exec_module(new_module)
  File "<frozen importlib._bootstrap_external>", line 991, in exec_module
  File "<frozen importlib._bootstrap_external>", line 1129, in get_code
  File "<frozen importlib._bootstrap_external>", line 1059, in source_to_code
  File "<frozen importlib._bootstrap>", line 488, in _call_with_frames_removed
  File "/opt/airflow/dags/my_cde_ass.py", line 13
    schedule_interval=timedelta(days=1)
                      
SyntaxError: invalid syntax. Perhaps you forgot a comma?
[2024-10-19T14:38:22.156+0000] {processor.py:927} WARNING - No viable dags retrieved from /opt/airflow/dags/my_cde_ass.py
[2024-10-19T14:38:22.266+0000] {processor.py:208} INFO - Processing /opt/airflow/dags/my_cde_ass.py took 0.174 seconds
[2024-10-19T14:38:53.049+0000] {processor.py:186} INFO - Started process (PID=1472) to work on /opt/airflow/dags/my_cde_ass.py
[2024-10-19T14:38:53.071+0000] {processor.py:914} INFO - Processing file /opt/airflow/dags/my_cde_ass.py for tasks to queue
[2024-10-19T14:38:53.087+0000] {logging_mixin.py:190} INFO - [2024-10-19T14:38:53.084+0000] {dagbag.py:587} INFO - Filling up the DagBag from /opt/airflow/dags/my_cde_ass.py
[2024-10-19T14:38:53.106+0000] {logging_mixin.py:190} INFO - [2024-10-19T14:38:53.100+0000] {dagbag.py:386} ERROR - Failed to import: /opt/airflow/dags/my_cde_ass.py
Traceback (most recent call last):
  File "/home/airflow/.local/lib/python3.12/site-packages/airflow/models/dagbag.py", line 382, in parse
    loader.exec_module(new_module)
  File "<frozen importlib._bootstrap_external>", line 991, in exec_module
  File "<frozen importlib._bootstrap_external>", line 1129, in get_code
  File "<frozen importlib._bootstrap_external>", line 1059, in source_to_code
  File "<frozen importlib._bootstrap>", line 488, in _call_with_frames_removed
  File "/opt/airflow/dags/my_cde_ass.py", line 13
    schedule_interval=timedelta(days=1)
                      
SyntaxError: invalid syntax. Perhaps you forgot a comma?
[2024-10-19T14:38:53.109+0000] {processor.py:927} WARNING - No viable dags retrieved from /opt/airflow/dags/my_cde_ass.py
[2024-10-19T14:38:53.162+0000] {processor.py:208} INFO - Processing /opt/airflow/dags/my_cde_ass.py took 0.162 seconds
[2024-10-19T14:39:23.329+0000] {processor.py:186} INFO - Started process (PID=1535) to work on /opt/airflow/dags/my_cde_ass.py
[2024-10-19T14:39:23.332+0000] {processor.py:914} INFO - Processing file /opt/airflow/dags/my_cde_ass.py for tasks to queue
[2024-10-19T14:39:23.351+0000] {logging_mixin.py:190} INFO - [2024-10-19T14:39:23.350+0000] {dagbag.py:587} INFO - Filling up the DagBag from /opt/airflow/dags/my_cde_ass.py
[2024-10-19T14:39:23.370+0000] {logging_mixin.py:190} INFO - [2024-10-19T14:39:23.360+0000] {dagbag.py:386} ERROR - Failed to import: /opt/airflow/dags/my_cde_ass.py
Traceback (most recent call last):
  File "/home/airflow/.local/lib/python3.12/site-packages/airflow/models/dagbag.py", line 382, in parse
    loader.exec_module(new_module)
  File "<frozen importlib._bootstrap_external>", line 991, in exec_module
  File "<frozen importlib._bootstrap_external>", line 1129, in get_code
  File "<frozen importlib._bootstrap_external>", line 1059, in source_to_code
  File "<frozen importlib._bootstrap>", line 488, in _call_with_frames_removed
  File "/opt/airflow/dags/my_cde_ass.py", line 13
    schedule_interval=timedelta(days=1)
                      
SyntaxError: invalid syntax. Perhaps you forgot a comma?
[2024-10-19T14:39:23.375+0000] {processor.py:927} WARNING - No viable dags retrieved from /opt/airflow/dags/my_cde_ass.py
[2024-10-19T14:39:23.536+0000] {processor.py:208} INFO - Processing /opt/airflow/dags/my_cde_ass.py took 0.258 seconds
[2024-10-19T14:39:53.751+0000] {processor.py:186} INFO - Started process (PID=1598) to work on /opt/airflow/dags/my_cde_ass.py
[2024-10-19T14:39:53.753+0000] {processor.py:914} INFO - Processing file /opt/airflow/dags/my_cde_ass.py for tasks to queue
[2024-10-19T14:39:53.758+0000] {logging_mixin.py:190} INFO - [2024-10-19T14:39:53.757+0000] {dagbag.py:587} INFO - Filling up the DagBag from /opt/airflow/dags/my_cde_ass.py
[2024-10-19T14:39:53.765+0000] {logging_mixin.py:190} INFO - [2024-10-19T14:39:53.762+0000] {dagbag.py:386} ERROR - Failed to import: /opt/airflow/dags/my_cde_ass.py
Traceback (most recent call last):
  File "/home/airflow/.local/lib/python3.12/site-packages/airflow/models/dagbag.py", line 382, in parse
    loader.exec_module(new_module)
  File "<frozen importlib._bootstrap_external>", line 991, in exec_module
  File "<frozen importlib._bootstrap_external>", line 1129, in get_code
  File "<frozen importlib._bootstrap_external>", line 1059, in source_to_code
  File "<frozen importlib._bootstrap>", line 488, in _call_with_frames_removed
  File "/opt/airflow/dags/my_cde_ass.py", line 13
    schedule_interval=timedelta(days=1)
                      
SyntaxError: invalid syntax. Perhaps you forgot a comma?
[2024-10-19T14:39:53.766+0000] {processor.py:927} WARNING - No viable dags retrieved from /opt/airflow/dags/my_cde_ass.py
[2024-10-19T14:39:53.806+0000] {processor.py:208} INFO - Processing /opt/airflow/dags/my_cde_ass.py took 0.068 seconds
[2024-10-19T14:40:24.215+0000] {processor.py:186} INFO - Started process (PID=1658) to work on /opt/airflow/dags/my_cde_ass.py
[2024-10-19T14:40:24.218+0000] {processor.py:914} INFO - Processing file /opt/airflow/dags/my_cde_ass.py for tasks to queue
[2024-10-19T14:40:24.222+0000] {logging_mixin.py:190} INFO - [2024-10-19T14:40:24.221+0000] {dagbag.py:587} INFO - Filling up the DagBag from /opt/airflow/dags/my_cde_ass.py
[2024-10-19T14:40:24.229+0000] {logging_mixin.py:190} INFO - [2024-10-19T14:40:24.226+0000] {dagbag.py:386} ERROR - Failed to import: /opt/airflow/dags/my_cde_ass.py
Traceback (most recent call last):
  File "/home/airflow/.local/lib/python3.12/site-packages/airflow/models/dagbag.py", line 382, in parse
    loader.exec_module(new_module)
  File "<frozen importlib._bootstrap_external>", line 991, in exec_module
  File "<frozen importlib._bootstrap_external>", line 1129, in get_code
  File "<frozen importlib._bootstrap_external>", line 1059, in source_to_code
  File "<frozen importlib._bootstrap>", line 488, in _call_with_frames_removed
  File "/opt/airflow/dags/my_cde_ass.py", line 13
    schedule_interval=timedelta(days=1)
                      
SyntaxError: invalid syntax. Perhaps you forgot a comma?
[2024-10-19T14:40:24.230+0000] {processor.py:927} WARNING - No viable dags retrieved from /opt/airflow/dags/my_cde_ass.py
[2024-10-19T14:40:24.275+0000] {processor.py:208} INFO - Processing /opt/airflow/dags/my_cde_ass.py took 0.073 seconds
[2024-10-19T14:40:54.652+0000] {processor.py:186} INFO - Started process (PID=1720) to work on /opt/airflow/dags/my_cde_ass.py
[2024-10-19T14:40:54.655+0000] {processor.py:914} INFO - Processing file /opt/airflow/dags/my_cde_ass.py for tasks to queue
[2024-10-19T14:40:54.661+0000] {logging_mixin.py:190} INFO - [2024-10-19T14:40:54.659+0000] {dagbag.py:587} INFO - Filling up the DagBag from /opt/airflow/dags/my_cde_ass.py
[2024-10-19T14:40:54.674+0000] {logging_mixin.py:190} INFO - [2024-10-19T14:40:54.668+0000] {dagbag.py:386} ERROR - Failed to import: /opt/airflow/dags/my_cde_ass.py
Traceback (most recent call last):
  File "/home/airflow/.local/lib/python3.12/site-packages/airflow/models/dagbag.py", line 382, in parse
    loader.exec_module(new_module)
  File "<frozen importlib._bootstrap_external>", line 991, in exec_module
  File "<frozen importlib._bootstrap_external>", line 1129, in get_code
  File "<frozen importlib._bootstrap_external>", line 1059, in source_to_code
  File "<frozen importlib._bootstrap>", line 488, in _call_with_frames_removed
  File "/opt/airflow/dags/my_cde_ass.py", line 13
    schedule_interval=timedelta(days=1)
                      
SyntaxError: invalid syntax. Perhaps you forgot a comma?
[2024-10-19T14:40:54.675+0000] {processor.py:927} WARNING - No viable dags retrieved from /opt/airflow/dags/my_cde_ass.py
[2024-10-19T14:40:54.721+0000] {processor.py:208} INFO - Processing /opt/airflow/dags/my_cde_ass.py took 0.087 seconds
[2024-10-19T14:41:25.442+0000] {processor.py:186} INFO - Started process (PID=1782) to work on /opt/airflow/dags/my_cde_ass.py
[2024-10-19T14:41:25.454+0000] {processor.py:914} INFO - Processing file /opt/airflow/dags/my_cde_ass.py for tasks to queue
[2024-10-19T14:41:25.459+0000] {logging_mixin.py:190} INFO - [2024-10-19T14:41:25.458+0000] {dagbag.py:587} INFO - Filling up the DagBag from /opt/airflow/dags/my_cde_ass.py
[2024-10-19T14:41:25.465+0000] {logging_mixin.py:190} INFO - [2024-10-19T14:41:25.462+0000] {dagbag.py:386} ERROR - Failed to import: /opt/airflow/dags/my_cde_ass.py
Traceback (most recent call last):
  File "/home/airflow/.local/lib/python3.12/site-packages/airflow/models/dagbag.py", line 382, in parse
    loader.exec_module(new_module)
  File "<frozen importlib._bootstrap_external>", line 991, in exec_module
  File "<frozen importlib._bootstrap_external>", line 1129, in get_code
  File "<frozen importlib._bootstrap_external>", line 1059, in source_to_code
  File "<frozen importlib._bootstrap>", line 488, in _call_with_frames_removed
  File "/opt/airflow/dags/my_cde_ass.py", line 13
    schedule_interval=timedelta(days=1)
                      
SyntaxError: invalid syntax. Perhaps you forgot a comma?
[2024-10-19T14:41:25.466+0000] {processor.py:927} WARNING - No viable dags retrieved from /opt/airflow/dags/my_cde_ass.py
[2024-10-19T14:41:25.507+0000] {processor.py:208} INFO - Processing /opt/airflow/dags/my_cde_ass.py took 0.076 seconds
[2024-10-19T14:41:55.689+0000] {processor.py:186} INFO - Started process (PID=1846) to work on /opt/airflow/dags/my_cde_ass.py
[2024-10-19T14:41:55.704+0000] {processor.py:914} INFO - Processing file /opt/airflow/dags/my_cde_ass.py for tasks to queue
[2024-10-19T14:41:55.713+0000] {logging_mixin.py:190} INFO - [2024-10-19T14:41:55.711+0000] {dagbag.py:587} INFO - Filling up the DagBag from /opt/airflow/dags/my_cde_ass.py
[2024-10-19T14:41:55.725+0000] {logging_mixin.py:190} INFO - [2024-10-19T14:41:55.720+0000] {dagbag.py:386} ERROR - Failed to import: /opt/airflow/dags/my_cde_ass.py
Traceback (most recent call last):
  File "/home/airflow/.local/lib/python3.12/site-packages/airflow/models/dagbag.py", line 382, in parse
    loader.exec_module(new_module)
  File "<frozen importlib._bootstrap_external>", line 991, in exec_module
  File "<frozen importlib._bootstrap_external>", line 1129, in get_code
  File "<frozen importlib._bootstrap_external>", line 1059, in source_to_code
  File "<frozen importlib._bootstrap>", line 488, in _call_with_frames_removed
  File "/opt/airflow/dags/my_cde_ass.py", line 13
    schedule_interval=timedelta(days=1)
                      
SyntaxError: invalid syntax. Perhaps you forgot a comma?
[2024-10-19T14:41:55.726+0000] {processor.py:927} WARNING - No viable dags retrieved from /opt/airflow/dags/my_cde_ass.py
[2024-10-19T14:41:55.809+0000] {processor.py:208} INFO - Processing /opt/airflow/dags/my_cde_ass.py took 0.145 seconds
[2024-10-19T14:42:25.896+0000] {processor.py:186} INFO - Started process (PID=1910) to work on /opt/airflow/dags/my_cde_ass.py
[2024-10-19T14:42:25.899+0000] {processor.py:914} INFO - Processing file /opt/airflow/dags/my_cde_ass.py for tasks to queue
[2024-10-19T14:42:25.906+0000] {logging_mixin.py:190} INFO - [2024-10-19T14:42:25.905+0000] {dagbag.py:587} INFO - Filling up the DagBag from /opt/airflow/dags/my_cde_ass.py
[2024-10-19T14:42:25.913+0000] {logging_mixin.py:190} INFO - [2024-10-19T14:42:25.910+0000] {dagbag.py:386} ERROR - Failed to import: /opt/airflow/dags/my_cde_ass.py
Traceback (most recent call last):
  File "/home/airflow/.local/lib/python3.12/site-packages/airflow/models/dagbag.py", line 382, in parse
    loader.exec_module(new_module)
  File "<frozen importlib._bootstrap_external>", line 991, in exec_module
  File "<frozen importlib._bootstrap_external>", line 1129, in get_code
  File "<frozen importlib._bootstrap_external>", line 1059, in source_to_code
  File "<frozen importlib._bootstrap>", line 488, in _call_with_frames_removed
  File "/opt/airflow/dags/my_cde_ass.py", line 13
    schedule_interval=timedelta(days=1)
                      
SyntaxError: invalid syntax. Perhaps you forgot a comma?
[2024-10-19T14:42:25.914+0000] {processor.py:927} WARNING - No viable dags retrieved from /opt/airflow/dags/my_cde_ass.py
[2024-10-19T14:42:25.959+0000] {processor.py:208} INFO - Processing /opt/airflow/dags/my_cde_ass.py took 0.078 seconds
[2024-10-19T14:42:56.084+0000] {processor.py:186} INFO - Started process (PID=1973) to work on /opt/airflow/dags/my_cde_ass.py
[2024-10-19T14:42:56.087+0000] {processor.py:914} INFO - Processing file /opt/airflow/dags/my_cde_ass.py for tasks to queue
[2024-10-19T14:42:56.091+0000] {logging_mixin.py:190} INFO - [2024-10-19T14:42:56.090+0000] {dagbag.py:587} INFO - Filling up the DagBag from /opt/airflow/dags/my_cde_ass.py
[2024-10-19T14:42:56.097+0000] {logging_mixin.py:190} INFO - [2024-10-19T14:42:56.095+0000] {dagbag.py:386} ERROR - Failed to import: /opt/airflow/dags/my_cde_ass.py
Traceback (most recent call last):
  File "/home/airflow/.local/lib/python3.12/site-packages/airflow/models/dagbag.py", line 382, in parse
    loader.exec_module(new_module)
  File "<frozen importlib._bootstrap_external>", line 991, in exec_module
  File "<frozen importlib._bootstrap_external>", line 1129, in get_code
  File "<frozen importlib._bootstrap_external>", line 1059, in source_to_code
  File "<frozen importlib._bootstrap>", line 488, in _call_with_frames_removed
  File "/opt/airflow/dags/my_cde_ass.py", line 13
    schedule_interval=timedelta(days=1)
                      
SyntaxError: invalid syntax. Perhaps you forgot a comma?
[2024-10-19T14:42:56.099+0000] {processor.py:927} WARNING - No viable dags retrieved from /opt/airflow/dags/my_cde_ass.py
[2024-10-19T14:42:56.136+0000] {processor.py:208} INFO - Processing /opt/airflow/dags/my_cde_ass.py took 0.065 seconds
[2024-10-19T14:43:26.402+0000] {processor.py:186} INFO - Started process (PID=2036) to work on /opt/airflow/dags/my_cde_ass.py
[2024-10-19T14:43:26.404+0000] {processor.py:914} INFO - Processing file /opt/airflow/dags/my_cde_ass.py for tasks to queue
[2024-10-19T14:43:26.409+0000] {logging_mixin.py:190} INFO - [2024-10-19T14:43:26.409+0000] {dagbag.py:587} INFO - Filling up the DagBag from /opt/airflow/dags/my_cde_ass.py
[2024-10-19T14:43:26.416+0000] {logging_mixin.py:190} INFO - [2024-10-19T14:43:26.414+0000] {dagbag.py:386} ERROR - Failed to import: /opt/airflow/dags/my_cde_ass.py
Traceback (most recent call last):
  File "/home/airflow/.local/lib/python3.12/site-packages/airflow/models/dagbag.py", line 382, in parse
    loader.exec_module(new_module)
  File "<frozen importlib._bootstrap_external>", line 991, in exec_module
  File "<frozen importlib._bootstrap_external>", line 1129, in get_code
  File "<frozen importlib._bootstrap_external>", line 1059, in source_to_code
  File "<frozen importlib._bootstrap>", line 488, in _call_with_frames_removed
  File "/opt/airflow/dags/my_cde_ass.py", line 13
    schedule_interval=timedelta(days=1)
                      
SyntaxError: invalid syntax. Perhaps you forgot a comma?
[2024-10-19T14:43:26.417+0000] {processor.py:927} WARNING - No viable dags retrieved from /opt/airflow/dags/my_cde_ass.py
[2024-10-19T14:43:26.452+0000] {processor.py:208} INFO - Processing /opt/airflow/dags/my_cde_ass.py took 0.063 seconds
[2024-10-19T14:43:56.794+0000] {processor.py:186} INFO - Started process (PID=2096) to work on /opt/airflow/dags/my_cde_ass.py
[2024-10-19T14:43:56.797+0000] {processor.py:914} INFO - Processing file /opt/airflow/dags/my_cde_ass.py for tasks to queue
[2024-10-19T14:43:56.808+0000] {logging_mixin.py:190} INFO - [2024-10-19T14:43:56.808+0000] {dagbag.py:587} INFO - Filling up the DagBag from /opt/airflow/dags/my_cde_ass.py
[2024-10-19T14:43:56.822+0000] {logging_mixin.py:190} INFO - [2024-10-19T14:43:56.819+0000] {dagbag.py:386} ERROR - Failed to import: /opt/airflow/dags/my_cde_ass.py
Traceback (most recent call last):
  File "/home/airflow/.local/lib/python3.12/site-packages/airflow/models/dagbag.py", line 382, in parse
    loader.exec_module(new_module)
  File "<frozen importlib._bootstrap_external>", line 991, in exec_module
  File "<frozen importlib._bootstrap_external>", line 1129, in get_code
  File "<frozen importlib._bootstrap_external>", line 1059, in source_to_code
  File "<frozen importlib._bootstrap>", line 488, in _call_with_frames_removed
  File "/opt/airflow/dags/my_cde_ass.py", line 13
    schedule_interval=timedelta(days=1)
                      
SyntaxError: invalid syntax. Perhaps you forgot a comma?
[2024-10-19T14:43:56.824+0000] {processor.py:927} WARNING - No viable dags retrieved from /opt/airflow/dags/my_cde_ass.py
[2024-10-19T14:43:56.879+0000] {processor.py:208} INFO - Processing /opt/airflow/dags/my_cde_ass.py took 0.103 seconds
[2024-10-19T14:44:27.083+0000] {processor.py:186} INFO - Started process (PID=2160) to work on /opt/airflow/dags/my_cde_ass.py
[2024-10-19T14:44:27.098+0000] {processor.py:914} INFO - Processing file /opt/airflow/dags/my_cde_ass.py for tasks to queue
[2024-10-19T14:44:27.107+0000] {logging_mixin.py:190} INFO - [2024-10-19T14:44:27.106+0000] {dagbag.py:587} INFO - Filling up the DagBag from /opt/airflow/dags/my_cde_ass.py
[2024-10-19T14:44:27.121+0000] {logging_mixin.py:190} INFO - [2024-10-19T14:44:27.116+0000] {dagbag.py:386} ERROR - Failed to import: /opt/airflow/dags/my_cde_ass.py
Traceback (most recent call last):
  File "/home/airflow/.local/lib/python3.12/site-packages/airflow/models/dagbag.py", line 382, in parse
    loader.exec_module(new_module)
  File "<frozen importlib._bootstrap_external>", line 991, in exec_module
  File "<frozen importlib._bootstrap_external>", line 1129, in get_code
  File "<frozen importlib._bootstrap_external>", line 1059, in source_to_code
  File "<frozen importlib._bootstrap>", line 488, in _call_with_frames_removed
  File "/opt/airflow/dags/my_cde_ass.py", line 13
    schedule_interval=timedelta(days=1)
                      
SyntaxError: invalid syntax. Perhaps you forgot a comma?
[2024-10-19T14:44:27.123+0000] {processor.py:927} WARNING - No viable dags retrieved from /opt/airflow/dags/my_cde_ass.py
[2024-10-19T14:44:27.173+0000] {processor.py:208} INFO - Processing /opt/airflow/dags/my_cde_ass.py took 0.129 seconds
[2024-10-19T14:44:57.711+0000] {processor.py:186} INFO - Started process (PID=2222) to work on /opt/airflow/dags/my_cde_ass.py
[2024-10-19T14:44:57.717+0000] {processor.py:914} INFO - Processing file /opt/airflow/dags/my_cde_ass.py for tasks to queue
[2024-10-19T14:44:57.729+0000] {logging_mixin.py:190} INFO - [2024-10-19T14:44:57.727+0000] {dagbag.py:587} INFO - Filling up the DagBag from /opt/airflow/dags/my_cde_ass.py
[2024-10-19T14:44:57.742+0000] {logging_mixin.py:190} INFO - [2024-10-19T14:44:57.738+0000] {dagbag.py:386} ERROR - Failed to import: /opt/airflow/dags/my_cde_ass.py
Traceback (most recent call last):
  File "/home/airflow/.local/lib/python3.12/site-packages/airflow/models/dagbag.py", line 382, in parse
    loader.exec_module(new_module)
  File "<frozen importlib._bootstrap_external>", line 991, in exec_module
  File "<frozen importlib._bootstrap_external>", line 1129, in get_code
  File "<frozen importlib._bootstrap_external>", line 1059, in source_to_code
  File "<frozen importlib._bootstrap>", line 488, in _call_with_frames_removed
  File "/opt/airflow/dags/my_cde_ass.py", line 13
    schedule_interval=timedelta(days=1)
                      
SyntaxError: invalid syntax. Perhaps you forgot a comma?
[2024-10-19T14:44:57.745+0000] {processor.py:927} WARNING - No viable dags retrieved from /opt/airflow/dags/my_cde_ass.py
[2024-10-19T14:44:57.831+0000] {processor.py:208} INFO - Processing /opt/airflow/dags/my_cde_ass.py took 0.161 seconds
[2024-10-19T14:45:28.578+0000] {processor.py:186} INFO - Started process (PID=2285) to work on /opt/airflow/dags/my_cde_ass.py
[2024-10-19T14:45:28.590+0000] {processor.py:914} INFO - Processing file /opt/airflow/dags/my_cde_ass.py for tasks to queue
[2024-10-19T14:45:28.596+0000] {logging_mixin.py:190} INFO - [2024-10-19T14:45:28.595+0000] {dagbag.py:587} INFO - Filling up the DagBag from /opt/airflow/dags/my_cde_ass.py
[2024-10-19T14:45:28.603+0000] {logging_mixin.py:190} INFO - [2024-10-19T14:45:28.600+0000] {dagbag.py:386} ERROR - Failed to import: /opt/airflow/dags/my_cde_ass.py
Traceback (most recent call last):
  File "/home/airflow/.local/lib/python3.12/site-packages/airflow/models/dagbag.py", line 382, in parse
    loader.exec_module(new_module)
  File "<frozen importlib._bootstrap_external>", line 991, in exec_module
  File "<frozen importlib._bootstrap_external>", line 1129, in get_code
  File "<frozen importlib._bootstrap_external>", line 1059, in source_to_code
  File "<frozen importlib._bootstrap>", line 488, in _call_with_frames_removed
  File "/opt/airflow/dags/my_cde_ass.py", line 13
    schedule_interval=timedelta(days=1)
                      
SyntaxError: invalid syntax. Perhaps you forgot a comma?
[2024-10-19T14:45:28.606+0000] {processor.py:927} WARNING - No viable dags retrieved from /opt/airflow/dags/my_cde_ass.py
[2024-10-19T14:45:28.659+0000] {processor.py:208} INFO - Processing /opt/airflow/dags/my_cde_ass.py took 0.097 seconds
[2024-10-19T14:45:59.036+0000] {processor.py:186} INFO - Started process (PID=2349) to work on /opt/airflow/dags/my_cde_ass.py
[2024-10-19T14:45:59.050+0000] {processor.py:914} INFO - Processing file /opt/airflow/dags/my_cde_ass.py for tasks to queue
[2024-10-19T14:45:59.055+0000] {logging_mixin.py:190} INFO - [2024-10-19T14:45:59.054+0000] {dagbag.py:587} INFO - Filling up the DagBag from /opt/airflow/dags/my_cde_ass.py
[2024-10-19T14:45:59.063+0000] {logging_mixin.py:190} INFO - [2024-10-19T14:45:59.060+0000] {dagbag.py:386} ERROR - Failed to import: /opt/airflow/dags/my_cde_ass.py
Traceback (most recent call last):
  File "/home/airflow/.local/lib/python3.12/site-packages/airflow/models/dagbag.py", line 382, in parse
    loader.exec_module(new_module)
  File "<frozen importlib._bootstrap_external>", line 991, in exec_module
  File "<frozen importlib._bootstrap_external>", line 1129, in get_code
  File "<frozen importlib._bootstrap_external>", line 1059, in source_to_code
  File "<frozen importlib._bootstrap>", line 488, in _call_with_frames_removed
  File "/opt/airflow/dags/my_cde_ass.py", line 13
    schedule_interval=timedelta(days=1)
                      
SyntaxError: invalid syntax. Perhaps you forgot a comma?
[2024-10-19T14:45:59.064+0000] {processor.py:927} WARNING - No viable dags retrieved from /opt/airflow/dags/my_cde_ass.py
[2024-10-19T14:45:59.112+0000] {processor.py:208} INFO - Processing /opt/airflow/dags/my_cde_ass.py took 0.107 seconds
[2024-10-19T14:46:29.808+0000] {processor.py:186} INFO - Started process (PID=2412) to work on /opt/airflow/dags/my_cde_ass.py
[2024-10-19T14:46:29.813+0000] {processor.py:914} INFO - Processing file /opt/airflow/dags/my_cde_ass.py for tasks to queue
[2024-10-19T14:46:29.822+0000] {logging_mixin.py:190} INFO - [2024-10-19T14:46:29.821+0000] {dagbag.py:587} INFO - Filling up the DagBag from /opt/airflow/dags/my_cde_ass.py
[2024-10-19T14:46:29.836+0000] {logging_mixin.py:190} INFO - [2024-10-19T14:46:29.831+0000] {dagbag.py:386} ERROR - Failed to import: /opt/airflow/dags/my_cde_ass.py
Traceback (most recent call last):
  File "/home/airflow/.local/lib/python3.12/site-packages/airflow/models/dagbag.py", line 382, in parse
    loader.exec_module(new_module)
  File "<frozen importlib._bootstrap_external>", line 991, in exec_module
  File "<frozen importlib._bootstrap_external>", line 1129, in get_code
  File "<frozen importlib._bootstrap_external>", line 1059, in source_to_code
  File "<frozen importlib._bootstrap>", line 488, in _call_with_frames_removed
  File "/opt/airflow/dags/my_cde_ass.py", line 13
    schedule_interval=timedelta(days=1)
                      
SyntaxError: invalid syntax. Perhaps you forgot a comma?
[2024-10-19T14:46:29.839+0000] {processor.py:927} WARNING - No viable dags retrieved from /opt/airflow/dags/my_cde_ass.py
[2024-10-19T14:46:29.909+0000] {processor.py:208} INFO - Processing /opt/airflow/dags/my_cde_ass.py took 0.135 seconds
[2024-10-19T14:47:00.305+0000] {processor.py:186} INFO - Started process (PID=2475) to work on /opt/airflow/dags/my_cde_ass.py
[2024-10-19T14:47:00.308+0000] {processor.py:914} INFO - Processing file /opt/airflow/dags/my_cde_ass.py for tasks to queue
[2024-10-19T14:47:00.314+0000] {logging_mixin.py:190} INFO - [2024-10-19T14:47:00.313+0000] {dagbag.py:587} INFO - Filling up the DagBag from /opt/airflow/dags/my_cde_ass.py
[2024-10-19T14:47:00.320+0000] {logging_mixin.py:190} INFO - [2024-10-19T14:47:00.318+0000] {dagbag.py:386} ERROR - Failed to import: /opt/airflow/dags/my_cde_ass.py
Traceback (most recent call last):
  File "/home/airflow/.local/lib/python3.12/site-packages/airflow/models/dagbag.py", line 382, in parse
    loader.exec_module(new_module)
  File "<frozen importlib._bootstrap_external>", line 991, in exec_module
  File "<frozen importlib._bootstrap_external>", line 1129, in get_code
  File "<frozen importlib._bootstrap_external>", line 1059, in source_to_code
  File "<frozen importlib._bootstrap>", line 488, in _call_with_frames_removed
  File "/opt/airflow/dags/my_cde_ass.py", line 13
    schedule_interval=timedelta(days=1)
                      
SyntaxError: invalid syntax. Perhaps you forgot a comma?
[2024-10-19T14:47:00.321+0000] {processor.py:927} WARNING - No viable dags retrieved from /opt/airflow/dags/my_cde_ass.py
[2024-10-19T14:47:00.374+0000] {processor.py:208} INFO - Processing /opt/airflow/dags/my_cde_ass.py took 0.092 seconds
[2024-10-19T14:47:15.020+0000] {processor.py:186} INFO - Started process (PID=2507) to work on /opt/airflow/dags/my_cde_ass.py
[2024-10-19T14:47:15.035+0000] {processor.py:914} INFO - Processing file /opt/airflow/dags/my_cde_ass.py for tasks to queue
[2024-10-19T14:47:15.044+0000] {logging_mixin.py:190} INFO - [2024-10-19T14:47:15.043+0000] {dagbag.py:587} INFO - Filling up the DagBag from /opt/airflow/dags/my_cde_ass.py
[2024-10-19T14:47:15.054+0000] {logging_mixin.py:190} INFO - [2024-10-19T14:47:15.051+0000] {dagbag.py:386} ERROR - Failed to import: /opt/airflow/dags/my_cde_ass.py
Traceback (most recent call last):
  File "/home/airflow/.local/lib/python3.12/site-packages/airflow/models/dagbag.py", line 382, in parse
    loader.exec_module(new_module)
  File "<frozen importlib._bootstrap_external>", line 991, in exec_module
  File "<frozen importlib._bootstrap_external>", line 1129, in get_code
  File "<frozen importlib._bootstrap_external>", line 1059, in source_to_code
  File "<frozen importlib._bootstrap>", line 488, in _call_with_frames_removed
  File "/opt/airflow/dags/my_cde_ass.py", line 17
    #Defining the task
                      ^
IndentationError: expected an indented block after 'with' statement on line 10
[2024-10-19T14:47:15.056+0000] {processor.py:927} WARNING - No viable dags retrieved from /opt/airflow/dags/my_cde_ass.py
[2024-10-19T14:47:15.137+0000] {processor.py:208} INFO - Processing /opt/airflow/dags/my_cde_ass.py took 0.149 seconds
[2024-10-19T14:47:45.336+0000] {processor.py:186} INFO - Started process (PID=2571) to work on /opt/airflow/dags/my_cde_ass.py
[2024-10-19T14:47:45.350+0000] {processor.py:914} INFO - Processing file /opt/airflow/dags/my_cde_ass.py for tasks to queue
[2024-10-19T14:47:45.357+0000] {logging_mixin.py:190} INFO - [2024-10-19T14:47:45.356+0000] {dagbag.py:587} INFO - Filling up the DagBag from /opt/airflow/dags/my_cde_ass.py
[2024-10-19T14:47:45.372+0000] {logging_mixin.py:190} INFO - [2024-10-19T14:47:45.369+0000] {dagbag.py:386} ERROR - Failed to import: /opt/airflow/dags/my_cde_ass.py
Traceback (most recent call last):
  File "/home/airflow/.local/lib/python3.12/site-packages/airflow/models/dagbag.py", line 382, in parse
    loader.exec_module(new_module)
  File "<frozen importlib._bootstrap_external>", line 991, in exec_module
  File "<frozen importlib._bootstrap_external>", line 1129, in get_code
  File "<frozen importlib._bootstrap_external>", line 1059, in source_to_code
  File "<frozen importlib._bootstrap>", line 488, in _call_with_frames_removed
  File "/opt/airflow/dags/my_cde_ass.py", line 17
    #Defining the task
                      ^
IndentationError: expected an indented block after 'with' statement on line 10
[2024-10-19T14:47:45.375+0000] {processor.py:927} WARNING - No viable dags retrieved from /opt/airflow/dags/my_cde_ass.py
[2024-10-19T14:47:45.443+0000] {processor.py:208} INFO - Processing /opt/airflow/dags/my_cde_ass.py took 0.134 seconds
[2024-10-19T14:48:15.935+0000] {processor.py:186} INFO - Started process (PID=2633) to work on /opt/airflow/dags/my_cde_ass.py
[2024-10-19T14:48:15.938+0000] {processor.py:914} INFO - Processing file /opt/airflow/dags/my_cde_ass.py for tasks to queue
[2024-10-19T14:48:15.945+0000] {logging_mixin.py:190} INFO - [2024-10-19T14:48:15.944+0000] {dagbag.py:587} INFO - Filling up the DagBag from /opt/airflow/dags/my_cde_ass.py
[2024-10-19T14:48:15.955+0000] {logging_mixin.py:190} INFO - [2024-10-19T14:48:15.951+0000] {dagbag.py:386} ERROR - Failed to import: /opt/airflow/dags/my_cde_ass.py
Traceback (most recent call last):
  File "/home/airflow/.local/lib/python3.12/site-packages/airflow/models/dagbag.py", line 382, in parse
    loader.exec_module(new_module)
  File "<frozen importlib._bootstrap_external>", line 991, in exec_module
  File "<frozen importlib._bootstrap_external>", line 1129, in get_code
  File "<frozen importlib._bootstrap_external>", line 1059, in source_to_code
  File "<frozen importlib._bootstrap>", line 488, in _call_with_frames_removed
  File "/opt/airflow/dags/my_cde_ass.py", line 17
    #Defining the task
                      ^
IndentationError: expected an indented block after 'with' statement on line 10
[2024-10-19T14:48:15.957+0000] {processor.py:927} WARNING - No viable dags retrieved from /opt/airflow/dags/my_cde_ass.py
[2024-10-19T14:48:16.016+0000] {processor.py:208} INFO - Processing /opt/airflow/dags/my_cde_ass.py took 0.115 seconds
[2024-10-19T14:48:26.054+0000] {processor.py:186} INFO - Started process (PID=2647) to work on /opt/airflow/dags/my_cde_ass.py
[2024-10-19T14:48:26.068+0000] {processor.py:914} INFO - Processing file /opt/airflow/dags/my_cde_ass.py for tasks to queue
[2024-10-19T14:48:26.077+0000] {logging_mixin.py:190} INFO - [2024-10-19T14:48:26.076+0000] {dagbag.py:587} INFO - Filling up the DagBag from /opt/airflow/dags/my_cde_ass.py
[2024-10-19T14:48:26.092+0000] {logging_mixin.py:190} INFO - [2024-10-19T14:48:26.087+0000] {dagbag.py:386} ERROR - Failed to import: /opt/airflow/dags/my_cde_ass.py
Traceback (most recent call last):
  File "/home/airflow/.local/lib/python3.12/site-packages/airflow/models/dagbag.py", line 382, in parse
    loader.exec_module(new_module)
  File "<frozen importlib._bootstrap_external>", line 991, in exec_module
  File "<frozen importlib._bootstrap_external>", line 1129, in get_code
  File "<frozen importlib._bootstrap_external>", line 1059, in source_to_code
  File "<frozen importlib._bootstrap>", line 488, in _call_with_frames_removed
  File "/opt/airflow/dags/my_cde_ass.py", line 17
    #Defining the task
                      ^
IndentationError: expected an indented block after 'with' statement on line 10
[2024-10-19T14:48:26.097+0000] {processor.py:927} WARNING - No viable dags retrieved from /opt/airflow/dags/my_cde_ass.py
[2024-10-19T14:48:26.200+0000] {processor.py:208} INFO - Processing /opt/airflow/dags/my_cde_ass.py took 0.173 seconds
[2024-10-19T14:48:56.356+0000] {processor.py:186} INFO - Started process (PID=2710) to work on /opt/airflow/dags/my_cde_ass.py
[2024-10-19T14:48:56.368+0000] {processor.py:914} INFO - Processing file /opt/airflow/dags/my_cde_ass.py for tasks to queue
[2024-10-19T14:48:56.375+0000] {logging_mixin.py:190} INFO - [2024-10-19T14:48:56.374+0000] {dagbag.py:587} INFO - Filling up the DagBag from /opt/airflow/dags/my_cde_ass.py
[2024-10-19T14:48:56.383+0000] {logging_mixin.py:190} INFO - [2024-10-19T14:48:56.380+0000] {dagbag.py:386} ERROR - Failed to import: /opt/airflow/dags/my_cde_ass.py
Traceback (most recent call last):
  File "/home/airflow/.local/lib/python3.12/site-packages/airflow/models/dagbag.py", line 382, in parse
    loader.exec_module(new_module)
  File "<frozen importlib._bootstrap_external>", line 991, in exec_module
  File "<frozen importlib._bootstrap_external>", line 1129, in get_code
  File "<frozen importlib._bootstrap_external>", line 1059, in source_to_code
  File "<frozen importlib._bootstrap>", line 488, in _call_with_frames_removed
  File "/opt/airflow/dags/my_cde_ass.py", line 17
    #Defining the task
                      ^
IndentationError: expected an indented block after 'with' statement on line 10
[2024-10-19T14:48:56.384+0000] {processor.py:927} WARNING - No viable dags retrieved from /opt/airflow/dags/my_cde_ass.py
[2024-10-19T14:48:56.435+0000] {processor.py:208} INFO - Processing /opt/airflow/dags/my_cde_ass.py took 0.093 seconds
[2024-10-19T14:48:57.482+0000] {processor.py:186} INFO - Started process (PID=2711) to work on /opt/airflow/dags/my_cde_ass.py
[2024-10-19T14:48:57.484+0000] {processor.py:914} INFO - Processing file /opt/airflow/dags/my_cde_ass.py for tasks to queue
[2024-10-19T14:48:57.492+0000] {logging_mixin.py:190} INFO - [2024-10-19T14:48:57.490+0000] {dagbag.py:587} INFO - Filling up the DagBag from /opt/airflow/dags/my_cde_ass.py
[2024-10-19T14:48:57.501+0000] {logging_mixin.py:190} INFO - [2024-10-19T14:48:57.498+0000] {dagbag.py:386} ERROR - Failed to import: /opt/airflow/dags/my_cde_ass.py
Traceback (most recent call last):
  File "/home/airflow/.local/lib/python3.12/site-packages/airflow/models/dagbag.py", line 382, in parse
    loader.exec_module(new_module)
  File "<frozen importlib._bootstrap_external>", line 991, in exec_module
  File "<frozen importlib._bootstrap_external>", line 1129, in get_code
  File "<frozen importlib._bootstrap_external>", line 1059, in source_to_code
  File "<frozen importlib._bootstrap>", line 488, in _call_with_frames_removed
  File "/opt/airflow/dags/my_cde_ass.py", line 15
    ) as dag:
             ^
IndentationError: expected an indented block after 'with' statement on line 10
[2024-10-19T14:48:57.502+0000] {processor.py:927} WARNING - No viable dags retrieved from /opt/airflow/dags/my_cde_ass.py
[2024-10-19T14:48:57.553+0000] {processor.py:208} INFO - Processing /opt/airflow/dags/my_cde_ass.py took 0.092 seconds
[2024-10-19T14:49:28.030+0000] {processor.py:186} INFO - Started process (PID=2774) to work on /opt/airflow/dags/my_cde_ass.py
[2024-10-19T14:49:28.045+0000] {processor.py:914} INFO - Processing file /opt/airflow/dags/my_cde_ass.py for tasks to queue
[2024-10-19T14:49:28.058+0000] {logging_mixin.py:190} INFO - [2024-10-19T14:49:28.055+0000] {dagbag.py:587} INFO - Filling up the DagBag from /opt/airflow/dags/my_cde_ass.py
[2024-10-19T14:49:28.075+0000] {logging_mixin.py:190} INFO - [2024-10-19T14:49:28.069+0000] {dagbag.py:386} ERROR - Failed to import: /opt/airflow/dags/my_cde_ass.py
Traceback (most recent call last):
  File "/home/airflow/.local/lib/python3.12/site-packages/airflow/models/dagbag.py", line 382, in parse
    loader.exec_module(new_module)
  File "<frozen importlib._bootstrap_external>", line 991, in exec_module
  File "<frozen importlib._bootstrap_external>", line 1129, in get_code
  File "<frozen importlib._bootstrap_external>", line 1059, in source_to_code
  File "<frozen importlib._bootstrap>", line 488, in _call_with_frames_removed
  File "/opt/airflow/dags/my_cde_ass.py", line 15
    ) as dag:
             ^
IndentationError: expected an indented block after 'with' statement on line 10
[2024-10-19T14:49:28.077+0000] {processor.py:927} WARNING - No viable dags retrieved from /opt/airflow/dags/my_cde_ass.py
[2024-10-19T14:49:28.165+0000] {processor.py:208} INFO - Processing /opt/airflow/dags/my_cde_ass.py took 0.172 seconds
[2024-10-19T14:49:58.626+0000] {processor.py:186} INFO - Started process (PID=2837) to work on /opt/airflow/dags/my_cde_ass.py
[2024-10-19T14:49:58.630+0000] {processor.py:914} INFO - Processing file /opt/airflow/dags/my_cde_ass.py for tasks to queue
[2024-10-19T14:49:58.642+0000] {logging_mixin.py:190} INFO - [2024-10-19T14:49:58.639+0000] {dagbag.py:587} INFO - Filling up the DagBag from /opt/airflow/dags/my_cde_ass.py
[2024-10-19T14:49:58.660+0000] {logging_mixin.py:190} INFO - [2024-10-19T14:49:58.654+0000] {dagbag.py:386} ERROR - Failed to import: /opt/airflow/dags/my_cde_ass.py
Traceback (most recent call last):
  File "/home/airflow/.local/lib/python3.12/site-packages/airflow/models/dagbag.py", line 382, in parse
    loader.exec_module(new_module)
  File "<frozen importlib._bootstrap_external>", line 991, in exec_module
  File "<frozen importlib._bootstrap_external>", line 1129, in get_code
  File "<frozen importlib._bootstrap_external>", line 1059, in source_to_code
  File "<frozen importlib._bootstrap>", line 488, in _call_with_frames_removed
  File "/opt/airflow/dags/my_cde_ass.py", line 15
    ) as dag:
             ^
IndentationError: expected an indented block after 'with' statement on line 10
[2024-10-19T14:49:58.664+0000] {processor.py:927} WARNING - No viable dags retrieved from /opt/airflow/dags/my_cde_ass.py
[2024-10-19T14:49:58.763+0000] {processor.py:208} INFO - Processing /opt/airflow/dags/my_cde_ass.py took 0.183 seconds
[2024-10-19T14:50:06.285+0000] {processor.py:186} INFO - Started process (PID=2862) to work on /opt/airflow/dags/my_cde_ass.py
[2024-10-19T14:50:06.288+0000] {processor.py:914} INFO - Processing file /opt/airflow/dags/my_cde_ass.py for tasks to queue
[2024-10-19T14:50:06.292+0000] {logging_mixin.py:190} INFO - [2024-10-19T14:50:06.292+0000] {dagbag.py:587} INFO - Filling up the DagBag from /opt/airflow/dags/my_cde_ass.py
[2024-10-19T14:50:06.307+0000] {processor.py:925} INFO - DAG(s) 'core_sentiment_flow' retrieved from /opt/airflow/dags/my_cde_ass.py
[2024-10-19T14:50:06.555+0000] {logging_mixin.py:190} INFO - [2024-10-19T14:50:06.553+0000] {override.py:1900} INFO - Created Permission View: can edit on DAG:core_sentiment_flow
[2024-10-19T14:50:06.580+0000] {logging_mixin.py:190} INFO - [2024-10-19T14:50:06.580+0000] {override.py:1900} INFO - Created Permission View: can read on DAG:core_sentiment_flow
[2024-10-19T14:50:06.603+0000] {logging_mixin.py:190} INFO - [2024-10-19T14:50:06.602+0000] {override.py:1900} INFO - Created Permission View: can delete on DAG:core_sentiment_flow
[2024-10-19T14:50:06.630+0000] {logging_mixin.py:190} INFO - [2024-10-19T14:50:06.629+0000] {override.py:1900} INFO - Created Permission View: can create on DAG Run:core_sentiment_flow
[2024-10-19T14:50:06.657+0000] {logging_mixin.py:190} INFO - [2024-10-19T14:50:06.656+0000] {override.py:1900} INFO - Created Permission View: can read on DAG Run:core_sentiment_flow
[2024-10-19T14:50:06.682+0000] {logging_mixin.py:190} INFO - [2024-10-19T14:50:06.681+0000] {override.py:1900} INFO - Created Permission View: menu access on DAG Run:core_sentiment_flow
[2024-10-19T14:50:06.703+0000] {logging_mixin.py:190} INFO - [2024-10-19T14:50:06.703+0000] {override.py:1900} INFO - Created Permission View: can delete on DAG Run:core_sentiment_flow
[2024-10-19T14:50:06.704+0000] {logging_mixin.py:190} INFO - [2024-10-19T14:50:06.704+0000] {dag.py:3229} INFO - Sync 1 DAGs
[2024-10-19T14:50:06.763+0000] {logging_mixin.py:190} INFO - [2024-10-19T14:50:06.762+0000] {dag.py:3252} INFO - Creating ORM DAG for core_sentiment_flow
[2024-10-19T14:50:06.796+0000] {logging_mixin.py:190} INFO - [2024-10-19T14:50:06.795+0000] {dag.py:4156} INFO - Setting next_dagrun for core_sentiment_flow to 2024-10-01 00:00:00+00:00, run_after=2024-10-02 00:00:00+00:00
[2024-10-19T14:50:06.863+0000] {processor.py:208} INFO - Processing /opt/airflow/dags/my_cde_ass.py took 0.592 seconds
[2024-10-19T14:50:37.303+0000] {processor.py:186} INFO - Started process (PID=2926) to work on /opt/airflow/dags/my_cde_ass.py
[2024-10-19T14:50:37.305+0000] {processor.py:914} INFO - Processing file /opt/airflow/dags/my_cde_ass.py for tasks to queue
[2024-10-19T14:50:37.310+0000] {logging_mixin.py:190} INFO - [2024-10-19T14:50:37.309+0000] {dagbag.py:587} INFO - Filling up the DagBag from /opt/airflow/dags/my_cde_ass.py
[2024-10-19T14:50:37.323+0000] {processor.py:925} INFO - DAG(s) 'core_sentiment_flow' retrieved from /opt/airflow/dags/my_cde_ass.py
[2024-10-19T14:50:37.364+0000] {logging_mixin.py:190} INFO - [2024-10-19T14:50:37.364+0000] {dag.py:3229} INFO - Sync 1 DAGs
[2024-10-19T14:50:37.420+0000] {logging_mixin.py:190} INFO - [2024-10-19T14:50:37.420+0000] {dag.py:4156} INFO - Setting next_dagrun for core_sentiment_flow to 2024-10-01 00:00:00+00:00, run_after=2024-10-02 00:00:00+00:00
[2024-10-19T14:50:37.460+0000] {processor.py:208} INFO - Processing /opt/airflow/dags/my_cde_ass.py took 0.170 seconds
[2024-10-19T14:51:07.946+0000] {processor.py:186} INFO - Started process (PID=2986) to work on /opt/airflow/dags/my_cde_ass.py
[2024-10-19T14:51:07.958+0000] {processor.py:914} INFO - Processing file /opt/airflow/dags/my_cde_ass.py for tasks to queue
[2024-10-19T14:51:07.965+0000] {logging_mixin.py:190} INFO - [2024-10-19T14:51:07.964+0000] {dagbag.py:587} INFO - Filling up the DagBag from /opt/airflow/dags/my_cde_ass.py
[2024-10-19T14:51:07.982+0000] {processor.py:925} INFO - DAG(s) 'core_sentiment_flow' retrieved from /opt/airflow/dags/my_cde_ass.py
[2024-10-19T14:51:08.048+0000] {logging_mixin.py:190} INFO - [2024-10-19T14:51:08.047+0000] {dag.py:3229} INFO - Sync 1 DAGs
[2024-10-19T14:51:08.120+0000] {logging_mixin.py:190} INFO - [2024-10-19T14:51:08.119+0000] {dag.py:4156} INFO - Setting next_dagrun for core_sentiment_flow to 2024-10-01 00:00:00+00:00, run_after=2024-10-02 00:00:00+00:00
[2024-10-19T14:51:08.182+0000] {processor.py:208} INFO - Processing /opt/airflow/dags/my_cde_ass.py took 0.262 seconds
[2024-10-19T14:51:38.947+0000] {processor.py:186} INFO - Started process (PID=3049) to work on /opt/airflow/dags/my_cde_ass.py
[2024-10-19T14:51:38.960+0000] {processor.py:914} INFO - Processing file /opt/airflow/dags/my_cde_ass.py for tasks to queue
[2024-10-19T14:51:38.970+0000] {logging_mixin.py:190} INFO - [2024-10-19T14:51:38.968+0000] {dagbag.py:587} INFO - Filling up the DagBag from /opt/airflow/dags/my_cde_ass.py
[2024-10-19T14:51:39.001+0000] {processor.py:925} INFO - DAG(s) 'core_sentiment_flow' retrieved from /opt/airflow/dags/my_cde_ass.py
[2024-10-19T14:51:39.080+0000] {logging_mixin.py:190} INFO - [2024-10-19T14:51:39.079+0000] {dag.py:3229} INFO - Sync 1 DAGs
[2024-10-19T14:51:39.152+0000] {logging_mixin.py:190} INFO - [2024-10-19T14:51:39.151+0000] {dag.py:4156} INFO - Setting next_dagrun for core_sentiment_flow to 2024-10-01 00:00:00+00:00, run_after=2024-10-02 00:00:00+00:00
[2024-10-19T14:51:39.195+0000] {processor.py:208} INFO - Processing /opt/airflow/dags/my_cde_ass.py took 0.277 seconds
[2024-10-19T14:52:09.687+0000] {processor.py:186} INFO - Started process (PID=3112) to work on /opt/airflow/dags/my_cde_ass.py
[2024-10-19T14:52:09.690+0000] {processor.py:914} INFO - Processing file /opt/airflow/dags/my_cde_ass.py for tasks to queue
[2024-10-19T14:52:09.693+0000] {logging_mixin.py:190} INFO - [2024-10-19T14:52:09.693+0000] {dagbag.py:587} INFO - Filling up the DagBag from /opt/airflow/dags/my_cde_ass.py
[2024-10-19T14:52:09.706+0000] {processor.py:925} INFO - DAG(s) 'core_sentiment_flow' retrieved from /opt/airflow/dags/my_cde_ass.py
[2024-10-19T14:52:09.743+0000] {logging_mixin.py:190} INFO - [2024-10-19T14:52:09.743+0000] {dag.py:3229} INFO - Sync 1 DAGs
[2024-10-19T14:52:09.811+0000] {logging_mixin.py:190} INFO - [2024-10-19T14:52:09.811+0000] {dag.py:4156} INFO - Setting next_dagrun for core_sentiment_flow to 2024-10-01 00:00:00+00:00, run_after=2024-10-02 00:00:00+00:00
[2024-10-19T14:52:09.866+0000] {processor.py:208} INFO - Processing /opt/airflow/dags/my_cde_ass.py took 0.190 seconds
[2024-10-19T14:52:39.973+0000] {processor.py:186} INFO - Started process (PID=3174) to work on /opt/airflow/dags/my_cde_ass.py
[2024-10-19T14:52:39.985+0000] {processor.py:914} INFO - Processing file /opt/airflow/dags/my_cde_ass.py for tasks to queue
[2024-10-19T14:52:39.990+0000] {logging_mixin.py:190} INFO - [2024-10-19T14:52:39.989+0000] {dagbag.py:587} INFO - Filling up the DagBag from /opt/airflow/dags/my_cde_ass.py
[2024-10-19T14:52:40.004+0000] {processor.py:925} INFO - DAG(s) 'core_sentiment_flow' retrieved from /opt/airflow/dags/my_cde_ass.py
[2024-10-19T14:52:40.046+0000] {logging_mixin.py:190} INFO - [2024-10-19T14:52:40.045+0000] {dag.py:3229} INFO - Sync 1 DAGs
[2024-10-19T14:52:40.097+0000] {logging_mixin.py:190} INFO - [2024-10-19T14:52:40.096+0000] {dag.py:4156} INFO - Setting next_dagrun for core_sentiment_flow to 2024-10-01 00:00:00+00:00, run_after=2024-10-02 00:00:00+00:00
[2024-10-19T14:52:40.150+0000] {processor.py:208} INFO - Processing /opt/airflow/dags/my_cde_ass.py took 0.190 seconds
[2024-10-19T14:53:10.780+0000] {processor.py:186} INFO - Started process (PID=3236) to work on /opt/airflow/dags/my_cde_ass.py
[2024-10-19T14:53:10.784+0000] {processor.py:914} INFO - Processing file /opt/airflow/dags/my_cde_ass.py for tasks to queue
[2024-10-19T14:53:10.796+0000] {logging_mixin.py:190} INFO - [2024-10-19T14:53:10.794+0000] {dagbag.py:587} INFO - Filling up the DagBag from /opt/airflow/dags/my_cde_ass.py
[2024-10-19T14:53:10.827+0000] {processor.py:925} INFO - DAG(s) 'core_sentiment_flow' retrieved from /opt/airflow/dags/my_cde_ass.py
[2024-10-19T14:53:10.930+0000] {logging_mixin.py:190} INFO - [2024-10-19T14:53:10.928+0000] {dag.py:3229} INFO - Sync 1 DAGs
[2024-10-19T14:53:11.018+0000] {logging_mixin.py:190} INFO - [2024-10-19T14:53:11.018+0000] {dag.py:4156} INFO - Setting next_dagrun for core_sentiment_flow to 2024-10-01 00:00:00+00:00, run_after=2024-10-02 00:00:00+00:00
[2024-10-19T14:53:11.079+0000] {processor.py:208} INFO - Processing /opt/airflow/dags/my_cde_ass.py took 0.329 seconds
[2024-10-19T14:53:41.866+0000] {processor.py:186} INFO - Started process (PID=3300) to work on /opt/airflow/dags/my_cde_ass.py
[2024-10-19T14:53:41.880+0000] {processor.py:914} INFO - Processing file /opt/airflow/dags/my_cde_ass.py for tasks to queue
[2024-10-19T14:53:41.891+0000] {logging_mixin.py:190} INFO - [2024-10-19T14:53:41.890+0000] {dagbag.py:587} INFO - Filling up the DagBag from /opt/airflow/dags/my_cde_ass.py
[2024-10-19T14:53:41.920+0000] {processor.py:925} INFO - DAG(s) 'core_sentiment_flow' retrieved from /opt/airflow/dags/my_cde_ass.py
[2024-10-19T14:53:42.042+0000] {logging_mixin.py:190} INFO - [2024-10-19T14:53:42.041+0000] {dag.py:3229} INFO - Sync 1 DAGs
[2024-10-19T14:53:42.131+0000] {logging_mixin.py:190} INFO - [2024-10-19T14:53:42.131+0000] {dag.py:4156} INFO - Setting next_dagrun for core_sentiment_flow to 2024-10-01 00:00:00+00:00, run_after=2024-10-02 00:00:00+00:00
[2024-10-19T14:53:42.183+0000] {processor.py:208} INFO - Processing /opt/airflow/dags/my_cde_ass.py took 0.348 seconds
[2024-10-19T14:54:12.557+0000] {processor.py:186} INFO - Started process (PID=3371) to work on /opt/airflow/dags/my_cde_ass.py
[2024-10-19T14:54:12.560+0000] {processor.py:914} INFO - Processing file /opt/airflow/dags/my_cde_ass.py for tasks to queue
[2024-10-19T14:54:12.573+0000] {logging_mixin.py:190} INFO - [2024-10-19T14:54:12.569+0000] {dagbag.py:587} INFO - Filling up the DagBag from /opt/airflow/dags/my_cde_ass.py
[2024-10-19T14:54:12.621+0000] {processor.py:925} INFO - DAG(s) 'core_sentiment_flow' retrieved from /opt/airflow/dags/my_cde_ass.py
[2024-10-19T14:54:12.720+0000] {logging_mixin.py:190} INFO - [2024-10-19T14:54:12.720+0000] {dag.py:3229} INFO - Sync 1 DAGs
[2024-10-19T14:54:12.788+0000] {logging_mixin.py:190} INFO - [2024-10-19T14:54:12.787+0000] {dag.py:4156} INFO - Setting next_dagrun for core_sentiment_flow to 2024-10-01 00:00:00+00:00, run_after=2024-10-02 00:00:00+00:00
[2024-10-19T14:54:12.839+0000] {processor.py:208} INFO - Processing /opt/airflow/dags/my_cde_ass.py took 0.311 seconds
[2024-10-19T14:54:45.195+0000] {processor.py:186} INFO - Started process (PID=3434) to work on /opt/airflow/dags/my_cde_ass.py
[2024-10-19T14:54:45.197+0000] {processor.py:914} INFO - Processing file /opt/airflow/dags/my_cde_ass.py for tasks to queue
[2024-10-19T14:54:45.201+0000] {logging_mixin.py:190} INFO - [2024-10-19T14:54:45.201+0000] {dagbag.py:587} INFO - Filling up the DagBag from /opt/airflow/dags/my_cde_ass.py
[2024-10-19T14:54:45.216+0000] {processor.py:925} INFO - DAG(s) 'core_sentiment_flow' retrieved from /opt/airflow/dags/my_cde_ass.py
[2024-10-19T14:54:45.258+0000] {logging_mixin.py:190} INFO - [2024-10-19T14:54:45.257+0000] {dag.py:3229} INFO - Sync 1 DAGs
[2024-10-19T14:54:45.309+0000] {logging_mixin.py:190} INFO - [2024-10-19T14:54:45.309+0000] {dag.py:4156} INFO - Setting next_dagrun for core_sentiment_flow to 2024-10-01 00:00:00+00:00, run_after=2024-10-02 00:00:00+00:00
[2024-10-19T14:54:45.352+0000] {processor.py:208} INFO - Processing /opt/airflow/dags/my_cde_ass.py took 0.174 seconds
[2024-10-19T14:55:16.972+0000] {processor.py:186} INFO - Started process (PID=3495) to work on /opt/airflow/dags/my_cde_ass.py
[2024-10-19T14:55:16.973+0000] {processor.py:914} INFO - Processing file /opt/airflow/dags/my_cde_ass.py for tasks to queue
[2024-10-19T14:55:16.977+0000] {logging_mixin.py:190} INFO - [2024-10-19T14:55:16.977+0000] {dagbag.py:587} INFO - Filling up the DagBag from /opt/airflow/dags/my_cde_ass.py
[2024-10-19T14:55:16.988+0000] {processor.py:925} INFO - DAG(s) 'core_sentiment_flow' retrieved from /opt/airflow/dags/my_cde_ass.py
[2024-10-19T14:55:17.023+0000] {logging_mixin.py:190} INFO - [2024-10-19T14:55:17.023+0000] {dag.py:3229} INFO - Sync 1 DAGs
[2024-10-19T14:55:17.328+0000] {logging_mixin.py:190} INFO - [2024-10-19T14:55:17.328+0000] {dag.py:4156} INFO - Setting next_dagrun for core_sentiment_flow to 2024-10-01 00:00:00+00:00, run_after=2024-10-02 00:00:00+00:00
[2024-10-19T14:55:17.374+0000] {processor.py:208} INFO - Processing /opt/airflow/dags/my_cde_ass.py took 0.413 seconds
[2024-10-19T14:55:47.927+0000] {processor.py:186} INFO - Started process (PID=3556) to work on /opt/airflow/dags/my_cde_ass.py
[2024-10-19T14:55:47.944+0000] {processor.py:914} INFO - Processing file /opt/airflow/dags/my_cde_ass.py for tasks to queue
[2024-10-19T14:55:47.959+0000] {logging_mixin.py:190} INFO - [2024-10-19T14:55:47.957+0000] {dagbag.py:587} INFO - Filling up the DagBag from /opt/airflow/dags/my_cde_ass.py
[2024-10-19T14:55:47.997+0000] {processor.py:925} INFO - DAG(s) 'core_sentiment_flow' retrieved from /opt/airflow/dags/my_cde_ass.py
[2024-10-19T14:55:48.050+0000] {logging_mixin.py:190} INFO - [2024-10-19T14:55:48.049+0000] {dag.py:3229} INFO - Sync 1 DAGs
[2024-10-19T14:55:48.113+0000] {logging_mixin.py:190} INFO - [2024-10-19T14:55:48.112+0000] {dag.py:4156} INFO - Setting next_dagrun for core_sentiment_flow to 2024-10-01 00:00:00+00:00, run_after=2024-10-02 00:00:00+00:00
[2024-10-19T14:55:48.173+0000] {processor.py:208} INFO - Processing /opt/airflow/dags/my_cde_ass.py took 0.298 seconds
[2024-10-19T14:56:18.649+0000] {processor.py:186} INFO - Started process (PID=3620) to work on /opt/airflow/dags/my_cde_ass.py
[2024-10-19T14:56:18.654+0000] {processor.py:914} INFO - Processing file /opt/airflow/dags/my_cde_ass.py for tasks to queue
[2024-10-19T14:56:18.672+0000] {logging_mixin.py:190} INFO - [2024-10-19T14:56:18.670+0000] {dagbag.py:587} INFO - Filling up the DagBag from /opt/airflow/dags/my_cde_ass.py
[2024-10-19T14:56:18.709+0000] {processor.py:925} INFO - DAG(s) 'core_sentiment_flow' retrieved from /opt/airflow/dags/my_cde_ass.py
[2024-10-19T14:56:18.776+0000] {logging_mixin.py:190} INFO - [2024-10-19T14:56:18.775+0000] {dag.py:3229} INFO - Sync 1 DAGs
[2024-10-19T14:56:18.848+0000] {logging_mixin.py:190} INFO - [2024-10-19T14:56:18.847+0000] {dag.py:4156} INFO - Setting next_dagrun for core_sentiment_flow to 2024-10-01 00:00:00+00:00, run_after=2024-10-02 00:00:00+00:00
[2024-10-19T14:56:18.891+0000] {processor.py:208} INFO - Processing /opt/airflow/dags/my_cde_ass.py took 0.314 seconds
[2024-10-19T14:56:49.330+0000] {processor.py:186} INFO - Started process (PID=3684) to work on /opt/airflow/dags/my_cde_ass.py
[2024-10-19T14:56:49.333+0000] {processor.py:914} INFO - Processing file /opt/airflow/dags/my_cde_ass.py for tasks to queue
[2024-10-19T14:56:49.340+0000] {logging_mixin.py:190} INFO - [2024-10-19T14:56:49.339+0000] {dagbag.py:587} INFO - Filling up the DagBag from /opt/airflow/dags/my_cde_ass.py
[2024-10-19T14:56:49.363+0000] {processor.py:925} INFO - DAG(s) 'core_sentiment_flow' retrieved from /opt/airflow/dags/my_cde_ass.py
[2024-10-19T14:56:49.423+0000] {logging_mixin.py:190} INFO - [2024-10-19T14:56:49.423+0000] {dag.py:3229} INFO - Sync 1 DAGs
[2024-10-19T14:56:49.494+0000] {logging_mixin.py:190} INFO - [2024-10-19T14:56:49.491+0000] {dag.py:4156} INFO - Setting next_dagrun for core_sentiment_flow to 2024-10-01 00:00:00+00:00, run_after=2024-10-02 00:00:00+00:00
[2024-10-19T14:56:49.545+0000] {processor.py:208} INFO - Processing /opt/airflow/dags/my_cde_ass.py took 0.236 seconds
[2024-10-19T14:57:20.218+0000] {processor.py:186} INFO - Started process (PID=3747) to work on /opt/airflow/dags/my_cde_ass.py
[2024-10-19T14:57:20.221+0000] {processor.py:914} INFO - Processing file /opt/airflow/dags/my_cde_ass.py for tasks to queue
[2024-10-19T14:57:20.234+0000] {logging_mixin.py:190} INFO - [2024-10-19T14:57:20.232+0000] {dagbag.py:587} INFO - Filling up the DagBag from /opt/airflow/dags/my_cde_ass.py
[2024-10-19T14:57:20.265+0000] {processor.py:925} INFO - DAG(s) 'core_sentiment_flow' retrieved from /opt/airflow/dags/my_cde_ass.py
[2024-10-19T14:57:20.341+0000] {logging_mixin.py:190} INFO - [2024-10-19T14:57:20.340+0000] {dag.py:3229} INFO - Sync 1 DAGs
[2024-10-19T14:57:20.389+0000] {logging_mixin.py:190} INFO - [2024-10-19T14:57:20.389+0000] {dag.py:4156} INFO - Setting next_dagrun for core_sentiment_flow to 2024-10-01 00:00:00+00:00, run_after=2024-10-02 00:00:00+00:00
[2024-10-19T14:57:20.435+0000] {processor.py:208} INFO - Processing /opt/airflow/dags/my_cde_ass.py took 0.253 seconds
[2024-10-19T14:57:51.062+0000] {processor.py:186} INFO - Started process (PID=3810) to work on /opt/airflow/dags/my_cde_ass.py
[2024-10-19T14:57:51.075+0000] {processor.py:914} INFO - Processing file /opt/airflow/dags/my_cde_ass.py for tasks to queue
[2024-10-19T14:57:51.084+0000] {logging_mixin.py:190} INFO - [2024-10-19T14:57:51.082+0000] {dagbag.py:587} INFO - Filling up the DagBag from /opt/airflow/dags/my_cde_ass.py
[2024-10-19T14:57:51.107+0000] {processor.py:925} INFO - DAG(s) 'core_sentiment_flow' retrieved from /opt/airflow/dags/my_cde_ass.py
[2024-10-19T14:57:51.185+0000] {logging_mixin.py:190} INFO - [2024-10-19T14:57:51.185+0000] {dag.py:3229} INFO - Sync 1 DAGs
[2024-10-19T14:57:51.240+0000] {logging_mixin.py:190} INFO - [2024-10-19T14:57:51.239+0000] {dag.py:4156} INFO - Setting next_dagrun for core_sentiment_flow to 2024-10-01 00:00:00+00:00, run_after=2024-10-02 00:00:00+00:00
[2024-10-19T14:57:51.279+0000] {processor.py:208} INFO - Processing /opt/airflow/dags/my_cde_ass.py took 0.250 seconds
[2024-10-19T14:58:21.560+0000] {processor.py:186} INFO - Started process (PID=3873) to work on /opt/airflow/dags/my_cde_ass.py
[2024-10-19T14:58:21.562+0000] {processor.py:914} INFO - Processing file /opt/airflow/dags/my_cde_ass.py for tasks to queue
[2024-10-19T14:58:21.568+0000] {logging_mixin.py:190} INFO - [2024-10-19T14:58:21.567+0000] {dagbag.py:587} INFO - Filling up the DagBag from /opt/airflow/dags/my_cde_ass.py
[2024-10-19T14:58:21.602+0000] {processor.py:925} INFO - DAG(s) 'core_sentiment_flow' retrieved from /opt/airflow/dags/my_cde_ass.py
[2024-10-19T14:58:21.656+0000] {logging_mixin.py:190} INFO - [2024-10-19T14:58:21.655+0000] {dag.py:3229} INFO - Sync 1 DAGs
[2024-10-19T14:58:21.721+0000] {logging_mixin.py:190} INFO - [2024-10-19T14:58:21.721+0000] {dag.py:4156} INFO - Setting next_dagrun for core_sentiment_flow to 2024-10-01 00:00:00+00:00, run_after=2024-10-02 00:00:00+00:00
[2024-10-19T14:58:21.780+0000] {processor.py:208} INFO - Processing /opt/airflow/dags/my_cde_ass.py took 0.235 seconds
[2024-10-19T14:58:52.574+0000] {processor.py:186} INFO - Started process (PID=3936) to work on /opt/airflow/dags/my_cde_ass.py
[2024-10-19T14:58:52.588+0000] {processor.py:914} INFO - Processing file /opt/airflow/dags/my_cde_ass.py for tasks to queue
[2024-10-19T14:58:52.600+0000] {logging_mixin.py:190} INFO - [2024-10-19T14:58:52.599+0000] {dagbag.py:587} INFO - Filling up the DagBag from /opt/airflow/dags/my_cde_ass.py
[2024-10-19T14:58:52.630+0000] {processor.py:925} INFO - DAG(s) 'core_sentiment_flow' retrieved from /opt/airflow/dags/my_cde_ass.py
[2024-10-19T14:58:52.723+0000] {logging_mixin.py:190} INFO - [2024-10-19T14:58:52.722+0000] {dag.py:3229} INFO - Sync 1 DAGs
[2024-10-19T14:58:52.819+0000] {logging_mixin.py:190} INFO - [2024-10-19T14:58:52.818+0000] {dag.py:4156} INFO - Setting next_dagrun for core_sentiment_flow to 2024-10-01 00:00:00+00:00, run_after=2024-10-02 00:00:00+00:00
[2024-10-19T14:58:52.857+0000] {processor.py:208} INFO - Processing /opt/airflow/dags/my_cde_ass.py took 0.318 seconds
[2024-10-19T14:59:23.409+0000] {processor.py:186} INFO - Started process (PID=3998) to work on /opt/airflow/dags/my_cde_ass.py
[2024-10-19T14:59:23.413+0000] {processor.py:914} INFO - Processing file /opt/airflow/dags/my_cde_ass.py for tasks to queue
[2024-10-19T14:59:23.426+0000] {logging_mixin.py:190} INFO - [2024-10-19T14:59:23.424+0000] {dagbag.py:587} INFO - Filling up the DagBag from /opt/airflow/dags/my_cde_ass.py
[2024-10-19T14:59:23.461+0000] {processor.py:925} INFO - DAG(s) 'core_sentiment_flow' retrieved from /opt/airflow/dags/my_cde_ass.py
[2024-10-19T14:59:23.538+0000] {logging_mixin.py:190} INFO - [2024-10-19T14:59:23.537+0000] {dag.py:3229} INFO - Sync 1 DAGs
[2024-10-19T14:59:23.589+0000] {logging_mixin.py:190} INFO - [2024-10-19T14:59:23.589+0000] {dag.py:4156} INFO - Setting next_dagrun for core_sentiment_flow to 2024-10-01 00:00:00+00:00, run_after=2024-10-02 00:00:00+00:00
[2024-10-19T14:59:23.629+0000] {processor.py:208} INFO - Processing /opt/airflow/dags/my_cde_ass.py took 0.261 seconds
[2024-10-19T14:59:54.069+0000] {processor.py:186} INFO - Started process (PID=4060) to work on /opt/airflow/dags/my_cde_ass.py
[2024-10-19T14:59:54.073+0000] {processor.py:914} INFO - Processing file /opt/airflow/dags/my_cde_ass.py for tasks to queue
[2024-10-19T14:59:54.078+0000] {logging_mixin.py:190} INFO - [2024-10-19T14:59:54.078+0000] {dagbag.py:587} INFO - Filling up the DagBag from /opt/airflow/dags/my_cde_ass.py
[2024-10-19T14:59:54.092+0000] {processor.py:925} INFO - DAG(s) 'core_sentiment_flow' retrieved from /opt/airflow/dags/my_cde_ass.py
[2024-10-19T14:59:54.139+0000] {logging_mixin.py:190} INFO - [2024-10-19T14:59:54.139+0000] {dag.py:3229} INFO - Sync 1 DAGs
[2024-10-19T14:59:54.204+0000] {logging_mixin.py:190} INFO - [2024-10-19T14:59:54.204+0000] {dag.py:4156} INFO - Setting next_dagrun for core_sentiment_flow to 2024-10-01 00:00:00+00:00, run_after=2024-10-02 00:00:00+00:00
[2024-10-19T14:59:54.244+0000] {processor.py:208} INFO - Processing /opt/airflow/dags/my_cde_ass.py took 0.195 seconds
[2024-10-19T15:00:24.935+0000] {processor.py:186} INFO - Started process (PID=4122) to work on /opt/airflow/dags/my_cde_ass.py
[2024-10-19T15:00:24.950+0000] {processor.py:914} INFO - Processing file /opt/airflow/dags/my_cde_ass.py for tasks to queue
[2024-10-19T15:00:24.963+0000] {logging_mixin.py:190} INFO - [2024-10-19T15:00:24.961+0000] {dagbag.py:587} INFO - Filling up the DagBag from /opt/airflow/dags/my_cde_ass.py
[2024-10-19T15:00:25.002+0000] {processor.py:925} INFO - DAG(s) 'core_sentiment_flow' retrieved from /opt/airflow/dags/my_cde_ass.py
[2024-10-19T15:00:25.097+0000] {logging_mixin.py:190} INFO - [2024-10-19T15:00:25.096+0000] {dag.py:3229} INFO - Sync 1 DAGs
[2024-10-19T15:00:25.169+0000] {logging_mixin.py:190} INFO - [2024-10-19T15:00:25.168+0000] {dag.py:4156} INFO - Setting next_dagrun for core_sentiment_flow to 2024-10-01 00:00:00+00:00, run_after=2024-10-02 00:00:00+00:00
[2024-10-19T15:00:25.235+0000] {processor.py:208} INFO - Processing /opt/airflow/dags/my_cde_ass.py took 0.355 seconds
[2024-10-19T15:00:55.393+0000] {processor.py:186} INFO - Started process (PID=4186) to work on /opt/airflow/dags/my_cde_ass.py
[2024-10-19T15:00:55.405+0000] {processor.py:914} INFO - Processing file /opt/airflow/dags/my_cde_ass.py for tasks to queue
[2024-10-19T15:00:55.410+0000] {logging_mixin.py:190} INFO - [2024-10-19T15:00:55.410+0000] {dagbag.py:587} INFO - Filling up the DagBag from /opt/airflow/dags/my_cde_ass.py
[2024-10-19T15:00:55.424+0000] {processor.py:925} INFO - DAG(s) 'core_sentiment_flow' retrieved from /opt/airflow/dags/my_cde_ass.py
[2024-10-19T15:00:55.463+0000] {logging_mixin.py:190} INFO - [2024-10-19T15:00:55.462+0000] {dag.py:3229} INFO - Sync 1 DAGs
[2024-10-19T15:00:55.508+0000] {logging_mixin.py:190} INFO - [2024-10-19T15:00:55.508+0000] {dag.py:4156} INFO - Setting next_dagrun for core_sentiment_flow to 2024-10-01 00:00:00+00:00, run_after=2024-10-02 00:00:00+00:00
[2024-10-19T15:00:55.557+0000] {processor.py:208} INFO - Processing /opt/airflow/dags/my_cde_ass.py took 0.180 seconds
[2024-10-19T15:01:26.151+0000] {processor.py:186} INFO - Started process (PID=4249) to work on /opt/airflow/dags/my_cde_ass.py
[2024-10-19T15:01:26.163+0000] {processor.py:914} INFO - Processing file /opt/airflow/dags/my_cde_ass.py for tasks to queue
[2024-10-19T15:01:26.167+0000] {logging_mixin.py:190} INFO - [2024-10-19T15:01:26.166+0000] {dagbag.py:587} INFO - Filling up the DagBag from /opt/airflow/dags/my_cde_ass.py
[2024-10-19T15:01:26.179+0000] {processor.py:925} INFO - DAG(s) 'core_sentiment_flow' retrieved from /opt/airflow/dags/my_cde_ass.py
[2024-10-19T15:01:26.214+0000] {logging_mixin.py:190} INFO - [2024-10-19T15:01:26.214+0000] {dag.py:3229} INFO - Sync 1 DAGs
[2024-10-19T15:01:26.265+0000] {logging_mixin.py:190} INFO - [2024-10-19T15:01:26.264+0000] {dag.py:4156} INFO - Setting next_dagrun for core_sentiment_flow to 2024-10-01 00:00:00+00:00, run_after=2024-10-02 00:00:00+00:00
[2024-10-19T15:01:26.315+0000] {processor.py:208} INFO - Processing /opt/airflow/dags/my_cde_ass.py took 0.179 seconds
[2024-10-19T15:01:56.838+0000] {processor.py:186} INFO - Started process (PID=4312) to work on /opt/airflow/dags/my_cde_ass.py
[2024-10-19T15:01:56.851+0000] {processor.py:914} INFO - Processing file /opt/airflow/dags/my_cde_ass.py for tasks to queue
[2024-10-19T15:01:56.867+0000] {logging_mixin.py:190} INFO - [2024-10-19T15:01:56.856+0000] {dagbag.py:587} INFO - Filling up the DagBag from /opt/airflow/dags/my_cde_ass.py
[2024-10-19T15:01:56.904+0000] {processor.py:925} INFO - DAG(s) 'core_sentiment_flow' retrieved from /opt/airflow/dags/my_cde_ass.py
[2024-10-19T15:01:56.995+0000] {logging_mixin.py:190} INFO - [2024-10-19T15:01:56.995+0000] {dag.py:3229} INFO - Sync 1 DAGs
[2024-10-19T15:01:57.052+0000] {logging_mixin.py:190} INFO - [2024-10-19T15:01:57.052+0000] {dag.py:4156} INFO - Setting next_dagrun for core_sentiment_flow to 2024-10-01 00:00:00+00:00, run_after=2024-10-02 00:00:00+00:00
[2024-10-19T15:01:57.098+0000] {processor.py:208} INFO - Processing /opt/airflow/dags/my_cde_ass.py took 0.306 seconds
[2024-10-19T15:03:13.241+0000] {processor.py:186} INFO - Started process (PID=4423) to work on /opt/airflow/dags/my_cde_ass.py
[2024-10-19T15:03:13.255+0000] {processor.py:914} INFO - Processing file /opt/airflow/dags/my_cde_ass.py for tasks to queue
[2024-10-19T15:03:13.263+0000] {logging_mixin.py:190} INFO - [2024-10-19T15:03:13.261+0000] {dagbag.py:587} INFO - Filling up the DagBag from /opt/airflow/dags/my_cde_ass.py
[2024-10-19T15:03:13.289+0000] {processor.py:925} INFO - DAG(s) 'core_sentiment_flow' retrieved from /opt/airflow/dags/my_cde_ass.py
[2024-10-19T15:03:13.356+0000] {logging_mixin.py:190} INFO - [2024-10-19T15:03:13.355+0000] {dag.py:3229} INFO - Sync 1 DAGs
[2024-10-19T15:03:13.417+0000] {logging_mixin.py:190} INFO - [2024-10-19T15:03:13.416+0000] {dag.py:4156} INFO - Setting next_dagrun for core_sentiment_flow to 2024-10-01 00:00:00+00:00, run_after=2024-10-02 00:00:00+00:00
[2024-10-19T15:03:13.472+0000] {processor.py:208} INFO - Processing /opt/airflow/dags/my_cde_ass.py took 0.249 seconds
[2024-10-19T15:03:43.637+0000] {processor.py:186} INFO - Started process (PID=4487) to work on /opt/airflow/dags/my_cde_ass.py
[2024-10-19T15:03:43.640+0000] {processor.py:914} INFO - Processing file /opt/airflow/dags/my_cde_ass.py for tasks to queue
[2024-10-19T15:03:43.651+0000] {logging_mixin.py:190} INFO - [2024-10-19T15:03:43.649+0000] {dagbag.py:587} INFO - Filling up the DagBag from /opt/airflow/dags/my_cde_ass.py
[2024-10-19T15:03:43.678+0000] {processor.py:925} INFO - DAG(s) 'core_sentiment_flow' retrieved from /opt/airflow/dags/my_cde_ass.py
[2024-10-19T15:03:43.760+0000] {logging_mixin.py:190} INFO - [2024-10-19T15:03:43.759+0000] {dag.py:3229} INFO - Sync 1 DAGs
[2024-10-19T15:03:43.812+0000] {logging_mixin.py:190} INFO - [2024-10-19T15:03:43.812+0000] {dag.py:4156} INFO - Setting next_dagrun for core_sentiment_flow to 2024-10-01 00:00:00+00:00, run_after=2024-10-02 00:00:00+00:00
[2024-10-19T15:03:43.858+0000] {processor.py:208} INFO - Processing /opt/airflow/dags/my_cde_ass.py took 0.250 seconds
[2024-10-19T15:04:14.209+0000] {processor.py:186} INFO - Started process (PID=4550) to work on /opt/airflow/dags/my_cde_ass.py
[2024-10-19T15:04:14.232+0000] {processor.py:914} INFO - Processing file /opt/airflow/dags/my_cde_ass.py for tasks to queue
[2024-10-19T15:04:14.240+0000] {logging_mixin.py:190} INFO - [2024-10-19T15:04:14.239+0000] {dagbag.py:587} INFO - Filling up the DagBag from /opt/airflow/dags/my_cde_ass.py
[2024-10-19T15:04:14.260+0000] {processor.py:925} INFO - DAG(s) 'core_sentiment_flow' retrieved from /opt/airflow/dags/my_cde_ass.py
[2024-10-19T15:04:14.307+0000] {logging_mixin.py:190} INFO - [2024-10-19T15:04:14.306+0000] {dag.py:3229} INFO - Sync 1 DAGs
[2024-10-19T15:04:14.352+0000] {logging_mixin.py:190} INFO - [2024-10-19T15:04:14.352+0000] {dag.py:4156} INFO - Setting next_dagrun for core_sentiment_flow to 2024-10-01 00:00:00+00:00, run_after=2024-10-02 00:00:00+00:00
[2024-10-19T15:04:14.392+0000] {processor.py:208} INFO - Processing /opt/airflow/dags/my_cde_ass.py took 0.201 seconds
[2024-10-19T15:04:44.675+0000] {processor.py:186} INFO - Started process (PID=4614) to work on /opt/airflow/dags/my_cde_ass.py
[2024-10-19T15:04:44.691+0000] {processor.py:914} INFO - Processing file /opt/airflow/dags/my_cde_ass.py for tasks to queue
[2024-10-19T15:04:44.712+0000] {logging_mixin.py:190} INFO - [2024-10-19T15:04:44.710+0000] {dagbag.py:587} INFO - Filling up the DagBag from /opt/airflow/dags/my_cde_ass.py
[2024-10-19T15:04:44.737+0000] {processor.py:925} INFO - DAG(s) 'core_sentiment_flow' retrieved from /opt/airflow/dags/my_cde_ass.py
[2024-10-19T15:04:44.782+0000] {logging_mixin.py:190} INFO - [2024-10-19T15:04:44.781+0000] {dag.py:3229} INFO - Sync 1 DAGs
[2024-10-19T15:04:44.836+0000] {logging_mixin.py:190} INFO - [2024-10-19T15:04:44.836+0000] {dag.py:4156} INFO - Setting next_dagrun for core_sentiment_flow to 2024-10-01 00:00:00+00:00, run_after=2024-10-02 00:00:00+00:00
[2024-10-19T15:04:44.887+0000] {processor.py:208} INFO - Processing /opt/airflow/dags/my_cde_ass.py took 0.249 seconds
[2024-10-19T15:05:15.569+0000] {processor.py:186} INFO - Started process (PID=4678) to work on /opt/airflow/dags/my_cde_ass.py
[2024-10-19T15:05:15.571+0000] {processor.py:914} INFO - Processing file /opt/airflow/dags/my_cde_ass.py for tasks to queue
[2024-10-19T15:05:15.577+0000] {logging_mixin.py:190} INFO - [2024-10-19T15:05:15.576+0000] {dagbag.py:587} INFO - Filling up the DagBag from /opt/airflow/dags/my_cde_ass.py
[2024-10-19T15:05:15.591+0000] {processor.py:925} INFO - DAG(s) 'core_sentiment_flow' retrieved from /opt/airflow/dags/my_cde_ass.py
[2024-10-19T15:05:15.630+0000] {logging_mixin.py:190} INFO - [2024-10-19T15:05:15.629+0000] {dag.py:3229} INFO - Sync 1 DAGs
[2024-10-19T15:05:15.679+0000] {logging_mixin.py:190} INFO - [2024-10-19T15:05:15.678+0000] {dag.py:4156} INFO - Setting next_dagrun for core_sentiment_flow to 2024-10-01 00:00:00+00:00, run_after=2024-10-02 00:00:00+00:00
[2024-10-19T15:05:16.038+0000] {processor.py:208} INFO - Processing /opt/airflow/dags/my_cde_ass.py took 0.483 seconds
[2024-10-19T15:05:46.249+0000] {processor.py:186} INFO - Started process (PID=4740) to work on /opt/airflow/dags/my_cde_ass.py
[2024-10-19T15:05:46.262+0000] {processor.py:914} INFO - Processing file /opt/airflow/dags/my_cde_ass.py for tasks to queue
[2024-10-19T15:05:46.267+0000] {logging_mixin.py:190} INFO - [2024-10-19T15:05:46.267+0000] {dagbag.py:587} INFO - Filling up the DagBag from /opt/airflow/dags/my_cde_ass.py
[2024-10-19T15:05:46.284+0000] {processor.py:925} INFO - DAG(s) 'core_sentiment_flow' retrieved from /opt/airflow/dags/my_cde_ass.py
[2024-10-19T15:05:46.331+0000] {logging_mixin.py:190} INFO - [2024-10-19T15:05:46.331+0000] {dag.py:3229} INFO - Sync 1 DAGs
[2024-10-19T15:05:46.390+0000] {logging_mixin.py:190} INFO - [2024-10-19T15:05:46.390+0000] {dag.py:4156} INFO - Setting next_dagrun for core_sentiment_flow to 2024-10-01 00:00:00+00:00, run_after=2024-10-02 00:00:00+00:00
[2024-10-19T15:05:46.459+0000] {processor.py:208} INFO - Processing /opt/airflow/dags/my_cde_ass.py took 0.241 seconds
[2024-10-19T15:06:16.664+0000] {processor.py:186} INFO - Started process (PID=4803) to work on /opt/airflow/dags/my_cde_ass.py
[2024-10-19T15:06:16.668+0000] {processor.py:914} INFO - Processing file /opt/airflow/dags/my_cde_ass.py for tasks to queue
[2024-10-19T15:06:16.679+0000] {logging_mixin.py:190} INFO - [2024-10-19T15:06:16.678+0000] {dagbag.py:587} INFO - Filling up the DagBag from /opt/airflow/dags/my_cde_ass.py
[2024-10-19T15:06:16.711+0000] {processor.py:925} INFO - DAG(s) 'core_sentiment_flow' retrieved from /opt/airflow/dags/my_cde_ass.py
[2024-10-19T15:06:16.813+0000] {logging_mixin.py:190} INFO - [2024-10-19T15:06:16.812+0000] {dag.py:3229} INFO - Sync 1 DAGs
[2024-10-19T15:06:16.892+0000] {logging_mixin.py:190} INFO - [2024-10-19T15:06:16.891+0000] {dag.py:4156} INFO - Setting next_dagrun for core_sentiment_flow to 2024-10-01 00:00:00+00:00, run_after=2024-10-02 00:00:00+00:00
[2024-10-19T15:06:16.943+0000] {processor.py:208} INFO - Processing /opt/airflow/dags/my_cde_ass.py took 0.316 seconds
[2024-10-19T15:06:47.796+0000] {processor.py:186} INFO - Started process (PID=4866) to work on /opt/airflow/dags/my_cde_ass.py
[2024-10-19T15:06:47.813+0000] {processor.py:914} INFO - Processing file /opt/airflow/dags/my_cde_ass.py for tasks to queue
[2024-10-19T15:06:47.840+0000] {logging_mixin.py:190} INFO - [2024-10-19T15:06:47.829+0000] {dagbag.py:587} INFO - Filling up the DagBag from /opt/airflow/dags/my_cde_ass.py
[2024-10-19T15:06:47.878+0000] {processor.py:925} INFO - DAG(s) 'core_sentiment_flow' retrieved from /opt/airflow/dags/my_cde_ass.py
[2024-10-19T15:06:48.068+0000] {logging_mixin.py:190} INFO - [2024-10-19T15:06:48.067+0000] {dag.py:3229} INFO - Sync 1 DAGs
[2024-10-19T15:06:49.123+0000] {logging_mixin.py:190} INFO - [2024-10-19T15:06:49.122+0000] {dag.py:4156} INFO - Setting next_dagrun for core_sentiment_flow to 2024-10-01 00:00:00+00:00, run_after=2024-10-02 00:00:00+00:00
[2024-10-19T15:06:49.236+0000] {processor.py:208} INFO - Processing /opt/airflow/dags/my_cde_ass.py took 1.490 seconds
[2024-10-19T15:07:20.086+0000] {processor.py:186} INFO - Started process (PID=4935) to work on /opt/airflow/dags/my_cde_ass.py
[2024-10-19T15:07:20.091+0000] {processor.py:914} INFO - Processing file /opt/airflow/dags/my_cde_ass.py for tasks to queue
[2024-10-19T15:07:20.097+0000] {logging_mixin.py:190} INFO - [2024-10-19T15:07:20.096+0000] {dagbag.py:587} INFO - Filling up the DagBag from /opt/airflow/dags/my_cde_ass.py
[2024-10-19T15:07:20.113+0000] {processor.py:925} INFO - DAG(s) 'core_sentiment_flow' retrieved from /opt/airflow/dags/my_cde_ass.py
[2024-10-19T15:07:20.162+0000] {logging_mixin.py:190} INFO - [2024-10-19T15:07:20.161+0000] {dag.py:3229} INFO - Sync 1 DAGs
[2024-10-19T15:07:20.217+0000] {logging_mixin.py:190} INFO - [2024-10-19T15:07:20.216+0000] {dag.py:4156} INFO - Setting next_dagrun for core_sentiment_flow to 2024-10-01 00:00:00+00:00, run_after=2024-10-02 00:00:00+00:00
[2024-10-19T15:07:20.278+0000] {processor.py:208} INFO - Processing /opt/airflow/dags/my_cde_ass.py took 0.215 seconds
[2024-10-19T15:07:51.308+0000] {processor.py:186} INFO - Started process (PID=4998) to work on /opt/airflow/dags/my_cde_ass.py
[2024-10-19T15:07:51.321+0000] {processor.py:914} INFO - Processing file /opt/airflow/dags/my_cde_ass.py for tasks to queue
[2024-10-19T15:07:51.326+0000] {logging_mixin.py:190} INFO - [2024-10-19T15:07:51.325+0000] {dagbag.py:587} INFO - Filling up the DagBag from /opt/airflow/dags/my_cde_ass.py
[2024-10-19T15:07:51.343+0000] {processor.py:925} INFO - DAG(s) 'core_sentiment_flow' retrieved from /opt/airflow/dags/my_cde_ass.py
[2024-10-19T15:07:51.390+0000] {logging_mixin.py:190} INFO - [2024-10-19T15:07:51.389+0000] {dag.py:3229} INFO - Sync 1 DAGs
[2024-10-19T15:07:51.452+0000] {logging_mixin.py:190} INFO - [2024-10-19T15:07:51.452+0000] {dag.py:4156} INFO - Setting next_dagrun for core_sentiment_flow to 2024-10-01 00:00:00+00:00, run_after=2024-10-02 00:00:00+00:00
[2024-10-19T15:07:51.505+0000] {processor.py:208} INFO - Processing /opt/airflow/dags/my_cde_ass.py took 0.217 seconds
