[2024-10-19T14:27:27.621+0000] {processor.py:186} INFO - Started process (PID=88) to work on /home/airflow/.local/lib/python3.12/site-packages/airflow/example_dags/example_sensors.py
[2024-10-19T14:27:27.623+0000] {processor.py:914} INFO - Processing file /home/airflow/.local/lib/python3.12/site-packages/airflow/example_dags/example_sensors.py for tasks to queue
[2024-10-19T14:27:27.630+0000] {logging_mixin.py:190} INFO - [2024-10-19T14:27:27.629+0000] {dagbag.py:587} INFO - Filling up the DagBag from /home/airflow/.local/lib/python3.12/site-packages/airflow/example_dags/example_sensors.py
[2024-10-19T14:27:27.667+0000] {processor.py:925} INFO - DAG(s) 'example_sensors' retrieved from /home/airflow/.local/lib/python3.12/site-packages/airflow/example_dags/example_sensors.py
[2024-10-19T14:27:27.863+0000] {logging_mixin.py:190} INFO - [2024-10-19T14:27:27.863+0000] {dag.py:3229} INFO - Sync 1 DAGs
[2024-10-19T14:27:27.946+0000] {logging_mixin.py:190} INFO - [2024-10-19T14:27:27.945+0000] {dag.py:4156} INFO - Setting next_dagrun for example_sensors to None, run_after=None
[2024-10-19T14:27:28.028+0000] {processor.py:208} INFO - Processing /home/airflow/.local/lib/python3.12/site-packages/airflow/example_dags/example_sensors.py took 0.427 seconds
[2024-10-19T14:27:58.141+0000] {processor.py:186} INFO - Started process (PID=150) to work on /home/airflow/.local/lib/python3.12/site-packages/airflow/example_dags/example_sensors.py
[2024-10-19T14:27:58.143+0000] {processor.py:914} INFO - Processing file /home/airflow/.local/lib/python3.12/site-packages/airflow/example_dags/example_sensors.py for tasks to queue
[2024-10-19T14:27:58.148+0000] {logging_mixin.py:190} INFO - [2024-10-19T14:27:58.147+0000] {dagbag.py:587} INFO - Filling up the DagBag from /home/airflow/.local/lib/python3.12/site-packages/airflow/example_dags/example_sensors.py
[2024-10-19T14:27:58.175+0000] {processor.py:925} INFO - DAG(s) 'example_sensors' retrieved from /home/airflow/.local/lib/python3.12/site-packages/airflow/example_dags/example_sensors.py
[2024-10-19T14:27:58.240+0000] {logging_mixin.py:190} INFO - [2024-10-19T14:27:58.239+0000] {dag.py:3229} INFO - Sync 1 DAGs
[2024-10-19T14:27:58.269+0000] {logging_mixin.py:190} INFO - [2024-10-19T14:27:58.269+0000] {dag.py:4156} INFO - Setting next_dagrun for example_sensors to None, run_after=None
[2024-10-19T14:27:58.309+0000] {processor.py:208} INFO - Processing /home/airflow/.local/lib/python3.12/site-packages/airflow/example_dags/example_sensors.py took 0.182 seconds
[2024-10-19T14:28:28.777+0000] {processor.py:186} INFO - Started process (PID=213) to work on /home/airflow/.local/lib/python3.12/site-packages/airflow/example_dags/example_sensors.py
[2024-10-19T14:28:28.780+0000] {processor.py:914} INFO - Processing file /home/airflow/.local/lib/python3.12/site-packages/airflow/example_dags/example_sensors.py for tasks to queue
[2024-10-19T14:28:28.791+0000] {logging_mixin.py:190} INFO - [2024-10-19T14:28:28.790+0000] {dagbag.py:587} INFO - Filling up the DagBag from /home/airflow/.local/lib/python3.12/site-packages/airflow/example_dags/example_sensors.py
[2024-10-19T14:28:28.821+0000] {processor.py:925} INFO - DAG(s) 'example_sensors' retrieved from /home/airflow/.local/lib/python3.12/site-packages/airflow/example_dags/example_sensors.py
[2024-10-19T14:28:28.906+0000] {logging_mixin.py:190} INFO - [2024-10-19T14:28:28.906+0000] {dag.py:3229} INFO - Sync 1 DAGs
[2024-10-19T14:28:28.941+0000] {logging_mixin.py:190} INFO - [2024-10-19T14:28:28.940+0000] {dag.py:4156} INFO - Setting next_dagrun for example_sensors to None, run_after=None
[2024-10-19T14:28:28.999+0000] {processor.py:208} INFO - Processing /home/airflow/.local/lib/python3.12/site-packages/airflow/example_dags/example_sensors.py took 0.243 seconds
[2024-10-19T14:29:00.084+0000] {processor.py:186} INFO - Started process (PID=281) to work on /home/airflow/.local/lib/python3.12/site-packages/airflow/example_dags/example_sensors.py
[2024-10-19T14:29:00.086+0000] {processor.py:914} INFO - Processing file /home/airflow/.local/lib/python3.12/site-packages/airflow/example_dags/example_sensors.py for tasks to queue
[2024-10-19T14:29:00.090+0000] {logging_mixin.py:190} INFO - [2024-10-19T14:29:00.090+0000] {dagbag.py:587} INFO - Filling up the DagBag from /home/airflow/.local/lib/python3.12/site-packages/airflow/example_dags/example_sensors.py
[2024-10-19T14:29:00.131+0000] {processor.py:925} INFO - DAG(s) 'example_sensors' retrieved from /home/airflow/.local/lib/python3.12/site-packages/airflow/example_dags/example_sensors.py
[2024-10-19T14:29:00.197+0000] {logging_mixin.py:190} INFO - [2024-10-19T14:29:00.197+0000] {dag.py:3229} INFO - Sync 1 DAGs
[2024-10-19T14:29:00.226+0000] {logging_mixin.py:190} INFO - [2024-10-19T14:29:00.226+0000] {dag.py:4156} INFO - Setting next_dagrun for example_sensors to None, run_after=None
[2024-10-19T14:29:00.274+0000] {processor.py:208} INFO - Processing /home/airflow/.local/lib/python3.12/site-packages/airflow/example_dags/example_sensors.py took 0.205 seconds
[2024-10-19T14:29:30.932+0000] {processor.py:186} INFO - Started process (PID=343) to work on /home/airflow/.local/lib/python3.12/site-packages/airflow/example_dags/example_sensors.py
[2024-10-19T14:29:30.934+0000] {processor.py:914} INFO - Processing file /home/airflow/.local/lib/python3.12/site-packages/airflow/example_dags/example_sensors.py for tasks to queue
[2024-10-19T14:29:30.938+0000] {logging_mixin.py:190} INFO - [2024-10-19T14:29:30.938+0000] {dagbag.py:587} INFO - Filling up the DagBag from /home/airflow/.local/lib/python3.12/site-packages/airflow/example_dags/example_sensors.py
[2024-10-19T14:29:30.958+0000] {processor.py:925} INFO - DAG(s) 'example_sensors' retrieved from /home/airflow/.local/lib/python3.12/site-packages/airflow/example_dags/example_sensors.py
[2024-10-19T14:29:31.025+0000] {logging_mixin.py:190} INFO - [2024-10-19T14:29:31.024+0000] {dag.py:3229} INFO - Sync 1 DAGs
[2024-10-19T14:29:31.054+0000] {logging_mixin.py:190} INFO - [2024-10-19T14:29:31.054+0000] {dag.py:4156} INFO - Setting next_dagrun for example_sensors to None, run_after=None
[2024-10-19T14:29:31.091+0000] {processor.py:208} INFO - Processing /home/airflow/.local/lib/python3.12/site-packages/airflow/example_dags/example_sensors.py took 0.171 seconds
[2024-10-19T14:30:01.877+0000] {processor.py:186} INFO - Started process (PID=405) to work on /home/airflow/.local/lib/python3.12/site-packages/airflow/example_dags/example_sensors.py
[2024-10-19T14:30:01.879+0000] {processor.py:914} INFO - Processing file /home/airflow/.local/lib/python3.12/site-packages/airflow/example_dags/example_sensors.py for tasks to queue
[2024-10-19T14:30:01.888+0000] {logging_mixin.py:190} INFO - [2024-10-19T14:30:01.887+0000] {dagbag.py:587} INFO - Filling up the DagBag from /home/airflow/.local/lib/python3.12/site-packages/airflow/example_dags/example_sensors.py
[2024-10-19T14:30:01.916+0000] {processor.py:925} INFO - DAG(s) 'example_sensors' retrieved from /home/airflow/.local/lib/python3.12/site-packages/airflow/example_dags/example_sensors.py
[2024-10-19T14:30:01.980+0000] {logging_mixin.py:190} INFO - [2024-10-19T14:30:01.979+0000] {dag.py:3229} INFO - Sync 1 DAGs
[2024-10-19T14:30:02.024+0000] {logging_mixin.py:190} INFO - [2024-10-19T14:30:02.024+0000] {dag.py:4156} INFO - Setting next_dagrun for example_sensors to None, run_after=None
[2024-10-19T14:30:02.090+0000] {processor.py:208} INFO - Processing /home/airflow/.local/lib/python3.12/site-packages/airflow/example_dags/example_sensors.py took 0.229 seconds
[2024-10-19T14:30:32.756+0000] {processor.py:186} INFO - Started process (PID=466) to work on /home/airflow/.local/lib/python3.12/site-packages/airflow/example_dags/example_sensors.py
[2024-10-19T14:30:32.758+0000] {processor.py:914} INFO - Processing file /home/airflow/.local/lib/python3.12/site-packages/airflow/example_dags/example_sensors.py for tasks to queue
[2024-10-19T14:30:32.763+0000] {logging_mixin.py:190} INFO - [2024-10-19T14:30:32.762+0000] {dagbag.py:587} INFO - Filling up the DagBag from /home/airflow/.local/lib/python3.12/site-packages/airflow/example_dags/example_sensors.py
[2024-10-19T14:30:32.787+0000] {processor.py:925} INFO - DAG(s) 'example_sensors' retrieved from /home/airflow/.local/lib/python3.12/site-packages/airflow/example_dags/example_sensors.py
[2024-10-19T14:30:32.847+0000] {logging_mixin.py:190} INFO - [2024-10-19T14:30:32.847+0000] {dag.py:3229} INFO - Sync 1 DAGs
[2024-10-19T14:30:32.882+0000] {logging_mixin.py:190} INFO - [2024-10-19T14:30:32.881+0000] {dag.py:4156} INFO - Setting next_dagrun for example_sensors to None, run_after=None
[2024-10-19T14:30:32.920+0000] {processor.py:208} INFO - Processing /home/airflow/.local/lib/python3.12/site-packages/airflow/example_dags/example_sensors.py took 0.177 seconds
[2024-10-19T14:31:03.033+0000] {processor.py:186} INFO - Started process (PID=528) to work on /home/airflow/.local/lib/python3.12/site-packages/airflow/example_dags/example_sensors.py
[2024-10-19T14:31:03.035+0000] {processor.py:914} INFO - Processing file /home/airflow/.local/lib/python3.12/site-packages/airflow/example_dags/example_sensors.py for tasks to queue
[2024-10-19T14:31:03.040+0000] {logging_mixin.py:190} INFO - [2024-10-19T14:31:03.039+0000] {dagbag.py:587} INFO - Filling up the DagBag from /home/airflow/.local/lib/python3.12/site-packages/airflow/example_dags/example_sensors.py
[2024-10-19T14:31:03.067+0000] {processor.py:925} INFO - DAG(s) 'example_sensors' retrieved from /home/airflow/.local/lib/python3.12/site-packages/airflow/example_dags/example_sensors.py
[2024-10-19T14:31:03.139+0000] {logging_mixin.py:190} INFO - [2024-10-19T14:31:03.139+0000] {dag.py:3229} INFO - Sync 1 DAGs
[2024-10-19T14:31:03.166+0000] {logging_mixin.py:190} INFO - [2024-10-19T14:31:03.166+0000] {dag.py:4156} INFO - Setting next_dagrun for example_sensors to None, run_after=None
[2024-10-19T14:31:03.202+0000] {processor.py:208} INFO - Processing /home/airflow/.local/lib/python3.12/site-packages/airflow/example_dags/example_sensors.py took 0.183 seconds
[2024-10-19T14:31:34.368+0000] {processor.py:186} INFO - Started process (PID=590) to work on /home/airflow/.local/lib/python3.12/site-packages/airflow/example_dags/example_sensors.py
[2024-10-19T14:31:34.371+0000] {processor.py:914} INFO - Processing file /home/airflow/.local/lib/python3.12/site-packages/airflow/example_dags/example_sensors.py for tasks to queue
[2024-10-19T14:31:34.375+0000] {logging_mixin.py:190} INFO - [2024-10-19T14:31:34.374+0000] {dagbag.py:587} INFO - Filling up the DagBag from /home/airflow/.local/lib/python3.12/site-packages/airflow/example_dags/example_sensors.py
[2024-10-19T14:31:34.400+0000] {processor.py:925} INFO - DAG(s) 'example_sensors' retrieved from /home/airflow/.local/lib/python3.12/site-packages/airflow/example_dags/example_sensors.py
[2024-10-19T14:31:34.460+0000] {logging_mixin.py:190} INFO - [2024-10-19T14:31:34.460+0000] {dag.py:3229} INFO - Sync 1 DAGs
[2024-10-19T14:31:34.494+0000] {logging_mixin.py:190} INFO - [2024-10-19T14:31:34.493+0000] {dag.py:4156} INFO - Setting next_dagrun for example_sensors to None, run_after=None
[2024-10-19T14:31:34.540+0000] {processor.py:208} INFO - Processing /home/airflow/.local/lib/python3.12/site-packages/airflow/example_dags/example_sensors.py took 0.186 seconds
[2024-10-19T14:32:05.133+0000] {processor.py:186} INFO - Started process (PID=652) to work on /home/airflow/.local/lib/python3.12/site-packages/airflow/example_dags/example_sensors.py
[2024-10-19T14:32:05.135+0000] {processor.py:914} INFO - Processing file /home/airflow/.local/lib/python3.12/site-packages/airflow/example_dags/example_sensors.py for tasks to queue
[2024-10-19T14:32:05.140+0000] {logging_mixin.py:190} INFO - [2024-10-19T14:32:05.140+0000] {dagbag.py:587} INFO - Filling up the DagBag from /home/airflow/.local/lib/python3.12/site-packages/airflow/example_dags/example_sensors.py
[2024-10-19T14:32:05.166+0000] {processor.py:925} INFO - DAG(s) 'example_sensors' retrieved from /home/airflow/.local/lib/python3.12/site-packages/airflow/example_dags/example_sensors.py
[2024-10-19T14:32:05.324+0000] {logging_mixin.py:190} INFO - [2024-10-19T14:32:05.323+0000] {dag.py:3229} INFO - Sync 1 DAGs
[2024-10-19T14:32:05.365+0000] {logging_mixin.py:190} INFO - [2024-10-19T14:32:05.364+0000] {dag.py:4156} INFO - Setting next_dagrun for example_sensors to None, run_after=None
[2024-10-19T14:32:05.412+0000] {processor.py:208} INFO - Processing /home/airflow/.local/lib/python3.12/site-packages/airflow/example_dags/example_sensors.py took 0.308 seconds
[2024-10-19T14:32:36.128+0000] {processor.py:186} INFO - Started process (PID=714) to work on /home/airflow/.local/lib/python3.12/site-packages/airflow/example_dags/example_sensors.py
[2024-10-19T14:32:36.132+0000] {processor.py:914} INFO - Processing file /home/airflow/.local/lib/python3.12/site-packages/airflow/example_dags/example_sensors.py for tasks to queue
[2024-10-19T14:32:36.142+0000] {logging_mixin.py:190} INFO - [2024-10-19T14:32:36.141+0000] {dagbag.py:587} INFO - Filling up the DagBag from /home/airflow/.local/lib/python3.12/site-packages/airflow/example_dags/example_sensors.py
[2024-10-19T14:32:36.186+0000] {processor.py:925} INFO - DAG(s) 'example_sensors' retrieved from /home/airflow/.local/lib/python3.12/site-packages/airflow/example_dags/example_sensors.py
[2024-10-19T14:32:36.253+0000] {logging_mixin.py:190} INFO - [2024-10-19T14:32:36.252+0000] {dag.py:3229} INFO - Sync 1 DAGs
[2024-10-19T14:32:36.287+0000] {logging_mixin.py:190} INFO - [2024-10-19T14:32:36.287+0000] {dag.py:4156} INFO - Setting next_dagrun for example_sensors to None, run_after=None
[2024-10-19T14:32:36.330+0000] {processor.py:208} INFO - Processing /home/airflow/.local/lib/python3.12/site-packages/airflow/example_dags/example_sensors.py took 0.225 seconds
[2024-10-19T14:33:06.928+0000] {processor.py:186} INFO - Started process (PID=775) to work on /home/airflow/.local/lib/python3.12/site-packages/airflow/example_dags/example_sensors.py
[2024-10-19T14:33:06.935+0000] {processor.py:914} INFO - Processing file /home/airflow/.local/lib/python3.12/site-packages/airflow/example_dags/example_sensors.py for tasks to queue
[2024-10-19T14:33:06.948+0000] {logging_mixin.py:190} INFO - [2024-10-19T14:33:06.947+0000] {dagbag.py:587} INFO - Filling up the DagBag from /home/airflow/.local/lib/python3.12/site-packages/airflow/example_dags/example_sensors.py
[2024-10-19T14:33:07.001+0000] {processor.py:925} INFO - DAG(s) 'example_sensors' retrieved from /home/airflow/.local/lib/python3.12/site-packages/airflow/example_dags/example_sensors.py
[2024-10-19T14:33:07.118+0000] {logging_mixin.py:190} INFO - [2024-10-19T14:33:07.117+0000] {dag.py:3229} INFO - Sync 1 DAGs
[2024-10-19T14:33:07.186+0000] {logging_mixin.py:190} INFO - [2024-10-19T14:33:07.186+0000] {dag.py:4156} INFO - Setting next_dagrun for example_sensors to None, run_after=None
[2024-10-19T14:33:07.295+0000] {processor.py:208} INFO - Processing /home/airflow/.local/lib/python3.12/site-packages/airflow/example_dags/example_sensors.py took 0.428 seconds
[2024-10-19T14:33:37.667+0000] {processor.py:186} INFO - Started process (PID=836) to work on /home/airflow/.local/lib/python3.12/site-packages/airflow/example_dags/example_sensors.py
[2024-10-19T14:33:37.670+0000] {processor.py:914} INFO - Processing file /home/airflow/.local/lib/python3.12/site-packages/airflow/example_dags/example_sensors.py for tasks to queue
[2024-10-19T14:33:37.679+0000] {logging_mixin.py:190} INFO - [2024-10-19T14:33:37.678+0000] {dagbag.py:587} INFO - Filling up the DagBag from /home/airflow/.local/lib/python3.12/site-packages/airflow/example_dags/example_sensors.py
[2024-10-19T14:33:37.719+0000] {processor.py:925} INFO - DAG(s) 'example_sensors' retrieved from /home/airflow/.local/lib/python3.12/site-packages/airflow/example_dags/example_sensors.py
[2024-10-19T14:33:37.815+0000] {logging_mixin.py:190} INFO - [2024-10-19T14:33:37.814+0000] {dag.py:3229} INFO - Sync 1 DAGs
[2024-10-19T14:33:37.898+0000] {logging_mixin.py:190} INFO - [2024-10-19T14:33:37.897+0000] {dag.py:4156} INFO - Setting next_dagrun for example_sensors to None, run_after=None
[2024-10-19T14:33:37.975+0000] {processor.py:208} INFO - Processing /home/airflow/.local/lib/python3.12/site-packages/airflow/example_dags/example_sensors.py took 0.326 seconds
[2024-10-19T14:34:08.074+0000] {processor.py:186} INFO - Started process (PID=898) to work on /home/airflow/.local/lib/python3.12/site-packages/airflow/example_dags/example_sensors.py
[2024-10-19T14:34:08.078+0000] {processor.py:914} INFO - Processing file /home/airflow/.local/lib/python3.12/site-packages/airflow/example_dags/example_sensors.py for tasks to queue
[2024-10-19T14:34:08.083+0000] {logging_mixin.py:190} INFO - [2024-10-19T14:34:08.082+0000] {dagbag.py:587} INFO - Filling up the DagBag from /home/airflow/.local/lib/python3.12/site-packages/airflow/example_dags/example_sensors.py
[2024-10-19T14:34:08.114+0000] {processor.py:925} INFO - DAG(s) 'example_sensors' retrieved from /home/airflow/.local/lib/python3.12/site-packages/airflow/example_dags/example_sensors.py
[2024-10-19T14:34:08.175+0000] {logging_mixin.py:190} INFO - [2024-10-19T14:34:08.174+0000] {dag.py:3229} INFO - Sync 1 DAGs
[2024-10-19T14:34:08.205+0000] {logging_mixin.py:190} INFO - [2024-10-19T14:34:08.205+0000] {dag.py:4156} INFO - Setting next_dagrun for example_sensors to None, run_after=None
[2024-10-19T14:34:08.243+0000] {processor.py:208} INFO - Processing /home/airflow/.local/lib/python3.12/site-packages/airflow/example_dags/example_sensors.py took 0.184 seconds
[2024-10-19T14:34:39.204+0000] {processor.py:186} INFO - Started process (PID=959) to work on /home/airflow/.local/lib/python3.12/site-packages/airflow/example_dags/example_sensors.py
[2024-10-19T14:34:39.206+0000] {processor.py:914} INFO - Processing file /home/airflow/.local/lib/python3.12/site-packages/airflow/example_dags/example_sensors.py for tasks to queue
[2024-10-19T14:34:39.210+0000] {logging_mixin.py:190} INFO - [2024-10-19T14:34:39.210+0000] {dagbag.py:587} INFO - Filling up the DagBag from /home/airflow/.local/lib/python3.12/site-packages/airflow/example_dags/example_sensors.py
[2024-10-19T14:34:39.230+0000] {processor.py:925} INFO - DAG(s) 'example_sensors' retrieved from /home/airflow/.local/lib/python3.12/site-packages/airflow/example_dags/example_sensors.py
[2024-10-19T14:34:39.280+0000] {logging_mixin.py:190} INFO - [2024-10-19T14:34:39.279+0000] {dag.py:3229} INFO - Sync 1 DAGs
[2024-10-19T14:34:39.301+0000] {logging_mixin.py:190} INFO - [2024-10-19T14:34:39.301+0000] {dag.py:4156} INFO - Setting next_dagrun for example_sensors to None, run_after=None
[2024-10-19T14:34:39.335+0000] {processor.py:208} INFO - Processing /home/airflow/.local/lib/python3.12/site-packages/airflow/example_dags/example_sensors.py took 0.142 seconds
[2024-10-19T14:35:09.822+0000] {processor.py:186} INFO - Started process (PID=1022) to work on /home/airflow/.local/lib/python3.12/site-packages/airflow/example_dags/example_sensors.py
[2024-10-19T14:35:09.824+0000] {processor.py:914} INFO - Processing file /home/airflow/.local/lib/python3.12/site-packages/airflow/example_dags/example_sensors.py for tasks to queue
[2024-10-19T14:35:09.828+0000] {logging_mixin.py:190} INFO - [2024-10-19T14:35:09.828+0000] {dagbag.py:587} INFO - Filling up the DagBag from /home/airflow/.local/lib/python3.12/site-packages/airflow/example_dags/example_sensors.py
[2024-10-19T14:35:09.854+0000] {processor.py:925} INFO - DAG(s) 'example_sensors' retrieved from /home/airflow/.local/lib/python3.12/site-packages/airflow/example_dags/example_sensors.py
[2024-10-19T14:35:09.905+0000] {logging_mixin.py:190} INFO - [2024-10-19T14:35:09.904+0000] {dag.py:3229} INFO - Sync 1 DAGs
[2024-10-19T14:35:09.937+0000] {logging_mixin.py:190} INFO - [2024-10-19T14:35:09.937+0000] {dag.py:4156} INFO - Setting next_dagrun for example_sensors to None, run_after=None
[2024-10-19T14:35:09.972+0000] {processor.py:208} INFO - Processing /home/airflow/.local/lib/python3.12/site-packages/airflow/example_dags/example_sensors.py took 0.161 seconds
[2024-10-19T14:35:40.434+0000] {processor.py:186} INFO - Started process (PID=1085) to work on /home/airflow/.local/lib/python3.12/site-packages/airflow/example_dags/example_sensors.py
[2024-10-19T14:35:40.436+0000] {processor.py:914} INFO - Processing file /home/airflow/.local/lib/python3.12/site-packages/airflow/example_dags/example_sensors.py for tasks to queue
[2024-10-19T14:35:40.442+0000] {logging_mixin.py:190} INFO - [2024-10-19T14:35:40.441+0000] {dagbag.py:587} INFO - Filling up the DagBag from /home/airflow/.local/lib/python3.12/site-packages/airflow/example_dags/example_sensors.py
[2024-10-19T14:35:40.475+0000] {processor.py:925} INFO - DAG(s) 'example_sensors' retrieved from /home/airflow/.local/lib/python3.12/site-packages/airflow/example_dags/example_sensors.py
[2024-10-19T14:35:40.537+0000] {logging_mixin.py:190} INFO - [2024-10-19T14:35:40.536+0000] {dag.py:3229} INFO - Sync 1 DAGs
[2024-10-19T14:35:40.568+0000] {logging_mixin.py:190} INFO - [2024-10-19T14:35:40.568+0000] {dag.py:4156} INFO - Setting next_dagrun for example_sensors to None, run_after=None
[2024-10-19T14:35:40.608+0000] {processor.py:208} INFO - Processing /home/airflow/.local/lib/python3.12/site-packages/airflow/example_dags/example_sensors.py took 0.189 seconds
[2024-10-19T14:36:11.385+0000] {processor.py:186} INFO - Started process (PID=1147) to work on /home/airflow/.local/lib/python3.12/site-packages/airflow/example_dags/example_sensors.py
[2024-10-19T14:36:11.387+0000] {processor.py:914} INFO - Processing file /home/airflow/.local/lib/python3.12/site-packages/airflow/example_dags/example_sensors.py for tasks to queue
[2024-10-19T14:36:11.392+0000] {logging_mixin.py:190} INFO - [2024-10-19T14:36:11.391+0000] {dagbag.py:587} INFO - Filling up the DagBag from /home/airflow/.local/lib/python3.12/site-packages/airflow/example_dags/example_sensors.py
[2024-10-19T14:36:11.414+0000] {processor.py:925} INFO - DAG(s) 'example_sensors' retrieved from /home/airflow/.local/lib/python3.12/site-packages/airflow/example_dags/example_sensors.py
[2024-10-19T14:36:11.479+0000] {logging_mixin.py:190} INFO - [2024-10-19T14:36:11.479+0000] {dag.py:3229} INFO - Sync 1 DAGs
[2024-10-19T14:36:11.513+0000] {logging_mixin.py:190} INFO - [2024-10-19T14:36:11.513+0000] {dag.py:4156} INFO - Setting next_dagrun for example_sensors to None, run_after=None
[2024-10-19T14:36:11.552+0000] {processor.py:208} INFO - Processing /home/airflow/.local/lib/python3.12/site-packages/airflow/example_dags/example_sensors.py took 0.180 seconds
[2024-10-19T14:36:42.322+0000] {processor.py:186} INFO - Started process (PID=1208) to work on /home/airflow/.local/lib/python3.12/site-packages/airflow/example_dags/example_sensors.py
[2024-10-19T14:36:42.324+0000] {processor.py:914} INFO - Processing file /home/airflow/.local/lib/python3.12/site-packages/airflow/example_dags/example_sensors.py for tasks to queue
[2024-10-19T14:36:42.328+0000] {logging_mixin.py:190} INFO - [2024-10-19T14:36:42.328+0000] {dagbag.py:587} INFO - Filling up the DagBag from /home/airflow/.local/lib/python3.12/site-packages/airflow/example_dags/example_sensors.py
[2024-10-19T14:36:42.351+0000] {processor.py:925} INFO - DAG(s) 'example_sensors' retrieved from /home/airflow/.local/lib/python3.12/site-packages/airflow/example_dags/example_sensors.py
[2024-10-19T14:36:42.412+0000] {logging_mixin.py:190} INFO - [2024-10-19T14:36:42.412+0000] {dag.py:3229} INFO - Sync 1 DAGs
[2024-10-19T14:36:42.447+0000] {logging_mixin.py:190} INFO - [2024-10-19T14:36:42.447+0000] {dag.py:4156} INFO - Setting next_dagrun for example_sensors to None, run_after=None
[2024-10-19T14:36:42.498+0000] {processor.py:208} INFO - Processing /home/airflow/.local/lib/python3.12/site-packages/airflow/example_dags/example_sensors.py took 0.188 seconds
[2024-10-19T14:37:12.903+0000] {processor.py:186} INFO - Started process (PID=1270) to work on /home/airflow/.local/lib/python3.12/site-packages/airflow/example_dags/example_sensors.py
[2024-10-19T14:37:12.905+0000] {processor.py:914} INFO - Processing file /home/airflow/.local/lib/python3.12/site-packages/airflow/example_dags/example_sensors.py for tasks to queue
[2024-10-19T14:37:12.912+0000] {logging_mixin.py:190} INFO - [2024-10-19T14:37:12.912+0000] {dagbag.py:587} INFO - Filling up the DagBag from /home/airflow/.local/lib/python3.12/site-packages/airflow/example_dags/example_sensors.py
[2024-10-19T14:37:12.947+0000] {processor.py:925} INFO - DAG(s) 'example_sensors' retrieved from /home/airflow/.local/lib/python3.12/site-packages/airflow/example_dags/example_sensors.py
[2024-10-19T14:37:13.051+0000] {logging_mixin.py:190} INFO - [2024-10-19T14:37:13.050+0000] {dag.py:3229} INFO - Sync 1 DAGs
[2024-10-19T14:37:13.096+0000] {logging_mixin.py:190} INFO - [2024-10-19T14:37:13.095+0000] {dag.py:4156} INFO - Setting next_dagrun for example_sensors to None, run_after=None
[2024-10-19T14:37:13.148+0000] {processor.py:208} INFO - Processing /home/airflow/.local/lib/python3.12/site-packages/airflow/example_dags/example_sensors.py took 0.260 seconds
[2024-10-19T14:37:43.920+0000] {processor.py:186} INFO - Started process (PID=1332) to work on /home/airflow/.local/lib/python3.12/site-packages/airflow/example_dags/example_sensors.py
[2024-10-19T14:37:43.939+0000] {processor.py:914} INFO - Processing file /home/airflow/.local/lib/python3.12/site-packages/airflow/example_dags/example_sensors.py for tasks to queue
[2024-10-19T14:37:43.947+0000] {logging_mixin.py:190} INFO - [2024-10-19T14:37:43.945+0000] {dagbag.py:587} INFO - Filling up the DagBag from /home/airflow/.local/lib/python3.12/site-packages/airflow/example_dags/example_sensors.py
[2024-10-19T14:37:44.026+0000] {processor.py:925} INFO - DAG(s) 'example_sensors' retrieved from /home/airflow/.local/lib/python3.12/site-packages/airflow/example_dags/example_sensors.py
[2024-10-19T14:37:44.281+0000] {logging_mixin.py:190} INFO - [2024-10-19T14:37:44.270+0000] {dag.py:3229} INFO - Sync 1 DAGs
[2024-10-19T14:37:44.389+0000] {logging_mixin.py:190} INFO - [2024-10-19T14:37:44.388+0000] {dag.py:4156} INFO - Setting next_dagrun for example_sensors to None, run_after=None
[2024-10-19T14:37:44.463+0000] {processor.py:208} INFO - Processing /home/airflow/.local/lib/python3.12/site-packages/airflow/example_dags/example_sensors.py took 0.594 seconds
[2024-10-19T14:38:14.680+0000] {processor.py:186} INFO - Started process (PID=1396) to work on /home/airflow/.local/lib/python3.12/site-packages/airflow/example_dags/example_sensors.py
[2024-10-19T14:38:14.683+0000] {processor.py:914} INFO - Processing file /home/airflow/.local/lib/python3.12/site-packages/airflow/example_dags/example_sensors.py for tasks to queue
[2024-10-19T14:38:14.688+0000] {logging_mixin.py:190} INFO - [2024-10-19T14:38:14.687+0000] {dagbag.py:587} INFO - Filling up the DagBag from /home/airflow/.local/lib/python3.12/site-packages/airflow/example_dags/example_sensors.py
[2024-10-19T14:38:14.735+0000] {processor.py:925} INFO - DAG(s) 'example_sensors' retrieved from /home/airflow/.local/lib/python3.12/site-packages/airflow/example_dags/example_sensors.py
[2024-10-19T14:38:14.876+0000] {logging_mixin.py:190} INFO - [2024-10-19T14:38:14.875+0000] {dag.py:3229} INFO - Sync 1 DAGs
[2024-10-19T14:38:14.983+0000] {logging_mixin.py:190} INFO - [2024-10-19T14:38:14.982+0000] {dag.py:4156} INFO - Setting next_dagrun for example_sensors to None, run_after=None
[2024-10-19T14:38:15.059+0000] {processor.py:208} INFO - Processing /home/airflow/.local/lib/python3.12/site-packages/airflow/example_dags/example_sensors.py took 0.397 seconds
[2024-10-19T14:38:45.769+0000] {processor.py:186} INFO - Started process (PID=1459) to work on /home/airflow/.local/lib/python3.12/site-packages/airflow/example_dags/example_sensors.py
[2024-10-19T14:38:45.771+0000] {processor.py:914} INFO - Processing file /home/airflow/.local/lib/python3.12/site-packages/airflow/example_dags/example_sensors.py for tasks to queue
[2024-10-19T14:38:45.775+0000] {logging_mixin.py:190} INFO - [2024-10-19T14:38:45.775+0000] {dagbag.py:587} INFO - Filling up the DagBag from /home/airflow/.local/lib/python3.12/site-packages/airflow/example_dags/example_sensors.py
[2024-10-19T14:38:45.798+0000] {processor.py:925} INFO - DAG(s) 'example_sensors' retrieved from /home/airflow/.local/lib/python3.12/site-packages/airflow/example_dags/example_sensors.py
[2024-10-19T14:38:45.867+0000] {logging_mixin.py:190} INFO - [2024-10-19T14:38:45.866+0000] {dag.py:3229} INFO - Sync 1 DAGs
[2024-10-19T14:38:45.895+0000] {logging_mixin.py:190} INFO - [2024-10-19T14:38:45.894+0000] {dag.py:4156} INFO - Setting next_dagrun for example_sensors to None, run_after=None
[2024-10-19T14:38:45.932+0000] {processor.py:208} INFO - Processing /home/airflow/.local/lib/python3.12/site-packages/airflow/example_dags/example_sensors.py took 0.179 seconds
[2024-10-19T14:39:16.149+0000] {processor.py:186} INFO - Started process (PID=1522) to work on /home/airflow/.local/lib/python3.12/site-packages/airflow/example_dags/example_sensors.py
[2024-10-19T14:39:16.152+0000] {processor.py:914} INFO - Processing file /home/airflow/.local/lib/python3.12/site-packages/airflow/example_dags/example_sensors.py for tasks to queue
[2024-10-19T14:39:16.163+0000] {logging_mixin.py:190} INFO - [2024-10-19T14:39:16.162+0000] {dagbag.py:587} INFO - Filling up the DagBag from /home/airflow/.local/lib/python3.12/site-packages/airflow/example_dags/example_sensors.py
[2024-10-19T14:39:16.232+0000] {processor.py:925} INFO - DAG(s) 'example_sensors' retrieved from /home/airflow/.local/lib/python3.12/site-packages/airflow/example_dags/example_sensors.py
[2024-10-19T14:39:16.317+0000] {logging_mixin.py:190} INFO - [2024-10-19T14:39:16.316+0000] {dag.py:3229} INFO - Sync 1 DAGs
[2024-10-19T14:39:16.395+0000] {logging_mixin.py:190} INFO - [2024-10-19T14:39:16.395+0000] {dag.py:4156} INFO - Setting next_dagrun for example_sensors to None, run_after=None
[2024-10-19T14:39:16.557+0000] {processor.py:208} INFO - Processing /home/airflow/.local/lib/python3.12/site-packages/airflow/example_dags/example_sensors.py took 0.423 seconds
[2024-10-19T14:39:46.635+0000] {processor.py:186} INFO - Started process (PID=1584) to work on /home/airflow/.local/lib/python3.12/site-packages/airflow/example_dags/example_sensors.py
[2024-10-19T14:39:46.637+0000] {processor.py:914} INFO - Processing file /home/airflow/.local/lib/python3.12/site-packages/airflow/example_dags/example_sensors.py for tasks to queue
[2024-10-19T14:39:46.642+0000] {logging_mixin.py:190} INFO - [2024-10-19T14:39:46.641+0000] {dagbag.py:587} INFO - Filling up the DagBag from /home/airflow/.local/lib/python3.12/site-packages/airflow/example_dags/example_sensors.py
[2024-10-19T14:39:46.671+0000] {processor.py:925} INFO - DAG(s) 'example_sensors' retrieved from /home/airflow/.local/lib/python3.12/site-packages/airflow/example_dags/example_sensors.py
[2024-10-19T14:39:46.734+0000] {logging_mixin.py:190} INFO - [2024-10-19T14:39:46.733+0000] {dag.py:3229} INFO - Sync 1 DAGs
[2024-10-19T14:39:46.767+0000] {logging_mixin.py:190} INFO - [2024-10-19T14:39:46.767+0000] {dag.py:4156} INFO - Setting next_dagrun for example_sensors to None, run_after=None
[2024-10-19T14:39:46.808+0000] {processor.py:208} INFO - Processing /home/airflow/.local/lib/python3.12/site-packages/airflow/example_dags/example_sensors.py took 0.190 seconds
[2024-10-19T14:40:17.366+0000] {processor.py:186} INFO - Started process (PID=1646) to work on /home/airflow/.local/lib/python3.12/site-packages/airflow/example_dags/example_sensors.py
[2024-10-19T14:40:17.370+0000] {processor.py:914} INFO - Processing file /home/airflow/.local/lib/python3.12/site-packages/airflow/example_dags/example_sensors.py for tasks to queue
[2024-10-19T14:40:17.378+0000] {logging_mixin.py:190} INFO - [2024-10-19T14:40:17.377+0000] {dagbag.py:587} INFO - Filling up the DagBag from /home/airflow/.local/lib/python3.12/site-packages/airflow/example_dags/example_sensors.py
[2024-10-19T14:40:17.427+0000] {processor.py:925} INFO - DAG(s) 'example_sensors' retrieved from /home/airflow/.local/lib/python3.12/site-packages/airflow/example_dags/example_sensors.py
[2024-10-19T14:40:17.576+0000] {logging_mixin.py:190} INFO - [2024-10-19T14:40:17.576+0000] {dag.py:3229} INFO - Sync 1 DAGs
[2024-10-19T14:40:17.610+0000] {logging_mixin.py:190} INFO - [2024-10-19T14:40:17.609+0000] {dag.py:4156} INFO - Setting next_dagrun for example_sensors to None, run_after=None
[2024-10-19T14:40:17.657+0000] {processor.py:208} INFO - Processing /home/airflow/.local/lib/python3.12/site-packages/airflow/example_dags/example_sensors.py took 0.319 seconds
[2024-10-19T14:40:47.750+0000] {processor.py:186} INFO - Started process (PID=1709) to work on /home/airflow/.local/lib/python3.12/site-packages/airflow/example_dags/example_sensors.py
[2024-10-19T14:40:47.753+0000] {processor.py:914} INFO - Processing file /home/airflow/.local/lib/python3.12/site-packages/airflow/example_dags/example_sensors.py for tasks to queue
[2024-10-19T14:40:47.757+0000] {logging_mixin.py:190} INFO - [2024-10-19T14:40:47.756+0000] {dagbag.py:587} INFO - Filling up the DagBag from /home/airflow/.local/lib/python3.12/site-packages/airflow/example_dags/example_sensors.py
[2024-10-19T14:40:47.777+0000] {processor.py:925} INFO - DAG(s) 'example_sensors' retrieved from /home/airflow/.local/lib/python3.12/site-packages/airflow/example_dags/example_sensors.py
[2024-10-19T14:40:47.827+0000] {logging_mixin.py:190} INFO - [2024-10-19T14:40:47.827+0000] {dag.py:3229} INFO - Sync 1 DAGs
[2024-10-19T14:40:47.859+0000] {logging_mixin.py:190} INFO - [2024-10-19T14:40:47.859+0000] {dag.py:4156} INFO - Setting next_dagrun for example_sensors to None, run_after=None
[2024-10-19T14:40:47.910+0000] {processor.py:208} INFO - Processing /home/airflow/.local/lib/python3.12/site-packages/airflow/example_dags/example_sensors.py took 0.172 seconds
[2024-10-19T14:41:18.690+0000] {processor.py:186} INFO - Started process (PID=1773) to work on /home/airflow/.local/lib/python3.12/site-packages/airflow/example_dags/example_sensors.py
[2024-10-19T14:41:18.693+0000] {processor.py:914} INFO - Processing file /home/airflow/.local/lib/python3.12/site-packages/airflow/example_dags/example_sensors.py for tasks to queue
[2024-10-19T14:41:18.699+0000] {logging_mixin.py:190} INFO - [2024-10-19T14:41:18.698+0000] {dagbag.py:587} INFO - Filling up the DagBag from /home/airflow/.local/lib/python3.12/site-packages/airflow/example_dags/example_sensors.py
[2024-10-19T14:41:18.730+0000] {processor.py:925} INFO - DAG(s) 'example_sensors' retrieved from /home/airflow/.local/lib/python3.12/site-packages/airflow/example_dags/example_sensors.py
[2024-10-19T14:41:18.802+0000] {logging_mixin.py:190} INFO - [2024-10-19T14:41:18.802+0000] {dag.py:3229} INFO - Sync 1 DAGs
[2024-10-19T14:41:18.848+0000] {logging_mixin.py:190} INFO - [2024-10-19T14:41:18.848+0000] {dag.py:4156} INFO - Setting next_dagrun for example_sensors to None, run_after=None
[2024-10-19T14:41:18.901+0000] {processor.py:208} INFO - Processing /home/airflow/.local/lib/python3.12/site-packages/airflow/example_dags/example_sensors.py took 0.226 seconds
[2024-10-19T14:41:49.595+0000] {processor.py:186} INFO - Started process (PID=1837) to work on /home/airflow/.local/lib/python3.12/site-packages/airflow/example_dags/example_sensors.py
[2024-10-19T14:41:49.597+0000] {processor.py:914} INFO - Processing file /home/airflow/.local/lib/python3.12/site-packages/airflow/example_dags/example_sensors.py for tasks to queue
[2024-10-19T14:41:49.603+0000] {logging_mixin.py:190} INFO - [2024-10-19T14:41:49.603+0000] {dagbag.py:587} INFO - Filling up the DagBag from /home/airflow/.local/lib/python3.12/site-packages/airflow/example_dags/example_sensors.py
[2024-10-19T14:41:49.631+0000] {processor.py:925} INFO - DAG(s) 'example_sensors' retrieved from /home/airflow/.local/lib/python3.12/site-packages/airflow/example_dags/example_sensors.py
[2024-10-19T14:41:49.705+0000] {logging_mixin.py:190} INFO - [2024-10-19T14:41:49.705+0000] {dag.py:3229} INFO - Sync 1 DAGs
[2024-10-19T14:41:49.744+0000] {logging_mixin.py:190} INFO - [2024-10-19T14:41:49.744+0000] {dag.py:4156} INFO - Setting next_dagrun for example_sensors to None, run_after=None
[2024-10-19T14:41:49.790+0000] {processor.py:208} INFO - Processing /home/airflow/.local/lib/python3.12/site-packages/airflow/example_dags/example_sensors.py took 0.213 seconds
[2024-10-19T14:42:20.391+0000] {processor.py:186} INFO - Started process (PID=1901) to work on /home/airflow/.local/lib/python3.12/site-packages/airflow/example_dags/example_sensors.py
[2024-10-19T14:42:20.393+0000] {processor.py:914} INFO - Processing file /home/airflow/.local/lib/python3.12/site-packages/airflow/example_dags/example_sensors.py for tasks to queue
[2024-10-19T14:42:20.396+0000] {logging_mixin.py:190} INFO - [2024-10-19T14:42:20.396+0000] {dagbag.py:587} INFO - Filling up the DagBag from /home/airflow/.local/lib/python3.12/site-packages/airflow/example_dags/example_sensors.py
[2024-10-19T14:42:20.414+0000] {processor.py:925} INFO - DAG(s) 'example_sensors' retrieved from /home/airflow/.local/lib/python3.12/site-packages/airflow/example_dags/example_sensors.py
[2024-10-19T14:42:20.480+0000] {logging_mixin.py:190} INFO - [2024-10-19T14:42:20.479+0000] {dag.py:3229} INFO - Sync 1 DAGs
[2024-10-19T14:42:20.512+0000] {logging_mixin.py:190} INFO - [2024-10-19T14:42:20.511+0000] {dag.py:4156} INFO - Setting next_dagrun for example_sensors to None, run_after=None
[2024-10-19T14:42:20.546+0000] {processor.py:208} INFO - Processing /home/airflow/.local/lib/python3.12/site-packages/airflow/example_dags/example_sensors.py took 0.167 seconds
[2024-10-19T14:42:51.495+0000] {processor.py:186} INFO - Started process (PID=1965) to work on /home/airflow/.local/lib/python3.12/site-packages/airflow/example_dags/example_sensors.py
[2024-10-19T14:42:51.497+0000] {processor.py:914} INFO - Processing file /home/airflow/.local/lib/python3.12/site-packages/airflow/example_dags/example_sensors.py for tasks to queue
[2024-10-19T14:42:51.501+0000] {logging_mixin.py:190} INFO - [2024-10-19T14:42:51.501+0000] {dagbag.py:587} INFO - Filling up the DagBag from /home/airflow/.local/lib/python3.12/site-packages/airflow/example_dags/example_sensors.py
[2024-10-19T14:42:51.522+0000] {processor.py:925} INFO - DAG(s) 'example_sensors' retrieved from /home/airflow/.local/lib/python3.12/site-packages/airflow/example_dags/example_sensors.py
[2024-10-19T14:42:51.567+0000] {logging_mixin.py:190} INFO - [2024-10-19T14:42:51.567+0000] {dag.py:3229} INFO - Sync 1 DAGs
[2024-10-19T14:42:51.597+0000] {logging_mixin.py:190} INFO - [2024-10-19T14:42:51.597+0000] {dag.py:4156} INFO - Setting next_dagrun for example_sensors to None, run_after=None
[2024-10-19T14:42:51.647+0000] {processor.py:208} INFO - Processing /home/airflow/.local/lib/python3.12/site-packages/airflow/example_dags/example_sensors.py took 0.164 seconds
[2024-10-19T14:43:22.441+0000] {processor.py:186} INFO - Started process (PID=2028) to work on /home/airflow/.local/lib/python3.12/site-packages/airflow/example_dags/example_sensors.py
[2024-10-19T14:43:22.443+0000] {processor.py:914} INFO - Processing file /home/airflow/.local/lib/python3.12/site-packages/airflow/example_dags/example_sensors.py for tasks to queue
[2024-10-19T14:43:22.448+0000] {logging_mixin.py:190} INFO - [2024-10-19T14:43:22.447+0000] {dagbag.py:587} INFO - Filling up the DagBag from /home/airflow/.local/lib/python3.12/site-packages/airflow/example_dags/example_sensors.py
[2024-10-19T14:43:22.469+0000] {processor.py:925} INFO - DAG(s) 'example_sensors' retrieved from /home/airflow/.local/lib/python3.12/site-packages/airflow/example_dags/example_sensors.py
[2024-10-19T14:43:22.539+0000] {logging_mixin.py:190} INFO - [2024-10-19T14:43:22.538+0000] {dag.py:3229} INFO - Sync 1 DAGs
[2024-10-19T14:43:22.581+0000] {logging_mixin.py:190} INFO - [2024-10-19T14:43:22.581+0000] {dag.py:4156} INFO - Setting next_dagrun for example_sensors to None, run_after=None
[2024-10-19T14:43:22.623+0000] {processor.py:208} INFO - Processing /home/airflow/.local/lib/python3.12/site-packages/airflow/example_dags/example_sensors.py took 0.197 seconds
[2024-10-19T14:43:53.594+0000] {processor.py:186} INFO - Started process (PID=2091) to work on /home/airflow/.local/lib/python3.12/site-packages/airflow/example_dags/example_sensors.py
[2024-10-19T14:43:53.596+0000] {processor.py:914} INFO - Processing file /home/airflow/.local/lib/python3.12/site-packages/airflow/example_dags/example_sensors.py for tasks to queue
[2024-10-19T14:43:53.600+0000] {logging_mixin.py:190} INFO - [2024-10-19T14:43:53.599+0000] {dagbag.py:587} INFO - Filling up the DagBag from /home/airflow/.local/lib/python3.12/site-packages/airflow/example_dags/example_sensors.py
[2024-10-19T14:43:53.617+0000] {processor.py:925} INFO - DAG(s) 'example_sensors' retrieved from /home/airflow/.local/lib/python3.12/site-packages/airflow/example_dags/example_sensors.py
[2024-10-19T14:43:53.663+0000] {logging_mixin.py:190} INFO - [2024-10-19T14:43:53.662+0000] {dag.py:3229} INFO - Sync 1 DAGs
[2024-10-19T14:43:53.692+0000] {logging_mixin.py:190} INFO - [2024-10-19T14:43:53.691+0000] {dag.py:4156} INFO - Setting next_dagrun for example_sensors to None, run_after=None
[2024-10-19T14:43:53.728+0000] {processor.py:208} INFO - Processing /home/airflow/.local/lib/python3.12/site-packages/airflow/example_dags/example_sensors.py took 0.148 seconds
[2024-10-19T14:44:24.415+0000] {processor.py:186} INFO - Started process (PID=2155) to work on /home/airflow/.local/lib/python3.12/site-packages/airflow/example_dags/example_sensors.py
[2024-10-19T14:44:24.417+0000] {processor.py:914} INFO - Processing file /home/airflow/.local/lib/python3.12/site-packages/airflow/example_dags/example_sensors.py for tasks to queue
[2024-10-19T14:44:24.422+0000] {logging_mixin.py:190} INFO - [2024-10-19T14:44:24.421+0000] {dagbag.py:587} INFO - Filling up the DagBag from /home/airflow/.local/lib/python3.12/site-packages/airflow/example_dags/example_sensors.py
[2024-10-19T14:44:24.444+0000] {processor.py:925} INFO - DAG(s) 'example_sensors' retrieved from /home/airflow/.local/lib/python3.12/site-packages/airflow/example_dags/example_sensors.py
[2024-10-19T14:44:24.517+0000] {logging_mixin.py:190} INFO - [2024-10-19T14:44:24.516+0000] {dag.py:3229} INFO - Sync 1 DAGs
[2024-10-19T14:44:24.575+0000] {logging_mixin.py:190} INFO - [2024-10-19T14:44:24.575+0000] {dag.py:4156} INFO - Setting next_dagrun for example_sensors to None, run_after=None
[2024-10-19T14:44:24.641+0000] {processor.py:208} INFO - Processing /home/airflow/.local/lib/python3.12/site-packages/airflow/example_dags/example_sensors.py took 0.240 seconds
[2024-10-19T14:44:55.472+0000] {processor.py:186} INFO - Started process (PID=2218) to work on /home/airflow/.local/lib/python3.12/site-packages/airflow/example_dags/example_sensors.py
[2024-10-19T14:44:55.475+0000] {processor.py:914} INFO - Processing file /home/airflow/.local/lib/python3.12/site-packages/airflow/example_dags/example_sensors.py for tasks to queue
[2024-10-19T14:44:55.481+0000] {logging_mixin.py:190} INFO - [2024-10-19T14:44:55.480+0000] {dagbag.py:587} INFO - Filling up the DagBag from /home/airflow/.local/lib/python3.12/site-packages/airflow/example_dags/example_sensors.py
[2024-10-19T14:44:55.509+0000] {processor.py:925} INFO - DAG(s) 'example_sensors' retrieved from /home/airflow/.local/lib/python3.12/site-packages/airflow/example_dags/example_sensors.py
[2024-10-19T14:44:55.630+0000] {logging_mixin.py:190} INFO - [2024-10-19T14:44:55.629+0000] {dag.py:3229} INFO - Sync 1 DAGs
[2024-10-19T14:44:55.678+0000] {logging_mixin.py:190} INFO - [2024-10-19T14:44:55.678+0000] {dag.py:4156} INFO - Setting next_dagrun for example_sensors to None, run_after=None
[2024-10-19T14:44:55.735+0000] {processor.py:208} INFO - Processing /home/airflow/.local/lib/python3.12/site-packages/airflow/example_dags/example_sensors.py took 0.278 seconds
[2024-10-19T14:45:26.092+0000] {processor.py:186} INFO - Started process (PID=2281) to work on /home/airflow/.local/lib/python3.12/site-packages/airflow/example_dags/example_sensors.py
[2024-10-19T14:45:26.094+0000] {processor.py:914} INFO - Processing file /home/airflow/.local/lib/python3.12/site-packages/airflow/example_dags/example_sensors.py for tasks to queue
[2024-10-19T14:45:26.099+0000] {logging_mixin.py:190} INFO - [2024-10-19T14:45:26.098+0000] {dagbag.py:587} INFO - Filling up the DagBag from /home/airflow/.local/lib/python3.12/site-packages/airflow/example_dags/example_sensors.py
[2024-10-19T14:45:26.124+0000] {processor.py:925} INFO - DAG(s) 'example_sensors' retrieved from /home/airflow/.local/lib/python3.12/site-packages/airflow/example_dags/example_sensors.py
[2024-10-19T14:45:26.187+0000] {logging_mixin.py:190} INFO - [2024-10-19T14:45:26.184+0000] {dag.py:3229} INFO - Sync 1 DAGs
[2024-10-19T14:45:26.236+0000] {logging_mixin.py:190} INFO - [2024-10-19T14:45:26.235+0000] {dag.py:4156} INFO - Setting next_dagrun for example_sensors to None, run_after=None
[2024-10-19T14:45:26.293+0000] {processor.py:208} INFO - Processing /home/airflow/.local/lib/python3.12/site-packages/airflow/example_dags/example_sensors.py took 0.215 seconds
[2024-10-19T14:45:57.309+0000] {processor.py:186} INFO - Started process (PID=2345) to work on /home/airflow/.local/lib/python3.12/site-packages/airflow/example_dags/example_sensors.py
[2024-10-19T14:45:57.312+0000] {processor.py:914} INFO - Processing file /home/airflow/.local/lib/python3.12/site-packages/airflow/example_dags/example_sensors.py for tasks to queue
[2024-10-19T14:45:57.318+0000] {logging_mixin.py:190} INFO - [2024-10-19T14:45:57.317+0000] {dagbag.py:587} INFO - Filling up the DagBag from /home/airflow/.local/lib/python3.12/site-packages/airflow/example_dags/example_sensors.py
[2024-10-19T14:45:57.345+0000] {processor.py:925} INFO - DAG(s) 'example_sensors' retrieved from /home/airflow/.local/lib/python3.12/site-packages/airflow/example_dags/example_sensors.py
[2024-10-19T14:45:57.418+0000] {logging_mixin.py:190} INFO - [2024-10-19T14:45:57.418+0000] {dag.py:3229} INFO - Sync 1 DAGs
[2024-10-19T14:45:57.461+0000] {logging_mixin.py:190} INFO - [2024-10-19T14:45:57.460+0000] {dag.py:4156} INFO - Setting next_dagrun for example_sensors to None, run_after=None
[2024-10-19T14:45:57.555+0000] {processor.py:208} INFO - Processing /home/airflow/.local/lib/python3.12/site-packages/airflow/example_dags/example_sensors.py took 0.266 seconds
[2024-10-19T14:46:28.215+0000] {processor.py:186} INFO - Started process (PID=2408) to work on /home/airflow/.local/lib/python3.12/site-packages/airflow/example_dags/example_sensors.py
[2024-10-19T14:46:28.218+0000] {processor.py:914} INFO - Processing file /home/airflow/.local/lib/python3.12/site-packages/airflow/example_dags/example_sensors.py for tasks to queue
[2024-10-19T14:46:28.222+0000] {logging_mixin.py:190} INFO - [2024-10-19T14:46:28.221+0000] {dagbag.py:587} INFO - Filling up the DagBag from /home/airflow/.local/lib/python3.12/site-packages/airflow/example_dags/example_sensors.py
[2024-10-19T14:46:28.261+0000] {processor.py:925} INFO - DAG(s) 'example_sensors' retrieved from /home/airflow/.local/lib/python3.12/site-packages/airflow/example_dags/example_sensors.py
[2024-10-19T14:46:28.329+0000] {logging_mixin.py:190} INFO - [2024-10-19T14:46:28.329+0000] {dag.py:3229} INFO - Sync 1 DAGs
[2024-10-19T14:46:28.357+0000] {logging_mixin.py:190} INFO - [2024-10-19T14:46:28.357+0000] {dag.py:4156} INFO - Setting next_dagrun for example_sensors to None, run_after=None
[2024-10-19T14:46:28.397+0000] {processor.py:208} INFO - Processing /home/airflow/.local/lib/python3.12/site-packages/airflow/example_dags/example_sensors.py took 0.196 seconds
[2024-10-19T14:46:59.279+0000] {processor.py:186} INFO - Started process (PID=2471) to work on /home/airflow/.local/lib/python3.12/site-packages/airflow/example_dags/example_sensors.py
[2024-10-19T14:46:59.283+0000] {processor.py:914} INFO - Processing file /home/airflow/.local/lib/python3.12/site-packages/airflow/example_dags/example_sensors.py for tasks to queue
[2024-10-19T14:46:59.291+0000] {logging_mixin.py:190} INFO - [2024-10-19T14:46:59.291+0000] {dagbag.py:587} INFO - Filling up the DagBag from /home/airflow/.local/lib/python3.12/site-packages/airflow/example_dags/example_sensors.py
[2024-10-19T14:46:59.332+0000] {processor.py:925} INFO - DAG(s) 'example_sensors' retrieved from /home/airflow/.local/lib/python3.12/site-packages/airflow/example_dags/example_sensors.py
[2024-10-19T14:46:59.561+0000] {logging_mixin.py:190} INFO - [2024-10-19T14:46:59.560+0000] {dag.py:3229} INFO - Sync 1 DAGs
[2024-10-19T14:46:59.669+0000] {logging_mixin.py:190} INFO - [2024-10-19T14:46:59.668+0000] {dag.py:4156} INFO - Setting next_dagrun for example_sensors to None, run_after=None
[2024-10-19T14:46:59.829+0000] {processor.py:208} INFO - Processing /home/airflow/.local/lib/python3.12/site-packages/airflow/example_dags/example_sensors.py took 0.572 seconds
[2024-10-19T14:47:30.133+0000] {processor.py:186} INFO - Started process (PID=2534) to work on /home/airflow/.local/lib/python3.12/site-packages/airflow/example_dags/example_sensors.py
[2024-10-19T14:47:30.140+0000] {processor.py:914} INFO - Processing file /home/airflow/.local/lib/python3.12/site-packages/airflow/example_dags/example_sensors.py for tasks to queue
[2024-10-19T14:47:30.146+0000] {logging_mixin.py:190} INFO - [2024-10-19T14:47:30.145+0000] {dagbag.py:587} INFO - Filling up the DagBag from /home/airflow/.local/lib/python3.12/site-packages/airflow/example_dags/example_sensors.py
[2024-10-19T14:47:30.182+0000] {processor.py:925} INFO - DAG(s) 'example_sensors' retrieved from /home/airflow/.local/lib/python3.12/site-packages/airflow/example_dags/example_sensors.py
[2024-10-19T14:47:30.265+0000] {logging_mixin.py:190} INFO - [2024-10-19T14:47:30.265+0000] {dag.py:3229} INFO - Sync 1 DAGs
[2024-10-19T14:47:30.310+0000] {logging_mixin.py:190} INFO - [2024-10-19T14:47:30.310+0000] {dag.py:4156} INFO - Setting next_dagrun for example_sensors to None, run_after=None
[2024-10-19T14:47:30.364+0000] {processor.py:208} INFO - Processing /home/airflow/.local/lib/python3.12/site-packages/airflow/example_dags/example_sensors.py took 0.245 seconds
[2024-10-19T14:48:00.599+0000] {processor.py:186} INFO - Started process (PID=2597) to work on /home/airflow/.local/lib/python3.12/site-packages/airflow/example_dags/example_sensors.py
[2024-10-19T14:48:00.601+0000] {processor.py:914} INFO - Processing file /home/airflow/.local/lib/python3.12/site-packages/airflow/example_dags/example_sensors.py for tasks to queue
[2024-10-19T14:48:00.605+0000] {logging_mixin.py:190} INFO - [2024-10-19T14:48:00.605+0000] {dagbag.py:587} INFO - Filling up the DagBag from /home/airflow/.local/lib/python3.12/site-packages/airflow/example_dags/example_sensors.py
[2024-10-19T14:48:00.625+0000] {processor.py:925} INFO - DAG(s) 'example_sensors' retrieved from /home/airflow/.local/lib/python3.12/site-packages/airflow/example_dags/example_sensors.py
[2024-10-19T14:48:00.676+0000] {logging_mixin.py:190} INFO - [2024-10-19T14:48:00.676+0000] {dag.py:3229} INFO - Sync 1 DAGs
[2024-10-19T14:48:00.701+0000] {logging_mixin.py:190} INFO - [2024-10-19T14:48:00.700+0000] {dag.py:4156} INFO - Setting next_dagrun for example_sensors to None, run_after=None
[2024-10-19T14:48:00.741+0000] {processor.py:208} INFO - Processing /home/airflow/.local/lib/python3.12/site-packages/airflow/example_dags/example_sensors.py took 0.153 seconds
[2024-10-19T14:48:31.426+0000] {processor.py:186} INFO - Started process (PID=2660) to work on /home/airflow/.local/lib/python3.12/site-packages/airflow/example_dags/example_sensors.py
[2024-10-19T14:48:31.428+0000] {processor.py:914} INFO - Processing file /home/airflow/.local/lib/python3.12/site-packages/airflow/example_dags/example_sensors.py for tasks to queue
[2024-10-19T14:48:31.432+0000] {logging_mixin.py:190} INFO - [2024-10-19T14:48:31.431+0000] {dagbag.py:587} INFO - Filling up the DagBag from /home/airflow/.local/lib/python3.12/site-packages/airflow/example_dags/example_sensors.py
[2024-10-19T14:48:31.449+0000] {processor.py:925} INFO - DAG(s) 'example_sensors' retrieved from /home/airflow/.local/lib/python3.12/site-packages/airflow/example_dags/example_sensors.py
[2024-10-19T14:48:31.492+0000] {logging_mixin.py:190} INFO - [2024-10-19T14:48:31.492+0000] {dag.py:3229} INFO - Sync 1 DAGs
[2024-10-19T14:48:31.517+0000] {logging_mixin.py:190} INFO - [2024-10-19T14:48:31.517+0000] {dag.py:4156} INFO - Setting next_dagrun for example_sensors to None, run_after=None
[2024-10-19T14:48:31.559+0000] {processor.py:208} INFO - Processing /home/airflow/.local/lib/python3.12/site-packages/airflow/example_dags/example_sensors.py took 0.143 seconds
[2024-10-19T14:49:02.441+0000] {processor.py:186} INFO - Started process (PID=2724) to work on /home/airflow/.local/lib/python3.12/site-packages/airflow/example_dags/example_sensors.py
[2024-10-19T14:49:02.444+0000] {processor.py:914} INFO - Processing file /home/airflow/.local/lib/python3.12/site-packages/airflow/example_dags/example_sensors.py for tasks to queue
[2024-10-19T14:49:02.449+0000] {logging_mixin.py:190} INFO - [2024-10-19T14:49:02.449+0000] {dagbag.py:587} INFO - Filling up the DagBag from /home/airflow/.local/lib/python3.12/site-packages/airflow/example_dags/example_sensors.py
[2024-10-19T14:49:02.480+0000] {processor.py:925} INFO - DAG(s) 'example_sensors' retrieved from /home/airflow/.local/lib/python3.12/site-packages/airflow/example_dags/example_sensors.py
[2024-10-19T14:49:02.539+0000] {logging_mixin.py:190} INFO - [2024-10-19T14:49:02.539+0000] {dag.py:3229} INFO - Sync 1 DAGs
[2024-10-19T14:49:02.573+0000] {logging_mixin.py:190} INFO - [2024-10-19T14:49:02.572+0000] {dag.py:4156} INFO - Setting next_dagrun for example_sensors to None, run_after=None
[2024-10-19T14:49:02.611+0000] {processor.py:208} INFO - Processing /home/airflow/.local/lib/python3.12/site-packages/airflow/example_dags/example_sensors.py took 0.182 seconds
[2024-10-19T14:49:33.089+0000] {processor.py:186} INFO - Started process (PID=2787) to work on /home/airflow/.local/lib/python3.12/site-packages/airflow/example_dags/example_sensors.py
[2024-10-19T14:49:33.091+0000] {processor.py:914} INFO - Processing file /home/airflow/.local/lib/python3.12/site-packages/airflow/example_dags/example_sensors.py for tasks to queue
[2024-10-19T14:49:33.096+0000] {logging_mixin.py:190} INFO - [2024-10-19T14:49:33.095+0000] {dagbag.py:587} INFO - Filling up the DagBag from /home/airflow/.local/lib/python3.12/site-packages/airflow/example_dags/example_sensors.py
[2024-10-19T14:49:33.119+0000] {processor.py:925} INFO - DAG(s) 'example_sensors' retrieved from /home/airflow/.local/lib/python3.12/site-packages/airflow/example_dags/example_sensors.py
[2024-10-19T14:49:33.203+0000] {logging_mixin.py:190} INFO - [2024-10-19T14:49:33.202+0000] {dag.py:3229} INFO - Sync 1 DAGs
[2024-10-19T14:49:33.234+0000] {logging_mixin.py:190} INFO - [2024-10-19T14:49:33.234+0000] {dag.py:4156} INFO - Setting next_dagrun for example_sensors to None, run_after=None
[2024-10-19T14:49:33.281+0000] {processor.py:208} INFO - Processing /home/airflow/.local/lib/python3.12/site-packages/airflow/example_dags/example_sensors.py took 0.204 seconds
[2024-10-19T14:50:03.520+0000] {processor.py:186} INFO - Started process (PID=2850) to work on /home/airflow/.local/lib/python3.12/site-packages/airflow/example_dags/example_sensors.py
[2024-10-19T14:50:03.522+0000] {processor.py:914} INFO - Processing file /home/airflow/.local/lib/python3.12/site-packages/airflow/example_dags/example_sensors.py for tasks to queue
[2024-10-19T14:50:03.527+0000] {logging_mixin.py:190} INFO - [2024-10-19T14:50:03.526+0000] {dagbag.py:587} INFO - Filling up the DagBag from /home/airflow/.local/lib/python3.12/site-packages/airflow/example_dags/example_sensors.py
[2024-10-19T14:50:03.559+0000] {processor.py:925} INFO - DAG(s) 'example_sensors' retrieved from /home/airflow/.local/lib/python3.12/site-packages/airflow/example_dags/example_sensors.py
[2024-10-19T14:50:03.616+0000] {logging_mixin.py:190} INFO - [2024-10-19T14:50:03.616+0000] {dag.py:3229} INFO - Sync 1 DAGs
[2024-10-19T14:50:03.648+0000] {logging_mixin.py:190} INFO - [2024-10-19T14:50:03.648+0000] {dag.py:4156} INFO - Setting next_dagrun for example_sensors to None, run_after=None
[2024-10-19T14:50:03.701+0000] {processor.py:208} INFO - Processing /home/airflow/.local/lib/python3.12/site-packages/airflow/example_dags/example_sensors.py took 0.198 seconds
[2024-10-19T14:50:34.347+0000] {processor.py:186} INFO - Started process (PID=2913) to work on /home/airflow/.local/lib/python3.12/site-packages/airflow/example_dags/example_sensors.py
[2024-10-19T14:50:34.361+0000] {processor.py:914} INFO - Processing file /home/airflow/.local/lib/python3.12/site-packages/airflow/example_dags/example_sensors.py for tasks to queue
[2024-10-19T14:50:34.372+0000] {logging_mixin.py:190} INFO - [2024-10-19T14:50:34.368+0000] {dagbag.py:587} INFO - Filling up the DagBag from /home/airflow/.local/lib/python3.12/site-packages/airflow/example_dags/example_sensors.py
[2024-10-19T14:50:34.428+0000] {processor.py:925} INFO - DAG(s) 'example_sensors' retrieved from /home/airflow/.local/lib/python3.12/site-packages/airflow/example_dags/example_sensors.py
[2024-10-19T14:50:34.536+0000] {logging_mixin.py:190} INFO - [2024-10-19T14:50:34.536+0000] {dag.py:3229} INFO - Sync 1 DAGs
[2024-10-19T14:50:34.563+0000] {logging_mixin.py:190} INFO - [2024-10-19T14:50:34.563+0000] {dag.py:4156} INFO - Setting next_dagrun for example_sensors to None, run_after=None
[2024-10-19T14:50:34.599+0000] {processor.py:208} INFO - Processing /home/airflow/.local/lib/python3.12/site-packages/airflow/example_dags/example_sensors.py took 0.281 seconds
[2024-10-19T14:51:05.102+0000] {processor.py:186} INFO - Started process (PID=2976) to work on /home/airflow/.local/lib/python3.12/site-packages/airflow/example_dags/example_sensors.py
[2024-10-19T14:51:05.109+0000] {processor.py:914} INFO - Processing file /home/airflow/.local/lib/python3.12/site-packages/airflow/example_dags/example_sensors.py for tasks to queue
[2024-10-19T14:51:05.115+0000] {logging_mixin.py:190} INFO - [2024-10-19T14:51:05.115+0000] {dagbag.py:587} INFO - Filling up the DagBag from /home/airflow/.local/lib/python3.12/site-packages/airflow/example_dags/example_sensors.py
[2024-10-19T14:51:05.146+0000] {processor.py:925} INFO - DAG(s) 'example_sensors' retrieved from /home/airflow/.local/lib/python3.12/site-packages/airflow/example_dags/example_sensors.py
[2024-10-19T14:51:05.225+0000] {logging_mixin.py:190} INFO - [2024-10-19T14:51:05.224+0000] {dag.py:3229} INFO - Sync 1 DAGs
[2024-10-19T14:51:05.278+0000] {logging_mixin.py:190} INFO - [2024-10-19T14:51:05.278+0000] {dag.py:4156} INFO - Setting next_dagrun for example_sensors to None, run_after=None
[2024-10-19T14:51:05.346+0000] {processor.py:208} INFO - Processing /home/airflow/.local/lib/python3.12/site-packages/airflow/example_dags/example_sensors.py took 0.262 seconds
[2024-10-19T14:51:35.509+0000] {processor.py:186} INFO - Started process (PID=3039) to work on /home/airflow/.local/lib/python3.12/site-packages/airflow/example_dags/example_sensors.py
[2024-10-19T14:51:35.511+0000] {processor.py:914} INFO - Processing file /home/airflow/.local/lib/python3.12/site-packages/airflow/example_dags/example_sensors.py for tasks to queue
[2024-10-19T14:51:35.515+0000] {logging_mixin.py:190} INFO - [2024-10-19T14:51:35.515+0000] {dagbag.py:587} INFO - Filling up the DagBag from /home/airflow/.local/lib/python3.12/site-packages/airflow/example_dags/example_sensors.py
[2024-10-19T14:51:35.538+0000] {processor.py:925} INFO - DAG(s) 'example_sensors' retrieved from /home/airflow/.local/lib/python3.12/site-packages/airflow/example_dags/example_sensors.py
[2024-10-19T14:51:35.591+0000] {logging_mixin.py:190} INFO - [2024-10-19T14:51:35.591+0000] {dag.py:3229} INFO - Sync 1 DAGs
[2024-10-19T14:51:35.625+0000] {logging_mixin.py:190} INFO - [2024-10-19T14:51:35.625+0000] {dag.py:4156} INFO - Setting next_dagrun for example_sensors to None, run_after=None
[2024-10-19T14:51:35.675+0000] {processor.py:208} INFO - Processing /home/airflow/.local/lib/python3.12/site-packages/airflow/example_dags/example_sensors.py took 0.179 seconds
[2024-10-19T14:52:06.210+0000] {processor.py:186} INFO - Started process (PID=3102) to work on /home/airflow/.local/lib/python3.12/site-packages/airflow/example_dags/example_sensors.py
[2024-10-19T14:52:06.213+0000] {processor.py:914} INFO - Processing file /home/airflow/.local/lib/python3.12/site-packages/airflow/example_dags/example_sensors.py for tasks to queue
[2024-10-19T14:52:06.217+0000] {logging_mixin.py:190} INFO - [2024-10-19T14:52:06.217+0000] {dagbag.py:587} INFO - Filling up the DagBag from /home/airflow/.local/lib/python3.12/site-packages/airflow/example_dags/example_sensors.py
[2024-10-19T14:52:06.246+0000] {processor.py:925} INFO - DAG(s) 'example_sensors' retrieved from /home/airflow/.local/lib/python3.12/site-packages/airflow/example_dags/example_sensors.py
[2024-10-19T14:52:06.308+0000] {logging_mixin.py:190} INFO - [2024-10-19T14:52:06.307+0000] {dag.py:3229} INFO - Sync 1 DAGs
[2024-10-19T14:52:06.346+0000] {logging_mixin.py:190} INFO - [2024-10-19T14:52:06.346+0000] {dag.py:4156} INFO - Setting next_dagrun for example_sensors to None, run_after=None
[2024-10-19T14:52:06.730+0000] {processor.py:208} INFO - Processing /home/airflow/.local/lib/python3.12/site-packages/airflow/example_dags/example_sensors.py took 0.534 seconds
[2024-10-19T14:52:37.426+0000] {processor.py:186} INFO - Started process (PID=3164) to work on /home/airflow/.local/lib/python3.12/site-packages/airflow/example_dags/example_sensors.py
[2024-10-19T14:52:37.428+0000] {processor.py:914} INFO - Processing file /home/airflow/.local/lib/python3.12/site-packages/airflow/example_dags/example_sensors.py for tasks to queue
[2024-10-19T14:52:37.434+0000] {logging_mixin.py:190} INFO - [2024-10-19T14:52:37.433+0000] {dagbag.py:587} INFO - Filling up the DagBag from /home/airflow/.local/lib/python3.12/site-packages/airflow/example_dags/example_sensors.py
[2024-10-19T14:52:37.464+0000] {processor.py:925} INFO - DAG(s) 'example_sensors' retrieved from /home/airflow/.local/lib/python3.12/site-packages/airflow/example_dags/example_sensors.py
[2024-10-19T14:52:37.531+0000] {logging_mixin.py:190} INFO - [2024-10-19T14:52:37.531+0000] {dag.py:3229} INFO - Sync 1 DAGs
[2024-10-19T14:52:37.567+0000] {logging_mixin.py:190} INFO - [2024-10-19T14:52:37.566+0000] {dag.py:4156} INFO - Setting next_dagrun for example_sensors to None, run_after=None
[2024-10-19T14:52:37.605+0000] {processor.py:208} INFO - Processing /home/airflow/.local/lib/python3.12/site-packages/airflow/example_dags/example_sensors.py took 0.197 seconds
[2024-10-19T14:53:08.459+0000] {processor.py:186} INFO - Started process (PID=3227) to work on /home/airflow/.local/lib/python3.12/site-packages/airflow/example_dags/example_sensors.py
[2024-10-19T14:53:08.461+0000] {processor.py:914} INFO - Processing file /home/airflow/.local/lib/python3.12/site-packages/airflow/example_dags/example_sensors.py for tasks to queue
[2024-10-19T14:53:08.466+0000] {logging_mixin.py:190} INFO - [2024-10-19T14:53:08.465+0000] {dagbag.py:587} INFO - Filling up the DagBag from /home/airflow/.local/lib/python3.12/site-packages/airflow/example_dags/example_sensors.py
[2024-10-19T14:53:08.493+0000] {processor.py:925} INFO - DAG(s) 'example_sensors' retrieved from /home/airflow/.local/lib/python3.12/site-packages/airflow/example_dags/example_sensors.py
[2024-10-19T14:53:08.557+0000] {logging_mixin.py:190} INFO - [2024-10-19T14:53:08.557+0000] {dag.py:3229} INFO - Sync 1 DAGs
[2024-10-19T14:53:08.590+0000] {logging_mixin.py:190} INFO - [2024-10-19T14:53:08.589+0000] {dag.py:4156} INFO - Setting next_dagrun for example_sensors to None, run_after=None
[2024-10-19T14:53:08.630+0000] {processor.py:208} INFO - Processing /home/airflow/.local/lib/python3.12/site-packages/airflow/example_dags/example_sensors.py took 0.184 seconds
[2024-10-19T14:53:39.621+0000] {processor.py:186} INFO - Started process (PID=3291) to work on /home/airflow/.local/lib/python3.12/site-packages/airflow/example_dags/example_sensors.py
[2024-10-19T14:53:39.623+0000] {processor.py:914} INFO - Processing file /home/airflow/.local/lib/python3.12/site-packages/airflow/example_dags/example_sensors.py for tasks to queue
[2024-10-19T14:53:39.629+0000] {logging_mixin.py:190} INFO - [2024-10-19T14:53:39.628+0000] {dagbag.py:587} INFO - Filling up the DagBag from /home/airflow/.local/lib/python3.12/site-packages/airflow/example_dags/example_sensors.py
[2024-10-19T14:53:39.666+0000] {processor.py:925} INFO - DAG(s) 'example_sensors' retrieved from /home/airflow/.local/lib/python3.12/site-packages/airflow/example_dags/example_sensors.py
[2024-10-19T14:53:39.729+0000] {logging_mixin.py:190} INFO - [2024-10-19T14:53:39.729+0000] {dag.py:3229} INFO - Sync 1 DAGs
[2024-10-19T14:53:39.763+0000] {logging_mixin.py:190} INFO - [2024-10-19T14:53:39.762+0000] {dag.py:4156} INFO - Setting next_dagrun for example_sensors to None, run_after=None
[2024-10-19T14:53:39.808+0000] {processor.py:208} INFO - Processing /home/airflow/.local/lib/python3.12/site-packages/airflow/example_dags/example_sensors.py took 0.203 seconds
[2024-10-19T14:54:10.280+0000] {processor.py:186} INFO - Started process (PID=3355) to work on /home/airflow/.local/lib/python3.12/site-packages/airflow/example_dags/example_sensors.py
[2024-10-19T14:54:10.282+0000] {processor.py:914} INFO - Processing file /home/airflow/.local/lib/python3.12/site-packages/airflow/example_dags/example_sensors.py for tasks to queue
[2024-10-19T14:54:10.286+0000] {logging_mixin.py:190} INFO - [2024-10-19T14:54:10.286+0000] {dagbag.py:587} INFO - Filling up the DagBag from /home/airflow/.local/lib/python3.12/site-packages/airflow/example_dags/example_sensors.py
[2024-10-19T14:54:10.309+0000] {processor.py:925} INFO - DAG(s) 'example_sensors' retrieved from /home/airflow/.local/lib/python3.12/site-packages/airflow/example_dags/example_sensors.py
[2024-10-19T14:54:10.369+0000] {logging_mixin.py:190} INFO - [2024-10-19T14:54:10.369+0000] {dag.py:3229} INFO - Sync 1 DAGs
[2024-10-19T14:54:10.397+0000] {logging_mixin.py:190} INFO - [2024-10-19T14:54:10.396+0000] {dag.py:4156} INFO - Setting next_dagrun for example_sensors to None, run_after=None
[2024-10-19T14:54:10.432+0000] {processor.py:208} INFO - Processing /home/airflow/.local/lib/python3.12/site-packages/airflow/example_dags/example_sensors.py took 0.162 seconds
[2024-10-19T14:54:43.422+0000] {processor.py:186} INFO - Started process (PID=3425) to work on /home/airflow/.local/lib/python3.12/site-packages/airflow/example_dags/example_sensors.py
[2024-10-19T14:54:43.424+0000] {processor.py:914} INFO - Processing file /home/airflow/.local/lib/python3.12/site-packages/airflow/example_dags/example_sensors.py for tasks to queue
[2024-10-19T14:54:43.430+0000] {logging_mixin.py:190} INFO - [2024-10-19T14:54:43.429+0000] {dagbag.py:587} INFO - Filling up the DagBag from /home/airflow/.local/lib/python3.12/site-packages/airflow/example_dags/example_sensors.py
[2024-10-19T14:54:43.464+0000] {processor.py:925} INFO - DAG(s) 'example_sensors' retrieved from /home/airflow/.local/lib/python3.12/site-packages/airflow/example_dags/example_sensors.py
[2024-10-19T14:54:43.929+0000] {logging_mixin.py:190} INFO - [2024-10-19T14:54:43.929+0000] {dag.py:3229} INFO - Sync 1 DAGs
[2024-10-19T14:54:43.966+0000] {logging_mixin.py:190} INFO - [2024-10-19T14:54:43.966+0000] {dag.py:4156} INFO - Setting next_dagrun for example_sensors to None, run_after=None
[2024-10-19T14:54:44.031+0000] {processor.py:208} INFO - Processing /home/airflow/.local/lib/python3.12/site-packages/airflow/example_dags/example_sensors.py took 0.626 seconds
[2024-10-19T14:55:14.676+0000] {processor.py:186} INFO - Started process (PID=3488) to work on /home/airflow/.local/lib/python3.12/site-packages/airflow/example_dags/example_sensors.py
[2024-10-19T14:55:14.678+0000] {processor.py:914} INFO - Processing file /home/airflow/.local/lib/python3.12/site-packages/airflow/example_dags/example_sensors.py for tasks to queue
[2024-10-19T14:55:14.681+0000] {logging_mixin.py:190} INFO - [2024-10-19T14:55:14.681+0000] {dagbag.py:587} INFO - Filling up the DagBag from /home/airflow/.local/lib/python3.12/site-packages/airflow/example_dags/example_sensors.py
[2024-10-19T14:55:14.700+0000] {processor.py:925} INFO - DAG(s) 'example_sensors' retrieved from /home/airflow/.local/lib/python3.12/site-packages/airflow/example_dags/example_sensors.py
[2024-10-19T14:55:14.765+0000] {logging_mixin.py:190} INFO - [2024-10-19T14:55:14.765+0000] {dag.py:3229} INFO - Sync 1 DAGs
[2024-10-19T14:55:15.062+0000] {logging_mixin.py:190} INFO - [2024-10-19T14:55:15.061+0000] {dag.py:4156} INFO - Setting next_dagrun for example_sensors to None, run_after=None
[2024-10-19T14:55:15.102+0000] {processor.py:208} INFO - Processing /home/airflow/.local/lib/python3.12/site-packages/airflow/example_dags/example_sensors.py took 0.437 seconds
[2024-10-19T14:55:45.355+0000] {processor.py:186} INFO - Started process (PID=3551) to work on /home/airflow/.local/lib/python3.12/site-packages/airflow/example_dags/example_sensors.py
[2024-10-19T14:55:45.358+0000] {processor.py:914} INFO - Processing file /home/airflow/.local/lib/python3.12/site-packages/airflow/example_dags/example_sensors.py for tasks to queue
[2024-10-19T14:55:45.364+0000] {logging_mixin.py:190} INFO - [2024-10-19T14:55:45.363+0000] {dagbag.py:587} INFO - Filling up the DagBag from /home/airflow/.local/lib/python3.12/site-packages/airflow/example_dags/example_sensors.py
[2024-10-19T14:55:45.387+0000] {processor.py:925} INFO - DAG(s) 'example_sensors' retrieved from /home/airflow/.local/lib/python3.12/site-packages/airflow/example_dags/example_sensors.py
[2024-10-19T14:55:45.445+0000] {logging_mixin.py:190} INFO - [2024-10-19T14:55:45.445+0000] {dag.py:3229} INFO - Sync 1 DAGs
[2024-10-19T14:55:45.479+0000] {logging_mixin.py:190} INFO - [2024-10-19T14:55:45.479+0000] {dag.py:4156} INFO - Setting next_dagrun for example_sensors to None, run_after=None
[2024-10-19T14:55:45.531+0000] {processor.py:208} INFO - Processing /home/airflow/.local/lib/python3.12/site-packages/airflow/example_dags/example_sensors.py took 0.194 seconds
[2024-10-19T14:56:15.882+0000] {processor.py:186} INFO - Started process (PID=3615) to work on /home/airflow/.local/lib/python3.12/site-packages/airflow/example_dags/example_sensors.py
[2024-10-19T14:56:15.883+0000] {processor.py:914} INFO - Processing file /home/airflow/.local/lib/python3.12/site-packages/airflow/example_dags/example_sensors.py for tasks to queue
[2024-10-19T14:56:15.888+0000] {logging_mixin.py:190} INFO - [2024-10-19T14:56:15.887+0000] {dagbag.py:587} INFO - Filling up the DagBag from /home/airflow/.local/lib/python3.12/site-packages/airflow/example_dags/example_sensors.py
[2024-10-19T14:56:15.912+0000] {processor.py:925} INFO - DAG(s) 'example_sensors' retrieved from /home/airflow/.local/lib/python3.12/site-packages/airflow/example_dags/example_sensors.py
[2024-10-19T14:56:15.976+0000] {logging_mixin.py:190} INFO - [2024-10-19T14:56:15.976+0000] {dag.py:3229} INFO - Sync 1 DAGs
[2024-10-19T14:56:16.005+0000] {logging_mixin.py:190} INFO - [2024-10-19T14:56:16.005+0000] {dag.py:4156} INFO - Setting next_dagrun for example_sensors to None, run_after=None
[2024-10-19T14:56:16.047+0000] {processor.py:208} INFO - Processing /home/airflow/.local/lib/python3.12/site-packages/airflow/example_dags/example_sensors.py took 0.179 seconds
[2024-10-19T14:56:46.997+0000] {processor.py:186} INFO - Started process (PID=3679) to work on /home/airflow/.local/lib/python3.12/site-packages/airflow/example_dags/example_sensors.py
[2024-10-19T14:56:47.000+0000] {processor.py:914} INFO - Processing file /home/airflow/.local/lib/python3.12/site-packages/airflow/example_dags/example_sensors.py for tasks to queue
[2024-10-19T14:56:47.005+0000] {logging_mixin.py:190} INFO - [2024-10-19T14:56:47.004+0000] {dagbag.py:587} INFO - Filling up the DagBag from /home/airflow/.local/lib/python3.12/site-packages/airflow/example_dags/example_sensors.py
[2024-10-19T14:56:47.035+0000] {processor.py:925} INFO - DAG(s) 'example_sensors' retrieved from /home/airflow/.local/lib/python3.12/site-packages/airflow/example_dags/example_sensors.py
[2024-10-19T14:56:47.102+0000] {logging_mixin.py:190} INFO - [2024-10-19T14:56:47.102+0000] {dag.py:3229} INFO - Sync 1 DAGs
[2024-10-19T14:56:47.138+0000] {logging_mixin.py:190} INFO - [2024-10-19T14:56:47.137+0000] {dag.py:4156} INFO - Setting next_dagrun for example_sensors to None, run_after=None
[2024-10-19T14:56:47.186+0000] {processor.py:208} INFO - Processing /home/airflow/.local/lib/python3.12/site-packages/airflow/example_dags/example_sensors.py took 0.209 seconds
[2024-10-19T14:57:17.376+0000] {processor.py:186} INFO - Started process (PID=3741) to work on /home/airflow/.local/lib/python3.12/site-packages/airflow/example_dags/example_sensors.py
[2024-10-19T14:57:17.378+0000] {processor.py:914} INFO - Processing file /home/airflow/.local/lib/python3.12/site-packages/airflow/example_dags/example_sensors.py for tasks to queue
[2024-10-19T14:57:17.384+0000] {logging_mixin.py:190} INFO - [2024-10-19T14:57:17.383+0000] {dagbag.py:587} INFO - Filling up the DagBag from /home/airflow/.local/lib/python3.12/site-packages/airflow/example_dags/example_sensors.py
[2024-10-19T14:57:17.419+0000] {processor.py:925} INFO - DAG(s) 'example_sensors' retrieved from /home/airflow/.local/lib/python3.12/site-packages/airflow/example_dags/example_sensors.py
[2024-10-19T14:57:17.475+0000] {logging_mixin.py:190} INFO - [2024-10-19T14:57:17.474+0000] {dag.py:3229} INFO - Sync 1 DAGs
[2024-10-19T14:57:17.512+0000] {logging_mixin.py:190} INFO - [2024-10-19T14:57:17.511+0000] {dag.py:4156} INFO - Setting next_dagrun for example_sensors to None, run_after=None
[2024-10-19T14:57:17.548+0000] {processor.py:208} INFO - Processing /home/airflow/.local/lib/python3.12/site-packages/airflow/example_dags/example_sensors.py took 0.190 seconds
[2024-10-19T14:57:48.139+0000] {processor.py:186} INFO - Started process (PID=3804) to work on /home/airflow/.local/lib/python3.12/site-packages/airflow/example_dags/example_sensors.py
[2024-10-19T14:57:48.142+0000] {processor.py:914} INFO - Processing file /home/airflow/.local/lib/python3.12/site-packages/airflow/example_dags/example_sensors.py for tasks to queue
[2024-10-19T14:57:48.146+0000] {logging_mixin.py:190} INFO - [2024-10-19T14:57:48.145+0000] {dagbag.py:587} INFO - Filling up the DagBag from /home/airflow/.local/lib/python3.12/site-packages/airflow/example_dags/example_sensors.py
[2024-10-19T14:57:48.172+0000] {processor.py:925} INFO - DAG(s) 'example_sensors' retrieved from /home/airflow/.local/lib/python3.12/site-packages/airflow/example_dags/example_sensors.py
[2024-10-19T14:57:48.272+0000] {logging_mixin.py:190} INFO - [2024-10-19T14:57:48.271+0000] {dag.py:3229} INFO - Sync 1 DAGs
[2024-10-19T14:57:48.307+0000] {logging_mixin.py:190} INFO - [2024-10-19T14:57:48.306+0000] {dag.py:4156} INFO - Setting next_dagrun for example_sensors to None, run_after=None
[2024-10-19T14:57:48.348+0000] {processor.py:208} INFO - Processing /home/airflow/.local/lib/python3.12/site-packages/airflow/example_dags/example_sensors.py took 0.223 seconds
[2024-10-19T14:58:18.593+0000] {processor.py:186} INFO - Started process (PID=3866) to work on /home/airflow/.local/lib/python3.12/site-packages/airflow/example_dags/example_sensors.py
[2024-10-19T14:58:18.594+0000] {processor.py:914} INFO - Processing file /home/airflow/.local/lib/python3.12/site-packages/airflow/example_dags/example_sensors.py for tasks to queue
[2024-10-19T14:58:18.598+0000] {logging_mixin.py:190} INFO - [2024-10-19T14:58:18.597+0000] {dagbag.py:587} INFO - Filling up the DagBag from /home/airflow/.local/lib/python3.12/site-packages/airflow/example_dags/example_sensors.py
[2024-10-19T14:58:18.625+0000] {processor.py:925} INFO - DAG(s) 'example_sensors' retrieved from /home/airflow/.local/lib/python3.12/site-packages/airflow/example_dags/example_sensors.py
[2024-10-19T14:58:18.700+0000] {logging_mixin.py:190} INFO - [2024-10-19T14:58:18.700+0000] {dag.py:3229} INFO - Sync 1 DAGs
[2024-10-19T14:58:18.741+0000] {logging_mixin.py:190} INFO - [2024-10-19T14:58:18.741+0000] {dag.py:4156} INFO - Setting next_dagrun for example_sensors to None, run_after=None
[2024-10-19T14:58:18.790+0000] {processor.py:208} INFO - Processing /home/airflow/.local/lib/python3.12/site-packages/airflow/example_dags/example_sensors.py took 0.210 seconds
[2024-10-19T14:58:49.161+0000] {processor.py:186} INFO - Started process (PID=3929) to work on /home/airflow/.local/lib/python3.12/site-packages/airflow/example_dags/example_sensors.py
[2024-10-19T14:58:49.164+0000] {processor.py:914} INFO - Processing file /home/airflow/.local/lib/python3.12/site-packages/airflow/example_dags/example_sensors.py for tasks to queue
[2024-10-19T14:58:49.170+0000] {logging_mixin.py:190} INFO - [2024-10-19T14:58:49.169+0000] {dagbag.py:587} INFO - Filling up the DagBag from /home/airflow/.local/lib/python3.12/site-packages/airflow/example_dags/example_sensors.py
[2024-10-19T14:58:49.195+0000] {processor.py:925} INFO - DAG(s) 'example_sensors' retrieved from /home/airflow/.local/lib/python3.12/site-packages/airflow/example_dags/example_sensors.py
[2024-10-19T14:58:49.269+0000] {logging_mixin.py:190} INFO - [2024-10-19T14:58:49.268+0000] {dag.py:3229} INFO - Sync 1 DAGs
[2024-10-19T14:58:49.301+0000] {logging_mixin.py:190} INFO - [2024-10-19T14:58:49.301+0000] {dag.py:4156} INFO - Setting next_dagrun for example_sensors to None, run_after=None
[2024-10-19T14:58:49.339+0000] {processor.py:208} INFO - Processing /home/airflow/.local/lib/python3.12/site-packages/airflow/example_dags/example_sensors.py took 0.194 seconds
[2024-10-19T14:59:19.522+0000] {processor.py:186} INFO - Started process (PID=3991) to work on /home/airflow/.local/lib/python3.12/site-packages/airflow/example_dags/example_sensors.py
[2024-10-19T14:59:19.523+0000] {processor.py:914} INFO - Processing file /home/airflow/.local/lib/python3.12/site-packages/airflow/example_dags/example_sensors.py for tasks to queue
[2024-10-19T14:59:19.528+0000] {logging_mixin.py:190} INFO - [2024-10-19T14:59:19.527+0000] {dagbag.py:587} INFO - Filling up the DagBag from /home/airflow/.local/lib/python3.12/site-packages/airflow/example_dags/example_sensors.py
[2024-10-19T14:59:19.548+0000] {processor.py:925} INFO - DAG(s) 'example_sensors' retrieved from /home/airflow/.local/lib/python3.12/site-packages/airflow/example_dags/example_sensors.py
[2024-10-19T14:59:19.605+0000] {logging_mixin.py:190} INFO - [2024-10-19T14:59:19.605+0000] {dag.py:3229} INFO - Sync 1 DAGs
[2024-10-19T14:59:19.633+0000] {logging_mixin.py:190} INFO - [2024-10-19T14:59:19.633+0000] {dag.py:4156} INFO - Setting next_dagrun for example_sensors to None, run_after=None
[2024-10-19T14:59:19.681+0000] {processor.py:208} INFO - Processing /home/airflow/.local/lib/python3.12/site-packages/airflow/example_dags/example_sensors.py took 0.174 seconds
[2024-10-19T14:59:50.147+0000] {processor.py:186} INFO - Started process (PID=4053) to work on /home/airflow/.local/lib/python3.12/site-packages/airflow/example_dags/example_sensors.py
[2024-10-19T14:59:50.149+0000] {processor.py:914} INFO - Processing file /home/airflow/.local/lib/python3.12/site-packages/airflow/example_dags/example_sensors.py for tasks to queue
[2024-10-19T14:59:50.155+0000] {logging_mixin.py:190} INFO - [2024-10-19T14:59:50.154+0000] {dagbag.py:587} INFO - Filling up the DagBag from /home/airflow/.local/lib/python3.12/site-packages/airflow/example_dags/example_sensors.py
[2024-10-19T14:59:50.180+0000] {processor.py:925} INFO - DAG(s) 'example_sensors' retrieved from /home/airflow/.local/lib/python3.12/site-packages/airflow/example_dags/example_sensors.py
[2024-10-19T14:59:50.252+0000] {logging_mixin.py:190} INFO - [2024-10-19T14:59:50.251+0000] {dag.py:3229} INFO - Sync 1 DAGs
[2024-10-19T14:59:50.287+0000] {logging_mixin.py:190} INFO - [2024-10-19T14:59:50.287+0000] {dag.py:4156} INFO - Setting next_dagrun for example_sensors to None, run_after=None
[2024-10-19T14:59:50.346+0000] {processor.py:208} INFO - Processing /home/airflow/.local/lib/python3.12/site-packages/airflow/example_dags/example_sensors.py took 0.218 seconds
[2024-10-19T15:00:21.004+0000] {processor.py:186} INFO - Started process (PID=4116) to work on /home/airflow/.local/lib/python3.12/site-packages/airflow/example_dags/example_sensors.py
[2024-10-19T15:00:21.007+0000] {processor.py:914} INFO - Processing file /home/airflow/.local/lib/python3.12/site-packages/airflow/example_dags/example_sensors.py for tasks to queue
[2024-10-19T15:00:21.013+0000] {logging_mixin.py:190} INFO - [2024-10-19T15:00:21.012+0000] {dagbag.py:587} INFO - Filling up the DagBag from /home/airflow/.local/lib/python3.12/site-packages/airflow/example_dags/example_sensors.py
[2024-10-19T15:00:21.046+0000] {processor.py:925} INFO - DAG(s) 'example_sensors' retrieved from /home/airflow/.local/lib/python3.12/site-packages/airflow/example_dags/example_sensors.py
[2024-10-19T15:00:21.121+0000] {logging_mixin.py:190} INFO - [2024-10-19T15:00:21.120+0000] {dag.py:3229} INFO - Sync 1 DAGs
[2024-10-19T15:00:21.163+0000] {logging_mixin.py:190} INFO - [2024-10-19T15:00:21.163+0000] {dag.py:4156} INFO - Setting next_dagrun for example_sensors to None, run_after=None
[2024-10-19T15:00:21.225+0000] {processor.py:208} INFO - Processing /home/airflow/.local/lib/python3.12/site-packages/airflow/example_dags/example_sensors.py took 0.239 seconds
[2024-10-19T15:00:51.495+0000] {processor.py:186} INFO - Started process (PID=4181) to work on /home/airflow/.local/lib/python3.12/site-packages/airflow/example_dags/example_sensors.py
[2024-10-19T15:00:51.498+0000] {processor.py:914} INFO - Processing file /home/airflow/.local/lib/python3.12/site-packages/airflow/example_dags/example_sensors.py for tasks to queue
[2024-10-19T15:00:51.503+0000] {logging_mixin.py:190} INFO - [2024-10-19T15:00:51.502+0000] {dagbag.py:587} INFO - Filling up the DagBag from /home/airflow/.local/lib/python3.12/site-packages/airflow/example_dags/example_sensors.py
[2024-10-19T15:00:51.529+0000] {processor.py:925} INFO - DAG(s) 'example_sensors' retrieved from /home/airflow/.local/lib/python3.12/site-packages/airflow/example_dags/example_sensors.py
[2024-10-19T15:00:51.604+0000] {logging_mixin.py:190} INFO - [2024-10-19T15:00:51.604+0000] {dag.py:3229} INFO - Sync 1 DAGs
[2024-10-19T15:00:51.642+0000] {logging_mixin.py:190} INFO - [2024-10-19T15:00:51.641+0000] {dag.py:4156} INFO - Setting next_dagrun for example_sensors to None, run_after=None
[2024-10-19T15:00:51.689+0000] {processor.py:208} INFO - Processing /home/airflow/.local/lib/python3.12/site-packages/airflow/example_dags/example_sensors.py took 0.209 seconds
[2024-10-19T15:01:22.470+0000] {processor.py:186} INFO - Started process (PID=4244) to work on /home/airflow/.local/lib/python3.12/site-packages/airflow/example_dags/example_sensors.py
[2024-10-19T15:01:22.472+0000] {processor.py:914} INFO - Processing file /home/airflow/.local/lib/python3.12/site-packages/airflow/example_dags/example_sensors.py for tasks to queue
[2024-10-19T15:01:22.477+0000] {logging_mixin.py:190} INFO - [2024-10-19T15:01:22.476+0000] {dagbag.py:587} INFO - Filling up the DagBag from /home/airflow/.local/lib/python3.12/site-packages/airflow/example_dags/example_sensors.py
[2024-10-19T15:01:22.501+0000] {processor.py:925} INFO - DAG(s) 'example_sensors' retrieved from /home/airflow/.local/lib/python3.12/site-packages/airflow/example_dags/example_sensors.py
[2024-10-19T15:01:22.562+0000] {logging_mixin.py:190} INFO - [2024-10-19T15:01:22.562+0000] {dag.py:3229} INFO - Sync 1 DAGs
[2024-10-19T15:01:22.591+0000] {logging_mixin.py:190} INFO - [2024-10-19T15:01:22.591+0000] {dag.py:4156} INFO - Setting next_dagrun for example_sensors to None, run_after=None
[2024-10-19T15:01:22.644+0000] {processor.py:208} INFO - Processing /home/airflow/.local/lib/python3.12/site-packages/airflow/example_dags/example_sensors.py took 0.188 seconds
[2024-10-19T15:01:53.024+0000] {processor.py:186} INFO - Started process (PID=4307) to work on /home/airflow/.local/lib/python3.12/site-packages/airflow/example_dags/example_sensors.py
[2024-10-19T15:01:53.027+0000] {processor.py:914} INFO - Processing file /home/airflow/.local/lib/python3.12/site-packages/airflow/example_dags/example_sensors.py for tasks to queue
[2024-10-19T15:01:53.031+0000] {logging_mixin.py:190} INFO - [2024-10-19T15:01:53.030+0000] {dagbag.py:587} INFO - Filling up the DagBag from /home/airflow/.local/lib/python3.12/site-packages/airflow/example_dags/example_sensors.py
[2024-10-19T15:01:53.059+0000] {processor.py:925} INFO - DAG(s) 'example_sensors' retrieved from /home/airflow/.local/lib/python3.12/site-packages/airflow/example_dags/example_sensors.py
[2024-10-19T15:01:53.133+0000] {logging_mixin.py:190} INFO - [2024-10-19T15:01:53.133+0000] {dag.py:3229} INFO - Sync 1 DAGs
[2024-10-19T15:01:53.170+0000] {logging_mixin.py:190} INFO - [2024-10-19T15:01:53.169+0000] {dag.py:4156} INFO - Setting next_dagrun for example_sensors to None, run_after=None
[2024-10-19T15:01:53.223+0000] {processor.py:208} INFO - Processing /home/airflow/.local/lib/python3.12/site-packages/airflow/example_dags/example_sensors.py took 0.213 seconds
[2024-10-19T15:03:18.364+0000] {processor.py:186} INFO - Started process (PID=4457) to work on /home/airflow/.local/lib/python3.12/site-packages/airflow/example_dags/example_sensors.py
[2024-10-19T15:03:18.367+0000] {processor.py:914} INFO - Processing file /home/airflow/.local/lib/python3.12/site-packages/airflow/example_dags/example_sensors.py for tasks to queue
[2024-10-19T15:03:18.372+0000] {logging_mixin.py:190} INFO - [2024-10-19T15:03:18.372+0000] {dagbag.py:587} INFO - Filling up the DagBag from /home/airflow/.local/lib/python3.12/site-packages/airflow/example_dags/example_sensors.py
[2024-10-19T15:03:18.394+0000] {processor.py:925} INFO - DAG(s) 'example_sensors' retrieved from /home/airflow/.local/lib/python3.12/site-packages/airflow/example_dags/example_sensors.py
[2024-10-19T15:03:18.481+0000] {logging_mixin.py:190} INFO - [2024-10-19T15:03:18.481+0000] {dag.py:3229} INFO - Sync 1 DAGs
[2024-10-19T15:03:18.513+0000] {logging_mixin.py:190} INFO - [2024-10-19T15:03:18.512+0000] {dag.py:4156} INFO - Setting next_dagrun for example_sensors to None, run_after=None
[2024-10-19T15:03:18.565+0000] {processor.py:208} INFO - Processing /home/airflow/.local/lib/python3.12/site-packages/airflow/example_dags/example_sensors.py took 0.218 seconds
[2024-10-19T15:03:49.224+0000] {processor.py:186} INFO - Started process (PID=4520) to work on /home/airflow/.local/lib/python3.12/site-packages/airflow/example_dags/example_sensors.py
[2024-10-19T15:03:49.228+0000] {processor.py:914} INFO - Processing file /home/airflow/.local/lib/python3.12/site-packages/airflow/example_dags/example_sensors.py for tasks to queue
[2024-10-19T15:03:49.233+0000] {logging_mixin.py:190} INFO - [2024-10-19T15:03:49.233+0000] {dagbag.py:587} INFO - Filling up the DagBag from /home/airflow/.local/lib/python3.12/site-packages/airflow/example_dags/example_sensors.py
[2024-10-19T15:03:49.264+0000] {processor.py:925} INFO - DAG(s) 'example_sensors' retrieved from /home/airflow/.local/lib/python3.12/site-packages/airflow/example_dags/example_sensors.py
[2024-10-19T15:03:49.330+0000] {logging_mixin.py:190} INFO - [2024-10-19T15:03:49.330+0000] {dag.py:3229} INFO - Sync 1 DAGs
[2024-10-19T15:03:49.362+0000] {logging_mixin.py:190} INFO - [2024-10-19T15:03:49.362+0000] {dag.py:4156} INFO - Setting next_dagrun for example_sensors to None, run_after=None
[2024-10-19T15:03:49.405+0000] {processor.py:208} INFO - Processing /home/airflow/.local/lib/python3.12/site-packages/airflow/example_dags/example_sensors.py took 0.200 seconds
[2024-10-19T15:04:21.043+0000] {processor.py:186} INFO - Started process (PID=4584) to work on /home/airflow/.local/lib/python3.12/site-packages/airflow/example_dags/example_sensors.py
[2024-10-19T15:04:21.044+0000] {processor.py:914} INFO - Processing file /home/airflow/.local/lib/python3.12/site-packages/airflow/example_dags/example_sensors.py for tasks to queue
[2024-10-19T15:04:21.049+0000] {logging_mixin.py:190} INFO - [2024-10-19T15:04:21.048+0000] {dagbag.py:587} INFO - Filling up the DagBag from /home/airflow/.local/lib/python3.12/site-packages/airflow/example_dags/example_sensors.py
[2024-10-19T15:04:21.072+0000] {processor.py:925} INFO - DAG(s) 'example_sensors' retrieved from /home/airflow/.local/lib/python3.12/site-packages/airflow/example_dags/example_sensors.py
[2024-10-19T15:04:21.126+0000] {logging_mixin.py:190} INFO - [2024-10-19T15:04:21.125+0000] {dag.py:3229} INFO - Sync 1 DAGs
[2024-10-19T15:04:21.154+0000] {logging_mixin.py:190} INFO - [2024-10-19T15:04:21.153+0000] {dag.py:4156} INFO - Setting next_dagrun for example_sensors to None, run_after=None
[2024-10-19T15:04:21.187+0000] {processor.py:208} INFO - Processing /home/airflow/.local/lib/python3.12/site-packages/airflow/example_dags/example_sensors.py took 0.157 seconds
[2024-10-19T15:04:52.521+0000] {processor.py:186} INFO - Started process (PID=4648) to work on /home/airflow/.local/lib/python3.12/site-packages/airflow/example_dags/example_sensors.py
[2024-10-19T15:04:52.522+0000] {processor.py:914} INFO - Processing file /home/airflow/.local/lib/python3.12/site-packages/airflow/example_dags/example_sensors.py for tasks to queue
[2024-10-19T15:04:52.527+0000] {logging_mixin.py:190} INFO - [2024-10-19T15:04:52.526+0000] {dagbag.py:587} INFO - Filling up the DagBag from /home/airflow/.local/lib/python3.12/site-packages/airflow/example_dags/example_sensors.py
[2024-10-19T15:04:52.556+0000] {processor.py:925} INFO - DAG(s) 'example_sensors' retrieved from /home/airflow/.local/lib/python3.12/site-packages/airflow/example_dags/example_sensors.py
[2024-10-19T15:04:52.622+0000] {logging_mixin.py:190} INFO - [2024-10-19T15:04:52.621+0000] {dag.py:3229} INFO - Sync 1 DAGs
[2024-10-19T15:04:52.650+0000] {logging_mixin.py:190} INFO - [2024-10-19T15:04:52.649+0000] {dag.py:4156} INFO - Setting next_dagrun for example_sensors to None, run_after=None
[2024-10-19T15:04:52.683+0000] {processor.py:208} INFO - Processing /home/airflow/.local/lib/python3.12/site-packages/airflow/example_dags/example_sensors.py took 0.175 seconds
[2024-10-19T15:05:25.120+0000] {processor.py:186} INFO - Started process (PID=4710) to work on /home/airflow/.local/lib/python3.12/site-packages/airflow/example_dags/example_sensors.py
[2024-10-19T15:05:25.122+0000] {processor.py:914} INFO - Processing file /home/airflow/.local/lib/python3.12/site-packages/airflow/example_dags/example_sensors.py for tasks to queue
[2024-10-19T15:05:25.126+0000] {logging_mixin.py:190} INFO - [2024-10-19T15:05:25.126+0000] {dagbag.py:587} INFO - Filling up the DagBag from /home/airflow/.local/lib/python3.12/site-packages/airflow/example_dags/example_sensors.py
[2024-10-19T15:05:25.149+0000] {processor.py:925} INFO - DAG(s) 'example_sensors' retrieved from /home/airflow/.local/lib/python3.12/site-packages/airflow/example_dags/example_sensors.py
[2024-10-19T15:05:25.216+0000] {logging_mixin.py:190} INFO - [2024-10-19T15:05:25.215+0000] {dag.py:3229} INFO - Sync 1 DAGs
[2024-10-19T15:05:25.248+0000] {logging_mixin.py:190} INFO - [2024-10-19T15:05:25.247+0000] {dag.py:4156} INFO - Setting next_dagrun for example_sensors to None, run_after=None
[2024-10-19T15:05:25.302+0000] {processor.py:208} INFO - Processing /home/airflow/.local/lib/python3.12/site-packages/airflow/example_dags/example_sensors.py took 0.194 seconds
[2024-10-19T15:05:55.638+0000] {processor.py:186} INFO - Started process (PID=4773) to work on /home/airflow/.local/lib/python3.12/site-packages/airflow/example_dags/example_sensors.py
[2024-10-19T15:05:55.640+0000] {processor.py:914} INFO - Processing file /home/airflow/.local/lib/python3.12/site-packages/airflow/example_dags/example_sensors.py for tasks to queue
[2024-10-19T15:05:55.645+0000] {logging_mixin.py:190} INFO - [2024-10-19T15:05:55.644+0000] {dagbag.py:587} INFO - Filling up the DagBag from /home/airflow/.local/lib/python3.12/site-packages/airflow/example_dags/example_sensors.py
[2024-10-19T15:05:55.671+0000] {processor.py:925} INFO - DAG(s) 'example_sensors' retrieved from /home/airflow/.local/lib/python3.12/site-packages/airflow/example_dags/example_sensors.py
[2024-10-19T15:05:55.725+0000] {logging_mixin.py:190} INFO - [2024-10-19T15:05:55.724+0000] {dag.py:3229} INFO - Sync 1 DAGs
[2024-10-19T15:05:55.754+0000] {logging_mixin.py:190} INFO - [2024-10-19T15:05:55.754+0000] {dag.py:4156} INFO - Setting next_dagrun for example_sensors to None, run_after=None
[2024-10-19T15:05:56.088+0000] {processor.py:208} INFO - Processing /home/airflow/.local/lib/python3.12/site-packages/airflow/example_dags/example_sensors.py took 0.464 seconds
[2024-10-19T15:06:26.201+0000] {processor.py:186} INFO - Started process (PID=4836) to work on /home/airflow/.local/lib/python3.12/site-packages/airflow/example_dags/example_sensors.py
[2024-10-19T15:06:26.203+0000] {processor.py:914} INFO - Processing file /home/airflow/.local/lib/python3.12/site-packages/airflow/example_dags/example_sensors.py for tasks to queue
[2024-10-19T15:06:26.209+0000] {logging_mixin.py:190} INFO - [2024-10-19T15:06:26.208+0000] {dagbag.py:587} INFO - Filling up the DagBag from /home/airflow/.local/lib/python3.12/site-packages/airflow/example_dags/example_sensors.py
[2024-10-19T15:06:26.238+0000] {processor.py:925} INFO - DAG(s) 'example_sensors' retrieved from /home/airflow/.local/lib/python3.12/site-packages/airflow/example_dags/example_sensors.py
[2024-10-19T15:06:26.331+0000] {logging_mixin.py:190} INFO - [2024-10-19T15:06:26.330+0000] {dag.py:3229} INFO - Sync 1 DAGs
[2024-10-19T15:06:26.374+0000] {logging_mixin.py:190} INFO - [2024-10-19T15:06:26.373+0000] {dag.py:4156} INFO - Setting next_dagrun for example_sensors to None, run_after=None
[2024-10-19T15:06:26.417+0000] {processor.py:208} INFO - Processing /home/airflow/.local/lib/python3.12/site-packages/airflow/example_dags/example_sensors.py took 0.235 seconds
[2024-10-19T15:07:01.659+0000] {processor.py:186} INFO - Started process (PID=4899) to work on /home/airflow/.local/lib/python3.12/site-packages/airflow/example_dags/example_sensors.py
[2024-10-19T15:07:01.679+0000] {processor.py:914} INFO - Processing file /home/airflow/.local/lib/python3.12/site-packages/airflow/example_dags/example_sensors.py for tasks to queue
[2024-10-19T15:07:01.686+0000] {logging_mixin.py:190} INFO - [2024-10-19T15:07:01.685+0000] {dagbag.py:587} INFO - Filling up the DagBag from /home/airflow/.local/lib/python3.12/site-packages/airflow/example_dags/example_sensors.py
[2024-10-19T15:07:01.726+0000] {processor.py:925} INFO - DAG(s) 'example_sensors' retrieved from /home/airflow/.local/lib/python3.12/site-packages/airflow/example_dags/example_sensors.py
[2024-10-19T15:07:01.819+0000] {logging_mixin.py:190} INFO - [2024-10-19T15:07:01.819+0000] {dag.py:3229} INFO - Sync 1 DAGs
[2024-10-19T15:07:01.850+0000] {logging_mixin.py:190} INFO - [2024-10-19T15:07:01.849+0000] {dag.py:4156} INFO - Setting next_dagrun for example_sensors to None, run_after=None
[2024-10-19T15:07:01.907+0000] {processor.py:208} INFO - Processing /home/airflow/.local/lib/python3.12/site-packages/airflow/example_dags/example_sensors.py took 0.277 seconds
[2024-10-19T15:07:32.398+0000] {processor.py:186} INFO - Started process (PID=4962) to work on /home/airflow/.local/lib/python3.12/site-packages/airflow/example_dags/example_sensors.py
[2024-10-19T15:07:32.401+0000] {processor.py:914} INFO - Processing file /home/airflow/.local/lib/python3.12/site-packages/airflow/example_dags/example_sensors.py for tasks to queue
[2024-10-19T15:07:32.408+0000] {logging_mixin.py:190} INFO - [2024-10-19T15:07:32.407+0000] {dagbag.py:587} INFO - Filling up the DagBag from /home/airflow/.local/lib/python3.12/site-packages/airflow/example_dags/example_sensors.py
[2024-10-19T15:07:32.447+0000] {processor.py:925} INFO - DAG(s) 'example_sensors' retrieved from /home/airflow/.local/lib/python3.12/site-packages/airflow/example_dags/example_sensors.py
[2024-10-19T15:07:32.506+0000] {logging_mixin.py:190} INFO - [2024-10-19T15:07:32.505+0000] {dag.py:3229} INFO - Sync 1 DAGs
[2024-10-19T15:07:32.533+0000] {logging_mixin.py:190} INFO - [2024-10-19T15:07:32.533+0000] {dag.py:4156} INFO - Setting next_dagrun for example_sensors to None, run_after=None
[2024-10-19T15:07:32.573+0000] {processor.py:208} INFO - Processing /home/airflow/.local/lib/python3.12/site-packages/airflow/example_dags/example_sensors.py took 0.195 seconds
[2024-10-19T15:08:03.280+0000] {processor.py:186} INFO - Started process (PID=5025) to work on /home/airflow/.local/lib/python3.12/site-packages/airflow/example_dags/example_sensors.py
[2024-10-19T15:08:03.282+0000] {processor.py:914} INFO - Processing file /home/airflow/.local/lib/python3.12/site-packages/airflow/example_dags/example_sensors.py for tasks to queue
[2024-10-19T15:08:03.286+0000] {logging_mixin.py:190} INFO - [2024-10-19T15:08:03.286+0000] {dagbag.py:587} INFO - Filling up the DagBag from /home/airflow/.local/lib/python3.12/site-packages/airflow/example_dags/example_sensors.py
[2024-10-19T15:08:03.313+0000] {processor.py:925} INFO - DAG(s) 'example_sensors' retrieved from /home/airflow/.local/lib/python3.12/site-packages/airflow/example_dags/example_sensors.py
[2024-10-19T15:08:03.376+0000] {logging_mixin.py:190} INFO - [2024-10-19T15:08:03.376+0000] {dag.py:3229} INFO - Sync 1 DAGs
[2024-10-19T15:08:03.406+0000] {logging_mixin.py:190} INFO - [2024-10-19T15:08:03.405+0000] {dag.py:4156} INFO - Setting next_dagrun for example_sensors to None, run_after=None
[2024-10-19T15:08:03.444+0000] {processor.py:208} INFO - Processing /home/airflow/.local/lib/python3.12/site-packages/airflow/example_dags/example_sensors.py took 0.188 seconds
