[2024-10-19T14:27:28.281+0000] {processor.py:186} INFO - Started process (PID=90) to work on /home/airflow/.local/lib/python3.12/site-packages/airflow/example_dags/example_complex.py
[2024-10-19T14:27:28.284+0000] {processor.py:914} INFO - Processing file /home/airflow/.local/lib/python3.12/site-packages/airflow/example_dags/example_complex.py for tasks to queue
[2024-10-19T14:27:28.305+0000] {logging_mixin.py:190} INFO - [2024-10-19T14:27:28.301+0000] {dagbag.py:587} INFO - Filling up the DagBag from /home/airflow/.local/lib/python3.12/site-packages/airflow/example_dags/example_complex.py
[2024-10-19T14:27:28.392+0000] {processor.py:925} INFO - DAG(s) 'example_complex' retrieved from /home/airflow/.local/lib/python3.12/site-packages/airflow/example_dags/example_complex.py
[2024-10-19T14:27:28.735+0000] {logging_mixin.py:190} INFO - [2024-10-19T14:27:28.731+0000] {dag.py:3229} INFO - Sync 1 DAGs
[2024-10-19T14:27:28.975+0000] {logging_mixin.py:190} INFO - [2024-10-19T14:27:28.975+0000] {dag.py:4156} INFO - Setting next_dagrun for example_complex to None, run_after=None
[2024-10-19T14:27:29.161+0000] {processor.py:208} INFO - Processing /home/airflow/.local/lib/python3.12/site-packages/airflow/example_dags/example_complex.py took 0.972 seconds
[2024-10-19T14:27:59.458+0000] {processor.py:186} INFO - Started process (PID=152) to work on /home/airflow/.local/lib/python3.12/site-packages/airflow/example_dags/example_complex.py
[2024-10-19T14:27:59.470+0000] {processor.py:914} INFO - Processing file /home/airflow/.local/lib/python3.12/site-packages/airflow/example_dags/example_complex.py for tasks to queue
[2024-10-19T14:27:59.475+0000] {logging_mixin.py:190} INFO - [2024-10-19T14:27:59.474+0000] {dagbag.py:587} INFO - Filling up the DagBag from /home/airflow/.local/lib/python3.12/site-packages/airflow/example_dags/example_complex.py
[2024-10-19T14:27:59.526+0000] {processor.py:925} INFO - DAG(s) 'example_complex' retrieved from /home/airflow/.local/lib/python3.12/site-packages/airflow/example_dags/example_complex.py
[2024-10-19T14:27:59.630+0000] {logging_mixin.py:190} INFO - [2024-10-19T14:27:59.630+0000] {dag.py:3229} INFO - Sync 1 DAGs
[2024-10-19T14:27:59.668+0000] {logging_mixin.py:190} INFO - [2024-10-19T14:27:59.667+0000] {dag.py:4156} INFO - Setting next_dagrun for example_complex to None, run_after=None
[2024-10-19T14:27:59.701+0000] {processor.py:208} INFO - Processing /home/airflow/.local/lib/python3.12/site-packages/airflow/example_dags/example_complex.py took 0.259 seconds
[2024-10-19T14:28:30.120+0000] {processor.py:186} INFO - Started process (PID=221) to work on /home/airflow/.local/lib/python3.12/site-packages/airflow/example_dags/example_complex.py
[2024-10-19T14:28:30.135+0000] {processor.py:914} INFO - Processing file /home/airflow/.local/lib/python3.12/site-packages/airflow/example_dags/example_complex.py for tasks to queue
[2024-10-19T14:28:30.143+0000] {logging_mixin.py:190} INFO - [2024-10-19T14:28:30.142+0000] {dagbag.py:587} INFO - Filling up the DagBag from /home/airflow/.local/lib/python3.12/site-packages/airflow/example_dags/example_complex.py
[2024-10-19T14:28:30.211+0000] {processor.py:925} INFO - DAG(s) 'example_complex' retrieved from /home/airflow/.local/lib/python3.12/site-packages/airflow/example_dags/example_complex.py
[2024-10-19T14:28:30.372+0000] {logging_mixin.py:190} INFO - [2024-10-19T14:28:30.371+0000] {dag.py:3229} INFO - Sync 1 DAGs
[2024-10-19T14:28:30.427+0000] {logging_mixin.py:190} INFO - [2024-10-19T14:28:30.426+0000] {dag.py:4156} INFO - Setting next_dagrun for example_complex to None, run_after=None
[2024-10-19T14:28:30.488+0000] {processor.py:208} INFO - Processing /home/airflow/.local/lib/python3.12/site-packages/airflow/example_dags/example_complex.py took 0.415 seconds
[2024-10-19T14:29:01.398+0000] {processor.py:186} INFO - Started process (PID=283) to work on /home/airflow/.local/lib/python3.12/site-packages/airflow/example_dags/example_complex.py
[2024-10-19T14:29:01.412+0000] {processor.py:914} INFO - Processing file /home/airflow/.local/lib/python3.12/site-packages/airflow/example_dags/example_complex.py for tasks to queue
[2024-10-19T14:29:01.421+0000] {logging_mixin.py:190} INFO - [2024-10-19T14:29:01.420+0000] {dagbag.py:587} INFO - Filling up the DagBag from /home/airflow/.local/lib/python3.12/site-packages/airflow/example_dags/example_complex.py
[2024-10-19T14:29:01.501+0000] {processor.py:925} INFO - DAG(s) 'example_complex' retrieved from /home/airflow/.local/lib/python3.12/site-packages/airflow/example_dags/example_complex.py
[2024-10-19T14:29:01.588+0000] {logging_mixin.py:190} INFO - [2024-10-19T14:29:01.587+0000] {dag.py:3229} INFO - Sync 1 DAGs
[2024-10-19T14:29:01.618+0000] {logging_mixin.py:190} INFO - [2024-10-19T14:29:01.618+0000] {dag.py:4156} INFO - Setting next_dagrun for example_complex to None, run_after=None
[2024-10-19T14:29:01.660+0000] {processor.py:208} INFO - Processing /home/airflow/.local/lib/python3.12/site-packages/airflow/example_dags/example_complex.py took 0.308 seconds
[2024-10-19T14:29:32.204+0000] {processor.py:186} INFO - Started process (PID=345) to work on /home/airflow/.local/lib/python3.12/site-packages/airflow/example_dags/example_complex.py
[2024-10-19T14:29:32.208+0000] {processor.py:914} INFO - Processing file /home/airflow/.local/lib/python3.12/site-packages/airflow/example_dags/example_complex.py for tasks to queue
[2024-10-19T14:29:32.218+0000] {logging_mixin.py:190} INFO - [2024-10-19T14:29:32.216+0000] {dagbag.py:587} INFO - Filling up the DagBag from /home/airflow/.local/lib/python3.12/site-packages/airflow/example_dags/example_complex.py
[2024-10-19T14:29:32.289+0000] {processor.py:925} INFO - DAG(s) 'example_complex' retrieved from /home/airflow/.local/lib/python3.12/site-packages/airflow/example_dags/example_complex.py
[2024-10-19T14:29:32.388+0000] {logging_mixin.py:190} INFO - [2024-10-19T14:29:32.387+0000] {dag.py:3229} INFO - Sync 1 DAGs
[2024-10-19T14:29:32.418+0000] {logging_mixin.py:190} INFO - [2024-10-19T14:29:32.417+0000] {dag.py:4156} INFO - Setting next_dagrun for example_complex to None, run_after=None
[2024-10-19T14:29:32.458+0000] {processor.py:208} INFO - Processing /home/airflow/.local/lib/python3.12/site-packages/airflow/example_dags/example_complex.py took 0.288 seconds
[2024-10-19T14:30:03.166+0000] {processor.py:186} INFO - Started process (PID=407) to work on /home/airflow/.local/lib/python3.12/site-packages/airflow/example_dags/example_complex.py
[2024-10-19T14:30:03.179+0000] {processor.py:914} INFO - Processing file /home/airflow/.local/lib/python3.12/site-packages/airflow/example_dags/example_complex.py for tasks to queue
[2024-10-19T14:30:03.184+0000] {logging_mixin.py:190} INFO - [2024-10-19T14:30:03.183+0000] {dagbag.py:587} INFO - Filling up the DagBag from /home/airflow/.local/lib/python3.12/site-packages/airflow/example_dags/example_complex.py
[2024-10-19T14:30:03.211+0000] {processor.py:925} INFO - DAG(s) 'example_complex' retrieved from /home/airflow/.local/lib/python3.12/site-packages/airflow/example_dags/example_complex.py
[2024-10-19T14:30:03.308+0000] {logging_mixin.py:190} INFO - [2024-10-19T14:30:03.307+0000] {dag.py:3229} INFO - Sync 1 DAGs
[2024-10-19T14:30:03.347+0000] {logging_mixin.py:190} INFO - [2024-10-19T14:30:03.347+0000] {dag.py:4156} INFO - Setting next_dagrun for example_complex to None, run_after=None
[2024-10-19T14:30:03.384+0000] {processor.py:208} INFO - Processing /home/airflow/.local/lib/python3.12/site-packages/airflow/example_dags/example_complex.py took 0.230 seconds
[2024-10-19T14:30:34.029+0000] {processor.py:186} INFO - Started process (PID=468) to work on /home/airflow/.local/lib/python3.12/site-packages/airflow/example_dags/example_complex.py
[2024-10-19T14:30:34.034+0000] {processor.py:914} INFO - Processing file /home/airflow/.local/lib/python3.12/site-packages/airflow/example_dags/example_complex.py for tasks to queue
[2024-10-19T14:30:34.043+0000] {logging_mixin.py:190} INFO - [2024-10-19T14:30:34.042+0000] {dagbag.py:587} INFO - Filling up the DagBag from /home/airflow/.local/lib/python3.12/site-packages/airflow/example_dags/example_complex.py
[2024-10-19T14:30:34.109+0000] {processor.py:925} INFO - DAG(s) 'example_complex' retrieved from /home/airflow/.local/lib/python3.12/site-packages/airflow/example_dags/example_complex.py
[2024-10-19T14:30:34.201+0000] {logging_mixin.py:190} INFO - [2024-10-19T14:30:34.200+0000] {dag.py:3229} INFO - Sync 1 DAGs
[2024-10-19T14:30:34.233+0000] {logging_mixin.py:190} INFO - [2024-10-19T14:30:34.233+0000] {dag.py:4156} INFO - Setting next_dagrun for example_complex to None, run_after=None
[2024-10-19T14:30:34.276+0000] {processor.py:208} INFO - Processing /home/airflow/.local/lib/python3.12/site-packages/airflow/example_dags/example_complex.py took 0.287 seconds
[2024-10-19T14:31:04.486+0000] {processor.py:186} INFO - Started process (PID=530) to work on /home/airflow/.local/lib/python3.12/site-packages/airflow/example_dags/example_complex.py
[2024-10-19T14:31:04.491+0000] {processor.py:914} INFO - Processing file /home/airflow/.local/lib/python3.12/site-packages/airflow/example_dags/example_complex.py for tasks to queue
[2024-10-19T14:31:04.501+0000] {logging_mixin.py:190} INFO - [2024-10-19T14:31:04.500+0000] {dagbag.py:587} INFO - Filling up the DagBag from /home/airflow/.local/lib/python3.12/site-packages/airflow/example_dags/example_complex.py
[2024-10-19T14:31:04.583+0000] {processor.py:925} INFO - DAG(s) 'example_complex' retrieved from /home/airflow/.local/lib/python3.12/site-packages/airflow/example_dags/example_complex.py
[2024-10-19T14:31:04.759+0000] {logging_mixin.py:190} INFO - [2024-10-19T14:31:04.759+0000] {dag.py:3229} INFO - Sync 1 DAGs
[2024-10-19T14:31:04.788+0000] {logging_mixin.py:190} INFO - [2024-10-19T14:31:04.788+0000] {dag.py:4156} INFO - Setting next_dagrun for example_complex to None, run_after=None
[2024-10-19T14:31:04.825+0000] {processor.py:208} INFO - Processing /home/airflow/.local/lib/python3.12/site-packages/airflow/example_dags/example_complex.py took 0.381 seconds
[2024-10-19T14:31:35.676+0000] {processor.py:186} INFO - Started process (PID=592) to work on /home/airflow/.local/lib/python3.12/site-packages/airflow/example_dags/example_complex.py
[2024-10-19T14:31:35.682+0000] {processor.py:914} INFO - Processing file /home/airflow/.local/lib/python3.12/site-packages/airflow/example_dags/example_complex.py for tasks to queue
[2024-10-19T14:31:35.698+0000] {logging_mixin.py:190} INFO - [2024-10-19T14:31:35.696+0000] {dagbag.py:587} INFO - Filling up the DagBag from /home/airflow/.local/lib/python3.12/site-packages/airflow/example_dags/example_complex.py
[2024-10-19T14:31:35.773+0000] {processor.py:925} INFO - DAG(s) 'example_complex' retrieved from /home/airflow/.local/lib/python3.12/site-packages/airflow/example_dags/example_complex.py
[2024-10-19T14:31:35.868+0000] {logging_mixin.py:190} INFO - [2024-10-19T14:31:35.867+0000] {dag.py:3229} INFO - Sync 1 DAGs
[2024-10-19T14:31:35.908+0000] {logging_mixin.py:190} INFO - [2024-10-19T14:31:35.908+0000] {dag.py:4156} INFO - Setting next_dagrun for example_complex to None, run_after=None
[2024-10-19T14:31:35.946+0000] {processor.py:208} INFO - Processing /home/airflow/.local/lib/python3.12/site-packages/airflow/example_dags/example_complex.py took 0.325 seconds
[2024-10-19T14:32:06.528+0000] {processor.py:186} INFO - Started process (PID=654) to work on /home/airflow/.local/lib/python3.12/site-packages/airflow/example_dags/example_complex.py
[2024-10-19T14:32:06.535+0000] {processor.py:914} INFO - Processing file /home/airflow/.local/lib/python3.12/site-packages/airflow/example_dags/example_complex.py for tasks to queue
[2024-10-19T14:32:06.549+0000] {logging_mixin.py:190} INFO - [2024-10-19T14:32:06.548+0000] {dagbag.py:587} INFO - Filling up the DagBag from /home/airflow/.local/lib/python3.12/site-packages/airflow/example_dags/example_complex.py
[2024-10-19T14:32:06.658+0000] {processor.py:925} INFO - DAG(s) 'example_complex' retrieved from /home/airflow/.local/lib/python3.12/site-packages/airflow/example_dags/example_complex.py
[2024-10-19T14:32:06.766+0000] {logging_mixin.py:190} INFO - [2024-10-19T14:32:06.765+0000] {dag.py:3229} INFO - Sync 1 DAGs
[2024-10-19T14:32:06.806+0000] {logging_mixin.py:190} INFO - [2024-10-19T14:32:06.805+0000] {dag.py:4156} INFO - Setting next_dagrun for example_complex to None, run_after=None
[2024-10-19T14:32:06.849+0000] {processor.py:208} INFO - Processing /home/airflow/.local/lib/python3.12/site-packages/airflow/example_dags/example_complex.py took 0.350 seconds
[2024-10-19T14:32:37.454+0000] {processor.py:186} INFO - Started process (PID=716) to work on /home/airflow/.local/lib/python3.12/site-packages/airflow/example_dags/example_complex.py
[2024-10-19T14:32:37.470+0000] {processor.py:914} INFO - Processing file /home/airflow/.local/lib/python3.12/site-packages/airflow/example_dags/example_complex.py for tasks to queue
[2024-10-19T14:32:37.481+0000] {logging_mixin.py:190} INFO - [2024-10-19T14:32:37.479+0000] {dagbag.py:587} INFO - Filling up the DagBag from /home/airflow/.local/lib/python3.12/site-packages/airflow/example_dags/example_complex.py
[2024-10-19T14:32:37.538+0000] {processor.py:925} INFO - DAG(s) 'example_complex' retrieved from /home/airflow/.local/lib/python3.12/site-packages/airflow/example_dags/example_complex.py
[2024-10-19T14:32:37.627+0000] {logging_mixin.py:190} INFO - [2024-10-19T14:32:37.627+0000] {dag.py:3229} INFO - Sync 1 DAGs
[2024-10-19T14:32:37.665+0000] {logging_mixin.py:190} INFO - [2024-10-19T14:32:37.664+0000] {dag.py:4156} INFO - Setting next_dagrun for example_complex to None, run_after=None
[2024-10-19T14:32:37.714+0000] {processor.py:208} INFO - Processing /home/airflow/.local/lib/python3.12/site-packages/airflow/example_dags/example_complex.py took 0.301 seconds
[2024-10-19T14:33:08.445+0000] {processor.py:186} INFO - Started process (PID=777) to work on /home/airflow/.local/lib/python3.12/site-packages/airflow/example_dags/example_complex.py
[2024-10-19T14:33:08.466+0000] {processor.py:914} INFO - Processing file /home/airflow/.local/lib/python3.12/site-packages/airflow/example_dags/example_complex.py for tasks to queue
[2024-10-19T14:33:08.480+0000] {logging_mixin.py:190} INFO - [2024-10-19T14:33:08.472+0000] {dagbag.py:587} INFO - Filling up the DagBag from /home/airflow/.local/lib/python3.12/site-packages/airflow/example_dags/example_complex.py
[2024-10-19T14:33:08.533+0000] {processor.py:925} INFO - DAG(s) 'example_complex' retrieved from /home/airflow/.local/lib/python3.12/site-packages/airflow/example_dags/example_complex.py
[2024-10-19T14:33:08.754+0000] {logging_mixin.py:190} INFO - [2024-10-19T14:33:08.754+0000] {dag.py:3229} INFO - Sync 1 DAGs
[2024-10-19T14:33:08.827+0000] {logging_mixin.py:190} INFO - [2024-10-19T14:33:08.826+0000] {dag.py:4156} INFO - Setting next_dagrun for example_complex to None, run_after=None
[2024-10-19T14:33:08.883+0000] {processor.py:208} INFO - Processing /home/airflow/.local/lib/python3.12/site-packages/airflow/example_dags/example_complex.py took 0.491 seconds
[2024-10-19T14:33:39.062+0000] {processor.py:186} INFO - Started process (PID=838) to work on /home/airflow/.local/lib/python3.12/site-packages/airflow/example_dags/example_complex.py
[2024-10-19T14:33:39.064+0000] {processor.py:914} INFO - Processing file /home/airflow/.local/lib/python3.12/site-packages/airflow/example_dags/example_complex.py for tasks to queue
[2024-10-19T14:33:39.070+0000] {logging_mixin.py:190} INFO - [2024-10-19T14:33:39.069+0000] {dagbag.py:587} INFO - Filling up the DagBag from /home/airflow/.local/lib/python3.12/site-packages/airflow/example_dags/example_complex.py
[2024-10-19T14:33:39.120+0000] {processor.py:925} INFO - DAG(s) 'example_complex' retrieved from /home/airflow/.local/lib/python3.12/site-packages/airflow/example_dags/example_complex.py
[2024-10-19T14:33:39.216+0000] {logging_mixin.py:190} INFO - [2024-10-19T14:33:39.215+0000] {dag.py:3229} INFO - Sync 1 DAGs
[2024-10-19T14:33:39.262+0000] {logging_mixin.py:190} INFO - [2024-10-19T14:33:39.262+0000] {dag.py:4156} INFO - Setting next_dagrun for example_complex to None, run_after=None
[2024-10-19T14:33:39.309+0000] {processor.py:208} INFO - Processing /home/airflow/.local/lib/python3.12/site-packages/airflow/example_dags/example_complex.py took 0.265 seconds
[2024-10-19T14:34:09.547+0000] {processor.py:186} INFO - Started process (PID=900) to work on /home/airflow/.local/lib/python3.12/site-packages/airflow/example_dags/example_complex.py
[2024-10-19T14:34:09.561+0000] {processor.py:914} INFO - Processing file /home/airflow/.local/lib/python3.12/site-packages/airflow/example_dags/example_complex.py for tasks to queue
[2024-10-19T14:34:09.573+0000] {logging_mixin.py:190} INFO - [2024-10-19T14:34:09.571+0000] {dagbag.py:587} INFO - Filling up the DagBag from /home/airflow/.local/lib/python3.12/site-packages/airflow/example_dags/example_complex.py
[2024-10-19T14:34:09.628+0000] {processor.py:925} INFO - DAG(s) 'example_complex' retrieved from /home/airflow/.local/lib/python3.12/site-packages/airflow/example_dags/example_complex.py
[2024-10-19T14:34:09.704+0000] {logging_mixin.py:190} INFO - [2024-10-19T14:34:09.703+0000] {dag.py:3229} INFO - Sync 1 DAGs
[2024-10-19T14:34:09.755+0000] {logging_mixin.py:190} INFO - [2024-10-19T14:34:09.754+0000] {dag.py:4156} INFO - Setting next_dagrun for example_complex to None, run_after=None
[2024-10-19T14:34:09.805+0000] {processor.py:208} INFO - Processing /home/airflow/.local/lib/python3.12/site-packages/airflow/example_dags/example_complex.py took 0.292 seconds
[2024-10-19T14:34:40.442+0000] {processor.py:186} INFO - Started process (PID=961) to work on /home/airflow/.local/lib/python3.12/site-packages/airflow/example_dags/example_complex.py
[2024-10-19T14:34:40.455+0000] {processor.py:914} INFO - Processing file /home/airflow/.local/lib/python3.12/site-packages/airflow/example_dags/example_complex.py for tasks to queue
[2024-10-19T14:34:40.464+0000] {logging_mixin.py:190} INFO - [2024-10-19T14:34:40.463+0000] {dagbag.py:587} INFO - Filling up the DagBag from /home/airflow/.local/lib/python3.12/site-packages/airflow/example_dags/example_complex.py
[2024-10-19T14:34:40.532+0000] {processor.py:925} INFO - DAG(s) 'example_complex' retrieved from /home/airflow/.local/lib/python3.12/site-packages/airflow/example_dags/example_complex.py
[2024-10-19T14:34:40.675+0000] {logging_mixin.py:190} INFO - [2024-10-19T14:34:40.674+0000] {dag.py:3229} INFO - Sync 1 DAGs
[2024-10-19T14:34:40.704+0000] {logging_mixin.py:190} INFO - [2024-10-19T14:34:40.704+0000] {dag.py:4156} INFO - Setting next_dagrun for example_complex to None, run_after=None
[2024-10-19T14:34:40.744+0000] {processor.py:208} INFO - Processing /home/airflow/.local/lib/python3.12/site-packages/airflow/example_dags/example_complex.py took 0.332 seconds
[2024-10-19T14:35:11.038+0000] {processor.py:186} INFO - Started process (PID=1024) to work on /home/airflow/.local/lib/python3.12/site-packages/airflow/example_dags/example_complex.py
[2024-10-19T14:35:11.051+0000] {processor.py:914} INFO - Processing file /home/airflow/.local/lib/python3.12/site-packages/airflow/example_dags/example_complex.py for tasks to queue
[2024-10-19T14:35:11.058+0000] {logging_mixin.py:190} INFO - [2024-10-19T14:35:11.057+0000] {dagbag.py:587} INFO - Filling up the DagBag from /home/airflow/.local/lib/python3.12/site-packages/airflow/example_dags/example_complex.py
[2024-10-19T14:35:11.099+0000] {processor.py:925} INFO - DAG(s) 'example_complex' retrieved from /home/airflow/.local/lib/python3.12/site-packages/airflow/example_dags/example_complex.py
[2024-10-19T14:35:11.194+0000] {logging_mixin.py:190} INFO - [2024-10-19T14:35:11.193+0000] {dag.py:3229} INFO - Sync 1 DAGs
[2024-10-19T14:35:11.225+0000] {logging_mixin.py:190} INFO - [2024-10-19T14:35:11.225+0000] {dag.py:4156} INFO - Setting next_dagrun for example_complex to None, run_after=None
[2024-10-19T14:35:11.266+0000] {processor.py:208} INFO - Processing /home/airflow/.local/lib/python3.12/site-packages/airflow/example_dags/example_complex.py took 0.247 seconds
[2024-10-19T14:35:41.665+0000] {processor.py:186} INFO - Started process (PID=1087) to work on /home/airflow/.local/lib/python3.12/site-packages/airflow/example_dags/example_complex.py
[2024-10-19T14:35:41.676+0000] {processor.py:914} INFO - Processing file /home/airflow/.local/lib/python3.12/site-packages/airflow/example_dags/example_complex.py for tasks to queue
[2024-10-19T14:35:41.680+0000] {logging_mixin.py:190} INFO - [2024-10-19T14:35:41.680+0000] {dagbag.py:587} INFO - Filling up the DagBag from /home/airflow/.local/lib/python3.12/site-packages/airflow/example_dags/example_complex.py
[2024-10-19T14:35:41.713+0000] {processor.py:925} INFO - DAG(s) 'example_complex' retrieved from /home/airflow/.local/lib/python3.12/site-packages/airflow/example_dags/example_complex.py
[2024-10-19T14:35:41.788+0000] {logging_mixin.py:190} INFO - [2024-10-19T14:35:41.788+0000] {dag.py:3229} INFO - Sync 1 DAGs
[2024-10-19T14:35:41.817+0000] {logging_mixin.py:190} INFO - [2024-10-19T14:35:41.817+0000] {dag.py:4156} INFO - Setting next_dagrun for example_complex to None, run_after=None
[2024-10-19T14:35:41.868+0000] {processor.py:208} INFO - Processing /home/airflow/.local/lib/python3.12/site-packages/airflow/example_dags/example_complex.py took 0.216 seconds
[2024-10-19T14:36:12.616+0000] {processor.py:186} INFO - Started process (PID=1149) to work on /home/airflow/.local/lib/python3.12/site-packages/airflow/example_dags/example_complex.py
[2024-10-19T14:36:12.618+0000] {processor.py:914} INFO - Processing file /home/airflow/.local/lib/python3.12/site-packages/airflow/example_dags/example_complex.py for tasks to queue
[2024-10-19T14:36:12.625+0000] {logging_mixin.py:190} INFO - [2024-10-19T14:36:12.624+0000] {dagbag.py:587} INFO - Filling up the DagBag from /home/airflow/.local/lib/python3.12/site-packages/airflow/example_dags/example_complex.py
[2024-10-19T14:36:12.653+0000] {processor.py:925} INFO - DAG(s) 'example_complex' retrieved from /home/airflow/.local/lib/python3.12/site-packages/airflow/example_dags/example_complex.py
[2024-10-19T14:36:12.757+0000] {logging_mixin.py:190} INFO - [2024-10-19T14:36:12.756+0000] {dag.py:3229} INFO - Sync 1 DAGs
[2024-10-19T14:36:12.796+0000] {logging_mixin.py:190} INFO - [2024-10-19T14:36:12.795+0000] {dag.py:4156} INFO - Setting next_dagrun for example_complex to None, run_after=None
[2024-10-19T14:36:12.851+0000] {processor.py:208} INFO - Processing /home/airflow/.local/lib/python3.12/site-packages/airflow/example_dags/example_complex.py took 0.251 seconds
[2024-10-19T14:36:43.597+0000] {processor.py:186} INFO - Started process (PID=1210) to work on /home/airflow/.local/lib/python3.12/site-packages/airflow/example_dags/example_complex.py
[2024-10-19T14:36:43.616+0000] {processor.py:914} INFO - Processing file /home/airflow/.local/lib/python3.12/site-packages/airflow/example_dags/example_complex.py for tasks to queue
[2024-10-19T14:36:43.626+0000] {logging_mixin.py:190} INFO - [2024-10-19T14:36:43.625+0000] {dagbag.py:587} INFO - Filling up the DagBag from /home/airflow/.local/lib/python3.12/site-packages/airflow/example_dags/example_complex.py
[2024-10-19T14:36:43.660+0000] {processor.py:925} INFO - DAG(s) 'example_complex' retrieved from /home/airflow/.local/lib/python3.12/site-packages/airflow/example_dags/example_complex.py
[2024-10-19T14:36:43.733+0000] {logging_mixin.py:190} INFO - [2024-10-19T14:36:43.732+0000] {dag.py:3229} INFO - Sync 1 DAGs
[2024-10-19T14:36:43.771+0000] {logging_mixin.py:190} INFO - [2024-10-19T14:36:43.771+0000] {dag.py:4156} INFO - Setting next_dagrun for example_complex to None, run_after=None
[2024-10-19T14:36:43.817+0000] {processor.py:208} INFO - Processing /home/airflow/.local/lib/python3.12/site-packages/airflow/example_dags/example_complex.py took 0.245 seconds
[2024-10-19T14:37:14.291+0000] {processor.py:186} INFO - Started process (PID=1272) to work on /home/airflow/.local/lib/python3.12/site-packages/airflow/example_dags/example_complex.py
[2024-10-19T14:37:14.295+0000] {processor.py:914} INFO - Processing file /home/airflow/.local/lib/python3.12/site-packages/airflow/example_dags/example_complex.py for tasks to queue
[2024-10-19T14:37:14.311+0000] {logging_mixin.py:190} INFO - [2024-10-19T14:37:14.310+0000] {dagbag.py:587} INFO - Filling up the DagBag from /home/airflow/.local/lib/python3.12/site-packages/airflow/example_dags/example_complex.py
[2024-10-19T14:37:14.438+0000] {processor.py:925} INFO - DAG(s) 'example_complex' retrieved from /home/airflow/.local/lib/python3.12/site-packages/airflow/example_dags/example_complex.py
[2024-10-19T14:37:14.690+0000] {logging_mixin.py:190} INFO - [2024-10-19T14:37:14.690+0000] {dag.py:3229} INFO - Sync 1 DAGs
[2024-10-19T14:37:14.798+0000] {logging_mixin.py:190} INFO - [2024-10-19T14:37:14.797+0000] {dag.py:4156} INFO - Setting next_dagrun for example_complex to None, run_after=None
[2024-10-19T14:37:14.862+0000] {processor.py:208} INFO - Processing /home/airflow/.local/lib/python3.12/site-packages/airflow/example_dags/example_complex.py took 0.632 seconds
[2024-10-19T14:37:45.647+0000] {processor.py:186} INFO - Started process (PID=1334) to work on /home/airflow/.local/lib/python3.12/site-packages/airflow/example_dags/example_complex.py
[2024-10-19T14:37:45.659+0000] {processor.py:914} INFO - Processing file /home/airflow/.local/lib/python3.12/site-packages/airflow/example_dags/example_complex.py for tasks to queue
[2024-10-19T14:37:45.667+0000] {logging_mixin.py:190} INFO - [2024-10-19T14:37:45.665+0000] {dagbag.py:587} INFO - Filling up the DagBag from /home/airflow/.local/lib/python3.12/site-packages/airflow/example_dags/example_complex.py
[2024-10-19T14:37:45.716+0000] {processor.py:925} INFO - DAG(s) 'example_complex' retrieved from /home/airflow/.local/lib/python3.12/site-packages/airflow/example_dags/example_complex.py
[2024-10-19T14:37:45.832+0000] {logging_mixin.py:190} INFO - [2024-10-19T14:37:45.831+0000] {dag.py:3229} INFO - Sync 1 DAGs
[2024-10-19T14:37:45.874+0000] {logging_mixin.py:190} INFO - [2024-10-19T14:37:45.874+0000] {dag.py:4156} INFO - Setting next_dagrun for example_complex to None, run_after=None
[2024-10-19T14:37:45.923+0000] {processor.py:208} INFO - Processing /home/airflow/.local/lib/python3.12/site-packages/airflow/example_dags/example_complex.py took 0.300 seconds
[2024-10-19T14:38:16.181+0000] {processor.py:186} INFO - Started process (PID=1398) to work on /home/airflow/.local/lib/python3.12/site-packages/airflow/example_dags/example_complex.py
[2024-10-19T14:38:16.183+0000] {processor.py:914} INFO - Processing file /home/airflow/.local/lib/python3.12/site-packages/airflow/example_dags/example_complex.py for tasks to queue
[2024-10-19T14:38:16.193+0000] {logging_mixin.py:190} INFO - [2024-10-19T14:38:16.192+0000] {dagbag.py:587} INFO - Filling up the DagBag from /home/airflow/.local/lib/python3.12/site-packages/airflow/example_dags/example_complex.py
[2024-10-19T14:38:16.239+0000] {processor.py:925} INFO - DAG(s) 'example_complex' retrieved from /home/airflow/.local/lib/python3.12/site-packages/airflow/example_dags/example_complex.py
[2024-10-19T14:38:16.431+0000] {logging_mixin.py:190} INFO - [2024-10-19T14:38:16.431+0000] {dag.py:3229} INFO - Sync 1 DAGs
[2024-10-19T14:38:16.503+0000] {logging_mixin.py:190} INFO - [2024-10-19T14:38:16.499+0000] {dag.py:4156} INFO - Setting next_dagrun for example_complex to None, run_after=None
[2024-10-19T14:38:16.601+0000] {processor.py:208} INFO - Processing /home/airflow/.local/lib/python3.12/site-packages/airflow/example_dags/example_complex.py took 0.443 seconds
[2024-10-19T14:38:47.036+0000] {processor.py:186} INFO - Started process (PID=1461) to work on /home/airflow/.local/lib/python3.12/site-packages/airflow/example_dags/example_complex.py
[2024-10-19T14:38:47.050+0000] {processor.py:914} INFO - Processing file /home/airflow/.local/lib/python3.12/site-packages/airflow/example_dags/example_complex.py for tasks to queue
[2024-10-19T14:38:47.061+0000] {logging_mixin.py:190} INFO - [2024-10-19T14:38:47.059+0000] {dagbag.py:587} INFO - Filling up the DagBag from /home/airflow/.local/lib/python3.12/site-packages/airflow/example_dags/example_complex.py
[2024-10-19T14:38:47.139+0000] {processor.py:925} INFO - DAG(s) 'example_complex' retrieved from /home/airflow/.local/lib/python3.12/site-packages/airflow/example_dags/example_complex.py
[2024-10-19T14:38:47.250+0000] {logging_mixin.py:190} INFO - [2024-10-19T14:38:47.250+0000] {dag.py:3229} INFO - Sync 1 DAGs
[2024-10-19T14:38:47.283+0000] {logging_mixin.py:190} INFO - [2024-10-19T14:38:47.283+0000] {dag.py:4156} INFO - Setting next_dagrun for example_complex to None, run_after=None
[2024-10-19T14:38:47.326+0000] {processor.py:208} INFO - Processing /home/airflow/.local/lib/python3.12/site-packages/airflow/example_dags/example_complex.py took 0.320 seconds
[2024-10-19T14:39:18.121+0000] {processor.py:186} INFO - Started process (PID=1524) to work on /home/airflow/.local/lib/python3.12/site-packages/airflow/example_dags/example_complex.py
[2024-10-19T14:39:18.132+0000] {processor.py:914} INFO - Processing file /home/airflow/.local/lib/python3.12/site-packages/airflow/example_dags/example_complex.py for tasks to queue
[2024-10-19T14:39:18.142+0000] {logging_mixin.py:190} INFO - [2024-10-19T14:39:18.141+0000] {dagbag.py:587} INFO - Filling up the DagBag from /home/airflow/.local/lib/python3.12/site-packages/airflow/example_dags/example_complex.py
[2024-10-19T14:39:18.216+0000] {processor.py:925} INFO - DAG(s) 'example_complex' retrieved from /home/airflow/.local/lib/python3.12/site-packages/airflow/example_dags/example_complex.py
[2024-10-19T14:39:18.433+0000] {logging_mixin.py:190} INFO - [2024-10-19T14:39:18.432+0000] {dag.py:3229} INFO - Sync 1 DAGs
[2024-10-19T14:39:18.525+0000] {logging_mixin.py:190} INFO - [2024-10-19T14:39:18.524+0000] {dag.py:4156} INFO - Setting next_dagrun for example_complex to None, run_after=None
[2024-10-19T14:39:18.614+0000] {processor.py:208} INFO - Processing /home/airflow/.local/lib/python3.12/site-packages/airflow/example_dags/example_complex.py took 0.533 seconds
[2024-10-19T14:39:49.054+0000] {processor.py:186} INFO - Started process (PID=1587) to work on /home/airflow/.local/lib/python3.12/site-packages/airflow/example_dags/example_complex.py
[2024-10-19T14:39:49.068+0000] {processor.py:914} INFO - Processing file /home/airflow/.local/lib/python3.12/site-packages/airflow/example_dags/example_complex.py for tasks to queue
[2024-10-19T14:39:49.077+0000] {logging_mixin.py:190} INFO - [2024-10-19T14:39:49.075+0000] {dagbag.py:587} INFO - Filling up the DagBag from /home/airflow/.local/lib/python3.12/site-packages/airflow/example_dags/example_complex.py
[2024-10-19T14:39:49.135+0000] {processor.py:925} INFO - DAG(s) 'example_complex' retrieved from /home/airflow/.local/lib/python3.12/site-packages/airflow/example_dags/example_complex.py
[2024-10-19T14:39:49.296+0000] {logging_mixin.py:190} INFO - [2024-10-19T14:39:49.295+0000] {dag.py:3229} INFO - Sync 1 DAGs
[2024-10-19T14:39:49.332+0000] {logging_mixin.py:190} INFO - [2024-10-19T14:39:49.331+0000] {dag.py:4156} INFO - Setting next_dagrun for example_complex to None, run_after=None
[2024-10-19T14:39:49.375+0000] {processor.py:208} INFO - Processing /home/airflow/.local/lib/python3.12/site-packages/airflow/example_dags/example_complex.py took 0.348 seconds
[2024-10-19T14:40:19.534+0000] {processor.py:186} INFO - Started process (PID=1649) to work on /home/airflow/.local/lib/python3.12/site-packages/airflow/example_dags/example_complex.py
[2024-10-19T14:40:19.536+0000] {processor.py:914} INFO - Processing file /home/airflow/.local/lib/python3.12/site-packages/airflow/example_dags/example_complex.py for tasks to queue
[2024-10-19T14:40:19.544+0000] {logging_mixin.py:190} INFO - [2024-10-19T14:40:19.543+0000] {dagbag.py:587} INFO - Filling up the DagBag from /home/airflow/.local/lib/python3.12/site-packages/airflow/example_dags/example_complex.py
[2024-10-19T14:40:19.576+0000] {processor.py:925} INFO - DAG(s) 'example_complex' retrieved from /home/airflow/.local/lib/python3.12/site-packages/airflow/example_dags/example_complex.py
[2024-10-19T14:40:19.665+0000] {logging_mixin.py:190} INFO - [2024-10-19T14:40:19.665+0000] {dag.py:3229} INFO - Sync 1 DAGs
[2024-10-19T14:40:19.708+0000] {logging_mixin.py:190} INFO - [2024-10-19T14:40:19.708+0000] {dag.py:4156} INFO - Setting next_dagrun for example_complex to None, run_after=None
[2024-10-19T14:40:19.747+0000] {processor.py:208} INFO - Processing /home/airflow/.local/lib/python3.12/site-packages/airflow/example_dags/example_complex.py took 0.232 seconds
[2024-10-19T14:40:50.253+0000] {processor.py:186} INFO - Started process (PID=1712) to work on /home/airflow/.local/lib/python3.12/site-packages/airflow/example_dags/example_complex.py
[2024-10-19T14:40:50.255+0000] {processor.py:914} INFO - Processing file /home/airflow/.local/lib/python3.12/site-packages/airflow/example_dags/example_complex.py for tasks to queue
[2024-10-19T14:40:50.258+0000] {logging_mixin.py:190} INFO - [2024-10-19T14:40:50.258+0000] {dagbag.py:587} INFO - Filling up the DagBag from /home/airflow/.local/lib/python3.12/site-packages/airflow/example_dags/example_complex.py
[2024-10-19T14:40:50.288+0000] {processor.py:925} INFO - DAG(s) 'example_complex' retrieved from /home/airflow/.local/lib/python3.12/site-packages/airflow/example_dags/example_complex.py
[2024-10-19T14:40:50.373+0000] {logging_mixin.py:190} INFO - [2024-10-19T14:40:50.372+0000] {dag.py:3229} INFO - Sync 1 DAGs
[2024-10-19T14:40:50.412+0000] {logging_mixin.py:190} INFO - [2024-10-19T14:40:50.411+0000] {dag.py:4156} INFO - Setting next_dagrun for example_complex to None, run_after=None
[2024-10-19T14:40:50.472+0000] {processor.py:208} INFO - Processing /home/airflow/.local/lib/python3.12/site-packages/airflow/example_dags/example_complex.py took 0.232 seconds
[2024-10-19T14:41:21.343+0000] {processor.py:186} INFO - Started process (PID=1776) to work on /home/airflow/.local/lib/python3.12/site-packages/airflow/example_dags/example_complex.py
[2024-10-19T14:41:21.346+0000] {processor.py:914} INFO - Processing file /home/airflow/.local/lib/python3.12/site-packages/airflow/example_dags/example_complex.py for tasks to queue
[2024-10-19T14:41:21.350+0000] {logging_mixin.py:190} INFO - [2024-10-19T14:41:21.350+0000] {dagbag.py:587} INFO - Filling up the DagBag from /home/airflow/.local/lib/python3.12/site-packages/airflow/example_dags/example_complex.py
[2024-10-19T14:41:21.383+0000] {processor.py:925} INFO - DAG(s) 'example_complex' retrieved from /home/airflow/.local/lib/python3.12/site-packages/airflow/example_dags/example_complex.py
[2024-10-19T14:41:21.478+0000] {logging_mixin.py:190} INFO - [2024-10-19T14:41:21.478+0000] {dag.py:3229} INFO - Sync 1 DAGs
[2024-10-19T14:41:21.515+0000] {logging_mixin.py:190} INFO - [2024-10-19T14:41:21.515+0000] {dag.py:4156} INFO - Setting next_dagrun for example_complex to None, run_after=None
[2024-10-19T14:41:21.556+0000] {processor.py:208} INFO - Processing /home/airflow/.local/lib/python3.12/site-packages/airflow/example_dags/example_complex.py took 0.228 seconds
[2024-10-19T14:41:52.156+0000] {processor.py:186} INFO - Started process (PID=1840) to work on /home/airflow/.local/lib/python3.12/site-packages/airflow/example_dags/example_complex.py
[2024-10-19T14:41:52.158+0000] {processor.py:914} INFO - Processing file /home/airflow/.local/lib/python3.12/site-packages/airflow/example_dags/example_complex.py for tasks to queue
[2024-10-19T14:41:52.163+0000] {logging_mixin.py:190} INFO - [2024-10-19T14:41:52.162+0000] {dagbag.py:587} INFO - Filling up the DagBag from /home/airflow/.local/lib/python3.12/site-packages/airflow/example_dags/example_complex.py
[2024-10-19T14:41:52.191+0000] {processor.py:925} INFO - DAG(s) 'example_complex' retrieved from /home/airflow/.local/lib/python3.12/site-packages/airflow/example_dags/example_complex.py
[2024-10-19T14:41:52.280+0000] {logging_mixin.py:190} INFO - [2024-10-19T14:41:52.279+0000] {dag.py:3229} INFO - Sync 1 DAGs
[2024-10-19T14:41:52.322+0000] {logging_mixin.py:190} INFO - [2024-10-19T14:41:52.322+0000] {dag.py:4156} INFO - Setting next_dagrun for example_complex to None, run_after=None
[2024-10-19T14:41:52.376+0000] {processor.py:208} INFO - Processing /home/airflow/.local/lib/python3.12/site-packages/airflow/example_dags/example_complex.py took 0.235 seconds
[2024-10-19T14:42:22.515+0000] {processor.py:186} INFO - Started process (PID=1903) to work on /home/airflow/.local/lib/python3.12/site-packages/airflow/example_dags/example_complex.py
[2024-10-19T14:42:22.517+0000] {processor.py:914} INFO - Processing file /home/airflow/.local/lib/python3.12/site-packages/airflow/example_dags/example_complex.py for tasks to queue
[2024-10-19T14:42:22.522+0000] {logging_mixin.py:190} INFO - [2024-10-19T14:42:22.521+0000] {dagbag.py:587} INFO - Filling up the DagBag from /home/airflow/.local/lib/python3.12/site-packages/airflow/example_dags/example_complex.py
[2024-10-19T14:42:22.551+0000] {processor.py:925} INFO - DAG(s) 'example_complex' retrieved from /home/airflow/.local/lib/python3.12/site-packages/airflow/example_dags/example_complex.py
[2024-10-19T14:42:22.642+0000] {logging_mixin.py:190} INFO - [2024-10-19T14:42:22.641+0000] {dag.py:3229} INFO - Sync 1 DAGs
[2024-10-19T14:42:22.673+0000] {logging_mixin.py:190} INFO - [2024-10-19T14:42:22.673+0000] {dag.py:4156} INFO - Setting next_dagrun for example_complex to None, run_after=None
[2024-10-19T14:42:22.708+0000] {processor.py:208} INFO - Processing /home/airflow/.local/lib/python3.12/site-packages/airflow/example_dags/example_complex.py took 0.206 seconds
[2024-10-19T14:42:53.241+0000] {processor.py:186} INFO - Started process (PID=1967) to work on /home/airflow/.local/lib/python3.12/site-packages/airflow/example_dags/example_complex.py
[2024-10-19T14:42:53.245+0000] {processor.py:914} INFO - Processing file /home/airflow/.local/lib/python3.12/site-packages/airflow/example_dags/example_complex.py for tasks to queue
[2024-10-19T14:42:53.257+0000] {logging_mixin.py:190} INFO - [2024-10-19T14:42:53.255+0000] {dagbag.py:587} INFO - Filling up the DagBag from /home/airflow/.local/lib/python3.12/site-packages/airflow/example_dags/example_complex.py
[2024-10-19T14:42:53.334+0000] {processor.py:925} INFO - DAG(s) 'example_complex' retrieved from /home/airflow/.local/lib/python3.12/site-packages/airflow/example_dags/example_complex.py
[2024-10-19T14:42:53.542+0000] {logging_mixin.py:190} INFO - [2024-10-19T14:42:53.541+0000] {dag.py:3229} INFO - Sync 1 DAGs
[2024-10-19T14:42:53.619+0000] {logging_mixin.py:190} INFO - [2024-10-19T14:42:53.619+0000] {dag.py:4156} INFO - Setting next_dagrun for example_complex to None, run_after=None
[2024-10-19T14:42:53.716+0000] {processor.py:208} INFO - Processing /home/airflow/.local/lib/python3.12/site-packages/airflow/example_dags/example_complex.py took 0.510 seconds
[2024-10-19T14:43:23.808+0000] {processor.py:186} INFO - Started process (PID=2030) to work on /home/airflow/.local/lib/python3.12/site-packages/airflow/example_dags/example_complex.py
[2024-10-19T14:43:23.810+0000] {processor.py:914} INFO - Processing file /home/airflow/.local/lib/python3.12/site-packages/airflow/example_dags/example_complex.py for tasks to queue
[2024-10-19T14:43:23.813+0000] {logging_mixin.py:190} INFO - [2024-10-19T14:43:23.813+0000] {dagbag.py:587} INFO - Filling up the DagBag from /home/airflow/.local/lib/python3.12/site-packages/airflow/example_dags/example_complex.py
[2024-10-19T14:43:23.846+0000] {processor.py:925} INFO - DAG(s) 'example_complex' retrieved from /home/airflow/.local/lib/python3.12/site-packages/airflow/example_dags/example_complex.py
[2024-10-19T14:43:24.018+0000] {logging_mixin.py:190} INFO - [2024-10-19T14:43:24.017+0000] {dag.py:3229} INFO - Sync 1 DAGs
[2024-10-19T14:43:24.053+0000] {logging_mixin.py:190} INFO - [2024-10-19T14:43:24.053+0000] {dag.py:4156} INFO - Setting next_dagrun for example_complex to None, run_after=None
[2024-10-19T14:43:24.091+0000] {processor.py:208} INFO - Processing /home/airflow/.local/lib/python3.12/site-packages/airflow/example_dags/example_complex.py took 0.198 seconds
[2024-10-19T14:43:54.674+0000] {processor.py:186} INFO - Started process (PID=2093) to work on /home/airflow/.local/lib/python3.12/site-packages/airflow/example_dags/example_complex.py
[2024-10-19T14:43:54.677+0000] {processor.py:914} INFO - Processing file /home/airflow/.local/lib/python3.12/site-packages/airflow/example_dags/example_complex.py for tasks to queue
[2024-10-19T14:43:54.681+0000] {logging_mixin.py:190} INFO - [2024-10-19T14:43:54.681+0000] {dagbag.py:587} INFO - Filling up the DagBag from /home/airflow/.local/lib/python3.12/site-packages/airflow/example_dags/example_complex.py
[2024-10-19T14:43:54.711+0000] {processor.py:925} INFO - DAG(s) 'example_complex' retrieved from /home/airflow/.local/lib/python3.12/site-packages/airflow/example_dags/example_complex.py
[2024-10-19T14:43:54.789+0000] {logging_mixin.py:190} INFO - [2024-10-19T14:43:54.788+0000] {dag.py:3229} INFO - Sync 1 DAGs
[2024-10-19T14:43:54.821+0000] {logging_mixin.py:190} INFO - [2024-10-19T14:43:54.820+0000] {dag.py:4156} INFO - Setting next_dagrun for example_complex to None, run_after=None
[2024-10-19T14:43:54.860+0000] {processor.py:208} INFO - Processing /home/airflow/.local/lib/python3.12/site-packages/airflow/example_dags/example_complex.py took 0.198 seconds
[2024-10-19T14:44:25.517+0000] {processor.py:186} INFO - Started process (PID=2157) to work on /home/airflow/.local/lib/python3.12/site-packages/airflow/example_dags/example_complex.py
[2024-10-19T14:44:25.522+0000] {processor.py:914} INFO - Processing file /home/airflow/.local/lib/python3.12/site-packages/airflow/example_dags/example_complex.py for tasks to queue
[2024-10-19T14:44:25.531+0000] {logging_mixin.py:190} INFO - [2024-10-19T14:44:25.530+0000] {dagbag.py:587} INFO - Filling up the DagBag from /home/airflow/.local/lib/python3.12/site-packages/airflow/example_dags/example_complex.py
[2024-10-19T14:44:25.604+0000] {processor.py:925} INFO - DAG(s) 'example_complex' retrieved from /home/airflow/.local/lib/python3.12/site-packages/airflow/example_dags/example_complex.py
[2024-10-19T14:44:25.692+0000] {logging_mixin.py:190} INFO - [2024-10-19T14:44:25.691+0000] {dag.py:3229} INFO - Sync 1 DAGs
[2024-10-19T14:44:25.721+0000] {logging_mixin.py:190} INFO - [2024-10-19T14:44:25.721+0000] {dag.py:4156} INFO - Setting next_dagrun for example_complex to None, run_after=None
[2024-10-19T14:44:25.765+0000] {processor.py:208} INFO - Processing /home/airflow/.local/lib/python3.12/site-packages/airflow/example_dags/example_complex.py took 0.282 seconds
[2024-10-19T14:44:56.276+0000] {processor.py:186} INFO - Started process (PID=2220) to work on /home/airflow/.local/lib/python3.12/site-packages/airflow/example_dags/example_complex.py
[2024-10-19T14:44:56.288+0000] {processor.py:914} INFO - Processing file /home/airflow/.local/lib/python3.12/site-packages/airflow/example_dags/example_complex.py for tasks to queue
[2024-10-19T14:44:56.295+0000] {logging_mixin.py:190} INFO - [2024-10-19T14:44:56.294+0000] {dagbag.py:587} INFO - Filling up the DagBag from /home/airflow/.local/lib/python3.12/site-packages/airflow/example_dags/example_complex.py
[2024-10-19T14:44:56.352+0000] {processor.py:925} INFO - DAG(s) 'example_complex' retrieved from /home/airflow/.local/lib/python3.12/site-packages/airflow/example_dags/example_complex.py
[2024-10-19T14:44:56.522+0000] {logging_mixin.py:190} INFO - [2024-10-19T14:44:56.521+0000] {dag.py:3229} INFO - Sync 1 DAGs
[2024-10-19T14:44:56.572+0000] {logging_mixin.py:190} INFO - [2024-10-19T14:44:56.571+0000] {dag.py:4156} INFO - Setting next_dagrun for example_complex to None, run_after=None
[2024-10-19T14:44:56.627+0000] {processor.py:208} INFO - Processing /home/airflow/.local/lib/python3.12/site-packages/airflow/example_dags/example_complex.py took 0.382 seconds
[2024-10-19T14:45:27.362+0000] {processor.py:186} INFO - Started process (PID=2283) to work on /home/airflow/.local/lib/python3.12/site-packages/airflow/example_dags/example_complex.py
[2024-10-19T14:45:27.374+0000] {processor.py:914} INFO - Processing file /home/airflow/.local/lib/python3.12/site-packages/airflow/example_dags/example_complex.py for tasks to queue
[2024-10-19T14:45:27.379+0000] {logging_mixin.py:190} INFO - [2024-10-19T14:45:27.378+0000] {dagbag.py:587} INFO - Filling up the DagBag from /home/airflow/.local/lib/python3.12/site-packages/airflow/example_dags/example_complex.py
[2024-10-19T14:45:27.408+0000] {processor.py:925} INFO - DAG(s) 'example_complex' retrieved from /home/airflow/.local/lib/python3.12/site-packages/airflow/example_dags/example_complex.py
[2024-10-19T14:45:27.474+0000] {logging_mixin.py:190} INFO - [2024-10-19T14:45:27.474+0000] {dag.py:3229} INFO - Sync 1 DAGs
[2024-10-19T14:45:27.507+0000] {logging_mixin.py:190} INFO - [2024-10-19T14:45:27.507+0000] {dag.py:4156} INFO - Setting next_dagrun for example_complex to None, run_after=None
[2024-10-19T14:45:27.546+0000] {processor.py:208} INFO - Processing /home/airflow/.local/lib/python3.12/site-packages/airflow/example_dags/example_complex.py took 0.197 seconds
[2024-10-19T14:45:57.635+0000] {processor.py:186} INFO - Started process (PID=2347) to work on /home/airflow/.local/lib/python3.12/site-packages/airflow/example_dags/example_complex.py
[2024-10-19T14:45:57.637+0000] {processor.py:914} INFO - Processing file /home/airflow/.local/lib/python3.12/site-packages/airflow/example_dags/example_complex.py for tasks to queue
[2024-10-19T14:45:57.644+0000] {logging_mixin.py:190} INFO - [2024-10-19T14:45:57.643+0000] {dagbag.py:587} INFO - Filling up the DagBag from /home/airflow/.local/lib/python3.12/site-packages/airflow/example_dags/example_complex.py
[2024-10-19T14:45:57.690+0000] {processor.py:925} INFO - DAG(s) 'example_complex' retrieved from /home/airflow/.local/lib/python3.12/site-packages/airflow/example_dags/example_complex.py
[2024-10-19T14:45:57.788+0000] {logging_mixin.py:190} INFO - [2024-10-19T14:45:57.788+0000] {dag.py:3229} INFO - Sync 1 DAGs
[2024-10-19T14:45:57.831+0000] {logging_mixin.py:190} INFO - [2024-10-19T14:45:57.830+0000] {dag.py:4156} INFO - Setting next_dagrun for example_complex to None, run_after=None
[2024-10-19T14:45:57.932+0000] {processor.py:208} INFO - Processing /home/airflow/.local/lib/python3.12/site-packages/airflow/example_dags/example_complex.py took 0.313 seconds
[2024-10-19T14:46:28.449+0000] {processor.py:186} INFO - Started process (PID=2410) to work on /home/airflow/.local/lib/python3.12/site-packages/airflow/example_dags/example_complex.py
[2024-10-19T14:46:28.451+0000] {processor.py:914} INFO - Processing file /home/airflow/.local/lib/python3.12/site-packages/airflow/example_dags/example_complex.py for tasks to queue
[2024-10-19T14:46:28.456+0000] {logging_mixin.py:190} INFO - [2024-10-19T14:46:28.455+0000] {dagbag.py:587} INFO - Filling up the DagBag from /home/airflow/.local/lib/python3.12/site-packages/airflow/example_dags/example_complex.py
[2024-10-19T14:46:28.491+0000] {processor.py:925} INFO - DAG(s) 'example_complex' retrieved from /home/airflow/.local/lib/python3.12/site-packages/airflow/example_dags/example_complex.py
[2024-10-19T14:46:28.599+0000] {logging_mixin.py:190} INFO - [2024-10-19T14:46:28.598+0000] {dag.py:3229} INFO - Sync 1 DAGs
[2024-10-19T14:46:28.636+0000] {logging_mixin.py:190} INFO - [2024-10-19T14:46:28.636+0000] {dag.py:4156} INFO - Setting next_dagrun for example_complex to None, run_after=None
[2024-10-19T14:46:28.689+0000] {processor.py:208} INFO - Processing /home/airflow/.local/lib/python3.12/site-packages/airflow/example_dags/example_complex.py took 0.252 seconds
[2024-10-19T14:46:59.925+0000] {processor.py:186} INFO - Started process (PID=2473) to work on /home/airflow/.local/lib/python3.12/site-packages/airflow/example_dags/example_complex.py
[2024-10-19T14:46:59.935+0000] {processor.py:914} INFO - Processing file /home/airflow/.local/lib/python3.12/site-packages/airflow/example_dags/example_complex.py for tasks to queue
[2024-10-19T14:46:59.940+0000] {logging_mixin.py:190} INFO - [2024-10-19T14:46:59.939+0000] {dagbag.py:587} INFO - Filling up the DagBag from /home/airflow/.local/lib/python3.12/site-packages/airflow/example_dags/example_complex.py
[2024-10-19T14:46:59.970+0000] {processor.py:925} INFO - DAG(s) 'example_complex' retrieved from /home/airflow/.local/lib/python3.12/site-packages/airflow/example_dags/example_complex.py
[2024-10-19T14:47:00.138+0000] {logging_mixin.py:190} INFO - [2024-10-19T14:47:00.137+0000] {dag.py:3229} INFO - Sync 1 DAGs
[2024-10-19T14:47:00.193+0000] {logging_mixin.py:190} INFO - [2024-10-19T14:47:00.193+0000] {dag.py:4156} INFO - Setting next_dagrun for example_complex to None, run_after=None
[2024-10-19T14:47:00.240+0000] {processor.py:208} INFO - Processing /home/airflow/.local/lib/python3.12/site-packages/airflow/example_dags/example_complex.py took 0.341 seconds
[2024-10-19T14:47:30.623+0000] {processor.py:186} INFO - Started process (PID=2536) to work on /home/airflow/.local/lib/python3.12/site-packages/airflow/example_dags/example_complex.py
[2024-10-19T14:47:30.625+0000] {processor.py:914} INFO - Processing file /home/airflow/.local/lib/python3.12/site-packages/airflow/example_dags/example_complex.py for tasks to queue
[2024-10-19T14:47:30.630+0000] {logging_mixin.py:190} INFO - [2024-10-19T14:47:30.630+0000] {dagbag.py:587} INFO - Filling up the DagBag from /home/airflow/.local/lib/python3.12/site-packages/airflow/example_dags/example_complex.py
[2024-10-19T14:47:30.658+0000] {processor.py:925} INFO - DAG(s) 'example_complex' retrieved from /home/airflow/.local/lib/python3.12/site-packages/airflow/example_dags/example_complex.py
[2024-10-19T14:47:30.752+0000] {logging_mixin.py:190} INFO - [2024-10-19T14:47:30.751+0000] {dag.py:3229} INFO - Sync 1 DAGs
[2024-10-19T14:47:30.788+0000] {logging_mixin.py:190} INFO - [2024-10-19T14:47:30.787+0000] {dag.py:4156} INFO - Setting next_dagrun for example_complex to None, run_after=None
[2024-10-19T14:47:30.842+0000] {processor.py:208} INFO - Processing /home/airflow/.local/lib/python3.12/site-packages/airflow/example_dags/example_complex.py took 0.233 seconds
[2024-10-19T14:48:01.002+0000] {processor.py:186} INFO - Started process (PID=2600) to work on /home/airflow/.local/lib/python3.12/site-packages/airflow/example_dags/example_complex.py
[2024-10-19T14:48:01.004+0000] {processor.py:914} INFO - Processing file /home/airflow/.local/lib/python3.12/site-packages/airflow/example_dags/example_complex.py for tasks to queue
[2024-10-19T14:48:01.009+0000] {logging_mixin.py:190} INFO - [2024-10-19T14:48:01.008+0000] {dagbag.py:587} INFO - Filling up the DagBag from /home/airflow/.local/lib/python3.12/site-packages/airflow/example_dags/example_complex.py
[2024-10-19T14:48:01.033+0000] {processor.py:925} INFO - DAG(s) 'example_complex' retrieved from /home/airflow/.local/lib/python3.12/site-packages/airflow/example_dags/example_complex.py
[2024-10-19T14:48:01.093+0000] {logging_mixin.py:190} INFO - [2024-10-19T14:48:01.092+0000] {dag.py:3229} INFO - Sync 1 DAGs
[2024-10-19T14:48:01.124+0000] {logging_mixin.py:190} INFO - [2024-10-19T14:48:01.123+0000] {dag.py:4156} INFO - Setting next_dagrun for example_complex to None, run_after=None
[2024-10-19T14:48:01.173+0000] {processor.py:208} INFO - Processing /home/airflow/.local/lib/python3.12/site-packages/airflow/example_dags/example_complex.py took 0.180 seconds
[2024-10-19T14:48:31.615+0000] {processor.py:186} INFO - Started process (PID=2662) to work on /home/airflow/.local/lib/python3.12/site-packages/airflow/example_dags/example_complex.py
[2024-10-19T14:48:31.616+0000] {processor.py:914} INFO - Processing file /home/airflow/.local/lib/python3.12/site-packages/airflow/example_dags/example_complex.py for tasks to queue
[2024-10-19T14:48:31.620+0000] {logging_mixin.py:190} INFO - [2024-10-19T14:48:31.619+0000] {dagbag.py:587} INFO - Filling up the DagBag from /home/airflow/.local/lib/python3.12/site-packages/airflow/example_dags/example_complex.py
[2024-10-19T14:48:31.646+0000] {processor.py:925} INFO - DAG(s) 'example_complex' retrieved from /home/airflow/.local/lib/python3.12/site-packages/airflow/example_dags/example_complex.py
[2024-10-19T14:48:31.713+0000] {logging_mixin.py:190} INFO - [2024-10-19T14:48:31.713+0000] {dag.py:3229} INFO - Sync 1 DAGs
[2024-10-19T14:48:31.739+0000] {logging_mixin.py:190} INFO - [2024-10-19T14:48:31.738+0000] {dag.py:4156} INFO - Setting next_dagrun for example_complex to None, run_after=None
[2024-10-19T14:48:31.776+0000] {processor.py:208} INFO - Processing /home/airflow/.local/lib/python3.12/site-packages/airflow/example_dags/example_complex.py took 0.172 seconds
[2024-10-19T14:49:02.677+0000] {processor.py:186} INFO - Started process (PID=2726) to work on /home/airflow/.local/lib/python3.12/site-packages/airflow/example_dags/example_complex.py
[2024-10-19T14:49:02.680+0000] {processor.py:914} INFO - Processing file /home/airflow/.local/lib/python3.12/site-packages/airflow/example_dags/example_complex.py for tasks to queue
[2024-10-19T14:49:02.686+0000] {logging_mixin.py:190} INFO - [2024-10-19T14:49:02.685+0000] {dagbag.py:587} INFO - Filling up the DagBag from /home/airflow/.local/lib/python3.12/site-packages/airflow/example_dags/example_complex.py
[2024-10-19T14:49:02.726+0000] {processor.py:925} INFO - DAG(s) 'example_complex' retrieved from /home/airflow/.local/lib/python3.12/site-packages/airflow/example_dags/example_complex.py
[2024-10-19T14:49:02.846+0000] {logging_mixin.py:190} INFO - [2024-10-19T14:49:02.845+0000] {dag.py:3229} INFO - Sync 1 DAGs
[2024-10-19T14:49:02.888+0000] {logging_mixin.py:190} INFO - [2024-10-19T14:49:02.888+0000] {dag.py:4156} INFO - Setting next_dagrun for example_complex to None, run_after=None
[2024-10-19T14:49:02.930+0000] {processor.py:208} INFO - Processing /home/airflow/.local/lib/python3.12/site-packages/airflow/example_dags/example_complex.py took 0.267 seconds
[2024-10-19T14:49:33.346+0000] {processor.py:186} INFO - Started process (PID=2789) to work on /home/airflow/.local/lib/python3.12/site-packages/airflow/example_dags/example_complex.py
[2024-10-19T14:49:33.348+0000] {processor.py:914} INFO - Processing file /home/airflow/.local/lib/python3.12/site-packages/airflow/example_dags/example_complex.py for tasks to queue
[2024-10-19T14:49:33.353+0000] {logging_mixin.py:190} INFO - [2024-10-19T14:49:33.353+0000] {dagbag.py:587} INFO - Filling up the DagBag from /home/airflow/.local/lib/python3.12/site-packages/airflow/example_dags/example_complex.py
[2024-10-19T14:49:33.389+0000] {processor.py:925} INFO - DAG(s) 'example_complex' retrieved from /home/airflow/.local/lib/python3.12/site-packages/airflow/example_dags/example_complex.py
[2024-10-19T14:49:33.478+0000] {logging_mixin.py:190} INFO - [2024-10-19T14:49:33.477+0000] {dag.py:3229} INFO - Sync 1 DAGs
[2024-10-19T14:49:33.513+0000] {logging_mixin.py:190} INFO - [2024-10-19T14:49:33.513+0000] {dag.py:4156} INFO - Setting next_dagrun for example_complex to None, run_after=None
[2024-10-19T14:49:33.557+0000] {processor.py:208} INFO - Processing /home/airflow/.local/lib/python3.12/site-packages/airflow/example_dags/example_complex.py took 0.222 seconds
[2024-10-19T14:50:03.772+0000] {processor.py:186} INFO - Started process (PID=2852) to work on /home/airflow/.local/lib/python3.12/site-packages/airflow/example_dags/example_complex.py
[2024-10-19T14:50:03.774+0000] {processor.py:914} INFO - Processing file /home/airflow/.local/lib/python3.12/site-packages/airflow/example_dags/example_complex.py for tasks to queue
[2024-10-19T14:50:03.779+0000] {logging_mixin.py:190} INFO - [2024-10-19T14:50:03.778+0000] {dagbag.py:587} INFO - Filling up the DagBag from /home/airflow/.local/lib/python3.12/site-packages/airflow/example_dags/example_complex.py
[2024-10-19T14:50:03.815+0000] {processor.py:925} INFO - DAG(s) 'example_complex' retrieved from /home/airflow/.local/lib/python3.12/site-packages/airflow/example_dags/example_complex.py
[2024-10-19T14:50:03.909+0000] {logging_mixin.py:190} INFO - [2024-10-19T14:50:03.908+0000] {dag.py:3229} INFO - Sync 1 DAGs
[2024-10-19T14:50:03.950+0000] {logging_mixin.py:190} INFO - [2024-10-19T14:50:03.949+0000] {dag.py:4156} INFO - Setting next_dagrun for example_complex to None, run_after=None
[2024-10-19T14:50:04.000+0000] {processor.py:208} INFO - Processing /home/airflow/.local/lib/python3.12/site-packages/airflow/example_dags/example_complex.py took 0.242 seconds
[2024-10-19T14:50:34.654+0000] {processor.py:186} INFO - Started process (PID=2915) to work on /home/airflow/.local/lib/python3.12/site-packages/airflow/example_dags/example_complex.py
[2024-10-19T14:50:34.656+0000] {processor.py:914} INFO - Processing file /home/airflow/.local/lib/python3.12/site-packages/airflow/example_dags/example_complex.py for tasks to queue
[2024-10-19T14:50:34.660+0000] {logging_mixin.py:190} INFO - [2024-10-19T14:50:34.659+0000] {dagbag.py:587} INFO - Filling up the DagBag from /home/airflow/.local/lib/python3.12/site-packages/airflow/example_dags/example_complex.py
[2024-10-19T14:50:34.689+0000] {processor.py:925} INFO - DAG(s) 'example_complex' retrieved from /home/airflow/.local/lib/python3.12/site-packages/airflow/example_dags/example_complex.py
[2024-10-19T14:50:34.765+0000] {logging_mixin.py:190} INFO - [2024-10-19T14:50:34.765+0000] {dag.py:3229} INFO - Sync 1 DAGs
[2024-10-19T14:50:34.795+0000] {logging_mixin.py:190} INFO - [2024-10-19T14:50:34.795+0000] {dag.py:4156} INFO - Setting next_dagrun for example_complex to None, run_after=None
[2024-10-19T14:50:34.835+0000] {processor.py:208} INFO - Processing /home/airflow/.local/lib/python3.12/site-packages/airflow/example_dags/example_complex.py took 0.192 seconds
[2024-10-19T14:51:05.424+0000] {processor.py:186} INFO - Started process (PID=2978) to work on /home/airflow/.local/lib/python3.12/site-packages/airflow/example_dags/example_complex.py
[2024-10-19T14:51:05.427+0000] {processor.py:914} INFO - Processing file /home/airflow/.local/lib/python3.12/site-packages/airflow/example_dags/example_complex.py for tasks to queue
[2024-10-19T14:51:05.436+0000] {logging_mixin.py:190} INFO - [2024-10-19T14:51:05.435+0000] {dagbag.py:587} INFO - Filling up the DagBag from /home/airflow/.local/lib/python3.12/site-packages/airflow/example_dags/example_complex.py
[2024-10-19T14:51:05.480+0000] {processor.py:925} INFO - DAG(s) 'example_complex' retrieved from /home/airflow/.local/lib/python3.12/site-packages/airflow/example_dags/example_complex.py
[2024-10-19T14:51:05.592+0000] {logging_mixin.py:190} INFO - [2024-10-19T14:51:05.591+0000] {dag.py:3229} INFO - Sync 1 DAGs
[2024-10-19T14:51:05.644+0000] {logging_mixin.py:190} INFO - [2024-10-19T14:51:05.644+0000] {dag.py:4156} INFO - Setting next_dagrun for example_complex to None, run_after=None
[2024-10-19T14:51:05.713+0000] {processor.py:208} INFO - Processing /home/airflow/.local/lib/python3.12/site-packages/airflow/example_dags/example_complex.py took 0.307 seconds
[2024-10-19T14:51:35.911+0000] {processor.py:186} INFO - Started process (PID=3041) to work on /home/airflow/.local/lib/python3.12/site-packages/airflow/example_dags/example_complex.py
[2024-10-19T14:51:35.913+0000] {processor.py:914} INFO - Processing file /home/airflow/.local/lib/python3.12/site-packages/airflow/example_dags/example_complex.py for tasks to queue
[2024-10-19T14:51:35.916+0000] {logging_mixin.py:190} INFO - [2024-10-19T14:51:35.916+0000] {dagbag.py:587} INFO - Filling up the DagBag from /home/airflow/.local/lib/python3.12/site-packages/airflow/example_dags/example_complex.py
[2024-10-19T14:51:35.939+0000] {processor.py:925} INFO - DAG(s) 'example_complex' retrieved from /home/airflow/.local/lib/python3.12/site-packages/airflow/example_dags/example_complex.py
[2024-10-19T14:51:36.009+0000] {logging_mixin.py:190} INFO - [2024-10-19T14:51:36.009+0000] {dag.py:3229} INFO - Sync 1 DAGs
[2024-10-19T14:51:36.033+0000] {logging_mixin.py:190} INFO - [2024-10-19T14:51:36.033+0000] {dag.py:4156} INFO - Setting next_dagrun for example_complex to None, run_after=None
[2024-10-19T14:51:36.069+0000] {processor.py:208} INFO - Processing /home/airflow/.local/lib/python3.12/site-packages/airflow/example_dags/example_complex.py took 0.169 seconds
[2024-10-19T14:52:06.798+0000] {processor.py:186} INFO - Started process (PID=3104) to work on /home/airflow/.local/lib/python3.12/site-packages/airflow/example_dags/example_complex.py
[2024-10-19T14:52:06.800+0000] {processor.py:914} INFO - Processing file /home/airflow/.local/lib/python3.12/site-packages/airflow/example_dags/example_complex.py for tasks to queue
[2024-10-19T14:52:06.805+0000] {logging_mixin.py:190} INFO - [2024-10-19T14:52:06.804+0000] {dagbag.py:587} INFO - Filling up the DagBag from /home/airflow/.local/lib/python3.12/site-packages/airflow/example_dags/example_complex.py
[2024-10-19T14:52:06.830+0000] {processor.py:925} INFO - DAG(s) 'example_complex' retrieved from /home/airflow/.local/lib/python3.12/site-packages/airflow/example_dags/example_complex.py
[2024-10-19T14:52:06.895+0000] {logging_mixin.py:190} INFO - [2024-10-19T14:52:06.895+0000] {dag.py:3229} INFO - Sync 1 DAGs
[2024-10-19T14:52:06.925+0000] {logging_mixin.py:190} INFO - [2024-10-19T14:52:06.925+0000] {dag.py:4156} INFO - Setting next_dagrun for example_complex to None, run_after=None
[2024-10-19T14:52:06.971+0000] {processor.py:208} INFO - Processing /home/airflow/.local/lib/python3.12/site-packages/airflow/example_dags/example_complex.py took 0.186 seconds
[2024-10-19T14:52:37.659+0000] {processor.py:186} INFO - Started process (PID=3166) to work on /home/airflow/.local/lib/python3.12/site-packages/airflow/example_dags/example_complex.py
[2024-10-19T14:52:37.662+0000] {processor.py:914} INFO - Processing file /home/airflow/.local/lib/python3.12/site-packages/airflow/example_dags/example_complex.py for tasks to queue
[2024-10-19T14:52:37.668+0000] {logging_mixin.py:190} INFO - [2024-10-19T14:52:37.667+0000] {dagbag.py:587} INFO - Filling up the DagBag from /home/airflow/.local/lib/python3.12/site-packages/airflow/example_dags/example_complex.py
[2024-10-19T14:52:37.701+0000] {processor.py:925} INFO - DAG(s) 'example_complex' retrieved from /home/airflow/.local/lib/python3.12/site-packages/airflow/example_dags/example_complex.py
[2024-10-19T14:52:37.776+0000] {logging_mixin.py:190} INFO - [2024-10-19T14:52:37.775+0000] {dag.py:3229} INFO - Sync 1 DAGs
[2024-10-19T14:52:37.806+0000] {logging_mixin.py:190} INFO - [2024-10-19T14:52:37.805+0000] {dag.py:4156} INFO - Setting next_dagrun for example_complex to None, run_after=None
[2024-10-19T14:52:37.865+0000] {processor.py:208} INFO - Processing /home/airflow/.local/lib/python3.12/site-packages/airflow/example_dags/example_complex.py took 0.220 seconds
[2024-10-19T14:53:08.679+0000] {processor.py:186} INFO - Started process (PID=3229) to work on /home/airflow/.local/lib/python3.12/site-packages/airflow/example_dags/example_complex.py
[2024-10-19T14:53:08.680+0000] {processor.py:914} INFO - Processing file /home/airflow/.local/lib/python3.12/site-packages/airflow/example_dags/example_complex.py for tasks to queue
[2024-10-19T14:53:08.684+0000] {logging_mixin.py:190} INFO - [2024-10-19T14:53:08.684+0000] {dagbag.py:587} INFO - Filling up the DagBag from /home/airflow/.local/lib/python3.12/site-packages/airflow/example_dags/example_complex.py
[2024-10-19T14:53:08.710+0000] {processor.py:925} INFO - DAG(s) 'example_complex' retrieved from /home/airflow/.local/lib/python3.12/site-packages/airflow/example_dags/example_complex.py
[2024-10-19T14:53:08.778+0000] {logging_mixin.py:190} INFO - [2024-10-19T14:53:08.778+0000] {dag.py:3229} INFO - Sync 1 DAGs
[2024-10-19T14:53:08.800+0000] {logging_mixin.py:190} INFO - [2024-10-19T14:53:08.800+0000] {dag.py:4156} INFO - Setting next_dagrun for example_complex to None, run_after=None
[2024-10-19T14:53:08.837+0000] {processor.py:208} INFO - Processing /home/airflow/.local/lib/python3.12/site-packages/airflow/example_dags/example_complex.py took 0.170 seconds
[2024-10-19T14:53:39.865+0000] {processor.py:186} INFO - Started process (PID=3293) to work on /home/airflow/.local/lib/python3.12/site-packages/airflow/example_dags/example_complex.py
[2024-10-19T14:53:39.867+0000] {processor.py:914} INFO - Processing file /home/airflow/.local/lib/python3.12/site-packages/airflow/example_dags/example_complex.py for tasks to queue
[2024-10-19T14:53:39.871+0000] {logging_mixin.py:190} INFO - [2024-10-19T14:53:39.871+0000] {dagbag.py:587} INFO - Filling up the DagBag from /home/airflow/.local/lib/python3.12/site-packages/airflow/example_dags/example_complex.py
[2024-10-19T14:53:39.906+0000] {processor.py:925} INFO - DAG(s) 'example_complex' retrieved from /home/airflow/.local/lib/python3.12/site-packages/airflow/example_dags/example_complex.py
[2024-10-19T14:53:39.979+0000] {logging_mixin.py:190} INFO - [2024-10-19T14:53:39.979+0000] {dag.py:3229} INFO - Sync 1 DAGs
[2024-10-19T14:53:40.007+0000] {logging_mixin.py:190} INFO - [2024-10-19T14:53:40.007+0000] {dag.py:4156} INFO - Setting next_dagrun for example_complex to None, run_after=None
[2024-10-19T14:53:40.060+0000] {processor.py:208} INFO - Processing /home/airflow/.local/lib/python3.12/site-packages/airflow/example_dags/example_complex.py took 0.208 seconds
[2024-10-19T14:54:10.485+0000] {processor.py:186} INFO - Started process (PID=3357) to work on /home/airflow/.local/lib/python3.12/site-packages/airflow/example_dags/example_complex.py
[2024-10-19T14:54:10.486+0000] {processor.py:914} INFO - Processing file /home/airflow/.local/lib/python3.12/site-packages/airflow/example_dags/example_complex.py for tasks to queue
[2024-10-19T14:54:10.490+0000] {logging_mixin.py:190} INFO - [2024-10-19T14:54:10.490+0000] {dagbag.py:587} INFO - Filling up the DagBag from /home/airflow/.local/lib/python3.12/site-packages/airflow/example_dags/example_complex.py
[2024-10-19T14:54:10.515+0000] {processor.py:925} INFO - DAG(s) 'example_complex' retrieved from /home/airflow/.local/lib/python3.12/site-packages/airflow/example_dags/example_complex.py
[2024-10-19T14:54:10.587+0000] {logging_mixin.py:190} INFO - [2024-10-19T14:54:10.587+0000] {dag.py:3229} INFO - Sync 1 DAGs
[2024-10-19T14:54:10.626+0000] {logging_mixin.py:190} INFO - [2024-10-19T14:54:10.625+0000] {dag.py:4156} INFO - Setting next_dagrun for example_complex to None, run_after=None
[2024-10-19T14:54:10.677+0000] {processor.py:208} INFO - Processing /home/airflow/.local/lib/python3.12/site-packages/airflow/example_dags/example_complex.py took 0.204 seconds
[2024-10-19T14:54:44.115+0000] {processor.py:186} INFO - Started process (PID=3427) to work on /home/airflow/.local/lib/python3.12/site-packages/airflow/example_dags/example_complex.py
[2024-10-19T14:54:44.117+0000] {processor.py:914} INFO - Processing file /home/airflow/.local/lib/python3.12/site-packages/airflow/example_dags/example_complex.py for tasks to queue
[2024-10-19T14:54:44.123+0000] {logging_mixin.py:190} INFO - [2024-10-19T14:54:44.122+0000] {dagbag.py:587} INFO - Filling up the DagBag from /home/airflow/.local/lib/python3.12/site-packages/airflow/example_dags/example_complex.py
[2024-10-19T14:54:44.165+0000] {processor.py:925} INFO - DAG(s) 'example_complex' retrieved from /home/airflow/.local/lib/python3.12/site-packages/airflow/example_dags/example_complex.py
[2024-10-19T14:54:44.284+0000] {logging_mixin.py:190} INFO - [2024-10-19T14:54:44.283+0000] {dag.py:3229} INFO - Sync 1 DAGs
[2024-10-19T14:54:44.327+0000] {logging_mixin.py:190} INFO - [2024-10-19T14:54:44.327+0000] {dag.py:4156} INFO - Setting next_dagrun for example_complex to None, run_after=None
[2024-10-19T14:54:44.378+0000] {processor.py:208} INFO - Processing /home/airflow/.local/lib/python3.12/site-packages/airflow/example_dags/example_complex.py took 0.282 seconds
[2024-10-19T14:55:15.185+0000] {processor.py:186} INFO - Started process (PID=3490) to work on /home/airflow/.local/lib/python3.12/site-packages/airflow/example_dags/example_complex.py
[2024-10-19T14:55:15.187+0000] {processor.py:914} INFO - Processing file /home/airflow/.local/lib/python3.12/site-packages/airflow/example_dags/example_complex.py for tasks to queue
[2024-10-19T14:55:15.194+0000] {logging_mixin.py:190} INFO - [2024-10-19T14:55:15.191+0000] {dagbag.py:587} INFO - Filling up the DagBag from /home/airflow/.local/lib/python3.12/site-packages/airflow/example_dags/example_complex.py
[2024-10-19T14:55:15.228+0000] {processor.py:925} INFO - DAG(s) 'example_complex' retrieved from /home/airflow/.local/lib/python3.12/site-packages/airflow/example_dags/example_complex.py
[2024-10-19T14:55:15.308+0000] {logging_mixin.py:190} INFO - [2024-10-19T14:55:15.307+0000] {dag.py:3229} INFO - Sync 1 DAGs
[2024-10-19T14:55:15.699+0000] {logging_mixin.py:190} INFO - [2024-10-19T14:55:15.699+0000] {dag.py:4156} INFO - Setting next_dagrun for example_complex to None, run_after=None
[2024-10-19T14:55:15.768+0000] {processor.py:208} INFO - Processing /home/airflow/.local/lib/python3.12/site-packages/airflow/example_dags/example_complex.py took 0.596 seconds
[2024-10-19T14:55:46.434+0000] {processor.py:186} INFO - Started process (PID=3553) to work on /home/airflow/.local/lib/python3.12/site-packages/airflow/example_dags/example_complex.py
[2024-10-19T14:55:46.436+0000] {processor.py:914} INFO - Processing file /home/airflow/.local/lib/python3.12/site-packages/airflow/example_dags/example_complex.py for tasks to queue
[2024-10-19T14:55:46.442+0000] {logging_mixin.py:190} INFO - [2024-10-19T14:55:46.441+0000] {dagbag.py:587} INFO - Filling up the DagBag from /home/airflow/.local/lib/python3.12/site-packages/airflow/example_dags/example_complex.py
[2024-10-19T14:55:46.482+0000] {processor.py:925} INFO - DAG(s) 'example_complex' retrieved from /home/airflow/.local/lib/python3.12/site-packages/airflow/example_dags/example_complex.py
[2024-10-19T14:55:46.554+0000] {logging_mixin.py:190} INFO - [2024-10-19T14:55:46.554+0000] {dag.py:3229} INFO - Sync 1 DAGs
[2024-10-19T14:55:46.585+0000] {logging_mixin.py:190} INFO - [2024-10-19T14:55:46.584+0000] {dag.py:4156} INFO - Setting next_dagrun for example_complex to None, run_after=None
[2024-10-19T14:55:46.631+0000] {processor.py:208} INFO - Processing /home/airflow/.local/lib/python3.12/site-packages/airflow/example_dags/example_complex.py took 0.225 seconds
[2024-10-19T14:56:17.104+0000] {processor.py:186} INFO - Started process (PID=3617) to work on /home/airflow/.local/lib/python3.12/site-packages/airflow/example_dags/example_complex.py
[2024-10-19T14:56:17.106+0000] {processor.py:914} INFO - Processing file /home/airflow/.local/lib/python3.12/site-packages/airflow/example_dags/example_complex.py for tasks to queue
[2024-10-19T14:56:17.111+0000] {logging_mixin.py:190} INFO - [2024-10-19T14:56:17.110+0000] {dagbag.py:587} INFO - Filling up the DagBag from /home/airflow/.local/lib/python3.12/site-packages/airflow/example_dags/example_complex.py
[2024-10-19T14:56:17.144+0000] {processor.py:925} INFO - DAG(s) 'example_complex' retrieved from /home/airflow/.local/lib/python3.12/site-packages/airflow/example_dags/example_complex.py
[2024-10-19T14:56:17.221+0000] {logging_mixin.py:190} INFO - [2024-10-19T14:56:17.220+0000] {dag.py:3229} INFO - Sync 1 DAGs
[2024-10-19T14:56:17.253+0000] {logging_mixin.py:190} INFO - [2024-10-19T14:56:17.253+0000] {dag.py:4156} INFO - Setting next_dagrun for example_complex to None, run_after=None
[2024-10-19T14:56:17.297+0000] {processor.py:208} INFO - Processing /home/airflow/.local/lib/python3.12/site-packages/airflow/example_dags/example_complex.py took 0.214 seconds
[2024-10-19T14:56:48.023+0000] {processor.py:186} INFO - Started process (PID=3681) to work on /home/airflow/.local/lib/python3.12/site-packages/airflow/example_dags/example_complex.py
[2024-10-19T14:56:48.025+0000] {processor.py:914} INFO - Processing file /home/airflow/.local/lib/python3.12/site-packages/airflow/example_dags/example_complex.py for tasks to queue
[2024-10-19T14:56:48.030+0000] {logging_mixin.py:190} INFO - [2024-10-19T14:56:48.029+0000] {dagbag.py:587} INFO - Filling up the DagBag from /home/airflow/.local/lib/python3.12/site-packages/airflow/example_dags/example_complex.py
[2024-10-19T14:56:48.066+0000] {processor.py:925} INFO - DAG(s) 'example_complex' retrieved from /home/airflow/.local/lib/python3.12/site-packages/airflow/example_dags/example_complex.py
[2024-10-19T14:56:48.138+0000] {logging_mixin.py:190} INFO - [2024-10-19T14:56:48.138+0000] {dag.py:3229} INFO - Sync 1 DAGs
[2024-10-19T14:56:48.180+0000] {logging_mixin.py:190} INFO - [2024-10-19T14:56:48.179+0000] {dag.py:4156} INFO - Setting next_dagrun for example_complex to None, run_after=None
[2024-10-19T14:56:48.227+0000] {processor.py:208} INFO - Processing /home/airflow/.local/lib/python3.12/site-packages/airflow/example_dags/example_complex.py took 0.220 seconds
[2024-10-19T14:57:18.690+0000] {processor.py:186} INFO - Started process (PID=3744) to work on /home/airflow/.local/lib/python3.12/site-packages/airflow/example_dags/example_complex.py
[2024-10-19T14:57:18.693+0000] {processor.py:914} INFO - Processing file /home/airflow/.local/lib/python3.12/site-packages/airflow/example_dags/example_complex.py for tasks to queue
[2024-10-19T14:57:18.705+0000] {logging_mixin.py:190} INFO - [2024-10-19T14:57:18.703+0000] {dagbag.py:587} INFO - Filling up the DagBag from /home/airflow/.local/lib/python3.12/site-packages/airflow/example_dags/example_complex.py
[2024-10-19T14:57:18.768+0000] {processor.py:925} INFO - DAG(s) 'example_complex' retrieved from /home/airflow/.local/lib/python3.12/site-packages/airflow/example_dags/example_complex.py
[2024-10-19T14:57:18.842+0000] {logging_mixin.py:190} INFO - [2024-10-19T14:57:18.842+0000] {dag.py:3229} INFO - Sync 1 DAGs
[2024-10-19T14:57:18.876+0000] {logging_mixin.py:190} INFO - [2024-10-19T14:57:18.875+0000] {dag.py:4156} INFO - Setting next_dagrun for example_complex to None, run_after=None
[2024-10-19T14:57:18.920+0000] {processor.py:208} INFO - Processing /home/airflow/.local/lib/python3.12/site-packages/airflow/example_dags/example_complex.py took 0.267 seconds
[2024-10-19T14:57:49.421+0000] {processor.py:186} INFO - Started process (PID=3807) to work on /home/airflow/.local/lib/python3.12/site-packages/airflow/example_dags/example_complex.py
[2024-10-19T14:57:49.423+0000] {processor.py:914} INFO - Processing file /home/airflow/.local/lib/python3.12/site-packages/airflow/example_dags/example_complex.py for tasks to queue
[2024-10-19T14:57:49.428+0000] {logging_mixin.py:190} INFO - [2024-10-19T14:57:49.427+0000] {dagbag.py:587} INFO - Filling up the DagBag from /home/airflow/.local/lib/python3.12/site-packages/airflow/example_dags/example_complex.py
[2024-10-19T14:57:49.469+0000] {processor.py:925} INFO - DAG(s) 'example_complex' retrieved from /home/airflow/.local/lib/python3.12/site-packages/airflow/example_dags/example_complex.py
[2024-10-19T14:57:49.675+0000] {logging_mixin.py:190} INFO - [2024-10-19T14:57:49.675+0000] {dag.py:3229} INFO - Sync 1 DAGs
[2024-10-19T14:57:49.716+0000] {logging_mixin.py:190} INFO - [2024-10-19T14:57:49.716+0000] {dag.py:4156} INFO - Setting next_dagrun for example_complex to None, run_after=None
[2024-10-19T14:57:49.777+0000] {processor.py:208} INFO - Processing /home/airflow/.local/lib/python3.12/site-packages/airflow/example_dags/example_complex.py took 0.371 seconds
[2024-10-19T14:58:20.130+0000] {processor.py:186} INFO - Started process (PID=3870) to work on /home/airflow/.local/lib/python3.12/site-packages/airflow/example_dags/example_complex.py
[2024-10-19T14:58:20.132+0000] {processor.py:914} INFO - Processing file /home/airflow/.local/lib/python3.12/site-packages/airflow/example_dags/example_complex.py for tasks to queue
[2024-10-19T14:58:20.138+0000] {logging_mixin.py:190} INFO - [2024-10-19T14:58:20.137+0000] {dagbag.py:587} INFO - Filling up the DagBag from /home/airflow/.local/lib/python3.12/site-packages/airflow/example_dags/example_complex.py
[2024-10-19T14:58:20.175+0000] {processor.py:925} INFO - DAG(s) 'example_complex' retrieved from /home/airflow/.local/lib/python3.12/site-packages/airflow/example_dags/example_complex.py
[2024-10-19T14:58:20.277+0000] {logging_mixin.py:190} INFO - [2024-10-19T14:58:20.277+0000] {dag.py:3229} INFO - Sync 1 DAGs
[2024-10-19T14:58:20.325+0000] {logging_mixin.py:190} INFO - [2024-10-19T14:58:20.324+0000] {dag.py:4156} INFO - Setting next_dagrun for example_complex to None, run_after=None
[2024-10-19T14:58:20.365+0000] {processor.py:208} INFO - Processing /home/airflow/.local/lib/python3.12/site-packages/airflow/example_dags/example_complex.py took 0.247 seconds
[2024-10-19T14:58:51.252+0000] {processor.py:186} INFO - Started process (PID=3933) to work on /home/airflow/.local/lib/python3.12/site-packages/airflow/example_dags/example_complex.py
[2024-10-19T14:58:51.255+0000] {processor.py:914} INFO - Processing file /home/airflow/.local/lib/python3.12/site-packages/airflow/example_dags/example_complex.py for tasks to queue
[2024-10-19T14:58:51.272+0000] {logging_mixin.py:190} INFO - [2024-10-19T14:58:51.270+0000] {dagbag.py:587} INFO - Filling up the DagBag from /home/airflow/.local/lib/python3.12/site-packages/airflow/example_dags/example_complex.py
[2024-10-19T14:58:51.314+0000] {processor.py:925} INFO - DAG(s) 'example_complex' retrieved from /home/airflow/.local/lib/python3.12/site-packages/airflow/example_dags/example_complex.py
[2024-10-19T14:58:51.399+0000] {logging_mixin.py:190} INFO - [2024-10-19T14:58:51.399+0000] {dag.py:3229} INFO - Sync 1 DAGs
[2024-10-19T14:58:51.437+0000] {logging_mixin.py:190} INFO - [2024-10-19T14:58:51.436+0000] {dag.py:4156} INFO - Setting next_dagrun for example_complex to None, run_after=None
[2024-10-19T14:58:51.482+0000] {processor.py:208} INFO - Processing /home/airflow/.local/lib/python3.12/site-packages/airflow/example_dags/example_complex.py took 0.247 seconds
[2024-10-19T14:59:21.899+0000] {processor.py:186} INFO - Started process (PID=3994) to work on /home/airflow/.local/lib/python3.12/site-packages/airflow/example_dags/example_complex.py
[2024-10-19T14:59:21.902+0000] {processor.py:914} INFO - Processing file /home/airflow/.local/lib/python3.12/site-packages/airflow/example_dags/example_complex.py for tasks to queue
[2024-10-19T14:59:21.907+0000] {logging_mixin.py:190} INFO - [2024-10-19T14:59:21.906+0000] {dagbag.py:587} INFO - Filling up the DagBag from /home/airflow/.local/lib/python3.12/site-packages/airflow/example_dags/example_complex.py
[2024-10-19T14:59:21.960+0000] {processor.py:925} INFO - DAG(s) 'example_complex' retrieved from /home/airflow/.local/lib/python3.12/site-packages/airflow/example_dags/example_complex.py
[2024-10-19T14:59:22.055+0000] {logging_mixin.py:190} INFO - [2024-10-19T14:59:22.054+0000] {dag.py:3229} INFO - Sync 1 DAGs
[2024-10-19T14:59:22.089+0000] {logging_mixin.py:190} INFO - [2024-10-19T14:59:22.089+0000] {dag.py:4156} INFO - Setting next_dagrun for example_complex to None, run_after=None
[2024-10-19T14:59:22.138+0000] {processor.py:208} INFO - Processing /home/airflow/.local/lib/python3.12/site-packages/airflow/example_dags/example_complex.py took 0.257 seconds
[2024-10-19T14:59:52.776+0000] {processor.py:186} INFO - Started process (PID=4056) to work on /home/airflow/.local/lib/python3.12/site-packages/airflow/example_dags/example_complex.py
[2024-10-19T14:59:52.785+0000] {processor.py:914} INFO - Processing file /home/airflow/.local/lib/python3.12/site-packages/airflow/example_dags/example_complex.py for tasks to queue
[2024-10-19T14:59:52.790+0000] {logging_mixin.py:190} INFO - [2024-10-19T14:59:52.790+0000] {dagbag.py:587} INFO - Filling up the DagBag from /home/airflow/.local/lib/python3.12/site-packages/airflow/example_dags/example_complex.py
[2024-10-19T14:59:52.838+0000] {processor.py:925} INFO - DAG(s) 'example_complex' retrieved from /home/airflow/.local/lib/python3.12/site-packages/airflow/example_dags/example_complex.py
[2024-10-19T14:59:52.961+0000] {logging_mixin.py:190} INFO - [2024-10-19T14:59:52.960+0000] {dag.py:3229} INFO - Sync 1 DAGs
[2024-10-19T14:59:53.020+0000] {logging_mixin.py:190} INFO - [2024-10-19T14:59:53.019+0000] {dag.py:4156} INFO - Setting next_dagrun for example_complex to None, run_after=None
[2024-10-19T14:59:53.073+0000] {processor.py:208} INFO - Processing /home/airflow/.local/lib/python3.12/site-packages/airflow/example_dags/example_complex.py took 0.318 seconds
[2024-10-19T15:00:23.476+0000] {processor.py:186} INFO - Started process (PID=4119) to work on /home/airflow/.local/lib/python3.12/site-packages/airflow/example_dags/example_complex.py
[2024-10-19T15:00:23.486+0000] {processor.py:914} INFO - Processing file /home/airflow/.local/lib/python3.12/site-packages/airflow/example_dags/example_complex.py for tasks to queue
[2024-10-19T15:00:23.521+0000] {logging_mixin.py:190} INFO - [2024-10-19T15:00:23.508+0000] {dagbag.py:587} INFO - Filling up the DagBag from /home/airflow/.local/lib/python3.12/site-packages/airflow/example_dags/example_complex.py
[2024-10-19T15:00:23.575+0000] {processor.py:925} INFO - DAG(s) 'example_complex' retrieved from /home/airflow/.local/lib/python3.12/site-packages/airflow/example_dags/example_complex.py
[2024-10-19T15:00:23.667+0000] {logging_mixin.py:190} INFO - [2024-10-19T15:00:23.666+0000] {dag.py:3229} INFO - Sync 1 DAGs
[2024-10-19T15:00:23.725+0000] {logging_mixin.py:190} INFO - [2024-10-19T15:00:23.725+0000] {dag.py:4156} INFO - Setting next_dagrun for example_complex to None, run_after=None
[2024-10-19T15:00:23.778+0000] {processor.py:208} INFO - Processing /home/airflow/.local/lib/python3.12/site-packages/airflow/example_dags/example_complex.py took 0.370 seconds
[2024-10-19T15:00:53.890+0000] {processor.py:186} INFO - Started process (PID=4183) to work on /home/airflow/.local/lib/python3.12/site-packages/airflow/example_dags/example_complex.py
[2024-10-19T15:00:53.903+0000] {processor.py:914} INFO - Processing file /home/airflow/.local/lib/python3.12/site-packages/airflow/example_dags/example_complex.py for tasks to queue
[2024-10-19T15:00:53.908+0000] {logging_mixin.py:190} INFO - [2024-10-19T15:00:53.907+0000] {dagbag.py:587} INFO - Filling up the DagBag from /home/airflow/.local/lib/python3.12/site-packages/airflow/example_dags/example_complex.py
[2024-10-19T15:00:53.944+0000] {processor.py:925} INFO - DAG(s) 'example_complex' retrieved from /home/airflow/.local/lib/python3.12/site-packages/airflow/example_dags/example_complex.py
[2024-10-19T15:00:54.042+0000] {logging_mixin.py:190} INFO - [2024-10-19T15:00:54.041+0000] {dag.py:3229} INFO - Sync 1 DAGs
[2024-10-19T15:00:54.104+0000] {logging_mixin.py:190} INFO - [2024-10-19T15:00:54.103+0000] {dag.py:4156} INFO - Setting next_dagrun for example_complex to None, run_after=None
[2024-10-19T15:00:54.146+0000] {processor.py:208} INFO - Processing /home/airflow/.local/lib/python3.12/site-packages/airflow/example_dags/example_complex.py took 0.271 seconds
[2024-10-19T15:01:24.793+0000] {processor.py:186} INFO - Started process (PID=4246) to work on /home/airflow/.local/lib/python3.12/site-packages/airflow/example_dags/example_complex.py
[2024-10-19T15:01:24.809+0000] {processor.py:914} INFO - Processing file /home/airflow/.local/lib/python3.12/site-packages/airflow/example_dags/example_complex.py for tasks to queue
[2024-10-19T15:01:24.821+0000] {logging_mixin.py:190} INFO - [2024-10-19T15:01:24.819+0000] {dagbag.py:587} INFO - Filling up the DagBag from /home/airflow/.local/lib/python3.12/site-packages/airflow/example_dags/example_complex.py
[2024-10-19T15:01:24.893+0000] {processor.py:925} INFO - DAG(s) 'example_complex' retrieved from /home/airflow/.local/lib/python3.12/site-packages/airflow/example_dags/example_complex.py
[2024-10-19T15:01:24.979+0000] {logging_mixin.py:190} INFO - [2024-10-19T15:01:24.979+0000] {dag.py:3229} INFO - Sync 1 DAGs
[2024-10-19T15:01:25.013+0000] {logging_mixin.py:190} INFO - [2024-10-19T15:01:25.012+0000] {dag.py:4156} INFO - Setting next_dagrun for example_complex to None, run_after=None
[2024-10-19T15:01:25.066+0000] {processor.py:208} INFO - Processing /home/airflow/.local/lib/python3.12/site-packages/airflow/example_dags/example_complex.py took 0.314 seconds
[2024-10-19T15:01:55.382+0000] {processor.py:186} INFO - Started process (PID=4309) to work on /home/airflow/.local/lib/python3.12/site-packages/airflow/example_dags/example_complex.py
[2024-10-19T15:01:55.396+0000] {processor.py:914} INFO - Processing file /home/airflow/.local/lib/python3.12/site-packages/airflow/example_dags/example_complex.py for tasks to queue
[2024-10-19T15:01:55.407+0000] {logging_mixin.py:190} INFO - [2024-10-19T15:01:55.405+0000] {dagbag.py:587} INFO - Filling up the DagBag from /home/airflow/.local/lib/python3.12/site-packages/airflow/example_dags/example_complex.py
[2024-10-19T15:01:55.489+0000] {processor.py:925} INFO - DAG(s) 'example_complex' retrieved from /home/airflow/.local/lib/python3.12/site-packages/airflow/example_dags/example_complex.py
[2024-10-19T15:01:55.585+0000] {logging_mixin.py:190} INFO - [2024-10-19T15:01:55.584+0000] {dag.py:3229} INFO - Sync 1 DAGs
[2024-10-19T15:01:55.614+0000] {logging_mixin.py:190} INFO - [2024-10-19T15:01:55.614+0000] {dag.py:4156} INFO - Setting next_dagrun for example_complex to None, run_after=None
[2024-10-19T15:01:55.661+0000] {processor.py:208} INFO - Processing /home/airflow/.local/lib/python3.12/site-packages/airflow/example_dags/example_complex.py took 0.321 seconds
[2024-10-19T15:03:18.623+0000] {processor.py:186} INFO - Started process (PID=4459) to work on /home/airflow/.local/lib/python3.12/site-packages/airflow/example_dags/example_complex.py
[2024-10-19T15:03:18.626+0000] {processor.py:914} INFO - Processing file /home/airflow/.local/lib/python3.12/site-packages/airflow/example_dags/example_complex.py for tasks to queue
[2024-10-19T15:03:18.631+0000] {logging_mixin.py:190} INFO - [2024-10-19T15:03:18.630+0000] {dagbag.py:587} INFO - Filling up the DagBag from /home/airflow/.local/lib/python3.12/site-packages/airflow/example_dags/example_complex.py
[2024-10-19T15:03:18.662+0000] {processor.py:925} INFO - DAG(s) 'example_complex' retrieved from /home/airflow/.local/lib/python3.12/site-packages/airflow/example_dags/example_complex.py
[2024-10-19T15:03:18.770+0000] {logging_mixin.py:190} INFO - [2024-10-19T15:03:18.770+0000] {dag.py:3229} INFO - Sync 1 DAGs
[2024-10-19T15:03:18.807+0000] {logging_mixin.py:190} INFO - [2024-10-19T15:03:18.807+0000] {dag.py:4156} INFO - Setting next_dagrun for example_complex to None, run_after=None
[2024-10-19T15:03:18.860+0000] {processor.py:208} INFO - Processing /home/airflow/.local/lib/python3.12/site-packages/airflow/example_dags/example_complex.py took 0.252 seconds
[2024-10-19T15:03:49.460+0000] {processor.py:186} INFO - Started process (PID=4522) to work on /home/airflow/.local/lib/python3.12/site-packages/airflow/example_dags/example_complex.py
[2024-10-19T15:03:49.462+0000] {processor.py:914} INFO - Processing file /home/airflow/.local/lib/python3.12/site-packages/airflow/example_dags/example_complex.py for tasks to queue
[2024-10-19T15:03:49.466+0000] {logging_mixin.py:190} INFO - [2024-10-19T15:03:49.466+0000] {dagbag.py:587} INFO - Filling up the DagBag from /home/airflow/.local/lib/python3.12/site-packages/airflow/example_dags/example_complex.py
[2024-10-19T15:03:49.502+0000] {processor.py:925} INFO - DAG(s) 'example_complex' retrieved from /home/airflow/.local/lib/python3.12/site-packages/airflow/example_dags/example_complex.py
[2024-10-19T15:03:49.601+0000] {logging_mixin.py:190} INFO - [2024-10-19T15:03:49.600+0000] {dag.py:3229} INFO - Sync 1 DAGs
[2024-10-19T15:03:49.626+0000] {logging_mixin.py:190} INFO - [2024-10-19T15:03:49.626+0000] {dag.py:4156} INFO - Setting next_dagrun for example_complex to None, run_after=None
[2024-10-19T15:03:49.660+0000] {processor.py:208} INFO - Processing /home/airflow/.local/lib/python3.12/site-packages/airflow/example_dags/example_complex.py took 0.215 seconds
[2024-10-19T15:04:21.238+0000] {processor.py:186} INFO - Started process (PID=4586) to work on /home/airflow/.local/lib/python3.12/site-packages/airflow/example_dags/example_complex.py
[2024-10-19T15:04:21.241+0000] {processor.py:914} INFO - Processing file /home/airflow/.local/lib/python3.12/site-packages/airflow/example_dags/example_complex.py for tasks to queue
[2024-10-19T15:04:21.246+0000] {logging_mixin.py:190} INFO - [2024-10-19T15:04:21.245+0000] {dagbag.py:587} INFO - Filling up the DagBag from /home/airflow/.local/lib/python3.12/site-packages/airflow/example_dags/example_complex.py
[2024-10-19T15:04:21.274+0000] {processor.py:925} INFO - DAG(s) 'example_complex' retrieved from /home/airflow/.local/lib/python3.12/site-packages/airflow/example_dags/example_complex.py
[2024-10-19T15:04:21.355+0000] {logging_mixin.py:190} INFO - [2024-10-19T15:04:21.355+0000] {dag.py:3229} INFO - Sync 1 DAGs
[2024-10-19T15:04:21.383+0000] {logging_mixin.py:190} INFO - [2024-10-19T15:04:21.383+0000] {dag.py:4156} INFO - Setting next_dagrun for example_complex to None, run_after=None
[2024-10-19T15:04:21.424+0000] {processor.py:208} INFO - Processing /home/airflow/.local/lib/python3.12/site-packages/airflow/example_dags/example_complex.py took 0.198 seconds
[2024-10-19T15:04:52.733+0000] {processor.py:186} INFO - Started process (PID=4650) to work on /home/airflow/.local/lib/python3.12/site-packages/airflow/example_dags/example_complex.py
[2024-10-19T15:04:52.735+0000] {processor.py:914} INFO - Processing file /home/airflow/.local/lib/python3.12/site-packages/airflow/example_dags/example_complex.py for tasks to queue
[2024-10-19T15:04:52.739+0000] {logging_mixin.py:190} INFO - [2024-10-19T15:04:52.739+0000] {dagbag.py:587} INFO - Filling up the DagBag from /home/airflow/.local/lib/python3.12/site-packages/airflow/example_dags/example_complex.py
[2024-10-19T15:04:52.766+0000] {processor.py:925} INFO - DAG(s) 'example_complex' retrieved from /home/airflow/.local/lib/python3.12/site-packages/airflow/example_dags/example_complex.py
[2024-10-19T15:04:52.832+0000] {logging_mixin.py:190} INFO - [2024-10-19T15:04:52.831+0000] {dag.py:3229} INFO - Sync 1 DAGs
[2024-10-19T15:04:52.854+0000] {logging_mixin.py:190} INFO - [2024-10-19T15:04:52.854+0000] {dag.py:4156} INFO - Setting next_dagrun for example_complex to None, run_after=None
[2024-10-19T15:04:52.884+0000] {processor.py:208} INFO - Processing /home/airflow/.local/lib/python3.12/site-packages/airflow/example_dags/example_complex.py took 0.165 seconds
[2024-10-19T15:05:25.375+0000] {processor.py:186} INFO - Started process (PID=4712) to work on /home/airflow/.local/lib/python3.12/site-packages/airflow/example_dags/example_complex.py
[2024-10-19T15:05:25.378+0000] {processor.py:914} INFO - Processing file /home/airflow/.local/lib/python3.12/site-packages/airflow/example_dags/example_complex.py for tasks to queue
[2024-10-19T15:05:25.384+0000] {logging_mixin.py:190} INFO - [2024-10-19T15:05:25.383+0000] {dagbag.py:587} INFO - Filling up the DagBag from /home/airflow/.local/lib/python3.12/site-packages/airflow/example_dags/example_complex.py
[2024-10-19T15:05:25.422+0000] {processor.py:925} INFO - DAG(s) 'example_complex' retrieved from /home/airflow/.local/lib/python3.12/site-packages/airflow/example_dags/example_complex.py
[2024-10-19T15:05:25.510+0000] {logging_mixin.py:190} INFO - [2024-10-19T15:05:25.509+0000] {dag.py:3229} INFO - Sync 1 DAGs
[2024-10-19T15:05:25.537+0000] {logging_mixin.py:190} INFO - [2024-10-19T15:05:25.537+0000] {dag.py:4156} INFO - Setting next_dagrun for example_complex to None, run_after=None
[2024-10-19T15:05:25.574+0000] {processor.py:208} INFO - Processing /home/airflow/.local/lib/python3.12/site-packages/airflow/example_dags/example_complex.py took 0.215 seconds
[2024-10-19T15:05:55.876+0000] {processor.py:186} INFO - Started process (PID=4775) to work on /home/airflow/.local/lib/python3.12/site-packages/airflow/example_dags/example_complex.py
[2024-10-19T15:05:55.879+0000] {processor.py:914} INFO - Processing file /home/airflow/.local/lib/python3.12/site-packages/airflow/example_dags/example_complex.py for tasks to queue
[2024-10-19T15:05:55.884+0000] {logging_mixin.py:190} INFO - [2024-10-19T15:05:55.883+0000] {dagbag.py:587} INFO - Filling up the DagBag from /home/airflow/.local/lib/python3.12/site-packages/airflow/example_dags/example_complex.py
[2024-10-19T15:05:55.913+0000] {processor.py:925} INFO - DAG(s) 'example_complex' retrieved from /home/airflow/.local/lib/python3.12/site-packages/airflow/example_dags/example_complex.py
[2024-10-19T15:05:56.011+0000] {logging_mixin.py:190} INFO - [2024-10-19T15:05:56.010+0000] {dag.py:3229} INFO - Sync 1 DAGs
[2024-10-19T15:05:56.048+0000] {logging_mixin.py:190} INFO - [2024-10-19T15:05:56.048+0000] {dag.py:4156} INFO - Setting next_dagrun for example_complex to None, run_after=None
[2024-10-19T15:05:56.399+0000] {processor.py:208} INFO - Processing /home/airflow/.local/lib/python3.12/site-packages/airflow/example_dags/example_complex.py took 0.538 seconds
[2024-10-19T15:06:26.495+0000] {processor.py:186} INFO - Started process (PID=4838) to work on /home/airflow/.local/lib/python3.12/site-packages/airflow/example_dags/example_complex.py
[2024-10-19T15:06:26.497+0000] {processor.py:914} INFO - Processing file /home/airflow/.local/lib/python3.12/site-packages/airflow/example_dags/example_complex.py for tasks to queue
[2024-10-19T15:06:26.501+0000] {logging_mixin.py:190} INFO - [2024-10-19T15:06:26.500+0000] {dagbag.py:587} INFO - Filling up the DagBag from /home/airflow/.local/lib/python3.12/site-packages/airflow/example_dags/example_complex.py
[2024-10-19T15:06:26.523+0000] {processor.py:925} INFO - DAG(s) 'example_complex' retrieved from /home/airflow/.local/lib/python3.12/site-packages/airflow/example_dags/example_complex.py
[2024-10-19T15:06:26.602+0000] {logging_mixin.py:190} INFO - [2024-10-19T15:06:26.602+0000] {dag.py:3229} INFO - Sync 1 DAGs
[2024-10-19T15:06:26.629+0000] {logging_mixin.py:190} INFO - [2024-10-19T15:06:26.629+0000] {dag.py:4156} INFO - Setting next_dagrun for example_complex to None, run_after=None
[2024-10-19T15:06:26.672+0000] {processor.py:208} INFO - Processing /home/airflow/.local/lib/python3.12/site-packages/airflow/example_dags/example_complex.py took 0.190 seconds
[2024-10-19T15:07:01.961+0000] {processor.py:186} INFO - Started process (PID=4901) to work on /home/airflow/.local/lib/python3.12/site-packages/airflow/example_dags/example_complex.py
[2024-10-19T15:07:01.963+0000] {processor.py:914} INFO - Processing file /home/airflow/.local/lib/python3.12/site-packages/airflow/example_dags/example_complex.py for tasks to queue
[2024-10-19T15:07:01.971+0000] {logging_mixin.py:190} INFO - [2024-10-19T15:07:01.970+0000] {dagbag.py:587} INFO - Filling up the DagBag from /home/airflow/.local/lib/python3.12/site-packages/airflow/example_dags/example_complex.py
[2024-10-19T15:07:01.995+0000] {processor.py:925} INFO - DAG(s) 'example_complex' retrieved from /home/airflow/.local/lib/python3.12/site-packages/airflow/example_dags/example_complex.py
[2024-10-19T15:07:02.065+0000] {logging_mixin.py:190} INFO - [2024-10-19T15:07:02.065+0000] {dag.py:3229} INFO - Sync 1 DAGs
[2024-10-19T15:07:02.091+0000] {logging_mixin.py:190} INFO - [2024-10-19T15:07:02.090+0000] {dag.py:4156} INFO - Setting next_dagrun for example_complex to None, run_after=None
[2024-10-19T15:07:02.125+0000] {processor.py:208} INFO - Processing /home/airflow/.local/lib/python3.12/site-packages/airflow/example_dags/example_complex.py took 0.177 seconds
[2024-10-19T15:07:32.622+0000] {processor.py:186} INFO - Started process (PID=4964) to work on /home/airflow/.local/lib/python3.12/site-packages/airflow/example_dags/example_complex.py
[2024-10-19T15:07:32.625+0000] {processor.py:914} INFO - Processing file /home/airflow/.local/lib/python3.12/site-packages/airflow/example_dags/example_complex.py for tasks to queue
[2024-10-19T15:07:32.630+0000] {logging_mixin.py:190} INFO - [2024-10-19T15:07:32.629+0000] {dagbag.py:587} INFO - Filling up the DagBag from /home/airflow/.local/lib/python3.12/site-packages/airflow/example_dags/example_complex.py
[2024-10-19T15:07:32.662+0000] {processor.py:925} INFO - DAG(s) 'example_complex' retrieved from /home/airflow/.local/lib/python3.12/site-packages/airflow/example_dags/example_complex.py
[2024-10-19T15:07:32.776+0000] {logging_mixin.py:190} INFO - [2024-10-19T15:07:32.775+0000] {dag.py:3229} INFO - Sync 1 DAGs
[2024-10-19T15:07:32.824+0000] {logging_mixin.py:190} INFO - [2024-10-19T15:07:32.824+0000] {dag.py:4156} INFO - Setting next_dagrun for example_complex to None, run_after=None
[2024-10-19T15:07:32.885+0000] {processor.py:208} INFO - Processing /home/airflow/.local/lib/python3.12/site-packages/airflow/example_dags/example_complex.py took 0.275 seconds
[2024-10-19T15:08:03.508+0000] {processor.py:186} INFO - Started process (PID=5027) to work on /home/airflow/.local/lib/python3.12/site-packages/airflow/example_dags/example_complex.py
[2024-10-19T15:08:03.510+0000] {processor.py:914} INFO - Processing file /home/airflow/.local/lib/python3.12/site-packages/airflow/example_dags/example_complex.py for tasks to queue
[2024-10-19T15:08:03.516+0000] {logging_mixin.py:190} INFO - [2024-10-19T15:08:03.515+0000] {dagbag.py:587} INFO - Filling up the DagBag from /home/airflow/.local/lib/python3.12/site-packages/airflow/example_dags/example_complex.py
[2024-10-19T15:08:03.550+0000] {processor.py:925} INFO - DAG(s) 'example_complex' retrieved from /home/airflow/.local/lib/python3.12/site-packages/airflow/example_dags/example_complex.py
[2024-10-19T15:08:03.649+0000] {logging_mixin.py:190} INFO - [2024-10-19T15:08:03.648+0000] {dag.py:3229} INFO - Sync 1 DAGs
[2024-10-19T15:08:03.692+0000] {logging_mixin.py:190} INFO - [2024-10-19T15:08:03.691+0000] {dag.py:4156} INFO - Setting next_dagrun for example_complex to None, run_after=None
[2024-10-19T15:08:03.730+0000] {processor.py:208} INFO - Processing /home/airflow/.local/lib/python3.12/site-packages/airflow/example_dags/example_complex.py took 0.239 seconds
