[2024-10-19T14:27:25.342+0000] {processor.py:186} INFO - Started process (PID=79) to work on /home/airflow/.local/lib/python3.12/site-packages/airflow/example_dags/tutorial_dag.py
[2024-10-19T14:27:25.344+0000] {processor.py:914} INFO - Processing file /home/airflow/.local/lib/python3.12/site-packages/airflow/example_dags/tutorial_dag.py for tasks to queue
[2024-10-19T14:27:25.349+0000] {logging_mixin.py:190} INFO - [2024-10-19T14:27:25.348+0000] {dagbag.py:587} INFO - Filling up the DagBag from /home/airflow/.local/lib/python3.12/site-packages/airflow/example_dags/tutorial_dag.py
[2024-10-19T14:27:25.370+0000] {processor.py:925} INFO - DAG(s) 'tutorial_dag' retrieved from /home/airflow/.local/lib/python3.12/site-packages/airflow/example_dags/tutorial_dag.py
[2024-10-19T14:27:25.439+0000] {logging_mixin.py:190} INFO - [2024-10-19T14:27:25.438+0000] {dag.py:3229} INFO - Sync 1 DAGs
[2024-10-19T14:27:25.542+0000] {logging_mixin.py:190} INFO - [2024-10-19T14:27:25.541+0000] {dag.py:4156} INFO - Setting next_dagrun for tutorial_dag to None, run_after=None
[2024-10-19T14:27:25.596+0000] {processor.py:208} INFO - Processing /home/airflow/.local/lib/python3.12/site-packages/airflow/example_dags/tutorial_dag.py took 0.270 seconds
[2024-10-19T14:27:56.075+0000] {processor.py:186} INFO - Started process (PID=141) to work on /home/airflow/.local/lib/python3.12/site-packages/airflow/example_dags/tutorial_dag.py
[2024-10-19T14:27:56.077+0000] {processor.py:914} INFO - Processing file /home/airflow/.local/lib/python3.12/site-packages/airflow/example_dags/tutorial_dag.py for tasks to queue
[2024-10-19T14:27:56.083+0000] {logging_mixin.py:190} INFO - [2024-10-19T14:27:56.082+0000] {dagbag.py:587} INFO - Filling up the DagBag from /home/airflow/.local/lib/python3.12/site-packages/airflow/example_dags/tutorial_dag.py
[2024-10-19T14:27:56.109+0000] {processor.py:925} INFO - DAG(s) 'tutorial_dag' retrieved from /home/airflow/.local/lib/python3.12/site-packages/airflow/example_dags/tutorial_dag.py
[2024-10-19T14:27:56.155+0000] {logging_mixin.py:190} INFO - [2024-10-19T14:27:56.154+0000] {dag.py:3229} INFO - Sync 1 DAGs
[2024-10-19T14:27:56.194+0000] {logging_mixin.py:190} INFO - [2024-10-19T14:27:56.194+0000] {dag.py:4156} INFO - Setting next_dagrun for tutorial_dag to None, run_after=None
[2024-10-19T14:27:56.307+0000] {processor.py:208} INFO - Processing /home/airflow/.local/lib/python3.12/site-packages/airflow/example_dags/tutorial_dag.py took 0.250 seconds
[2024-10-19T14:28:26.828+0000] {processor.py:186} INFO - Started process (PID=204) to work on /home/airflow/.local/lib/python3.12/site-packages/airflow/example_dags/tutorial_dag.py
[2024-10-19T14:28:26.832+0000] {processor.py:914} INFO - Processing file /home/airflow/.local/lib/python3.12/site-packages/airflow/example_dags/tutorial_dag.py for tasks to queue
[2024-10-19T14:28:26.844+0000] {logging_mixin.py:190} INFO - [2024-10-19T14:28:26.843+0000] {dagbag.py:587} INFO - Filling up the DagBag from /home/airflow/.local/lib/python3.12/site-packages/airflow/example_dags/tutorial_dag.py
[2024-10-19T14:28:26.868+0000] {processor.py:925} INFO - DAG(s) 'tutorial_dag' retrieved from /home/airflow/.local/lib/python3.12/site-packages/airflow/example_dags/tutorial_dag.py
[2024-10-19T14:28:26.934+0000] {logging_mixin.py:190} INFO - [2024-10-19T14:28:26.933+0000] {dag.py:3229} INFO - Sync 1 DAGs
[2024-10-19T14:28:26.986+0000] {logging_mixin.py:190} INFO - [2024-10-19T14:28:26.985+0000] {dag.py:4156} INFO - Setting next_dagrun for tutorial_dag to None, run_after=None
[2024-10-19T14:28:27.061+0000] {processor.py:208} INFO - Processing /home/airflow/.local/lib/python3.12/site-packages/airflow/example_dags/tutorial_dag.py took 0.281 seconds
[2024-10-19T14:28:57.620+0000] {processor.py:186} INFO - Started process (PID=266) to work on /home/airflow/.local/lib/python3.12/site-packages/airflow/example_dags/tutorial_dag.py
[2024-10-19T14:28:57.622+0000] {processor.py:914} INFO - Processing file /home/airflow/.local/lib/python3.12/site-packages/airflow/example_dags/tutorial_dag.py for tasks to queue
[2024-10-19T14:28:57.627+0000] {logging_mixin.py:190} INFO - [2024-10-19T14:28:57.626+0000] {dagbag.py:587} INFO - Filling up the DagBag from /home/airflow/.local/lib/python3.12/site-packages/airflow/example_dags/tutorial_dag.py
[2024-10-19T14:28:57.642+0000] {processor.py:925} INFO - DAG(s) 'tutorial_dag' retrieved from /home/airflow/.local/lib/python3.12/site-packages/airflow/example_dags/tutorial_dag.py
[2024-10-19T14:28:57.686+0000] {logging_mixin.py:190} INFO - [2024-10-19T14:28:57.685+0000] {dag.py:3229} INFO - Sync 1 DAGs
[2024-10-19T14:28:57.719+0000] {logging_mixin.py:190} INFO - [2024-10-19T14:28:57.718+0000] {dag.py:4156} INFO - Setting next_dagrun for tutorial_dag to None, run_after=None
[2024-10-19T14:28:57.759+0000] {processor.py:208} INFO - Processing /home/airflow/.local/lib/python3.12/site-packages/airflow/example_dags/tutorial_dag.py took 0.153 seconds
[2024-10-19T14:29:28.888+0000] {processor.py:186} INFO - Started process (PID=328) to work on /home/airflow/.local/lib/python3.12/site-packages/airflow/example_dags/tutorial_dag.py
[2024-10-19T14:29:28.890+0000] {processor.py:914} INFO - Processing file /home/airflow/.local/lib/python3.12/site-packages/airflow/example_dags/tutorial_dag.py for tasks to queue
[2024-10-19T14:29:28.895+0000] {logging_mixin.py:190} INFO - [2024-10-19T14:29:28.894+0000] {dagbag.py:587} INFO - Filling up the DagBag from /home/airflow/.local/lib/python3.12/site-packages/airflow/example_dags/tutorial_dag.py
[2024-10-19T14:29:28.911+0000] {processor.py:925} INFO - DAG(s) 'tutorial_dag' retrieved from /home/airflow/.local/lib/python3.12/site-packages/airflow/example_dags/tutorial_dag.py
[2024-10-19T14:29:28.945+0000] {logging_mixin.py:190} INFO - [2024-10-19T14:29:28.945+0000] {dag.py:3229} INFO - Sync 1 DAGs
[2024-10-19T14:29:28.979+0000] {logging_mixin.py:190} INFO - [2024-10-19T14:29:28.979+0000] {dag.py:4156} INFO - Setting next_dagrun for tutorial_dag to None, run_after=None
[2024-10-19T14:29:29.026+0000] {processor.py:208} INFO - Processing /home/airflow/.local/lib/python3.12/site-packages/airflow/example_dags/tutorial_dag.py took 0.153 seconds
[2024-10-19T14:29:59.897+0000] {processor.py:186} INFO - Started process (PID=390) to work on /home/airflow/.local/lib/python3.12/site-packages/airflow/example_dags/tutorial_dag.py
[2024-10-19T14:29:59.900+0000] {processor.py:914} INFO - Processing file /home/airflow/.local/lib/python3.12/site-packages/airflow/example_dags/tutorial_dag.py for tasks to queue
[2024-10-19T14:29:59.905+0000] {logging_mixin.py:190} INFO - [2024-10-19T14:29:59.905+0000] {dagbag.py:587} INFO - Filling up the DagBag from /home/airflow/.local/lib/python3.12/site-packages/airflow/example_dags/tutorial_dag.py
[2024-10-19T14:29:59.921+0000] {processor.py:925} INFO - DAG(s) 'tutorial_dag' retrieved from /home/airflow/.local/lib/python3.12/site-packages/airflow/example_dags/tutorial_dag.py
[2024-10-19T14:29:59.968+0000] {logging_mixin.py:190} INFO - [2024-10-19T14:29:59.967+0000] {dag.py:3229} INFO - Sync 1 DAGs
[2024-10-19T14:30:00.006+0000] {logging_mixin.py:190} INFO - [2024-10-19T14:30:00.005+0000] {dag.py:4156} INFO - Setting next_dagrun for tutorial_dag to None, run_after=None
[2024-10-19T14:30:00.083+0000] {processor.py:208} INFO - Processing /home/airflow/.local/lib/python3.12/site-packages/airflow/example_dags/tutorial_dag.py took 0.200 seconds
[2024-10-19T14:30:30.711+0000] {processor.py:186} INFO - Started process (PID=457) to work on /home/airflow/.local/lib/python3.12/site-packages/airflow/example_dags/tutorial_dag.py
[2024-10-19T14:30:30.714+0000] {processor.py:914} INFO - Processing file /home/airflow/.local/lib/python3.12/site-packages/airflow/example_dags/tutorial_dag.py for tasks to queue
[2024-10-19T14:30:30.718+0000] {logging_mixin.py:190} INFO - [2024-10-19T14:30:30.717+0000] {dagbag.py:587} INFO - Filling up the DagBag from /home/airflow/.local/lib/python3.12/site-packages/airflow/example_dags/tutorial_dag.py
[2024-10-19T14:30:30.731+0000] {processor.py:925} INFO - DAG(s) 'tutorial_dag' retrieved from /home/airflow/.local/lib/python3.12/site-packages/airflow/example_dags/tutorial_dag.py
[2024-10-19T14:30:30.770+0000] {logging_mixin.py:190} INFO - [2024-10-19T14:30:30.770+0000] {dag.py:3229} INFO - Sync 1 DAGs
[2024-10-19T14:30:30.804+0000] {logging_mixin.py:190} INFO - [2024-10-19T14:30:30.804+0000] {dag.py:4156} INFO - Setting next_dagrun for tutorial_dag to None, run_after=None
[2024-10-19T14:30:30.844+0000] {processor.py:208} INFO - Processing /home/airflow/.local/lib/python3.12/site-packages/airflow/example_dags/tutorial_dag.py took 0.144 seconds
[2024-10-19T14:31:01.632+0000] {processor.py:186} INFO - Started process (PID=519) to work on /home/airflow/.local/lib/python3.12/site-packages/airflow/example_dags/tutorial_dag.py
[2024-10-19T14:31:01.634+0000] {processor.py:914} INFO - Processing file /home/airflow/.local/lib/python3.12/site-packages/airflow/example_dags/tutorial_dag.py for tasks to queue
[2024-10-19T14:31:01.639+0000] {logging_mixin.py:190} INFO - [2024-10-19T14:31:01.638+0000] {dagbag.py:587} INFO - Filling up the DagBag from /home/airflow/.local/lib/python3.12/site-packages/airflow/example_dags/tutorial_dag.py
[2024-10-19T14:31:01.654+0000] {processor.py:925} INFO - DAG(s) 'tutorial_dag' retrieved from /home/airflow/.local/lib/python3.12/site-packages/airflow/example_dags/tutorial_dag.py
[2024-10-19T14:31:01.709+0000] {logging_mixin.py:190} INFO - [2024-10-19T14:31:01.709+0000] {dag.py:3229} INFO - Sync 1 DAGs
[2024-10-19T14:31:01.751+0000] {logging_mixin.py:190} INFO - [2024-10-19T14:31:01.750+0000] {dag.py:4156} INFO - Setting next_dagrun for tutorial_dag to None, run_after=None
[2024-10-19T14:31:01.798+0000] {processor.py:208} INFO - Processing /home/airflow/.local/lib/python3.12/site-packages/airflow/example_dags/tutorial_dag.py took 0.182 seconds
[2024-10-19T14:31:32.192+0000] {processor.py:186} INFO - Started process (PID=581) to work on /home/airflow/.local/lib/python3.12/site-packages/airflow/example_dags/tutorial_dag.py
[2024-10-19T14:31:32.194+0000] {processor.py:914} INFO - Processing file /home/airflow/.local/lib/python3.12/site-packages/airflow/example_dags/tutorial_dag.py for tasks to queue
[2024-10-19T14:31:32.200+0000] {logging_mixin.py:190} INFO - [2024-10-19T14:31:32.200+0000] {dagbag.py:587} INFO - Filling up the DagBag from /home/airflow/.local/lib/python3.12/site-packages/airflow/example_dags/tutorial_dag.py
[2024-10-19T14:31:32.215+0000] {processor.py:925} INFO - DAG(s) 'tutorial_dag' retrieved from /home/airflow/.local/lib/python3.12/site-packages/airflow/example_dags/tutorial_dag.py
[2024-10-19T14:31:32.261+0000] {logging_mixin.py:190} INFO - [2024-10-19T14:31:32.261+0000] {dag.py:3229} INFO - Sync 1 DAGs
[2024-10-19T14:31:32.297+0000] {logging_mixin.py:190} INFO - [2024-10-19T14:31:32.297+0000] {dag.py:4156} INFO - Setting next_dagrun for tutorial_dag to None, run_after=None
[2024-10-19T14:31:32.346+0000] {processor.py:208} INFO - Processing /home/airflow/.local/lib/python3.12/site-packages/airflow/example_dags/tutorial_dag.py took 0.168 seconds
[2024-10-19T14:32:03.519+0000] {processor.py:186} INFO - Started process (PID=643) to work on /home/airflow/.local/lib/python3.12/site-packages/airflow/example_dags/tutorial_dag.py
[2024-10-19T14:32:03.522+0000] {processor.py:914} INFO - Processing file /home/airflow/.local/lib/python3.12/site-packages/airflow/example_dags/tutorial_dag.py for tasks to queue
[2024-10-19T14:32:03.526+0000] {logging_mixin.py:190} INFO - [2024-10-19T14:32:03.525+0000] {dagbag.py:587} INFO - Filling up the DagBag from /home/airflow/.local/lib/python3.12/site-packages/airflow/example_dags/tutorial_dag.py
[2024-10-19T14:32:03.547+0000] {processor.py:925} INFO - DAG(s) 'tutorial_dag' retrieved from /home/airflow/.local/lib/python3.12/site-packages/airflow/example_dags/tutorial_dag.py
[2024-10-19T14:32:03.597+0000] {logging_mixin.py:190} INFO - [2024-10-19T14:32:03.597+0000] {dag.py:3229} INFO - Sync 1 DAGs
[2024-10-19T14:32:03.641+0000] {logging_mixin.py:190} INFO - [2024-10-19T14:32:03.641+0000] {dag.py:4156} INFO - Setting next_dagrun for tutorial_dag to None, run_after=None
[2024-10-19T14:32:03.696+0000] {processor.py:208} INFO - Processing /home/airflow/.local/lib/python3.12/site-packages/airflow/example_dags/tutorial_dag.py took 0.192 seconds
[2024-10-19T14:32:34.135+0000] {processor.py:186} INFO - Started process (PID=705) to work on /home/airflow/.local/lib/python3.12/site-packages/airflow/example_dags/tutorial_dag.py
[2024-10-19T14:32:34.137+0000] {processor.py:914} INFO - Processing file /home/airflow/.local/lib/python3.12/site-packages/airflow/example_dags/tutorial_dag.py for tasks to queue
[2024-10-19T14:32:34.142+0000] {logging_mixin.py:190} INFO - [2024-10-19T14:32:34.141+0000] {dagbag.py:587} INFO - Filling up the DagBag from /home/airflow/.local/lib/python3.12/site-packages/airflow/example_dags/tutorial_dag.py
[2024-10-19T14:32:34.157+0000] {processor.py:925} INFO - DAG(s) 'tutorial_dag' retrieved from /home/airflow/.local/lib/python3.12/site-packages/airflow/example_dags/tutorial_dag.py
[2024-10-19T14:32:34.206+0000] {logging_mixin.py:190} INFO - [2024-10-19T14:32:34.206+0000] {dag.py:3229} INFO - Sync 1 DAGs
[2024-10-19T14:32:34.255+0000] {logging_mixin.py:190} INFO - [2024-10-19T14:32:34.255+0000] {dag.py:4156} INFO - Setting next_dagrun for tutorial_dag to None, run_after=None
[2024-10-19T14:32:34.307+0000] {processor.py:208} INFO - Processing /home/airflow/.local/lib/python3.12/site-packages/airflow/example_dags/tutorial_dag.py took 0.187 seconds
[2024-10-19T14:33:04.411+0000] {processor.py:186} INFO - Started process (PID=766) to work on /home/airflow/.local/lib/python3.12/site-packages/airflow/example_dags/tutorial_dag.py
[2024-10-19T14:33:04.417+0000] {processor.py:914} INFO - Processing file /home/airflow/.local/lib/python3.12/site-packages/airflow/example_dags/tutorial_dag.py for tasks to queue
[2024-10-19T14:33:04.422+0000] {logging_mixin.py:190} INFO - [2024-10-19T14:33:04.421+0000] {dagbag.py:587} INFO - Filling up the DagBag from /home/airflow/.local/lib/python3.12/site-packages/airflow/example_dags/tutorial_dag.py
[2024-10-19T14:33:04.437+0000] {processor.py:925} INFO - DAG(s) 'tutorial_dag' retrieved from /home/airflow/.local/lib/python3.12/site-packages/airflow/example_dags/tutorial_dag.py
[2024-10-19T14:33:04.480+0000] {logging_mixin.py:190} INFO - [2024-10-19T14:33:04.480+0000] {dag.py:3229} INFO - Sync 1 DAGs
[2024-10-19T14:33:04.514+0000] {logging_mixin.py:190} INFO - [2024-10-19T14:33:04.514+0000] {dag.py:4156} INFO - Setting next_dagrun for tutorial_dag to None, run_after=None
[2024-10-19T14:33:04.555+0000] {processor.py:208} INFO - Processing /home/airflow/.local/lib/python3.12/site-packages/airflow/example_dags/tutorial_dag.py took 0.159 seconds
[2024-10-19T14:33:35.497+0000] {processor.py:186} INFO - Started process (PID=826) to work on /home/airflow/.local/lib/python3.12/site-packages/airflow/example_dags/tutorial_dag.py
[2024-10-19T14:33:35.499+0000] {processor.py:914} INFO - Processing file /home/airflow/.local/lib/python3.12/site-packages/airflow/example_dags/tutorial_dag.py for tasks to queue
[2024-10-19T14:33:35.506+0000] {logging_mixin.py:190} INFO - [2024-10-19T14:33:35.505+0000] {dagbag.py:587} INFO - Filling up the DagBag from /home/airflow/.local/lib/python3.12/site-packages/airflow/example_dags/tutorial_dag.py
[2024-10-19T14:33:35.523+0000] {processor.py:925} INFO - DAG(s) 'tutorial_dag' retrieved from /home/airflow/.local/lib/python3.12/site-packages/airflow/example_dags/tutorial_dag.py
[2024-10-19T14:33:35.569+0000] {logging_mixin.py:190} INFO - [2024-10-19T14:33:35.568+0000] {dag.py:3229} INFO - Sync 1 DAGs
[2024-10-19T14:33:35.607+0000] {logging_mixin.py:190} INFO - [2024-10-19T14:33:35.607+0000] {dag.py:4156} INFO - Setting next_dagrun for tutorial_dag to None, run_after=None
[2024-10-19T14:33:35.655+0000] {processor.py:208} INFO - Processing /home/airflow/.local/lib/python3.12/site-packages/airflow/example_dags/tutorial_dag.py took 0.174 seconds
[2024-10-19T14:34:06.093+0000] {processor.py:186} INFO - Started process (PID=888) to work on /home/airflow/.local/lib/python3.12/site-packages/airflow/example_dags/tutorial_dag.py
[2024-10-19T14:34:06.095+0000] {processor.py:914} INFO - Processing file /home/airflow/.local/lib/python3.12/site-packages/airflow/example_dags/tutorial_dag.py for tasks to queue
[2024-10-19T14:34:06.099+0000] {logging_mixin.py:190} INFO - [2024-10-19T14:34:06.098+0000] {dagbag.py:587} INFO - Filling up the DagBag from /home/airflow/.local/lib/python3.12/site-packages/airflow/example_dags/tutorial_dag.py
[2024-10-19T14:34:06.120+0000] {processor.py:925} INFO - DAG(s) 'tutorial_dag' retrieved from /home/airflow/.local/lib/python3.12/site-packages/airflow/example_dags/tutorial_dag.py
[2024-10-19T14:34:06.163+0000] {logging_mixin.py:190} INFO - [2024-10-19T14:34:06.162+0000] {dag.py:3229} INFO - Sync 1 DAGs
[2024-10-19T14:34:06.203+0000] {logging_mixin.py:190} INFO - [2024-10-19T14:34:06.203+0000] {dag.py:4156} INFO - Setting next_dagrun for tutorial_dag to None, run_after=None
[2024-10-19T14:34:06.249+0000] {processor.py:208} INFO - Processing /home/airflow/.local/lib/python3.12/site-packages/airflow/example_dags/tutorial_dag.py took 0.170 seconds
[2024-10-19T14:34:36.767+0000] {processor.py:186} INFO - Started process (PID=949) to work on /home/airflow/.local/lib/python3.12/site-packages/airflow/example_dags/tutorial_dag.py
[2024-10-19T14:34:36.769+0000] {processor.py:914} INFO - Processing file /home/airflow/.local/lib/python3.12/site-packages/airflow/example_dags/tutorial_dag.py for tasks to queue
[2024-10-19T14:34:36.774+0000] {logging_mixin.py:190} INFO - [2024-10-19T14:34:36.773+0000] {dagbag.py:587} INFO - Filling up the DagBag from /home/airflow/.local/lib/python3.12/site-packages/airflow/example_dags/tutorial_dag.py
[2024-10-19T14:34:36.788+0000] {processor.py:925} INFO - DAG(s) 'tutorial_dag' retrieved from /home/airflow/.local/lib/python3.12/site-packages/airflow/example_dags/tutorial_dag.py
[2024-10-19T14:34:36.830+0000] {logging_mixin.py:190} INFO - [2024-10-19T14:34:36.829+0000] {dag.py:3229} INFO - Sync 1 DAGs
[2024-10-19T14:34:36.863+0000] {logging_mixin.py:190} INFO - [2024-10-19T14:34:36.862+0000] {dag.py:4156} INFO - Setting next_dagrun for tutorial_dag to None, run_after=None
[2024-10-19T14:34:36.902+0000] {processor.py:208} INFO - Processing /home/airflow/.local/lib/python3.12/site-packages/airflow/example_dags/tutorial_dag.py took 0.149 seconds
[2024-10-19T14:35:07.283+0000] {processor.py:186} INFO - Started process (PID=1012) to work on /home/airflow/.local/lib/python3.12/site-packages/airflow/example_dags/tutorial_dag.py
[2024-10-19T14:35:07.285+0000] {processor.py:914} INFO - Processing file /home/airflow/.local/lib/python3.12/site-packages/airflow/example_dags/tutorial_dag.py for tasks to queue
[2024-10-19T14:35:07.288+0000] {logging_mixin.py:190} INFO - [2024-10-19T14:35:07.288+0000] {dagbag.py:587} INFO - Filling up the DagBag from /home/airflow/.local/lib/python3.12/site-packages/airflow/example_dags/tutorial_dag.py
[2024-10-19T14:35:07.300+0000] {processor.py:925} INFO - DAG(s) 'tutorial_dag' retrieved from /home/airflow/.local/lib/python3.12/site-packages/airflow/example_dags/tutorial_dag.py
[2024-10-19T14:35:07.336+0000] {logging_mixin.py:190} INFO - [2024-10-19T14:35:07.336+0000] {dag.py:3229} INFO - Sync 1 DAGs
[2024-10-19T14:35:07.363+0000] {logging_mixin.py:190} INFO - [2024-10-19T14:35:07.363+0000] {dag.py:4156} INFO - Setting next_dagrun for tutorial_dag to None, run_after=None
[2024-10-19T14:35:07.396+0000] {processor.py:208} INFO - Processing /home/airflow/.local/lib/python3.12/site-packages/airflow/example_dags/tutorial_dag.py took 0.125 seconds
[2024-10-19T14:35:38.004+0000] {processor.py:186} INFO - Started process (PID=1075) to work on /home/airflow/.local/lib/python3.12/site-packages/airflow/example_dags/tutorial_dag.py
[2024-10-19T14:35:38.006+0000] {processor.py:914} INFO - Processing file /home/airflow/.local/lib/python3.12/site-packages/airflow/example_dags/tutorial_dag.py for tasks to queue
[2024-10-19T14:35:38.010+0000] {logging_mixin.py:190} INFO - [2024-10-19T14:35:38.010+0000] {dagbag.py:587} INFO - Filling up the DagBag from /home/airflow/.local/lib/python3.12/site-packages/airflow/example_dags/tutorial_dag.py
[2024-10-19T14:35:38.024+0000] {processor.py:925} INFO - DAG(s) 'tutorial_dag' retrieved from /home/airflow/.local/lib/python3.12/site-packages/airflow/example_dags/tutorial_dag.py
[2024-10-19T14:35:38.063+0000] {logging_mixin.py:190} INFO - [2024-10-19T14:35:38.063+0000] {dag.py:3229} INFO - Sync 1 DAGs
[2024-10-19T14:35:38.098+0000] {logging_mixin.py:190} INFO - [2024-10-19T14:35:38.097+0000] {dag.py:4156} INFO - Setting next_dagrun for tutorial_dag to None, run_after=None
[2024-10-19T14:35:38.133+0000] {processor.py:208} INFO - Processing /home/airflow/.local/lib/python3.12/site-packages/airflow/example_dags/tutorial_dag.py took 0.141 seconds
[2024-10-19T14:36:08.877+0000] {processor.py:186} INFO - Started process (PID=1137) to work on /home/airflow/.local/lib/python3.12/site-packages/airflow/example_dags/tutorial_dag.py
[2024-10-19T14:36:08.879+0000] {processor.py:914} INFO - Processing file /home/airflow/.local/lib/python3.12/site-packages/airflow/example_dags/tutorial_dag.py for tasks to queue
[2024-10-19T14:36:08.884+0000] {logging_mixin.py:190} INFO - [2024-10-19T14:36:08.883+0000] {dagbag.py:587} INFO - Filling up the DagBag from /home/airflow/.local/lib/python3.12/site-packages/airflow/example_dags/tutorial_dag.py
[2024-10-19T14:36:08.898+0000] {processor.py:925} INFO - DAG(s) 'tutorial_dag' retrieved from /home/airflow/.local/lib/python3.12/site-packages/airflow/example_dags/tutorial_dag.py
[2024-10-19T14:36:08.934+0000] {logging_mixin.py:190} INFO - [2024-10-19T14:36:08.933+0000] {dag.py:3229} INFO - Sync 1 DAGs
[2024-10-19T14:36:08.960+0000] {logging_mixin.py:190} INFO - [2024-10-19T14:36:08.959+0000] {dag.py:4156} INFO - Setting next_dagrun for tutorial_dag to None, run_after=None
[2024-10-19T14:36:08.997+0000] {processor.py:208} INFO - Processing /home/airflow/.local/lib/python3.12/site-packages/airflow/example_dags/tutorial_dag.py took 0.132 seconds
[2024-10-19T14:36:39.772+0000] {processor.py:186} INFO - Started process (PID=1198) to work on /home/airflow/.local/lib/python3.12/site-packages/airflow/example_dags/tutorial_dag.py
[2024-10-19T14:36:39.774+0000] {processor.py:914} INFO - Processing file /home/airflow/.local/lib/python3.12/site-packages/airflow/example_dags/tutorial_dag.py for tasks to queue
[2024-10-19T14:36:39.783+0000] {logging_mixin.py:190} INFO - [2024-10-19T14:36:39.782+0000] {dagbag.py:587} INFO - Filling up the DagBag from /home/airflow/.local/lib/python3.12/site-packages/airflow/example_dags/tutorial_dag.py
[2024-10-19T14:36:39.800+0000] {processor.py:925} INFO - DAG(s) 'tutorial_dag' retrieved from /home/airflow/.local/lib/python3.12/site-packages/airflow/example_dags/tutorial_dag.py
[2024-10-19T14:36:39.846+0000] {logging_mixin.py:190} INFO - [2024-10-19T14:36:39.846+0000] {dag.py:3229} INFO - Sync 1 DAGs
[2024-10-19T14:36:39.890+0000] {logging_mixin.py:190} INFO - [2024-10-19T14:36:39.889+0000] {dag.py:4156} INFO - Setting next_dagrun for tutorial_dag to None, run_after=None
[2024-10-19T14:36:39.939+0000] {processor.py:208} INFO - Processing /home/airflow/.local/lib/python3.12/site-packages/airflow/example_dags/tutorial_dag.py took 0.184 seconds
[2024-10-19T14:37:10.331+0000] {processor.py:186} INFO - Started process (PID=1260) to work on /home/airflow/.local/lib/python3.12/site-packages/airflow/example_dags/tutorial_dag.py
[2024-10-19T14:37:10.335+0000] {processor.py:914} INFO - Processing file /home/airflow/.local/lib/python3.12/site-packages/airflow/example_dags/tutorial_dag.py for tasks to queue
[2024-10-19T14:37:10.339+0000] {logging_mixin.py:190} INFO - [2024-10-19T14:37:10.339+0000] {dagbag.py:587} INFO - Filling up the DagBag from /home/airflow/.local/lib/python3.12/site-packages/airflow/example_dags/tutorial_dag.py
[2024-10-19T14:37:10.357+0000] {processor.py:925} INFO - DAG(s) 'tutorial_dag' retrieved from /home/airflow/.local/lib/python3.12/site-packages/airflow/example_dags/tutorial_dag.py
[2024-10-19T14:37:10.412+0000] {logging_mixin.py:190} INFO - [2024-10-19T14:37:10.412+0000] {dag.py:3229} INFO - Sync 1 DAGs
[2024-10-19T14:37:10.453+0000] {logging_mixin.py:190} INFO - [2024-10-19T14:37:10.452+0000] {dag.py:4156} INFO - Setting next_dagrun for tutorial_dag to None, run_after=None
[2024-10-19T14:37:10.495+0000] {processor.py:208} INFO - Processing /home/airflow/.local/lib/python3.12/site-packages/airflow/example_dags/tutorial_dag.py took 0.178 seconds
[2024-10-19T14:37:41.839+0000] {processor.py:186} INFO - Started process (PID=1322) to work on /home/airflow/.local/lib/python3.12/site-packages/airflow/example_dags/tutorial_dag.py
[2024-10-19T14:37:41.841+0000] {processor.py:914} INFO - Processing file /home/airflow/.local/lib/python3.12/site-packages/airflow/example_dags/tutorial_dag.py for tasks to queue
[2024-10-19T14:37:41.847+0000] {logging_mixin.py:190} INFO - [2024-10-19T14:37:41.846+0000] {dagbag.py:587} INFO - Filling up the DagBag from /home/airflow/.local/lib/python3.12/site-packages/airflow/example_dags/tutorial_dag.py
[2024-10-19T14:37:41.865+0000] {processor.py:925} INFO - DAG(s) 'tutorial_dag' retrieved from /home/airflow/.local/lib/python3.12/site-packages/airflow/example_dags/tutorial_dag.py
[2024-10-19T14:37:41.914+0000] {logging_mixin.py:190} INFO - [2024-10-19T14:37:41.913+0000] {dag.py:3229} INFO - Sync 1 DAGs
[2024-10-19T14:37:41.955+0000] {logging_mixin.py:190} INFO - [2024-10-19T14:37:41.955+0000] {dag.py:4156} INFO - Setting next_dagrun for tutorial_dag to None, run_after=None
[2024-10-19T14:37:41.996+0000] {processor.py:208} INFO - Processing /home/airflow/.local/lib/python3.12/site-packages/airflow/example_dags/tutorial_dag.py took 0.173 seconds
[2024-10-19T14:38:12.670+0000] {processor.py:186} INFO - Started process (PID=1386) to work on /home/airflow/.local/lib/python3.12/site-packages/airflow/example_dags/tutorial_dag.py
[2024-10-19T14:38:12.674+0000] {processor.py:914} INFO - Processing file /home/airflow/.local/lib/python3.12/site-packages/airflow/example_dags/tutorial_dag.py for tasks to queue
[2024-10-19T14:38:12.705+0000] {logging_mixin.py:190} INFO - [2024-10-19T14:38:12.705+0000] {dagbag.py:587} INFO - Filling up the DagBag from /home/airflow/.local/lib/python3.12/site-packages/airflow/example_dags/tutorial_dag.py
[2024-10-19T14:38:12.742+0000] {processor.py:925} INFO - DAG(s) 'tutorial_dag' retrieved from /home/airflow/.local/lib/python3.12/site-packages/airflow/example_dags/tutorial_dag.py
[2024-10-19T14:38:12.806+0000] {logging_mixin.py:190} INFO - [2024-10-19T14:38:12.805+0000] {dag.py:3229} INFO - Sync 1 DAGs
[2024-10-19T14:38:12.860+0000] {logging_mixin.py:190} INFO - [2024-10-19T14:38:12.859+0000] {dag.py:4156} INFO - Setting next_dagrun for tutorial_dag to None, run_after=None
[2024-10-19T14:38:12.909+0000] {processor.py:208} INFO - Processing /home/airflow/.local/lib/python3.12/site-packages/airflow/example_dags/tutorial_dag.py took 0.274 seconds
[2024-10-19T14:38:43.364+0000] {processor.py:186} INFO - Started process (PID=1449) to work on /home/airflow/.local/lib/python3.12/site-packages/airflow/example_dags/tutorial_dag.py
[2024-10-19T14:38:43.367+0000] {processor.py:914} INFO - Processing file /home/airflow/.local/lib/python3.12/site-packages/airflow/example_dags/tutorial_dag.py for tasks to queue
[2024-10-19T14:38:43.373+0000] {logging_mixin.py:190} INFO - [2024-10-19T14:38:43.372+0000] {dagbag.py:587} INFO - Filling up the DagBag from /home/airflow/.local/lib/python3.12/site-packages/airflow/example_dags/tutorial_dag.py
[2024-10-19T14:38:43.399+0000] {processor.py:925} INFO - DAG(s) 'tutorial_dag' retrieved from /home/airflow/.local/lib/python3.12/site-packages/airflow/example_dags/tutorial_dag.py
[2024-10-19T14:38:43.442+0000] {logging_mixin.py:190} INFO - [2024-10-19T14:38:43.441+0000] {dag.py:3229} INFO - Sync 1 DAGs
[2024-10-19T14:38:43.468+0000] {logging_mixin.py:190} INFO - [2024-10-19T14:38:43.468+0000] {dag.py:4156} INFO - Setting next_dagrun for tutorial_dag to None, run_after=None
[2024-10-19T14:38:43.505+0000] {processor.py:208} INFO - Processing /home/airflow/.local/lib/python3.12/site-packages/airflow/example_dags/tutorial_dag.py took 0.162 seconds
[2024-10-19T14:39:14.088+0000] {processor.py:186} INFO - Started process (PID=1512) to work on /home/airflow/.local/lib/python3.12/site-packages/airflow/example_dags/tutorial_dag.py
[2024-10-19T14:39:14.090+0000] {processor.py:914} INFO - Processing file /home/airflow/.local/lib/python3.12/site-packages/airflow/example_dags/tutorial_dag.py for tasks to queue
[2024-10-19T14:39:14.096+0000] {logging_mixin.py:190} INFO - [2024-10-19T14:39:14.095+0000] {dagbag.py:587} INFO - Filling up the DagBag from /home/airflow/.local/lib/python3.12/site-packages/airflow/example_dags/tutorial_dag.py
[2024-10-19T14:39:14.112+0000] {processor.py:925} INFO - DAG(s) 'tutorial_dag' retrieved from /home/airflow/.local/lib/python3.12/site-packages/airflow/example_dags/tutorial_dag.py
[2024-10-19T14:39:14.159+0000] {logging_mixin.py:190} INFO - [2024-10-19T14:39:14.159+0000] {dag.py:3229} INFO - Sync 1 DAGs
[2024-10-19T14:39:14.199+0000] {logging_mixin.py:190} INFO - [2024-10-19T14:39:14.198+0000] {dag.py:4156} INFO - Setting next_dagrun for tutorial_dag to None, run_after=None
[2024-10-19T14:39:14.239+0000] {processor.py:208} INFO - Processing /home/airflow/.local/lib/python3.12/site-packages/airflow/example_dags/tutorial_dag.py took 0.165 seconds
[2024-10-19T14:39:45.273+0000] {processor.py:186} INFO - Started process (PID=1575) to work on /home/airflow/.local/lib/python3.12/site-packages/airflow/example_dags/tutorial_dag.py
[2024-10-19T14:39:45.274+0000] {processor.py:914} INFO - Processing file /home/airflow/.local/lib/python3.12/site-packages/airflow/example_dags/tutorial_dag.py for tasks to queue
[2024-10-19T14:39:45.279+0000] {logging_mixin.py:190} INFO - [2024-10-19T14:39:45.278+0000] {dagbag.py:587} INFO - Filling up the DagBag from /home/airflow/.local/lib/python3.12/site-packages/airflow/example_dags/tutorial_dag.py
[2024-10-19T14:39:45.291+0000] {processor.py:925} INFO - DAG(s) 'tutorial_dag' retrieved from /home/airflow/.local/lib/python3.12/site-packages/airflow/example_dags/tutorial_dag.py
[2024-10-19T14:39:45.331+0000] {logging_mixin.py:190} INFO - [2024-10-19T14:39:45.330+0000] {dag.py:3229} INFO - Sync 1 DAGs
[2024-10-19T14:39:45.368+0000] {logging_mixin.py:190} INFO - [2024-10-19T14:39:45.368+0000] {dag.py:4156} INFO - Setting next_dagrun for tutorial_dag to None, run_after=None
[2024-10-19T14:39:45.413+0000] {processor.py:208} INFO - Processing /home/airflow/.local/lib/python3.12/site-packages/airflow/example_dags/tutorial_dag.py took 0.156 seconds
[2024-10-19T14:40:15.979+0000] {processor.py:186} INFO - Started process (PID=1637) to work on /home/airflow/.local/lib/python3.12/site-packages/airflow/example_dags/tutorial_dag.py
[2024-10-19T14:40:15.981+0000] {processor.py:914} INFO - Processing file /home/airflow/.local/lib/python3.12/site-packages/airflow/example_dags/tutorial_dag.py for tasks to queue
[2024-10-19T14:40:15.986+0000] {logging_mixin.py:190} INFO - [2024-10-19T14:40:15.985+0000] {dagbag.py:587} INFO - Filling up the DagBag from /home/airflow/.local/lib/python3.12/site-packages/airflow/example_dags/tutorial_dag.py
[2024-10-19T14:40:16.004+0000] {processor.py:925} INFO - DAG(s) 'tutorial_dag' retrieved from /home/airflow/.local/lib/python3.12/site-packages/airflow/example_dags/tutorial_dag.py
[2024-10-19T14:40:16.059+0000] {logging_mixin.py:190} INFO - [2024-10-19T14:40:16.059+0000] {dag.py:3229} INFO - Sync 1 DAGs
[2024-10-19T14:40:16.108+0000] {logging_mixin.py:190} INFO - [2024-10-19T14:40:16.108+0000] {dag.py:4156} INFO - Setting next_dagrun for tutorial_dag to None, run_after=None
[2024-10-19T14:40:16.163+0000] {processor.py:208} INFO - Processing /home/airflow/.local/lib/python3.12/site-packages/airflow/example_dags/tutorial_dag.py took 0.199 seconds
[2024-10-19T14:40:46.645+0000] {processor.py:186} INFO - Started process (PID=1700) to work on /home/airflow/.local/lib/python3.12/site-packages/airflow/example_dags/tutorial_dag.py
[2024-10-19T14:40:46.648+0000] {processor.py:914} INFO - Processing file /home/airflow/.local/lib/python3.12/site-packages/airflow/example_dags/tutorial_dag.py for tasks to queue
[2024-10-19T14:40:46.652+0000] {logging_mixin.py:190} INFO - [2024-10-19T14:40:46.652+0000] {dagbag.py:587} INFO - Filling up the DagBag from /home/airflow/.local/lib/python3.12/site-packages/airflow/example_dags/tutorial_dag.py
[2024-10-19T14:40:46.669+0000] {processor.py:925} INFO - DAG(s) 'tutorial_dag' retrieved from /home/airflow/.local/lib/python3.12/site-packages/airflow/example_dags/tutorial_dag.py
[2024-10-19T14:40:46.718+0000] {logging_mixin.py:190} INFO - [2024-10-19T14:40:46.718+0000] {dag.py:3229} INFO - Sync 1 DAGs
[2024-10-19T14:40:46.760+0000] {logging_mixin.py:190} INFO - [2024-10-19T14:40:46.760+0000] {dag.py:4156} INFO - Setting next_dagrun for tutorial_dag to None, run_after=None
[2024-10-19T14:40:46.805+0000] {processor.py:208} INFO - Processing /home/airflow/.local/lib/python3.12/site-packages/airflow/example_dags/tutorial_dag.py took 0.173 seconds
[2024-10-19T14:41:17.581+0000] {processor.py:186} INFO - Started process (PID=1764) to work on /home/airflow/.local/lib/python3.12/site-packages/airflow/example_dags/tutorial_dag.py
[2024-10-19T14:41:17.583+0000] {processor.py:914} INFO - Processing file /home/airflow/.local/lib/python3.12/site-packages/airflow/example_dags/tutorial_dag.py for tasks to queue
[2024-10-19T14:41:17.590+0000] {logging_mixin.py:190} INFO - [2024-10-19T14:41:17.589+0000] {dagbag.py:587} INFO - Filling up the DagBag from /home/airflow/.local/lib/python3.12/site-packages/airflow/example_dags/tutorial_dag.py
[2024-10-19T14:41:17.613+0000] {processor.py:925} INFO - DAG(s) 'tutorial_dag' retrieved from /home/airflow/.local/lib/python3.12/site-packages/airflow/example_dags/tutorial_dag.py
[2024-10-19T14:41:17.681+0000] {logging_mixin.py:190} INFO - [2024-10-19T14:41:17.680+0000] {dag.py:3229} INFO - Sync 1 DAGs
[2024-10-19T14:41:17.714+0000] {logging_mixin.py:190} INFO - [2024-10-19T14:41:17.714+0000] {dag.py:4156} INFO - Setting next_dagrun for tutorial_dag to None, run_after=None
[2024-10-19T14:41:17.756+0000] {processor.py:208} INFO - Processing /home/airflow/.local/lib/python3.12/site-packages/airflow/example_dags/tutorial_dag.py took 0.191 seconds
[2024-10-19T14:41:48.283+0000] {processor.py:186} INFO - Started process (PID=1828) to work on /home/airflow/.local/lib/python3.12/site-packages/airflow/example_dags/tutorial_dag.py
[2024-10-19T14:41:48.287+0000] {processor.py:914} INFO - Processing file /home/airflow/.local/lib/python3.12/site-packages/airflow/example_dags/tutorial_dag.py for tasks to queue
[2024-10-19T14:41:48.301+0000] {logging_mixin.py:190} INFO - [2024-10-19T14:41:48.300+0000] {dagbag.py:587} INFO - Filling up the DagBag from /home/airflow/.local/lib/python3.12/site-packages/airflow/example_dags/tutorial_dag.py
[2024-10-19T14:41:48.363+0000] {processor.py:925} INFO - DAG(s) 'tutorial_dag' retrieved from /home/airflow/.local/lib/python3.12/site-packages/airflow/example_dags/tutorial_dag.py
[2024-10-19T14:41:48.485+0000] {logging_mixin.py:190} INFO - [2024-10-19T14:41:48.484+0000] {dag.py:3229} INFO - Sync 1 DAGs
[2024-10-19T14:41:48.522+0000] {logging_mixin.py:190} INFO - [2024-10-19T14:41:48.522+0000] {dag.py:4156} INFO - Setting next_dagrun for tutorial_dag to None, run_after=None
[2024-10-19T14:41:48.562+0000] {processor.py:208} INFO - Processing /home/airflow/.local/lib/python3.12/site-packages/airflow/example_dags/tutorial_dag.py took 0.315 seconds
[2024-10-19T14:42:19.382+0000] {processor.py:186} INFO - Started process (PID=1892) to work on /home/airflow/.local/lib/python3.12/site-packages/airflow/example_dags/tutorial_dag.py
[2024-10-19T14:42:19.384+0000] {processor.py:914} INFO - Processing file /home/airflow/.local/lib/python3.12/site-packages/airflow/example_dags/tutorial_dag.py for tasks to queue
[2024-10-19T14:42:19.390+0000] {logging_mixin.py:190} INFO - [2024-10-19T14:42:19.389+0000] {dagbag.py:587} INFO - Filling up the DagBag from /home/airflow/.local/lib/python3.12/site-packages/airflow/example_dags/tutorial_dag.py
[2024-10-19T14:42:19.407+0000] {processor.py:925} INFO - DAG(s) 'tutorial_dag' retrieved from /home/airflow/.local/lib/python3.12/site-packages/airflow/example_dags/tutorial_dag.py
[2024-10-19T14:42:19.446+0000] {logging_mixin.py:190} INFO - [2024-10-19T14:42:19.446+0000] {dag.py:3229} INFO - Sync 1 DAGs
[2024-10-19T14:42:19.479+0000] {logging_mixin.py:190} INFO - [2024-10-19T14:42:19.479+0000] {dag.py:4156} INFO - Setting next_dagrun for tutorial_dag to None, run_after=None
[2024-10-19T14:42:19.534+0000] {processor.py:208} INFO - Processing /home/airflow/.local/lib/python3.12/site-packages/airflow/example_dags/tutorial_dag.py took 0.164 seconds
[2024-10-19T14:42:50.420+0000] {processor.py:186} INFO - Started process (PID=1956) to work on /home/airflow/.local/lib/python3.12/site-packages/airflow/example_dags/tutorial_dag.py
[2024-10-19T14:42:50.422+0000] {processor.py:914} INFO - Processing file /home/airflow/.local/lib/python3.12/site-packages/airflow/example_dags/tutorial_dag.py for tasks to queue
[2024-10-19T14:42:50.427+0000] {logging_mixin.py:190} INFO - [2024-10-19T14:42:50.426+0000] {dagbag.py:587} INFO - Filling up the DagBag from /home/airflow/.local/lib/python3.12/site-packages/airflow/example_dags/tutorial_dag.py
[2024-10-19T14:42:50.442+0000] {processor.py:925} INFO - DAG(s) 'tutorial_dag' retrieved from /home/airflow/.local/lib/python3.12/site-packages/airflow/example_dags/tutorial_dag.py
[2024-10-19T14:42:50.491+0000] {logging_mixin.py:190} INFO - [2024-10-19T14:42:50.490+0000] {dag.py:3229} INFO - Sync 1 DAGs
[2024-10-19T14:42:50.531+0000] {logging_mixin.py:190} INFO - [2024-10-19T14:42:50.530+0000] {dag.py:4156} INFO - Setting next_dagrun for tutorial_dag to None, run_after=None
[2024-10-19T14:42:50.574+0000] {processor.py:208} INFO - Processing /home/airflow/.local/lib/python3.12/site-packages/airflow/example_dags/tutorial_dag.py took 0.167 seconds
[2024-10-19T14:43:21.390+0000] {processor.py:186} INFO - Started process (PID=2019) to work on /home/airflow/.local/lib/python3.12/site-packages/airflow/example_dags/tutorial_dag.py
[2024-10-19T14:43:21.392+0000] {processor.py:914} INFO - Processing file /home/airflow/.local/lib/python3.12/site-packages/airflow/example_dags/tutorial_dag.py for tasks to queue
[2024-10-19T14:43:21.395+0000] {logging_mixin.py:190} INFO - [2024-10-19T14:43:21.395+0000] {dagbag.py:587} INFO - Filling up the DagBag from /home/airflow/.local/lib/python3.12/site-packages/airflow/example_dags/tutorial_dag.py
[2024-10-19T14:43:21.408+0000] {processor.py:925} INFO - DAG(s) 'tutorial_dag' retrieved from /home/airflow/.local/lib/python3.12/site-packages/airflow/example_dags/tutorial_dag.py
[2024-10-19T14:43:21.447+0000] {logging_mixin.py:190} INFO - [2024-10-19T14:43:21.447+0000] {dag.py:3229} INFO - Sync 1 DAGs
[2024-10-19T14:43:21.483+0000] {logging_mixin.py:190} INFO - [2024-10-19T14:43:21.483+0000] {dag.py:4156} INFO - Setting next_dagrun for tutorial_dag to None, run_after=None
[2024-10-19T14:43:21.514+0000] {processor.py:208} INFO - Processing /home/airflow/.local/lib/python3.12/site-packages/airflow/example_dags/tutorial_dag.py took 0.138 seconds
[2024-10-19T14:43:52.167+0000] {processor.py:186} INFO - Started process (PID=2082) to work on /home/airflow/.local/lib/python3.12/site-packages/airflow/example_dags/tutorial_dag.py
[2024-10-19T14:43:52.169+0000] {processor.py:914} INFO - Processing file /home/airflow/.local/lib/python3.12/site-packages/airflow/example_dags/tutorial_dag.py for tasks to queue
[2024-10-19T14:43:52.173+0000] {logging_mixin.py:190} INFO - [2024-10-19T14:43:52.173+0000] {dagbag.py:587} INFO - Filling up the DagBag from /home/airflow/.local/lib/python3.12/site-packages/airflow/example_dags/tutorial_dag.py
[2024-10-19T14:43:52.190+0000] {processor.py:925} INFO - DAG(s) 'tutorial_dag' retrieved from /home/airflow/.local/lib/python3.12/site-packages/airflow/example_dags/tutorial_dag.py
[2024-10-19T14:43:52.231+0000] {logging_mixin.py:190} INFO - [2024-10-19T14:43:52.230+0000] {dag.py:3229} INFO - Sync 1 DAGs
[2024-10-19T14:43:52.265+0000] {logging_mixin.py:190} INFO - [2024-10-19T14:43:52.264+0000] {dag.py:4156} INFO - Setting next_dagrun for tutorial_dag to None, run_after=None
[2024-10-19T14:43:52.310+0000] {processor.py:208} INFO - Processing /home/airflow/.local/lib/python3.12/site-packages/airflow/example_dags/tutorial_dag.py took 0.155 seconds
[2024-10-19T14:44:23.356+0000] {processor.py:186} INFO - Started process (PID=2146) to work on /home/airflow/.local/lib/python3.12/site-packages/airflow/example_dags/tutorial_dag.py
[2024-10-19T14:44:23.359+0000] {processor.py:914} INFO - Processing file /home/airflow/.local/lib/python3.12/site-packages/airflow/example_dags/tutorial_dag.py for tasks to queue
[2024-10-19T14:44:23.364+0000] {logging_mixin.py:190} INFO - [2024-10-19T14:44:23.363+0000] {dagbag.py:587} INFO - Filling up the DagBag from /home/airflow/.local/lib/python3.12/site-packages/airflow/example_dags/tutorial_dag.py
[2024-10-19T14:44:23.387+0000] {processor.py:925} INFO - DAG(s) 'tutorial_dag' retrieved from /home/airflow/.local/lib/python3.12/site-packages/airflow/example_dags/tutorial_dag.py
[2024-10-19T14:44:23.435+0000] {logging_mixin.py:190} INFO - [2024-10-19T14:44:23.434+0000] {dag.py:3229} INFO - Sync 1 DAGs
[2024-10-19T14:44:23.466+0000] {logging_mixin.py:190} INFO - [2024-10-19T14:44:23.465+0000] {dag.py:4156} INFO - Setting next_dagrun for tutorial_dag to None, run_after=None
[2024-10-19T14:44:23.506+0000] {processor.py:208} INFO - Processing /home/airflow/.local/lib/python3.12/site-packages/airflow/example_dags/tutorial_dag.py took 0.165 seconds
[2024-10-19T14:44:53.672+0000] {processor.py:186} INFO - Started process (PID=2209) to work on /home/airflow/.local/lib/python3.12/site-packages/airflow/example_dags/tutorial_dag.py
[2024-10-19T14:44:53.674+0000] {processor.py:914} INFO - Processing file /home/airflow/.local/lib/python3.12/site-packages/airflow/example_dags/tutorial_dag.py for tasks to queue
[2024-10-19T14:44:53.677+0000] {logging_mixin.py:190} INFO - [2024-10-19T14:44:53.677+0000] {dagbag.py:587} INFO - Filling up the DagBag from /home/airflow/.local/lib/python3.12/site-packages/airflow/example_dags/tutorial_dag.py
[2024-10-19T14:44:53.689+0000] {processor.py:925} INFO - DAG(s) 'tutorial_dag' retrieved from /home/airflow/.local/lib/python3.12/site-packages/airflow/example_dags/tutorial_dag.py
[2024-10-19T14:44:53.724+0000] {logging_mixin.py:190} INFO - [2024-10-19T14:44:53.724+0000] {dag.py:3229} INFO - Sync 1 DAGs
[2024-10-19T14:44:53.752+0000] {logging_mixin.py:190} INFO - [2024-10-19T14:44:53.751+0000] {dag.py:4156} INFO - Setting next_dagrun for tutorial_dag to None, run_after=None
[2024-10-19T14:44:53.795+0000] {processor.py:208} INFO - Processing /home/airflow/.local/lib/python3.12/site-packages/airflow/example_dags/tutorial_dag.py took 0.134 seconds
[2024-10-19T14:45:24.421+0000] {processor.py:186} INFO - Started process (PID=2271) to work on /home/airflow/.local/lib/python3.12/site-packages/airflow/example_dags/tutorial_dag.py
[2024-10-19T14:45:24.424+0000] {processor.py:914} INFO - Processing file /home/airflow/.local/lib/python3.12/site-packages/airflow/example_dags/tutorial_dag.py for tasks to queue
[2024-10-19T14:45:24.428+0000] {logging_mixin.py:190} INFO - [2024-10-19T14:45:24.427+0000] {dagbag.py:587} INFO - Filling up the DagBag from /home/airflow/.local/lib/python3.12/site-packages/airflow/example_dags/tutorial_dag.py
[2024-10-19T14:45:24.445+0000] {processor.py:925} INFO - DAG(s) 'tutorial_dag' retrieved from /home/airflow/.local/lib/python3.12/site-packages/airflow/example_dags/tutorial_dag.py
[2024-10-19T14:45:24.501+0000] {logging_mixin.py:190} INFO - [2024-10-19T14:45:24.501+0000] {dag.py:3229} INFO - Sync 1 DAGs
[2024-10-19T14:45:24.554+0000] {logging_mixin.py:190} INFO - [2024-10-19T14:45:24.553+0000] {dag.py:4156} INFO - Setting next_dagrun for tutorial_dag to None, run_after=None
[2024-10-19T14:45:24.601+0000] {processor.py:208} INFO - Processing /home/airflow/.local/lib/python3.12/site-packages/airflow/example_dags/tutorial_dag.py took 0.195 seconds
[2024-10-19T14:45:54.935+0000] {processor.py:186} INFO - Started process (PID=2335) to work on /home/airflow/.local/lib/python3.12/site-packages/airflow/example_dags/tutorial_dag.py
[2024-10-19T14:45:54.938+0000] {processor.py:914} INFO - Processing file /home/airflow/.local/lib/python3.12/site-packages/airflow/example_dags/tutorial_dag.py for tasks to queue
[2024-10-19T14:45:54.943+0000] {logging_mixin.py:190} INFO - [2024-10-19T14:45:54.942+0000] {dagbag.py:587} INFO - Filling up the DagBag from /home/airflow/.local/lib/python3.12/site-packages/airflow/example_dags/tutorial_dag.py
[2024-10-19T14:45:54.960+0000] {processor.py:925} INFO - DAG(s) 'tutorial_dag' retrieved from /home/airflow/.local/lib/python3.12/site-packages/airflow/example_dags/tutorial_dag.py
[2024-10-19T14:45:55.012+0000] {logging_mixin.py:190} INFO - [2024-10-19T14:45:55.012+0000] {dag.py:3229} INFO - Sync 1 DAGs
[2024-10-19T14:45:55.049+0000] {logging_mixin.py:190} INFO - [2024-10-19T14:45:55.048+0000] {dag.py:4156} INFO - Setting next_dagrun for tutorial_dag to None, run_after=None
[2024-10-19T14:45:55.094+0000] {processor.py:208} INFO - Processing /home/airflow/.local/lib/python3.12/site-packages/airflow/example_dags/tutorial_dag.py took 0.173 seconds
[2024-10-19T14:46:25.871+0000] {processor.py:186} INFO - Started process (PID=2398) to work on /home/airflow/.local/lib/python3.12/site-packages/airflow/example_dags/tutorial_dag.py
[2024-10-19T14:46:25.873+0000] {processor.py:914} INFO - Processing file /home/airflow/.local/lib/python3.12/site-packages/airflow/example_dags/tutorial_dag.py for tasks to queue
[2024-10-19T14:46:25.877+0000] {logging_mixin.py:190} INFO - [2024-10-19T14:46:25.877+0000] {dagbag.py:587} INFO - Filling up the DagBag from /home/airflow/.local/lib/python3.12/site-packages/airflow/example_dags/tutorial_dag.py
[2024-10-19T14:46:25.893+0000] {processor.py:925} INFO - DAG(s) 'tutorial_dag' retrieved from /home/airflow/.local/lib/python3.12/site-packages/airflow/example_dags/tutorial_dag.py
[2024-10-19T14:46:25.930+0000] {logging_mixin.py:190} INFO - [2024-10-19T14:46:25.930+0000] {dag.py:3229} INFO - Sync 1 DAGs
[2024-10-19T14:46:25.968+0000] {logging_mixin.py:190} INFO - [2024-10-19T14:46:25.968+0000] {dag.py:4156} INFO - Setting next_dagrun for tutorial_dag to None, run_after=None
[2024-10-19T14:46:26.011+0000] {processor.py:208} INFO - Processing /home/airflow/.local/lib/python3.12/site-packages/airflow/example_dags/tutorial_dag.py took 0.154 seconds
[2024-10-19T14:46:56.834+0000] {processor.py:186} INFO - Started process (PID=2461) to work on /home/airflow/.local/lib/python3.12/site-packages/airflow/example_dags/tutorial_dag.py
[2024-10-19T14:46:56.836+0000] {processor.py:914} INFO - Processing file /home/airflow/.local/lib/python3.12/site-packages/airflow/example_dags/tutorial_dag.py for tasks to queue
[2024-10-19T14:46:56.842+0000] {logging_mixin.py:190} INFO - [2024-10-19T14:46:56.841+0000] {dagbag.py:587} INFO - Filling up the DagBag from /home/airflow/.local/lib/python3.12/site-packages/airflow/example_dags/tutorial_dag.py
[2024-10-19T14:46:56.862+0000] {processor.py:925} INFO - DAG(s) 'tutorial_dag' retrieved from /home/airflow/.local/lib/python3.12/site-packages/airflow/example_dags/tutorial_dag.py
[2024-10-19T14:46:56.909+0000] {logging_mixin.py:190} INFO - [2024-10-19T14:46:56.908+0000] {dag.py:3229} INFO - Sync 1 DAGs
[2024-10-19T14:46:56.947+0000] {logging_mixin.py:190} INFO - [2024-10-19T14:46:56.946+0000] {dag.py:4156} INFO - Setting next_dagrun for tutorial_dag to None, run_after=None
[2024-10-19T14:46:56.996+0000] {processor.py:208} INFO - Processing /home/airflow/.local/lib/python3.12/site-packages/airflow/example_dags/tutorial_dag.py took 0.181 seconds
[2024-10-19T14:47:27.552+0000] {processor.py:186} INFO - Started process (PID=2524) to work on /home/airflow/.local/lib/python3.12/site-packages/airflow/example_dags/tutorial_dag.py
[2024-10-19T14:47:27.557+0000] {processor.py:914} INFO - Processing file /home/airflow/.local/lib/python3.12/site-packages/airflow/example_dags/tutorial_dag.py for tasks to queue
[2024-10-19T14:47:27.562+0000] {logging_mixin.py:190} INFO - [2024-10-19T14:47:27.561+0000] {dagbag.py:587} INFO - Filling up the DagBag from /home/airflow/.local/lib/python3.12/site-packages/airflow/example_dags/tutorial_dag.py
[2024-10-19T14:47:27.579+0000] {processor.py:925} INFO - DAG(s) 'tutorial_dag' retrieved from /home/airflow/.local/lib/python3.12/site-packages/airflow/example_dags/tutorial_dag.py
[2024-10-19T14:47:27.631+0000] {logging_mixin.py:190} INFO - [2024-10-19T14:47:27.631+0000] {dag.py:3229} INFO - Sync 1 DAGs
[2024-10-19T14:47:27.667+0000] {logging_mixin.py:190} INFO - [2024-10-19T14:47:27.666+0000] {dag.py:4156} INFO - Setting next_dagrun for tutorial_dag to None, run_after=None
[2024-10-19T14:47:27.711+0000] {processor.py:208} INFO - Processing /home/airflow/.local/lib/python3.12/site-packages/airflow/example_dags/tutorial_dag.py took 0.174 seconds
[2024-10-19T14:47:58.138+0000] {processor.py:186} INFO - Started process (PID=2588) to work on /home/airflow/.local/lib/python3.12/site-packages/airflow/example_dags/tutorial_dag.py
[2024-10-19T14:47:58.142+0000] {processor.py:914} INFO - Processing file /home/airflow/.local/lib/python3.12/site-packages/airflow/example_dags/tutorial_dag.py for tasks to queue
[2024-10-19T14:47:58.151+0000] {logging_mixin.py:190} INFO - [2024-10-19T14:47:58.150+0000] {dagbag.py:587} INFO - Filling up the DagBag from /home/airflow/.local/lib/python3.12/site-packages/airflow/example_dags/tutorial_dag.py
[2024-10-19T14:47:58.180+0000] {processor.py:925} INFO - DAG(s) 'tutorial_dag' retrieved from /home/airflow/.local/lib/python3.12/site-packages/airflow/example_dags/tutorial_dag.py
[2024-10-19T14:47:58.236+0000] {logging_mixin.py:190} INFO - [2024-10-19T14:47:58.236+0000] {dag.py:3229} INFO - Sync 1 DAGs
[2024-10-19T14:47:58.277+0000] {logging_mixin.py:190} INFO - [2024-10-19T14:47:58.277+0000] {dag.py:4156} INFO - Setting next_dagrun for tutorial_dag to None, run_after=None
[2024-10-19T14:47:58.344+0000] {processor.py:208} INFO - Processing /home/airflow/.local/lib/python3.12/site-packages/airflow/example_dags/tutorial_dag.py took 0.222 seconds
[2024-10-19T14:48:28.761+0000] {processor.py:186} INFO - Started process (PID=2651) to work on /home/airflow/.local/lib/python3.12/site-packages/airflow/example_dags/tutorial_dag.py
[2024-10-19T14:48:28.772+0000] {processor.py:914} INFO - Processing file /home/airflow/.local/lib/python3.12/site-packages/airflow/example_dags/tutorial_dag.py for tasks to queue
[2024-10-19T14:48:28.777+0000] {logging_mixin.py:190} INFO - [2024-10-19T14:48:28.776+0000] {dagbag.py:587} INFO - Filling up the DagBag from /home/airflow/.local/lib/python3.12/site-packages/airflow/example_dags/tutorial_dag.py
[2024-10-19T14:48:28.815+0000] {processor.py:925} INFO - DAG(s) 'tutorial_dag' retrieved from /home/airflow/.local/lib/python3.12/site-packages/airflow/example_dags/tutorial_dag.py
[2024-10-19T14:48:28.923+0000] {logging_mixin.py:190} INFO - [2024-10-19T14:48:28.922+0000] {dag.py:3229} INFO - Sync 1 DAGs
[2024-10-19T14:48:28.971+0000] {logging_mixin.py:190} INFO - [2024-10-19T14:48:28.970+0000] {dag.py:4156} INFO - Setting next_dagrun for tutorial_dag to None, run_after=None
[2024-10-19T14:48:29.015+0000] {processor.py:208} INFO - Processing /home/airflow/.local/lib/python3.12/site-packages/airflow/example_dags/tutorial_dag.py took 0.294 seconds
[2024-10-19T14:49:00.171+0000] {processor.py:186} INFO - Started process (PID=2715) to work on /home/airflow/.local/lib/python3.12/site-packages/airflow/example_dags/tutorial_dag.py
[2024-10-19T14:49:00.174+0000] {processor.py:914} INFO - Processing file /home/airflow/.local/lib/python3.12/site-packages/airflow/example_dags/tutorial_dag.py for tasks to queue
[2024-10-19T14:49:00.179+0000] {logging_mixin.py:190} INFO - [2024-10-19T14:49:00.178+0000] {dagbag.py:587} INFO - Filling up the DagBag from /home/airflow/.local/lib/python3.12/site-packages/airflow/example_dags/tutorial_dag.py
[2024-10-19T14:49:00.193+0000] {processor.py:925} INFO - DAG(s) 'tutorial_dag' retrieved from /home/airflow/.local/lib/python3.12/site-packages/airflow/example_dags/tutorial_dag.py
[2024-10-19T14:49:00.244+0000] {logging_mixin.py:190} INFO - [2024-10-19T14:49:00.243+0000] {dag.py:3229} INFO - Sync 1 DAGs
[2024-10-19T14:49:00.288+0000] {logging_mixin.py:190} INFO - [2024-10-19T14:49:00.288+0000] {dag.py:4156} INFO - Setting next_dagrun for tutorial_dag to None, run_after=None
[2024-10-19T14:49:00.351+0000] {processor.py:208} INFO - Processing /home/airflow/.local/lib/python3.12/site-packages/airflow/example_dags/tutorial_dag.py took 0.197 seconds
[2024-10-19T14:49:30.514+0000] {processor.py:186} INFO - Started process (PID=2778) to work on /home/airflow/.local/lib/python3.12/site-packages/airflow/example_dags/tutorial_dag.py
[2024-10-19T14:49:30.516+0000] {processor.py:914} INFO - Processing file /home/airflow/.local/lib/python3.12/site-packages/airflow/example_dags/tutorial_dag.py for tasks to queue
[2024-10-19T14:49:30.521+0000] {logging_mixin.py:190} INFO - [2024-10-19T14:49:30.521+0000] {dagbag.py:587} INFO - Filling up the DagBag from /home/airflow/.local/lib/python3.12/site-packages/airflow/example_dags/tutorial_dag.py
[2024-10-19T14:49:30.537+0000] {processor.py:925} INFO - DAG(s) 'tutorial_dag' retrieved from /home/airflow/.local/lib/python3.12/site-packages/airflow/example_dags/tutorial_dag.py
[2024-10-19T14:49:30.582+0000] {logging_mixin.py:190} INFO - [2024-10-19T14:49:30.582+0000] {dag.py:3229} INFO - Sync 1 DAGs
[2024-10-19T14:49:30.617+0000] {logging_mixin.py:190} INFO - [2024-10-19T14:49:30.617+0000] {dag.py:4156} INFO - Setting next_dagrun for tutorial_dag to None, run_after=None
[2024-10-19T14:49:30.672+0000] {processor.py:208} INFO - Processing /home/airflow/.local/lib/python3.12/site-packages/airflow/example_dags/tutorial_dag.py took 0.172 seconds
[2024-10-19T14:50:01.031+0000] {processor.py:186} INFO - Started process (PID=2840) to work on /home/airflow/.local/lib/python3.12/site-packages/airflow/example_dags/tutorial_dag.py
[2024-10-19T14:50:01.032+0000] {processor.py:914} INFO - Processing file /home/airflow/.local/lib/python3.12/site-packages/airflow/example_dags/tutorial_dag.py for tasks to queue
[2024-10-19T14:50:01.036+0000] {logging_mixin.py:190} INFO - [2024-10-19T14:50:01.035+0000] {dagbag.py:587} INFO - Filling up the DagBag from /home/airflow/.local/lib/python3.12/site-packages/airflow/example_dags/tutorial_dag.py
[2024-10-19T14:50:01.051+0000] {processor.py:925} INFO - DAG(s) 'tutorial_dag' retrieved from /home/airflow/.local/lib/python3.12/site-packages/airflow/example_dags/tutorial_dag.py
[2024-10-19T14:50:01.095+0000] {logging_mixin.py:190} INFO - [2024-10-19T14:50:01.095+0000] {dag.py:3229} INFO - Sync 1 DAGs
[2024-10-19T14:50:01.131+0000] {logging_mixin.py:190} INFO - [2024-10-19T14:50:01.130+0000] {dag.py:4156} INFO - Setting next_dagrun for tutorial_dag to None, run_after=None
[2024-10-19T14:50:01.175+0000] {processor.py:208} INFO - Processing /home/airflow/.local/lib/python3.12/site-packages/airflow/example_dags/tutorial_dag.py took 0.156 seconds
[2024-10-19T14:50:31.511+0000] {processor.py:186} INFO - Started process (PID=2903) to work on /home/airflow/.local/lib/python3.12/site-packages/airflow/example_dags/tutorial_dag.py
[2024-10-19T14:50:31.513+0000] {processor.py:914} INFO - Processing file /home/airflow/.local/lib/python3.12/site-packages/airflow/example_dags/tutorial_dag.py for tasks to queue
[2024-10-19T14:50:31.517+0000] {logging_mixin.py:190} INFO - [2024-10-19T14:50:31.517+0000] {dagbag.py:587} INFO - Filling up the DagBag from /home/airflow/.local/lib/python3.12/site-packages/airflow/example_dags/tutorial_dag.py
[2024-10-19T14:50:31.533+0000] {processor.py:925} INFO - DAG(s) 'tutorial_dag' retrieved from /home/airflow/.local/lib/python3.12/site-packages/airflow/example_dags/tutorial_dag.py
[2024-10-19T14:50:31.583+0000] {logging_mixin.py:190} INFO - [2024-10-19T14:50:31.582+0000] {dag.py:3229} INFO - Sync 1 DAGs
[2024-10-19T14:50:31.618+0000] {logging_mixin.py:190} INFO - [2024-10-19T14:50:31.618+0000] {dag.py:4156} INFO - Setting next_dagrun for tutorial_dag to None, run_after=None
[2024-10-19T14:50:31.672+0000] {processor.py:208} INFO - Processing /home/airflow/.local/lib/python3.12/site-packages/airflow/example_dags/tutorial_dag.py took 0.173 seconds
[2024-10-19T14:51:02.072+0000] {processor.py:186} INFO - Started process (PID=2966) to work on /home/airflow/.local/lib/python3.12/site-packages/airflow/example_dags/tutorial_dag.py
[2024-10-19T14:51:02.075+0000] {processor.py:914} INFO - Processing file /home/airflow/.local/lib/python3.12/site-packages/airflow/example_dags/tutorial_dag.py for tasks to queue
[2024-10-19T14:51:02.080+0000] {logging_mixin.py:190} INFO - [2024-10-19T14:51:02.079+0000] {dagbag.py:587} INFO - Filling up the DagBag from /home/airflow/.local/lib/python3.12/site-packages/airflow/example_dags/tutorial_dag.py
[2024-10-19T14:51:02.093+0000] {processor.py:925} INFO - DAG(s) 'tutorial_dag' retrieved from /home/airflow/.local/lib/python3.12/site-packages/airflow/example_dags/tutorial_dag.py
[2024-10-19T14:51:02.139+0000] {logging_mixin.py:190} INFO - [2024-10-19T14:51:02.138+0000] {dag.py:3229} INFO - Sync 1 DAGs
[2024-10-19T14:51:02.173+0000] {logging_mixin.py:190} INFO - [2024-10-19T14:51:02.173+0000] {dag.py:4156} INFO - Setting next_dagrun for tutorial_dag to None, run_after=None
[2024-10-19T14:51:02.219+0000] {processor.py:208} INFO - Processing /home/airflow/.local/lib/python3.12/site-packages/airflow/example_dags/tutorial_dag.py took 0.163 seconds
[2024-10-19T14:51:32.916+0000] {processor.py:186} INFO - Started process (PID=3029) to work on /home/airflow/.local/lib/python3.12/site-packages/airflow/example_dags/tutorial_dag.py
[2024-10-19T14:51:32.918+0000] {processor.py:914} INFO - Processing file /home/airflow/.local/lib/python3.12/site-packages/airflow/example_dags/tutorial_dag.py for tasks to queue
[2024-10-19T14:51:32.923+0000] {logging_mixin.py:190} INFO - [2024-10-19T14:51:32.922+0000] {dagbag.py:587} INFO - Filling up the DagBag from /home/airflow/.local/lib/python3.12/site-packages/airflow/example_dags/tutorial_dag.py
[2024-10-19T14:51:32.944+0000] {processor.py:925} INFO - DAG(s) 'tutorial_dag' retrieved from /home/airflow/.local/lib/python3.12/site-packages/airflow/example_dags/tutorial_dag.py
[2024-10-19T14:51:32.984+0000] {logging_mixin.py:190} INFO - [2024-10-19T14:51:32.984+0000] {dag.py:3229} INFO - Sync 1 DAGs
[2024-10-19T14:51:33.019+0000] {logging_mixin.py:190} INFO - [2024-10-19T14:51:33.019+0000] {dag.py:4156} INFO - Setting next_dagrun for tutorial_dag to None, run_after=None
[2024-10-19T14:51:33.061+0000] {processor.py:208} INFO - Processing /home/airflow/.local/lib/python3.12/site-packages/airflow/example_dags/tutorial_dag.py took 0.159 seconds
[2024-10-19T14:52:03.387+0000] {processor.py:186} INFO - Started process (PID=3092) to work on /home/airflow/.local/lib/python3.12/site-packages/airflow/example_dags/tutorial_dag.py
[2024-10-19T14:52:03.389+0000] {processor.py:914} INFO - Processing file /home/airflow/.local/lib/python3.12/site-packages/airflow/example_dags/tutorial_dag.py for tasks to queue
[2024-10-19T14:52:03.392+0000] {logging_mixin.py:190} INFO - [2024-10-19T14:52:03.392+0000] {dagbag.py:587} INFO - Filling up the DagBag from /home/airflow/.local/lib/python3.12/site-packages/airflow/example_dags/tutorial_dag.py
[2024-10-19T14:52:03.409+0000] {processor.py:925} INFO - DAG(s) 'tutorial_dag' retrieved from /home/airflow/.local/lib/python3.12/site-packages/airflow/example_dags/tutorial_dag.py
[2024-10-19T14:52:03.454+0000] {logging_mixin.py:190} INFO - [2024-10-19T14:52:03.453+0000] {dag.py:3229} INFO - Sync 1 DAGs
[2024-10-19T14:52:03.495+0000] {logging_mixin.py:190} INFO - [2024-10-19T14:52:03.495+0000] {dag.py:4156} INFO - Setting next_dagrun for tutorial_dag to None, run_after=None
[2024-10-19T14:52:03.534+0000] {processor.py:208} INFO - Processing /home/airflow/.local/lib/python3.12/site-packages/airflow/example_dags/tutorial_dag.py took 0.160 seconds
[2024-10-19T14:52:34.665+0000] {processor.py:186} INFO - Started process (PID=3154) to work on /home/airflow/.local/lib/python3.12/site-packages/airflow/example_dags/tutorial_dag.py
[2024-10-19T14:52:34.677+0000] {processor.py:914} INFO - Processing file /home/airflow/.local/lib/python3.12/site-packages/airflow/example_dags/tutorial_dag.py for tasks to queue
[2024-10-19T14:52:34.683+0000] {logging_mixin.py:190} INFO - [2024-10-19T14:52:34.682+0000] {dagbag.py:587} INFO - Filling up the DagBag from /home/airflow/.local/lib/python3.12/site-packages/airflow/example_dags/tutorial_dag.py
[2024-10-19T14:52:34.703+0000] {processor.py:925} INFO - DAG(s) 'tutorial_dag' retrieved from /home/airflow/.local/lib/python3.12/site-packages/airflow/example_dags/tutorial_dag.py
[2024-10-19T14:52:34.750+0000] {logging_mixin.py:190} INFO - [2024-10-19T14:52:34.749+0000] {dag.py:3229} INFO - Sync 1 DAGs
[2024-10-19T14:52:34.785+0000] {logging_mixin.py:190} INFO - [2024-10-19T14:52:34.784+0000] {dag.py:4156} INFO - Setting next_dagrun for tutorial_dag to None, run_after=None
[2024-10-19T14:52:34.828+0000] {processor.py:208} INFO - Processing /home/airflow/.local/lib/python3.12/site-packages/airflow/example_dags/tutorial_dag.py took 0.183 seconds
[2024-10-19T14:53:05.304+0000] {processor.py:186} INFO - Started process (PID=3216) to work on /home/airflow/.local/lib/python3.12/site-packages/airflow/example_dags/tutorial_dag.py
[2024-10-19T14:53:05.307+0000] {processor.py:914} INFO - Processing file /home/airflow/.local/lib/python3.12/site-packages/airflow/example_dags/tutorial_dag.py for tasks to queue
[2024-10-19T14:53:05.321+0000] {logging_mixin.py:190} INFO - [2024-10-19T14:53:05.318+0000] {dagbag.py:587} INFO - Filling up the DagBag from /home/airflow/.local/lib/python3.12/site-packages/airflow/example_dags/tutorial_dag.py
[2024-10-19T14:53:05.355+0000] {processor.py:925} INFO - DAG(s) 'tutorial_dag' retrieved from /home/airflow/.local/lib/python3.12/site-packages/airflow/example_dags/tutorial_dag.py
[2024-10-19T14:53:05.451+0000] {logging_mixin.py:190} INFO - [2024-10-19T14:53:05.450+0000] {dag.py:3229} INFO - Sync 1 DAGs
[2024-10-19T14:53:05.528+0000] {logging_mixin.py:190} INFO - [2024-10-19T14:53:05.527+0000] {dag.py:4156} INFO - Setting next_dagrun for tutorial_dag to None, run_after=None
[2024-10-19T14:53:05.619+0000] {processor.py:208} INFO - Processing /home/airflow/.local/lib/python3.12/site-packages/airflow/example_dags/tutorial_dag.py took 0.350 seconds
[2024-10-19T14:53:36.075+0000] {processor.py:186} INFO - Started process (PID=3280) to work on /home/airflow/.local/lib/python3.12/site-packages/airflow/example_dags/tutorial_dag.py
[2024-10-19T14:53:36.078+0000] {processor.py:914} INFO - Processing file /home/airflow/.local/lib/python3.12/site-packages/airflow/example_dags/tutorial_dag.py for tasks to queue
[2024-10-19T14:53:36.083+0000] {logging_mixin.py:190} INFO - [2024-10-19T14:53:36.082+0000] {dagbag.py:587} INFO - Filling up the DagBag from /home/airflow/.local/lib/python3.12/site-packages/airflow/example_dags/tutorial_dag.py
[2024-10-19T14:53:36.100+0000] {processor.py:925} INFO - DAG(s) 'tutorial_dag' retrieved from /home/airflow/.local/lib/python3.12/site-packages/airflow/example_dags/tutorial_dag.py
[2024-10-19T14:53:36.154+0000] {logging_mixin.py:190} INFO - [2024-10-19T14:53:36.153+0000] {dag.py:3229} INFO - Sync 1 DAGs
[2024-10-19T14:53:36.203+0000] {logging_mixin.py:190} INFO - [2024-10-19T14:53:36.202+0000] {dag.py:4156} INFO - Setting next_dagrun for tutorial_dag to None, run_after=None
[2024-10-19T14:53:36.259+0000] {processor.py:208} INFO - Processing /home/airflow/.local/lib/python3.12/site-packages/airflow/example_dags/tutorial_dag.py took 0.202 seconds
[2024-10-19T14:54:06.395+0000] {processor.py:186} INFO - Started process (PID=3343) to work on /home/airflow/.local/lib/python3.12/site-packages/airflow/example_dags/tutorial_dag.py
[2024-10-19T14:54:06.398+0000] {processor.py:914} INFO - Processing file /home/airflow/.local/lib/python3.12/site-packages/airflow/example_dags/tutorial_dag.py for tasks to queue
[2024-10-19T14:54:06.404+0000] {logging_mixin.py:190} INFO - [2024-10-19T14:54:06.403+0000] {dagbag.py:587} INFO - Filling up the DagBag from /home/airflow/.local/lib/python3.12/site-packages/airflow/example_dags/tutorial_dag.py
[2024-10-19T14:54:06.426+0000] {processor.py:925} INFO - DAG(s) 'tutorial_dag' retrieved from /home/airflow/.local/lib/python3.12/site-packages/airflow/example_dags/tutorial_dag.py
[2024-10-19T14:54:06.488+0000] {logging_mixin.py:190} INFO - [2024-10-19T14:54:06.487+0000] {dag.py:3229} INFO - Sync 1 DAGs
[2024-10-19T14:54:06.543+0000] {logging_mixin.py:190} INFO - [2024-10-19T14:54:06.542+0000] {dag.py:4156} INFO - Setting next_dagrun for tutorial_dag to None, run_after=None
[2024-10-19T14:54:06.611+0000] {processor.py:208} INFO - Processing /home/airflow/.local/lib/python3.12/site-packages/airflow/example_dags/tutorial_dag.py took 0.235 seconds
[2024-10-19T14:54:36.943+0000] {processor.py:186} INFO - Started process (PID=3406) to work on /home/airflow/.local/lib/python3.12/site-packages/airflow/example_dags/tutorial_dag.py
[2024-10-19T14:54:36.956+0000] {processor.py:914} INFO - Processing file /home/airflow/.local/lib/python3.12/site-packages/airflow/example_dags/tutorial_dag.py for tasks to queue
[2024-10-19T14:54:36.960+0000] {logging_mixin.py:190} INFO - [2024-10-19T14:54:36.960+0000] {dagbag.py:587} INFO - Filling up the DagBag from /home/airflow/.local/lib/python3.12/site-packages/airflow/example_dags/tutorial_dag.py
[2024-10-19T14:54:36.991+0000] {processor.py:925} INFO - DAG(s) 'tutorial_dag' retrieved from /home/airflow/.local/lib/python3.12/site-packages/airflow/example_dags/tutorial_dag.py
[2024-10-19T14:54:37.036+0000] {logging_mixin.py:190} INFO - [2024-10-19T14:54:37.035+0000] {dag.py:3229} INFO - Sync 1 DAGs
[2024-10-19T14:54:37.420+0000] {logging_mixin.py:190} INFO - [2024-10-19T14:54:37.420+0000] {dag.py:4156} INFO - Setting next_dagrun for tutorial_dag to None, run_after=None
[2024-10-19T14:54:37.503+0000] {processor.py:208} INFO - Processing /home/airflow/.local/lib/python3.12/site-packages/airflow/example_dags/tutorial_dag.py took 0.580 seconds
[2024-10-19T14:55:08.177+0000] {processor.py:186} INFO - Started process (PID=3469) to work on /home/airflow/.local/lib/python3.12/site-packages/airflow/example_dags/tutorial_dag.py
[2024-10-19T14:55:08.181+0000] {processor.py:914} INFO - Processing file /home/airflow/.local/lib/python3.12/site-packages/airflow/example_dags/tutorial_dag.py for tasks to queue
[2024-10-19T14:55:08.193+0000] {logging_mixin.py:190} INFO - [2024-10-19T14:55:08.191+0000] {dagbag.py:587} INFO - Filling up the DagBag from /home/airflow/.local/lib/python3.12/site-packages/airflow/example_dags/tutorial_dag.py
[2024-10-19T14:55:08.244+0000] {processor.py:925} INFO - DAG(s) 'tutorial_dag' retrieved from /home/airflow/.local/lib/python3.12/site-packages/airflow/example_dags/tutorial_dag.py
[2024-10-19T14:55:08.320+0000] {logging_mixin.py:190} INFO - [2024-10-19T14:55:08.320+0000] {dag.py:3229} INFO - Sync 1 DAGs
[2024-10-19T14:55:08.352+0000] {logging_mixin.py:190} INFO - [2024-10-19T14:55:08.352+0000] {dag.py:4156} INFO - Setting next_dagrun for tutorial_dag to None, run_after=None
[2024-10-19T14:55:08.402+0000] {processor.py:208} INFO - Processing /home/airflow/.local/lib/python3.12/site-packages/airflow/example_dags/tutorial_dag.py took 0.267 seconds
[2024-10-19T14:55:38.646+0000] {processor.py:186} INFO - Started process (PID=3532) to work on /home/airflow/.local/lib/python3.12/site-packages/airflow/example_dags/tutorial_dag.py
[2024-10-19T14:55:38.649+0000] {processor.py:914} INFO - Processing file /home/airflow/.local/lib/python3.12/site-packages/airflow/example_dags/tutorial_dag.py for tasks to queue
[2024-10-19T14:55:38.654+0000] {logging_mixin.py:190} INFO - [2024-10-19T14:55:38.653+0000] {dagbag.py:587} INFO - Filling up the DagBag from /home/airflow/.local/lib/python3.12/site-packages/airflow/example_dags/tutorial_dag.py
[2024-10-19T14:55:38.670+0000] {processor.py:925} INFO - DAG(s) 'tutorial_dag' retrieved from /home/airflow/.local/lib/python3.12/site-packages/airflow/example_dags/tutorial_dag.py
[2024-10-19T14:55:38.719+0000] {logging_mixin.py:190} INFO - [2024-10-19T14:55:38.718+0000] {dag.py:3229} INFO - Sync 1 DAGs
[2024-10-19T14:55:38.757+0000] {logging_mixin.py:190} INFO - [2024-10-19T14:55:38.756+0000] {dag.py:4156} INFO - Setting next_dagrun for tutorial_dag to None, run_after=None
[2024-10-19T14:55:38.812+0000] {processor.py:208} INFO - Processing /home/airflow/.local/lib/python3.12/site-packages/airflow/example_dags/tutorial_dag.py took 0.179 seconds
[2024-10-19T14:56:08.884+0000] {processor.py:186} INFO - Started process (PID=3594) to work on /home/airflow/.local/lib/python3.12/site-packages/airflow/example_dags/tutorial_dag.py
[2024-10-19T14:56:08.885+0000] {processor.py:914} INFO - Processing file /home/airflow/.local/lib/python3.12/site-packages/airflow/example_dags/tutorial_dag.py for tasks to queue
[2024-10-19T14:56:08.890+0000] {logging_mixin.py:190} INFO - [2024-10-19T14:56:08.889+0000] {dagbag.py:587} INFO - Filling up the DagBag from /home/airflow/.local/lib/python3.12/site-packages/airflow/example_dags/tutorial_dag.py
[2024-10-19T14:56:08.909+0000] {processor.py:925} INFO - DAG(s) 'tutorial_dag' retrieved from /home/airflow/.local/lib/python3.12/site-packages/airflow/example_dags/tutorial_dag.py
[2024-10-19T14:56:08.960+0000] {logging_mixin.py:190} INFO - [2024-10-19T14:56:08.959+0000] {dag.py:3229} INFO - Sync 1 DAGs
[2024-10-19T14:56:08.999+0000] {logging_mixin.py:190} INFO - [2024-10-19T14:56:08.998+0000] {dag.py:4156} INFO - Setting next_dagrun for tutorial_dag to None, run_after=None
[2024-10-19T14:56:09.044+0000] {processor.py:208} INFO - Processing /home/airflow/.local/lib/python3.12/site-packages/airflow/example_dags/tutorial_dag.py took 0.178 seconds
[2024-10-19T14:56:39.242+0000] {processor.py:186} INFO - Started process (PID=3658) to work on /home/airflow/.local/lib/python3.12/site-packages/airflow/example_dags/tutorial_dag.py
[2024-10-19T14:56:39.245+0000] {processor.py:914} INFO - Processing file /home/airflow/.local/lib/python3.12/site-packages/airflow/example_dags/tutorial_dag.py for tasks to queue
[2024-10-19T14:56:39.254+0000] {logging_mixin.py:190} INFO - [2024-10-19T14:56:39.252+0000] {dagbag.py:587} INFO - Filling up the DagBag from /home/airflow/.local/lib/python3.12/site-packages/airflow/example_dags/tutorial_dag.py
[2024-10-19T14:56:39.281+0000] {processor.py:925} INFO - DAG(s) 'tutorial_dag' retrieved from /home/airflow/.local/lib/python3.12/site-packages/airflow/example_dags/tutorial_dag.py
[2024-10-19T14:56:39.324+0000] {logging_mixin.py:190} INFO - [2024-10-19T14:56:39.324+0000] {dag.py:3229} INFO - Sync 1 DAGs
[2024-10-19T14:56:39.357+0000] {logging_mixin.py:190} INFO - [2024-10-19T14:56:39.357+0000] {dag.py:4156} INFO - Setting next_dagrun for tutorial_dag to None, run_after=None
[2024-10-19T14:56:39.407+0000] {processor.py:208} INFO - Processing /home/airflow/.local/lib/python3.12/site-packages/airflow/example_dags/tutorial_dag.py took 0.190 seconds
[2024-10-19T14:57:09.627+0000] {processor.py:186} INFO - Started process (PID=3722) to work on /home/airflow/.local/lib/python3.12/site-packages/airflow/example_dags/tutorial_dag.py
[2024-10-19T14:57:09.629+0000] {processor.py:914} INFO - Processing file /home/airflow/.local/lib/python3.12/site-packages/airflow/example_dags/tutorial_dag.py for tasks to queue
[2024-10-19T14:57:09.634+0000] {logging_mixin.py:190} INFO - [2024-10-19T14:57:09.633+0000] {dagbag.py:587} INFO - Filling up the DagBag from /home/airflow/.local/lib/python3.12/site-packages/airflow/example_dags/tutorial_dag.py
[2024-10-19T14:57:09.651+0000] {processor.py:925} INFO - DAG(s) 'tutorial_dag' retrieved from /home/airflow/.local/lib/python3.12/site-packages/airflow/example_dags/tutorial_dag.py
[2024-10-19T14:57:09.704+0000] {logging_mixin.py:190} INFO - [2024-10-19T14:57:09.703+0000] {dag.py:3229} INFO - Sync 1 DAGs
[2024-10-19T14:57:09.749+0000] {logging_mixin.py:190} INFO - [2024-10-19T14:57:09.749+0000] {dag.py:4156} INFO - Setting next_dagrun for tutorial_dag to None, run_after=None
[2024-10-19T14:57:09.814+0000] {processor.py:208} INFO - Processing /home/airflow/.local/lib/python3.12/site-packages/airflow/example_dags/tutorial_dag.py took 0.204 seconds
[2024-10-19T14:57:40.255+0000] {processor.py:186} INFO - Started process (PID=3785) to work on /home/airflow/.local/lib/python3.12/site-packages/airflow/example_dags/tutorial_dag.py
[2024-10-19T14:57:40.258+0000] {processor.py:914} INFO - Processing file /home/airflow/.local/lib/python3.12/site-packages/airflow/example_dags/tutorial_dag.py for tasks to queue
[2024-10-19T14:57:40.264+0000] {logging_mixin.py:190} INFO - [2024-10-19T14:57:40.263+0000] {dagbag.py:587} INFO - Filling up the DagBag from /home/airflow/.local/lib/python3.12/site-packages/airflow/example_dags/tutorial_dag.py
[2024-10-19T14:57:40.297+0000] {processor.py:925} INFO - DAG(s) 'tutorial_dag' retrieved from /home/airflow/.local/lib/python3.12/site-packages/airflow/example_dags/tutorial_dag.py
[2024-10-19T14:57:40.343+0000] {logging_mixin.py:190} INFO - [2024-10-19T14:57:40.342+0000] {dag.py:3229} INFO - Sync 1 DAGs
[2024-10-19T14:57:40.384+0000] {logging_mixin.py:190} INFO - [2024-10-19T14:57:40.383+0000] {dag.py:4156} INFO - Setting next_dagrun for tutorial_dag to None, run_after=None
[2024-10-19T14:57:40.434+0000] {processor.py:208} INFO - Processing /home/airflow/.local/lib/python3.12/site-packages/airflow/example_dags/tutorial_dag.py took 0.196 seconds
[2024-10-19T14:58:10.738+0000] {processor.py:186} INFO - Started process (PID=3848) to work on /home/airflow/.local/lib/python3.12/site-packages/airflow/example_dags/tutorial_dag.py
[2024-10-19T14:58:10.739+0000] {processor.py:914} INFO - Processing file /home/airflow/.local/lib/python3.12/site-packages/airflow/example_dags/tutorial_dag.py for tasks to queue
[2024-10-19T14:58:10.750+0000] {logging_mixin.py:190} INFO - [2024-10-19T14:58:10.748+0000] {dagbag.py:587} INFO - Filling up the DagBag from /home/airflow/.local/lib/python3.12/site-packages/airflow/example_dags/tutorial_dag.py
[2024-10-19T14:58:10.770+0000] {processor.py:925} INFO - DAG(s) 'tutorial_dag' retrieved from /home/airflow/.local/lib/python3.12/site-packages/airflow/example_dags/tutorial_dag.py
[2024-10-19T14:58:10.820+0000] {logging_mixin.py:190} INFO - [2024-10-19T14:58:10.820+0000] {dag.py:3229} INFO - Sync 1 DAGs
[2024-10-19T14:58:10.855+0000] {logging_mixin.py:190} INFO - [2024-10-19T14:58:10.855+0000] {dag.py:4156} INFO - Setting next_dagrun for tutorial_dag to None, run_after=None
[2024-10-19T14:58:10.912+0000] {processor.py:208} INFO - Processing /home/airflow/.local/lib/python3.12/site-packages/airflow/example_dags/tutorial_dag.py took 0.191 seconds
[2024-10-19T14:58:41.228+0000] {processor.py:186} INFO - Started process (PID=3911) to work on /home/airflow/.local/lib/python3.12/site-packages/airflow/example_dags/tutorial_dag.py
[2024-10-19T14:58:41.230+0000] {processor.py:914} INFO - Processing file /home/airflow/.local/lib/python3.12/site-packages/airflow/example_dags/tutorial_dag.py for tasks to queue
[2024-10-19T14:58:41.234+0000] {logging_mixin.py:190} INFO - [2024-10-19T14:58:41.233+0000] {dagbag.py:587} INFO - Filling up the DagBag from /home/airflow/.local/lib/python3.12/site-packages/airflow/example_dags/tutorial_dag.py
[2024-10-19T14:58:41.247+0000] {processor.py:925} INFO - DAG(s) 'tutorial_dag' retrieved from /home/airflow/.local/lib/python3.12/site-packages/airflow/example_dags/tutorial_dag.py
[2024-10-19T14:58:41.309+0000] {logging_mixin.py:190} INFO - [2024-10-19T14:58:41.308+0000] {dag.py:3229} INFO - Sync 1 DAGs
[2024-10-19T14:58:41.346+0000] {logging_mixin.py:190} INFO - [2024-10-19T14:58:41.346+0000] {dag.py:4156} INFO - Setting next_dagrun for tutorial_dag to None, run_after=None
[2024-10-19T14:58:41.384+0000] {processor.py:208} INFO - Processing /home/airflow/.local/lib/python3.12/site-packages/airflow/example_dags/tutorial_dag.py took 0.171 seconds
[2024-10-19T14:59:12.019+0000] {processor.py:186} INFO - Started process (PID=3975) to work on /home/airflow/.local/lib/python3.12/site-packages/airflow/example_dags/tutorial_dag.py
[2024-10-19T14:59:12.020+0000] {processor.py:914} INFO - Processing file /home/airflow/.local/lib/python3.12/site-packages/airflow/example_dags/tutorial_dag.py for tasks to queue
[2024-10-19T14:59:12.025+0000] {logging_mixin.py:190} INFO - [2024-10-19T14:59:12.024+0000] {dagbag.py:587} INFO - Filling up the DagBag from /home/airflow/.local/lib/python3.12/site-packages/airflow/example_dags/tutorial_dag.py
[2024-10-19T14:59:12.038+0000] {processor.py:925} INFO - DAG(s) 'tutorial_dag' retrieved from /home/airflow/.local/lib/python3.12/site-packages/airflow/example_dags/tutorial_dag.py
[2024-10-19T14:59:12.077+0000] {logging_mixin.py:190} INFO - [2024-10-19T14:59:12.076+0000] {dag.py:3229} INFO - Sync 1 DAGs
[2024-10-19T14:59:12.118+0000] {logging_mixin.py:190} INFO - [2024-10-19T14:59:12.117+0000] {dag.py:4156} INFO - Setting next_dagrun for tutorial_dag to None, run_after=None
[2024-10-19T14:59:12.159+0000] {processor.py:208} INFO - Processing /home/airflow/.local/lib/python3.12/site-packages/airflow/example_dags/tutorial_dag.py took 0.154 seconds
[2024-10-19T14:59:43.053+0000] {processor.py:186} INFO - Started process (PID=4037) to work on /home/airflow/.local/lib/python3.12/site-packages/airflow/example_dags/tutorial_dag.py
[2024-10-19T14:59:43.056+0000] {processor.py:914} INFO - Processing file /home/airflow/.local/lib/python3.12/site-packages/airflow/example_dags/tutorial_dag.py for tasks to queue
[2024-10-19T14:59:43.061+0000] {logging_mixin.py:190} INFO - [2024-10-19T14:59:43.060+0000] {dagbag.py:587} INFO - Filling up the DagBag from /home/airflow/.local/lib/python3.12/site-packages/airflow/example_dags/tutorial_dag.py
[2024-10-19T14:59:43.080+0000] {processor.py:925} INFO - DAG(s) 'tutorial_dag' retrieved from /home/airflow/.local/lib/python3.12/site-packages/airflow/example_dags/tutorial_dag.py
[2024-10-19T14:59:43.125+0000] {logging_mixin.py:190} INFO - [2024-10-19T14:59:43.124+0000] {dag.py:3229} INFO - Sync 1 DAGs
[2024-10-19T14:59:43.153+0000] {logging_mixin.py:190} INFO - [2024-10-19T14:59:43.153+0000] {dag.py:4156} INFO - Setting next_dagrun for tutorial_dag to None, run_after=None
[2024-10-19T14:59:43.214+0000] {processor.py:208} INFO - Processing /home/airflow/.local/lib/python3.12/site-packages/airflow/example_dags/tutorial_dag.py took 0.183 seconds
[2024-10-19T15:00:13.926+0000] {processor.py:186} INFO - Started process (PID=4100) to work on /home/airflow/.local/lib/python3.12/site-packages/airflow/example_dags/tutorial_dag.py
[2024-10-19T15:00:13.928+0000] {processor.py:914} INFO - Processing file /home/airflow/.local/lib/python3.12/site-packages/airflow/example_dags/tutorial_dag.py for tasks to queue
[2024-10-19T15:00:13.934+0000] {logging_mixin.py:190} INFO - [2024-10-19T15:00:13.933+0000] {dagbag.py:587} INFO - Filling up the DagBag from /home/airflow/.local/lib/python3.12/site-packages/airflow/example_dags/tutorial_dag.py
[2024-10-19T15:00:13.949+0000] {processor.py:925} INFO - DAG(s) 'tutorial_dag' retrieved from /home/airflow/.local/lib/python3.12/site-packages/airflow/example_dags/tutorial_dag.py
[2024-10-19T15:00:13.993+0000] {logging_mixin.py:190} INFO - [2024-10-19T15:00:13.993+0000] {dag.py:3229} INFO - Sync 1 DAGs
[2024-10-19T15:00:14.030+0000] {logging_mixin.py:190} INFO - [2024-10-19T15:00:14.029+0000] {dag.py:4156} INFO - Setting next_dagrun for tutorial_dag to None, run_after=None
[2024-10-19T15:00:14.082+0000] {processor.py:208} INFO - Processing /home/airflow/.local/lib/python3.12/site-packages/airflow/example_dags/tutorial_dag.py took 0.173 seconds
[2024-10-19T15:00:44.933+0000] {processor.py:186} INFO - Started process (PID=4163) to work on /home/airflow/.local/lib/python3.12/site-packages/airflow/example_dags/tutorial_dag.py
[2024-10-19T15:00:44.935+0000] {processor.py:914} INFO - Processing file /home/airflow/.local/lib/python3.12/site-packages/airflow/example_dags/tutorial_dag.py for tasks to queue
[2024-10-19T15:00:44.939+0000] {logging_mixin.py:190} INFO - [2024-10-19T15:00:44.938+0000] {dagbag.py:587} INFO - Filling up the DagBag from /home/airflow/.local/lib/python3.12/site-packages/airflow/example_dags/tutorial_dag.py
[2024-10-19T15:00:44.954+0000] {processor.py:925} INFO - DAG(s) 'tutorial_dag' retrieved from /home/airflow/.local/lib/python3.12/site-packages/airflow/example_dags/tutorial_dag.py
[2024-10-19T15:00:44.997+0000] {logging_mixin.py:190} INFO - [2024-10-19T15:00:44.996+0000] {dag.py:3229} INFO - Sync 1 DAGs
[2024-10-19T15:00:45.024+0000] {logging_mixin.py:190} INFO - [2024-10-19T15:00:45.024+0000] {dag.py:4156} INFO - Setting next_dagrun for tutorial_dag to None, run_after=None
[2024-10-19T15:00:45.060+0000] {processor.py:208} INFO - Processing /home/airflow/.local/lib/python3.12/site-packages/airflow/example_dags/tutorial_dag.py took 0.141 seconds
[2024-10-19T15:01:15.700+0000] {processor.py:186} INFO - Started process (PID=4227) to work on /home/airflow/.local/lib/python3.12/site-packages/airflow/example_dags/tutorial_dag.py
[2024-10-19T15:01:15.703+0000] {processor.py:914} INFO - Processing file /home/airflow/.local/lib/python3.12/site-packages/airflow/example_dags/tutorial_dag.py for tasks to queue
[2024-10-19T15:01:15.707+0000] {logging_mixin.py:190} INFO - [2024-10-19T15:01:15.706+0000] {dagbag.py:587} INFO - Filling up the DagBag from /home/airflow/.local/lib/python3.12/site-packages/airflow/example_dags/tutorial_dag.py
[2024-10-19T15:01:15.721+0000] {processor.py:925} INFO - DAG(s) 'tutorial_dag' retrieved from /home/airflow/.local/lib/python3.12/site-packages/airflow/example_dags/tutorial_dag.py
[2024-10-19T15:01:15.761+0000] {logging_mixin.py:190} INFO - [2024-10-19T15:01:15.760+0000] {dag.py:3229} INFO - Sync 1 DAGs
[2024-10-19T15:01:15.790+0000] {logging_mixin.py:190} INFO - [2024-10-19T15:01:15.790+0000] {dag.py:4156} INFO - Setting next_dagrun for tutorial_dag to None, run_after=None
[2024-10-19T15:01:15.827+0000] {processor.py:208} INFO - Processing /home/airflow/.local/lib/python3.12/site-packages/airflow/example_dags/tutorial_dag.py took 0.140 seconds
[2024-10-19T15:01:46.338+0000] {processor.py:186} INFO - Started process (PID=4290) to work on /home/airflow/.local/lib/python3.12/site-packages/airflow/example_dags/tutorial_dag.py
[2024-10-19T15:01:46.340+0000] {processor.py:914} INFO - Processing file /home/airflow/.local/lib/python3.12/site-packages/airflow/example_dags/tutorial_dag.py for tasks to queue
[2024-10-19T15:01:46.345+0000] {logging_mixin.py:190} INFO - [2024-10-19T15:01:46.344+0000] {dagbag.py:587} INFO - Filling up the DagBag from /home/airflow/.local/lib/python3.12/site-packages/airflow/example_dags/tutorial_dag.py
[2024-10-19T15:01:46.360+0000] {processor.py:925} INFO - DAG(s) 'tutorial_dag' retrieved from /home/airflow/.local/lib/python3.12/site-packages/airflow/example_dags/tutorial_dag.py
[2024-10-19T15:01:46.403+0000] {logging_mixin.py:190} INFO - [2024-10-19T15:01:46.403+0000] {dag.py:3229} INFO - Sync 1 DAGs
[2024-10-19T15:01:46.437+0000] {logging_mixin.py:190} INFO - [2024-10-19T15:01:46.436+0000] {dag.py:4156} INFO - Setting next_dagrun for tutorial_dag to None, run_after=None
[2024-10-19T15:01:46.488+0000] {processor.py:208} INFO - Processing /home/airflow/.local/lib/python3.12/site-packages/airflow/example_dags/tutorial_dag.py took 0.164 seconds
[2024-10-19T15:02:16.979+0000] {processor.py:186} INFO - Started process (PID=4354) to work on /home/airflow/.local/lib/python3.12/site-packages/airflow/example_dags/tutorial_dag.py
[2024-10-19T15:02:16.981+0000] {processor.py:914} INFO - Processing file /home/airflow/.local/lib/python3.12/site-packages/airflow/example_dags/tutorial_dag.py for tasks to queue
[2024-10-19T15:02:16.988+0000] {logging_mixin.py:190} INFO - [2024-10-19T15:02:16.987+0000] {dagbag.py:587} INFO - Filling up the DagBag from /home/airflow/.local/lib/python3.12/site-packages/airflow/example_dags/tutorial_dag.py
[2024-10-19T15:02:17.015+0000] {processor.py:925} INFO - DAG(s) 'tutorial_dag' retrieved from /home/airflow/.local/lib/python3.12/site-packages/airflow/example_dags/tutorial_dag.py
[2024-10-19T15:02:17.064+0000] {logging_mixin.py:190} INFO - [2024-10-19T15:02:17.063+0000] {dag.py:3229} INFO - Sync 1 DAGs
[2024-10-19T15:02:17.108+0000] {logging_mixin.py:190} INFO - [2024-10-19T15:02:17.108+0000] {dag.py:4156} INFO - Setting next_dagrun for tutorial_dag to None, run_after=None
[2024-10-19T15:02:17.155+0000] {processor.py:208} INFO - Processing /home/airflow/.local/lib/python3.12/site-packages/airflow/example_dags/tutorial_dag.py took 0.196 seconds
[2024-10-19T15:03:17.079+0000] {processor.py:186} INFO - Started process (PID=4441) to work on /home/airflow/.local/lib/python3.12/site-packages/airflow/example_dags/tutorial_dag.py
[2024-10-19T15:03:17.082+0000] {processor.py:914} INFO - Processing file /home/airflow/.local/lib/python3.12/site-packages/airflow/example_dags/tutorial_dag.py for tasks to queue
[2024-10-19T15:03:17.086+0000] {logging_mixin.py:190} INFO - [2024-10-19T15:03:17.086+0000] {dagbag.py:587} INFO - Filling up the DagBag from /home/airflow/.local/lib/python3.12/site-packages/airflow/example_dags/tutorial_dag.py
[2024-10-19T15:03:17.104+0000] {processor.py:925} INFO - DAG(s) 'tutorial_dag' retrieved from /home/airflow/.local/lib/python3.12/site-packages/airflow/example_dags/tutorial_dag.py
[2024-10-19T15:03:17.148+0000] {logging_mixin.py:190} INFO - [2024-10-19T15:03:17.148+0000] {dag.py:3229} INFO - Sync 1 DAGs
[2024-10-19T15:03:17.178+0000] {logging_mixin.py:190} INFO - [2024-10-19T15:03:17.177+0000] {dag.py:4156} INFO - Setting next_dagrun for tutorial_dag to None, run_after=None
[2024-10-19T15:03:17.248+0000] {processor.py:208} INFO - Processing /home/airflow/.local/lib/python3.12/site-packages/airflow/example_dags/tutorial_dag.py took 0.182 seconds
[2024-10-19T15:03:47.700+0000] {processor.py:186} INFO - Started process (PID=4511) to work on /home/airflow/.local/lib/python3.12/site-packages/airflow/example_dags/tutorial_dag.py
[2024-10-19T15:03:47.701+0000] {processor.py:914} INFO - Processing file /home/airflow/.local/lib/python3.12/site-packages/airflow/example_dags/tutorial_dag.py for tasks to queue
[2024-10-19T15:03:47.708+0000] {logging_mixin.py:190} INFO - [2024-10-19T15:03:47.707+0000] {dagbag.py:587} INFO - Filling up the DagBag from /home/airflow/.local/lib/python3.12/site-packages/airflow/example_dags/tutorial_dag.py
[2024-10-19T15:03:47.730+0000] {processor.py:925} INFO - DAG(s) 'tutorial_dag' retrieved from /home/airflow/.local/lib/python3.12/site-packages/airflow/example_dags/tutorial_dag.py
[2024-10-19T15:03:47.785+0000] {logging_mixin.py:190} INFO - [2024-10-19T15:03:47.785+0000] {dag.py:3229} INFO - Sync 1 DAGs
[2024-10-19T15:03:47.821+0000] {logging_mixin.py:190} INFO - [2024-10-19T15:03:47.820+0000] {dag.py:4156} INFO - Setting next_dagrun for tutorial_dag to None, run_after=None
[2024-10-19T15:03:47.865+0000] {processor.py:208} INFO - Processing /home/airflow/.local/lib/python3.12/site-packages/airflow/example_dags/tutorial_dag.py took 0.181 seconds
[2024-10-19T15:04:19.984+0000] {processor.py:186} INFO - Started process (PID=4575) to work on /home/airflow/.local/lib/python3.12/site-packages/airflow/example_dags/tutorial_dag.py
[2024-10-19T15:04:19.987+0000] {processor.py:914} INFO - Processing file /home/airflow/.local/lib/python3.12/site-packages/airflow/example_dags/tutorial_dag.py for tasks to queue
[2024-10-19T15:04:19.992+0000] {logging_mixin.py:190} INFO - [2024-10-19T15:04:19.991+0000] {dagbag.py:587} INFO - Filling up the DagBag from /home/airflow/.local/lib/python3.12/site-packages/airflow/example_dags/tutorial_dag.py
[2024-10-19T15:04:20.010+0000] {processor.py:925} INFO - DAG(s) 'tutorial_dag' retrieved from /home/airflow/.local/lib/python3.12/site-packages/airflow/example_dags/tutorial_dag.py
[2024-10-19T15:04:20.055+0000] {logging_mixin.py:190} INFO - [2024-10-19T15:04:20.055+0000] {dag.py:3229} INFO - Sync 1 DAGs
[2024-10-19T15:04:20.081+0000] {logging_mixin.py:190} INFO - [2024-10-19T15:04:20.081+0000] {dag.py:4156} INFO - Setting next_dagrun for tutorial_dag to None, run_after=None
[2024-10-19T15:04:20.115+0000] {processor.py:208} INFO - Processing /home/airflow/.local/lib/python3.12/site-packages/airflow/example_dags/tutorial_dag.py took 0.145 seconds
[2024-10-19T15:04:51.438+0000] {processor.py:186} INFO - Started process (PID=4639) to work on /home/airflow/.local/lib/python3.12/site-packages/airflow/example_dags/tutorial_dag.py
[2024-10-19T15:04:51.440+0000] {processor.py:914} INFO - Processing file /home/airflow/.local/lib/python3.12/site-packages/airflow/example_dags/tutorial_dag.py for tasks to queue
[2024-10-19T15:04:51.444+0000] {logging_mixin.py:190} INFO - [2024-10-19T15:04:51.444+0000] {dagbag.py:587} INFO - Filling up the DagBag from /home/airflow/.local/lib/python3.12/site-packages/airflow/example_dags/tutorial_dag.py
[2024-10-19T15:04:51.457+0000] {processor.py:925} INFO - DAG(s) 'tutorial_dag' retrieved from /home/airflow/.local/lib/python3.12/site-packages/airflow/example_dags/tutorial_dag.py
[2024-10-19T15:04:51.497+0000] {logging_mixin.py:190} INFO - [2024-10-19T15:04:51.497+0000] {dag.py:3229} INFO - Sync 1 DAGs
[2024-10-19T15:04:51.522+0000] {logging_mixin.py:190} INFO - [2024-10-19T15:04:51.522+0000] {dag.py:4156} INFO - Setting next_dagrun for tutorial_dag to None, run_after=None
[2024-10-19T15:04:51.556+0000] {processor.py:208} INFO - Processing /home/airflow/.local/lib/python3.12/site-packages/airflow/example_dags/tutorial_dag.py took 0.129 seconds
[2024-10-19T15:05:22.700+0000] {processor.py:186} INFO - Started process (PID=4701) to work on /home/airflow/.local/lib/python3.12/site-packages/airflow/example_dags/tutorial_dag.py
[2024-10-19T15:05:22.703+0000] {processor.py:914} INFO - Processing file /home/airflow/.local/lib/python3.12/site-packages/airflow/example_dags/tutorial_dag.py for tasks to queue
[2024-10-19T15:05:22.709+0000] {logging_mixin.py:190} INFO - [2024-10-19T15:05:22.708+0000] {dagbag.py:587} INFO - Filling up the DagBag from /home/airflow/.local/lib/python3.12/site-packages/airflow/example_dags/tutorial_dag.py
[2024-10-19T15:05:22.725+0000] {processor.py:925} INFO - DAG(s) 'tutorial_dag' retrieved from /home/airflow/.local/lib/python3.12/site-packages/airflow/example_dags/tutorial_dag.py
[2024-10-19T15:05:22.767+0000] {logging_mixin.py:190} INFO - [2024-10-19T15:05:22.767+0000] {dag.py:3229} INFO - Sync 1 DAGs
[2024-10-19T15:05:22.805+0000] {logging_mixin.py:190} INFO - [2024-10-19T15:05:22.804+0000] {dag.py:4156} INFO - Setting next_dagrun for tutorial_dag to None, run_after=None
[2024-10-19T15:05:23.176+0000] {processor.py:208} INFO - Processing /home/airflow/.local/lib/python3.12/site-packages/airflow/example_dags/tutorial_dag.py took 0.492 seconds
[2024-10-19T15:05:53.341+0000] {processor.py:186} INFO - Started process (PID=4764) to work on /home/airflow/.local/lib/python3.12/site-packages/airflow/example_dags/tutorial_dag.py
[2024-10-19T15:05:53.343+0000] {processor.py:914} INFO - Processing file /home/airflow/.local/lib/python3.12/site-packages/airflow/example_dags/tutorial_dag.py for tasks to queue
[2024-10-19T15:05:53.348+0000] {logging_mixin.py:190} INFO - [2024-10-19T15:05:53.347+0000] {dagbag.py:587} INFO - Filling up the DagBag from /home/airflow/.local/lib/python3.12/site-packages/airflow/example_dags/tutorial_dag.py
[2024-10-19T15:05:53.362+0000] {processor.py:925} INFO - DAG(s) 'tutorial_dag' retrieved from /home/airflow/.local/lib/python3.12/site-packages/airflow/example_dags/tutorial_dag.py
[2024-10-19T15:05:53.402+0000] {logging_mixin.py:190} INFO - [2024-10-19T15:05:53.402+0000] {dag.py:3229} INFO - Sync 1 DAGs
[2024-10-19T15:05:53.431+0000] {logging_mixin.py:190} INFO - [2024-10-19T15:05:53.431+0000] {dag.py:4156} INFO - Setting next_dagrun for tutorial_dag to None, run_after=None
[2024-10-19T15:05:53.499+0000] {processor.py:208} INFO - Processing /home/airflow/.local/lib/python3.12/site-packages/airflow/example_dags/tutorial_dag.py took 0.175 seconds
[2024-10-19T15:06:24.670+0000] {processor.py:186} INFO - Started process (PID=4827) to work on /home/airflow/.local/lib/python3.12/site-packages/airflow/example_dags/tutorial_dag.py
[2024-10-19T15:06:24.671+0000] {processor.py:914} INFO - Processing file /home/airflow/.local/lib/python3.12/site-packages/airflow/example_dags/tutorial_dag.py for tasks to queue
[2024-10-19T15:06:24.677+0000] {logging_mixin.py:190} INFO - [2024-10-19T15:06:24.677+0000] {dagbag.py:587} INFO - Filling up the DagBag from /home/airflow/.local/lib/python3.12/site-packages/airflow/example_dags/tutorial_dag.py
[2024-10-19T15:06:24.693+0000] {processor.py:925} INFO - DAG(s) 'tutorial_dag' retrieved from /home/airflow/.local/lib/python3.12/site-packages/airflow/example_dags/tutorial_dag.py
[2024-10-19T15:06:24.733+0000] {logging_mixin.py:190} INFO - [2024-10-19T15:06:24.732+0000] {dag.py:3229} INFO - Sync 1 DAGs
[2024-10-19T15:06:24.768+0000] {logging_mixin.py:190} INFO - [2024-10-19T15:06:24.767+0000] {dag.py:4156} INFO - Setting next_dagrun for tutorial_dag to None, run_after=None
[2024-10-19T15:06:24.808+0000] {processor.py:208} INFO - Processing /home/airflow/.local/lib/python3.12/site-packages/airflow/example_dags/tutorial_dag.py took 0.156 seconds
[2024-10-19T15:06:58.568+0000] {processor.py:186} INFO - Started process (PID=4890) to work on /home/airflow/.local/lib/python3.12/site-packages/airflow/example_dags/tutorial_dag.py
[2024-10-19T15:06:58.570+0000] {processor.py:914} INFO - Processing file /home/airflow/.local/lib/python3.12/site-packages/airflow/example_dags/tutorial_dag.py for tasks to queue
[2024-10-19T15:06:58.575+0000] {logging_mixin.py:190} INFO - [2024-10-19T15:06:58.574+0000] {dagbag.py:587} INFO - Filling up the DagBag from /home/airflow/.local/lib/python3.12/site-packages/airflow/example_dags/tutorial_dag.py
[2024-10-19T15:06:58.964+0000] {processor.py:925} INFO - DAG(s) 'tutorial_dag' retrieved from /home/airflow/.local/lib/python3.12/site-packages/airflow/example_dags/tutorial_dag.py
[2024-10-19T15:06:59.002+0000] {logging_mixin.py:190} INFO - [2024-10-19T15:06:59.002+0000] {dag.py:3229} INFO - Sync 1 DAGs
[2024-10-19T15:06:59.047+0000] {logging_mixin.py:190} INFO - [2024-10-19T15:06:59.046+0000] {dag.py:4156} INFO - Setting next_dagrun for tutorial_dag to None, run_after=None
[2024-10-19T15:06:59.088+0000] {processor.py:208} INFO - Processing /home/airflow/.local/lib/python3.12/site-packages/airflow/example_dags/tutorial_dag.py took 0.533 seconds
[2024-10-19T15:07:29.799+0000] {processor.py:186} INFO - Started process (PID=4953) to work on /home/airflow/.local/lib/python3.12/site-packages/airflow/example_dags/tutorial_dag.py
[2024-10-19T15:07:29.802+0000] {processor.py:914} INFO - Processing file /home/airflow/.local/lib/python3.12/site-packages/airflow/example_dags/tutorial_dag.py for tasks to queue
[2024-10-19T15:07:29.808+0000] {logging_mixin.py:190} INFO - [2024-10-19T15:07:29.807+0000] {dagbag.py:587} INFO - Filling up the DagBag from /home/airflow/.local/lib/python3.12/site-packages/airflow/example_dags/tutorial_dag.py
[2024-10-19T15:07:29.830+0000] {processor.py:925} INFO - DAG(s) 'tutorial_dag' retrieved from /home/airflow/.local/lib/python3.12/site-packages/airflow/example_dags/tutorial_dag.py
[2024-10-19T15:07:29.888+0000] {logging_mixin.py:190} INFO - [2024-10-19T15:07:29.887+0000] {dag.py:3229} INFO - Sync 1 DAGs
[2024-10-19T15:07:29.923+0000] {logging_mixin.py:190} INFO - [2024-10-19T15:07:29.922+0000] {dag.py:4156} INFO - Setting next_dagrun for tutorial_dag to None, run_after=None
[2024-10-19T15:07:29.968+0000] {processor.py:208} INFO - Processing /home/airflow/.local/lib/python3.12/site-packages/airflow/example_dags/tutorial_dag.py took 0.185 seconds
[2024-10-19T15:08:00.963+0000] {processor.py:186} INFO - Started process (PID=5016) to work on /home/airflow/.local/lib/python3.12/site-packages/airflow/example_dags/tutorial_dag.py
[2024-10-19T15:08:00.966+0000] {processor.py:914} INFO - Processing file /home/airflow/.local/lib/python3.12/site-packages/airflow/example_dags/tutorial_dag.py for tasks to queue
[2024-10-19T15:08:00.972+0000] {logging_mixin.py:190} INFO - [2024-10-19T15:08:00.971+0000] {dagbag.py:587} INFO - Filling up the DagBag from /home/airflow/.local/lib/python3.12/site-packages/airflow/example_dags/tutorial_dag.py
[2024-10-19T15:08:00.988+0000] {processor.py:925} INFO - DAG(s) 'tutorial_dag' retrieved from /home/airflow/.local/lib/python3.12/site-packages/airflow/example_dags/tutorial_dag.py
[2024-10-19T15:08:01.045+0000] {logging_mixin.py:190} INFO - [2024-10-19T15:08:01.045+0000] {dag.py:3229} INFO - Sync 1 DAGs
[2024-10-19T15:08:01.093+0000] {logging_mixin.py:190} INFO - [2024-10-19T15:08:01.092+0000] {dag.py:4156} INFO - Setting next_dagrun for tutorial_dag to None, run_after=None
[2024-10-19T15:08:01.138+0000] {processor.py:208} INFO - Processing /home/airflow/.local/lib/python3.12/site-packages/airflow/example_dags/tutorial_dag.py took 0.191 seconds
