[2024-10-19T14:27:32.264+0000] {processor.py:186} INFO - Started process (PID=105) to work on /home/airflow/.local/lib/python3.12/site-packages/airflow/example_dags/tutorial.py
[2024-10-19T14:27:32.266+0000] {processor.py:914} INFO - Processing file /home/airflow/.local/lib/python3.12/site-packages/airflow/example_dags/tutorial.py for tasks to queue
[2024-10-19T14:27:32.282+0000] {logging_mixin.py:190} INFO - [2024-10-19T14:27:32.281+0000] {dagbag.py:587} INFO - Filling up the DagBag from /home/airflow/.local/lib/python3.12/site-packages/airflow/example_dags/tutorial.py
[2024-10-19T14:27:32.351+0000] {processor.py:925} INFO - DAG(s) 'tutorial' retrieved from /home/airflow/.local/lib/python3.12/site-packages/airflow/example_dags/tutorial.py
[2024-10-19T14:27:32.415+0000] {logging_mixin.py:190} INFO - [2024-10-19T14:27:32.415+0000] {dag.py:3229} INFO - Sync 1 DAGs
[2024-10-19T14:27:32.549+0000] {logging_mixin.py:190} INFO - [2024-10-19T14:27:32.548+0000] {dag.py:4156} INFO - Setting next_dagrun for tutorial to 2024-10-18 00:00:00+00:00, run_after=2024-10-19 00:00:00+00:00
[2024-10-19T14:27:32.641+0000] {processor.py:208} INFO - Processing /home/airflow/.local/lib/python3.12/site-packages/airflow/example_dags/tutorial.py took 0.401 seconds
[2024-10-19T14:28:02.750+0000] {processor.py:186} INFO - Started process (PID=168) to work on /home/airflow/.local/lib/python3.12/site-packages/airflow/example_dags/tutorial.py
[2024-10-19T14:28:02.754+0000] {processor.py:914} INFO - Processing file /home/airflow/.local/lib/python3.12/site-packages/airflow/example_dags/tutorial.py for tasks to queue
[2024-10-19T14:28:02.762+0000] {logging_mixin.py:190} INFO - [2024-10-19T14:28:02.760+0000] {dagbag.py:587} INFO - Filling up the DagBag from /home/airflow/.local/lib/python3.12/site-packages/airflow/example_dags/tutorial.py
[2024-10-19T14:28:02.788+0000] {processor.py:925} INFO - DAG(s) 'tutorial' retrieved from /home/airflow/.local/lib/python3.12/site-packages/airflow/example_dags/tutorial.py
[2024-10-19T14:28:02.849+0000] {logging_mixin.py:190} INFO - [2024-10-19T14:28:02.848+0000] {dag.py:3229} INFO - Sync 1 DAGs
[2024-10-19T14:28:02.917+0000] {logging_mixin.py:190} INFO - [2024-10-19T14:28:02.917+0000] {dag.py:4156} INFO - Setting next_dagrun for tutorial to 2024-10-18 00:00:00+00:00, run_after=2024-10-19 00:00:00+00:00
[2024-10-19T14:28:02.976+0000] {processor.py:208} INFO - Processing /home/airflow/.local/lib/python3.12/site-packages/airflow/example_dags/tutorial.py took 0.249 seconds
[2024-10-19T14:28:33.169+0000] {processor.py:186} INFO - Started process (PID=229) to work on /home/airflow/.local/lib/python3.12/site-packages/airflow/example_dags/tutorial.py
[2024-10-19T14:28:33.171+0000] {processor.py:914} INFO - Processing file /home/airflow/.local/lib/python3.12/site-packages/airflow/example_dags/tutorial.py for tasks to queue
[2024-10-19T14:28:33.176+0000] {logging_mixin.py:190} INFO - [2024-10-19T14:28:33.175+0000] {dagbag.py:587} INFO - Filling up the DagBag from /home/airflow/.local/lib/python3.12/site-packages/airflow/example_dags/tutorial.py
[2024-10-19T14:28:33.192+0000] {processor.py:925} INFO - DAG(s) 'tutorial' retrieved from /home/airflow/.local/lib/python3.12/site-packages/airflow/example_dags/tutorial.py
[2024-10-19T14:28:33.246+0000] {logging_mixin.py:190} INFO - [2024-10-19T14:28:33.246+0000] {dag.py:3229} INFO - Sync 1 DAGs
[2024-10-19T14:28:33.300+0000] {logging_mixin.py:190} INFO - [2024-10-19T14:28:33.300+0000] {dag.py:4156} INFO - Setting next_dagrun for tutorial to 2024-10-18 00:00:00+00:00, run_after=2024-10-19 00:00:00+00:00
[2024-10-19T14:28:33.344+0000] {processor.py:208} INFO - Processing /home/airflow/.local/lib/python3.12/site-packages/airflow/example_dags/tutorial.py took 0.189 seconds
[2024-10-19T14:29:03.732+0000] {processor.py:186} INFO - Started process (PID=291) to work on /home/airflow/.local/lib/python3.12/site-packages/airflow/example_dags/tutorial.py
[2024-10-19T14:29:03.734+0000] {processor.py:914} INFO - Processing file /home/airflow/.local/lib/python3.12/site-packages/airflow/example_dags/tutorial.py for tasks to queue
[2024-10-19T14:29:03.740+0000] {logging_mixin.py:190} INFO - [2024-10-19T14:29:03.739+0000] {dagbag.py:587} INFO - Filling up the DagBag from /home/airflow/.local/lib/python3.12/site-packages/airflow/example_dags/tutorial.py
[2024-10-19T14:29:03.761+0000] {processor.py:925} INFO - DAG(s) 'tutorial' retrieved from /home/airflow/.local/lib/python3.12/site-packages/airflow/example_dags/tutorial.py
[2024-10-19T14:29:03.816+0000] {logging_mixin.py:190} INFO - [2024-10-19T14:29:03.816+0000] {dag.py:3229} INFO - Sync 1 DAGs
[2024-10-19T14:29:03.871+0000] {logging_mixin.py:190} INFO - [2024-10-19T14:29:03.871+0000] {dag.py:4156} INFO - Setting next_dagrun for tutorial to 2024-10-18 00:00:00+00:00, run_after=2024-10-19 00:00:00+00:00
[2024-10-19T14:29:03.914+0000] {processor.py:208} INFO - Processing /home/airflow/.local/lib/python3.12/site-packages/airflow/example_dags/tutorial.py took 0.195 seconds
[2024-10-19T14:29:34.523+0000] {processor.py:186} INFO - Started process (PID=353) to work on /home/airflow/.local/lib/python3.12/site-packages/airflow/example_dags/tutorial.py
[2024-10-19T14:29:34.526+0000] {processor.py:914} INFO - Processing file /home/airflow/.local/lib/python3.12/site-packages/airflow/example_dags/tutorial.py for tasks to queue
[2024-10-19T14:29:34.530+0000] {logging_mixin.py:190} INFO - [2024-10-19T14:29:34.529+0000] {dagbag.py:587} INFO - Filling up the DagBag from /home/airflow/.local/lib/python3.12/site-packages/airflow/example_dags/tutorial.py
[2024-10-19T14:29:34.544+0000] {processor.py:925} INFO - DAG(s) 'tutorial' retrieved from /home/airflow/.local/lib/python3.12/site-packages/airflow/example_dags/tutorial.py
[2024-10-19T14:29:34.598+0000] {logging_mixin.py:190} INFO - [2024-10-19T14:29:34.598+0000] {dag.py:3229} INFO - Sync 1 DAGs
[2024-10-19T14:29:34.684+0000] {logging_mixin.py:190} INFO - [2024-10-19T14:29:34.683+0000] {dag.py:4156} INFO - Setting next_dagrun for tutorial to 2024-10-18 00:00:00+00:00, run_after=2024-10-19 00:00:00+00:00
[2024-10-19T14:29:34.728+0000] {processor.py:208} INFO - Processing /home/airflow/.local/lib/python3.12/site-packages/airflow/example_dags/tutorial.py took 0.220 seconds
[2024-10-19T14:30:05.552+0000] {processor.py:186} INFO - Started process (PID=415) to work on /home/airflow/.local/lib/python3.12/site-packages/airflow/example_dags/tutorial.py
[2024-10-19T14:30:05.555+0000] {processor.py:914} INFO - Processing file /home/airflow/.local/lib/python3.12/site-packages/airflow/example_dags/tutorial.py for tasks to queue
[2024-10-19T14:30:05.560+0000] {logging_mixin.py:190} INFO - [2024-10-19T14:30:05.559+0000] {dagbag.py:587} INFO - Filling up the DagBag from /home/airflow/.local/lib/python3.12/site-packages/airflow/example_dags/tutorial.py
[2024-10-19T14:30:05.579+0000] {processor.py:925} INFO - DAG(s) 'tutorial' retrieved from /home/airflow/.local/lib/python3.12/site-packages/airflow/example_dags/tutorial.py
[2024-10-19T14:30:05.622+0000] {logging_mixin.py:190} INFO - [2024-10-19T14:30:05.622+0000] {dag.py:3229} INFO - Sync 1 DAGs
[2024-10-19T14:30:05.680+0000] {logging_mixin.py:190} INFO - [2024-10-19T14:30:05.679+0000] {dag.py:4156} INFO - Setting next_dagrun for tutorial to 2024-10-18 00:00:00+00:00, run_after=2024-10-19 00:00:00+00:00
[2024-10-19T14:30:05.730+0000] {processor.py:208} INFO - Processing /home/airflow/.local/lib/python3.12/site-packages/airflow/example_dags/tutorial.py took 0.193 seconds
[2024-10-19T14:30:36.441+0000] {processor.py:186} INFO - Started process (PID=476) to work on /home/airflow/.local/lib/python3.12/site-packages/airflow/example_dags/tutorial.py
[2024-10-19T14:30:36.443+0000] {processor.py:914} INFO - Processing file /home/airflow/.local/lib/python3.12/site-packages/airflow/example_dags/tutorial.py for tasks to queue
[2024-10-19T14:30:36.447+0000] {logging_mixin.py:190} INFO - [2024-10-19T14:30:36.446+0000] {dagbag.py:587} INFO - Filling up the DagBag from /home/airflow/.local/lib/python3.12/site-packages/airflow/example_dags/tutorial.py
[2024-10-19T14:30:36.460+0000] {processor.py:925} INFO - DAG(s) 'tutorial' retrieved from /home/airflow/.local/lib/python3.12/site-packages/airflow/example_dags/tutorial.py
[2024-10-19T14:30:36.505+0000] {logging_mixin.py:190} INFO - [2024-10-19T14:30:36.505+0000] {dag.py:3229} INFO - Sync 1 DAGs
[2024-10-19T14:30:36.557+0000] {logging_mixin.py:190} INFO - [2024-10-19T14:30:36.556+0000] {dag.py:4156} INFO - Setting next_dagrun for tutorial to 2024-10-18 00:00:00+00:00, run_after=2024-10-19 00:00:00+00:00
[2024-10-19T14:30:36.593+0000] {processor.py:208} INFO - Processing /home/airflow/.local/lib/python3.12/site-packages/airflow/example_dags/tutorial.py took 0.164 seconds
[2024-10-19T14:31:06.816+0000] {processor.py:186} INFO - Started process (PID=538) to work on /home/airflow/.local/lib/python3.12/site-packages/airflow/example_dags/tutorial.py
[2024-10-19T14:31:06.818+0000] {processor.py:914} INFO - Processing file /home/airflow/.local/lib/python3.12/site-packages/airflow/example_dags/tutorial.py for tasks to queue
[2024-10-19T14:31:06.823+0000] {logging_mixin.py:190} INFO - [2024-10-19T14:31:06.823+0000] {dagbag.py:587} INFO - Filling up the DagBag from /home/airflow/.local/lib/python3.12/site-packages/airflow/example_dags/tutorial.py
[2024-10-19T14:31:06.841+0000] {processor.py:925} INFO - DAG(s) 'tutorial' retrieved from /home/airflow/.local/lib/python3.12/site-packages/airflow/example_dags/tutorial.py
[2024-10-19T14:31:06.885+0000] {logging_mixin.py:190} INFO - [2024-10-19T14:31:06.884+0000] {dag.py:3229} INFO - Sync 1 DAGs
[2024-10-19T14:31:06.954+0000] {logging_mixin.py:190} INFO - [2024-10-19T14:31:06.953+0000] {dag.py:4156} INFO - Setting next_dagrun for tutorial to 2024-10-18 00:00:00+00:00, run_after=2024-10-19 00:00:00+00:00
[2024-10-19T14:31:07.005+0000] {processor.py:208} INFO - Processing /home/airflow/.local/lib/python3.12/site-packages/airflow/example_dags/tutorial.py took 0.206 seconds
[2024-10-19T14:31:37.688+0000] {processor.py:186} INFO - Started process (PID=600) to work on /home/airflow/.local/lib/python3.12/site-packages/airflow/example_dags/tutorial.py
[2024-10-19T14:31:37.690+0000] {processor.py:914} INFO - Processing file /home/airflow/.local/lib/python3.12/site-packages/airflow/example_dags/tutorial.py for tasks to queue
[2024-10-19T14:31:37.695+0000] {logging_mixin.py:190} INFO - [2024-10-19T14:31:37.694+0000] {dagbag.py:587} INFO - Filling up the DagBag from /home/airflow/.local/lib/python3.12/site-packages/airflow/example_dags/tutorial.py
[2024-10-19T14:31:37.711+0000] {processor.py:925} INFO - DAG(s) 'tutorial' retrieved from /home/airflow/.local/lib/python3.12/site-packages/airflow/example_dags/tutorial.py
[2024-10-19T14:31:37.752+0000] {logging_mixin.py:190} INFO - [2024-10-19T14:31:37.752+0000] {dag.py:3229} INFO - Sync 1 DAGs
[2024-10-19T14:31:37.794+0000] {logging_mixin.py:190} INFO - [2024-10-19T14:31:37.794+0000] {dag.py:4156} INFO - Setting next_dagrun for tutorial to 2024-10-18 00:00:00+00:00, run_after=2024-10-19 00:00:00+00:00
[2024-10-19T14:31:37.829+0000] {processor.py:208} INFO - Processing /home/airflow/.local/lib/python3.12/site-packages/airflow/example_dags/tutorial.py took 0.151 seconds
[2024-10-19T14:32:08.780+0000] {processor.py:186} INFO - Started process (PID=661) to work on /home/airflow/.local/lib/python3.12/site-packages/airflow/example_dags/tutorial.py
[2024-10-19T14:32:08.783+0000] {processor.py:914} INFO - Processing file /home/airflow/.local/lib/python3.12/site-packages/airflow/example_dags/tutorial.py for tasks to queue
[2024-10-19T14:32:08.788+0000] {logging_mixin.py:190} INFO - [2024-10-19T14:32:08.787+0000] {dagbag.py:587} INFO - Filling up the DagBag from /home/airflow/.local/lib/python3.12/site-packages/airflow/example_dags/tutorial.py
[2024-10-19T14:32:08.806+0000] {processor.py:925} INFO - DAG(s) 'tutorial' retrieved from /home/airflow/.local/lib/python3.12/site-packages/airflow/example_dags/tutorial.py
[2024-10-19T14:32:08.860+0000] {logging_mixin.py:190} INFO - [2024-10-19T14:32:08.859+0000] {dag.py:3229} INFO - Sync 1 DAGs
[2024-10-19T14:32:08.928+0000] {logging_mixin.py:190} INFO - [2024-10-19T14:32:08.927+0000] {dag.py:4156} INFO - Setting next_dagrun for tutorial to 2024-10-18 00:00:00+00:00, run_after=2024-10-19 00:00:00+00:00
[2024-10-19T14:32:08.973+0000] {processor.py:208} INFO - Processing /home/airflow/.local/lib/python3.12/site-packages/airflow/example_dags/tutorial.py took 0.206 seconds
[2024-10-19T14:32:39.673+0000] {processor.py:186} INFO - Started process (PID=723) to work on /home/airflow/.local/lib/python3.12/site-packages/airflow/example_dags/tutorial.py
[2024-10-19T14:32:39.675+0000] {processor.py:914} INFO - Processing file /home/airflow/.local/lib/python3.12/site-packages/airflow/example_dags/tutorial.py for tasks to queue
[2024-10-19T14:32:39.679+0000] {logging_mixin.py:190} INFO - [2024-10-19T14:32:39.679+0000] {dagbag.py:587} INFO - Filling up the DagBag from /home/airflow/.local/lib/python3.12/site-packages/airflow/example_dags/tutorial.py
[2024-10-19T14:32:39.697+0000] {processor.py:925} INFO - DAG(s) 'tutorial' retrieved from /home/airflow/.local/lib/python3.12/site-packages/airflow/example_dags/tutorial.py
[2024-10-19T14:32:39.741+0000] {logging_mixin.py:190} INFO - [2024-10-19T14:32:39.739+0000] {dag.py:3229} INFO - Sync 1 DAGs
[2024-10-19T14:32:39.815+0000] {logging_mixin.py:190} INFO - [2024-10-19T14:32:39.815+0000] {dag.py:4156} INFO - Setting next_dagrun for tutorial to 2024-10-18 00:00:00+00:00, run_after=2024-10-19 00:00:00+00:00
[2024-10-19T14:32:39.876+0000] {processor.py:208} INFO - Processing /home/airflow/.local/lib/python3.12/site-packages/airflow/example_dags/tutorial.py took 0.217 seconds
[2024-10-19T14:33:10.710+0000] {processor.py:186} INFO - Started process (PID=784) to work on /home/airflow/.local/lib/python3.12/site-packages/airflow/example_dags/tutorial.py
[2024-10-19T14:33:10.712+0000] {processor.py:914} INFO - Processing file /home/airflow/.local/lib/python3.12/site-packages/airflow/example_dags/tutorial.py for tasks to queue
[2024-10-19T14:33:10.719+0000] {logging_mixin.py:190} INFO - [2024-10-19T14:33:10.718+0000] {dagbag.py:587} INFO - Filling up the DagBag from /home/airflow/.local/lib/python3.12/site-packages/airflow/example_dags/tutorial.py
[2024-10-19T14:33:10.741+0000] {processor.py:925} INFO - DAG(s) 'tutorial' retrieved from /home/airflow/.local/lib/python3.12/site-packages/airflow/example_dags/tutorial.py
[2024-10-19T14:33:10.835+0000] {logging_mixin.py:190} INFO - [2024-10-19T14:33:10.835+0000] {dag.py:3229} INFO - Sync 1 DAGs
[2024-10-19T14:33:10.911+0000] {logging_mixin.py:190} INFO - [2024-10-19T14:33:10.910+0000] {dag.py:4156} INFO - Setting next_dagrun for tutorial to 2024-10-18 00:00:00+00:00, run_after=2024-10-19 00:00:00+00:00
[2024-10-19T14:33:10.967+0000] {processor.py:208} INFO - Processing /home/airflow/.local/lib/python3.12/site-packages/airflow/example_dags/tutorial.py took 0.274 seconds
[2024-10-19T14:33:41.636+0000] {processor.py:186} INFO - Started process (PID=845) to work on /home/airflow/.local/lib/python3.12/site-packages/airflow/example_dags/tutorial.py
[2024-10-19T14:33:41.644+0000] {processor.py:914} INFO - Processing file /home/airflow/.local/lib/python3.12/site-packages/airflow/example_dags/tutorial.py for tasks to queue
[2024-10-19T14:33:41.651+0000] {logging_mixin.py:190} INFO - [2024-10-19T14:33:41.649+0000] {dagbag.py:587} INFO - Filling up the DagBag from /home/airflow/.local/lib/python3.12/site-packages/airflow/example_dags/tutorial.py
[2024-10-19T14:33:41.693+0000] {processor.py:925} INFO - DAG(s) 'tutorial' retrieved from /home/airflow/.local/lib/python3.12/site-packages/airflow/example_dags/tutorial.py
[2024-10-19T14:33:41.811+0000] {logging_mixin.py:190} INFO - [2024-10-19T14:33:41.811+0000] {dag.py:3229} INFO - Sync 1 DAGs
[2024-10-19T14:33:41.905+0000] {logging_mixin.py:190} INFO - [2024-10-19T14:33:41.904+0000] {dag.py:4156} INFO - Setting next_dagrun for tutorial to 2024-10-18 00:00:00+00:00, run_after=2024-10-19 00:00:00+00:00
[2024-10-19T14:33:42.000+0000] {processor.py:208} INFO - Processing /home/airflow/.local/lib/python3.12/site-packages/airflow/example_dags/tutorial.py took 0.387 seconds
[2024-10-19T14:34:12.604+0000] {processor.py:186} INFO - Started process (PID=907) to work on /home/airflow/.local/lib/python3.12/site-packages/airflow/example_dags/tutorial.py
[2024-10-19T14:34:12.608+0000] {processor.py:914} INFO - Processing file /home/airflow/.local/lib/python3.12/site-packages/airflow/example_dags/tutorial.py for tasks to queue
[2024-10-19T14:34:12.615+0000] {logging_mixin.py:190} INFO - [2024-10-19T14:34:12.614+0000] {dagbag.py:587} INFO - Filling up the DagBag from /home/airflow/.local/lib/python3.12/site-packages/airflow/example_dags/tutorial.py
[2024-10-19T14:34:12.635+0000] {processor.py:925} INFO - DAG(s) 'tutorial' retrieved from /home/airflow/.local/lib/python3.12/site-packages/airflow/example_dags/tutorial.py
[2024-10-19T14:34:12.693+0000] {logging_mixin.py:190} INFO - [2024-10-19T14:34:12.693+0000] {dag.py:3229} INFO - Sync 1 DAGs
[2024-10-19T14:34:12.766+0000] {logging_mixin.py:190} INFO - [2024-10-19T14:34:12.765+0000] {dag.py:4156} INFO - Setting next_dagrun for tutorial to 2024-10-18 00:00:00+00:00, run_after=2024-10-19 00:00:00+00:00
[2024-10-19T14:34:12.816+0000] {processor.py:208} INFO - Processing /home/airflow/.local/lib/python3.12/site-packages/airflow/example_dags/tutorial.py took 0.228 seconds
[2024-10-19T14:34:43.502+0000] {processor.py:186} INFO - Started process (PID=968) to work on /home/airflow/.local/lib/python3.12/site-packages/airflow/example_dags/tutorial.py
[2024-10-19T14:34:43.504+0000] {processor.py:914} INFO - Processing file /home/airflow/.local/lib/python3.12/site-packages/airflow/example_dags/tutorial.py for tasks to queue
[2024-10-19T14:34:43.509+0000] {logging_mixin.py:190} INFO - [2024-10-19T14:34:43.508+0000] {dagbag.py:587} INFO - Filling up the DagBag from /home/airflow/.local/lib/python3.12/site-packages/airflow/example_dags/tutorial.py
[2024-10-19T14:34:43.528+0000] {processor.py:925} INFO - DAG(s) 'tutorial' retrieved from /home/airflow/.local/lib/python3.12/site-packages/airflow/example_dags/tutorial.py
[2024-10-19T14:34:43.574+0000] {logging_mixin.py:190} INFO - [2024-10-19T14:34:43.573+0000] {dag.py:3229} INFO - Sync 1 DAGs
[2024-10-19T14:34:43.636+0000] {logging_mixin.py:190} INFO - [2024-10-19T14:34:43.635+0000] {dag.py:4156} INFO - Setting next_dagrun for tutorial to 2024-10-18 00:00:00+00:00, run_after=2024-10-19 00:00:00+00:00
[2024-10-19T14:34:43.676+0000] {processor.py:208} INFO - Processing /home/airflow/.local/lib/python3.12/site-packages/airflow/example_dags/tutorial.py took 0.188 seconds
[2024-10-19T14:35:14.801+0000] {processor.py:186} INFO - Started process (PID=1031) to work on /home/airflow/.local/lib/python3.12/site-packages/airflow/example_dags/tutorial.py
[2024-10-19T14:35:14.803+0000] {processor.py:914} INFO - Processing file /home/airflow/.local/lib/python3.12/site-packages/airflow/example_dags/tutorial.py for tasks to queue
[2024-10-19T14:35:14.809+0000] {logging_mixin.py:190} INFO - [2024-10-19T14:35:14.808+0000] {dagbag.py:587} INFO - Filling up the DagBag from /home/airflow/.local/lib/python3.12/site-packages/airflow/example_dags/tutorial.py
[2024-10-19T14:35:14.829+0000] {processor.py:925} INFO - DAG(s) 'tutorial' retrieved from /home/airflow/.local/lib/python3.12/site-packages/airflow/example_dags/tutorial.py
[2024-10-19T14:35:14.878+0000] {logging_mixin.py:190} INFO - [2024-10-19T14:35:14.877+0000] {dag.py:3229} INFO - Sync 1 DAGs
[2024-10-19T14:35:14.936+0000] {logging_mixin.py:190} INFO - [2024-10-19T14:35:14.935+0000] {dag.py:4156} INFO - Setting next_dagrun for tutorial to 2024-10-18 00:00:00+00:00, run_after=2024-10-19 00:00:00+00:00
[2024-10-19T14:35:14.979+0000] {processor.py:208} INFO - Processing /home/airflow/.local/lib/python3.12/site-packages/airflow/example_dags/tutorial.py took 0.195 seconds
[2024-10-19T14:35:45.310+0000] {processor.py:186} INFO - Started process (PID=1094) to work on /home/airflow/.local/lib/python3.12/site-packages/airflow/example_dags/tutorial.py
[2024-10-19T14:35:45.312+0000] {processor.py:914} INFO - Processing file /home/airflow/.local/lib/python3.12/site-packages/airflow/example_dags/tutorial.py for tasks to queue
[2024-10-19T14:35:45.317+0000] {logging_mixin.py:190} INFO - [2024-10-19T14:35:45.316+0000] {dagbag.py:587} INFO - Filling up the DagBag from /home/airflow/.local/lib/python3.12/site-packages/airflow/example_dags/tutorial.py
[2024-10-19T14:35:45.330+0000] {processor.py:925} INFO - DAG(s) 'tutorial' retrieved from /home/airflow/.local/lib/python3.12/site-packages/airflow/example_dags/tutorial.py
[2024-10-19T14:35:45.376+0000] {logging_mixin.py:190} INFO - [2024-10-19T14:35:45.376+0000] {dag.py:3229} INFO - Sync 1 DAGs
[2024-10-19T14:35:45.435+0000] {logging_mixin.py:190} INFO - [2024-10-19T14:35:45.435+0000] {dag.py:4156} INFO - Setting next_dagrun for tutorial to 2024-10-18 00:00:00+00:00, run_after=2024-10-19 00:00:00+00:00
[2024-10-19T14:35:45.477+0000] {processor.py:208} INFO - Processing /home/airflow/.local/lib/python3.12/site-packages/airflow/example_dags/tutorial.py took 0.181 seconds
[2024-10-19T14:36:15.955+0000] {processor.py:186} INFO - Started process (PID=1156) to work on /home/airflow/.local/lib/python3.12/site-packages/airflow/example_dags/tutorial.py
[2024-10-19T14:36:15.958+0000] {processor.py:914} INFO - Processing file /home/airflow/.local/lib/python3.12/site-packages/airflow/example_dags/tutorial.py for tasks to queue
[2024-10-19T14:36:15.962+0000] {logging_mixin.py:190} INFO - [2024-10-19T14:36:15.961+0000] {dagbag.py:587} INFO - Filling up the DagBag from /home/airflow/.local/lib/python3.12/site-packages/airflow/example_dags/tutorial.py
[2024-10-19T14:36:15.976+0000] {processor.py:925} INFO - DAG(s) 'tutorial' retrieved from /home/airflow/.local/lib/python3.12/site-packages/airflow/example_dags/tutorial.py
[2024-10-19T14:36:16.016+0000] {logging_mixin.py:190} INFO - [2024-10-19T14:36:16.015+0000] {dag.py:3229} INFO - Sync 1 DAGs
[2024-10-19T14:36:16.068+0000] {logging_mixin.py:190} INFO - [2024-10-19T14:36:16.068+0000] {dag.py:4156} INFO - Setting next_dagrun for tutorial to 2024-10-18 00:00:00+00:00, run_after=2024-10-19 00:00:00+00:00
[2024-10-19T14:36:16.105+0000] {processor.py:208} INFO - Processing /home/airflow/.local/lib/python3.12/site-packages/airflow/example_dags/tutorial.py took 0.160 seconds
[2024-10-19T14:36:46.409+0000] {processor.py:186} INFO - Started process (PID=1217) to work on /home/airflow/.local/lib/python3.12/site-packages/airflow/example_dags/tutorial.py
[2024-10-19T14:36:46.412+0000] {processor.py:914} INFO - Processing file /home/airflow/.local/lib/python3.12/site-packages/airflow/example_dags/tutorial.py for tasks to queue
[2024-10-19T14:36:46.417+0000] {logging_mixin.py:190} INFO - [2024-10-19T14:36:46.416+0000] {dagbag.py:587} INFO - Filling up the DagBag from /home/airflow/.local/lib/python3.12/site-packages/airflow/example_dags/tutorial.py
[2024-10-19T14:36:46.439+0000] {processor.py:925} INFO - DAG(s) 'tutorial' retrieved from /home/airflow/.local/lib/python3.12/site-packages/airflow/example_dags/tutorial.py
[2024-10-19T14:36:46.490+0000] {logging_mixin.py:190} INFO - [2024-10-19T14:36:46.490+0000] {dag.py:3229} INFO - Sync 1 DAGs
[2024-10-19T14:36:46.544+0000] {logging_mixin.py:190} INFO - [2024-10-19T14:36:46.543+0000] {dag.py:4156} INFO - Setting next_dagrun for tutorial to 2024-10-18 00:00:00+00:00, run_after=2024-10-19 00:00:00+00:00
[2024-10-19T14:36:46.594+0000] {processor.py:208} INFO - Processing /home/airflow/.local/lib/python3.12/site-packages/airflow/example_dags/tutorial.py took 0.198 seconds
[2024-10-19T14:37:17.585+0000] {processor.py:186} INFO - Started process (PID=1279) to work on /home/airflow/.local/lib/python3.12/site-packages/airflow/example_dags/tutorial.py
[2024-10-19T14:37:17.588+0000] {processor.py:914} INFO - Processing file /home/airflow/.local/lib/python3.12/site-packages/airflow/example_dags/tutorial.py for tasks to queue
[2024-10-19T14:37:17.593+0000] {logging_mixin.py:190} INFO - [2024-10-19T14:37:17.592+0000] {dagbag.py:587} INFO - Filling up the DagBag from /home/airflow/.local/lib/python3.12/site-packages/airflow/example_dags/tutorial.py
[2024-10-19T14:37:17.613+0000] {processor.py:925} INFO - DAG(s) 'tutorial' retrieved from /home/airflow/.local/lib/python3.12/site-packages/airflow/example_dags/tutorial.py
[2024-10-19T14:37:17.654+0000] {logging_mixin.py:190} INFO - [2024-10-19T14:37:17.653+0000] {dag.py:3229} INFO - Sync 1 DAGs
[2024-10-19T14:37:17.704+0000] {logging_mixin.py:190} INFO - [2024-10-19T14:37:17.703+0000] {dag.py:4156} INFO - Setting next_dagrun for tutorial to 2024-10-18 00:00:00+00:00, run_after=2024-10-19 00:00:00+00:00
[2024-10-19T14:37:17.742+0000] {processor.py:208} INFO - Processing /home/airflow/.local/lib/python3.12/site-packages/airflow/example_dags/tutorial.py took 0.170 seconds
[2024-10-19T14:37:49.004+0000] {processor.py:186} INFO - Started process (PID=1341) to work on /home/airflow/.local/lib/python3.12/site-packages/airflow/example_dags/tutorial.py
[2024-10-19T14:37:49.006+0000] {processor.py:914} INFO - Processing file /home/airflow/.local/lib/python3.12/site-packages/airflow/example_dags/tutorial.py for tasks to queue
[2024-10-19T14:37:49.013+0000] {logging_mixin.py:190} INFO - [2024-10-19T14:37:49.012+0000] {dagbag.py:587} INFO - Filling up the DagBag from /home/airflow/.local/lib/python3.12/site-packages/airflow/example_dags/tutorial.py
[2024-10-19T14:37:49.038+0000] {processor.py:925} INFO - DAG(s) 'tutorial' retrieved from /home/airflow/.local/lib/python3.12/site-packages/airflow/example_dags/tutorial.py
[2024-10-19T14:37:49.141+0000] {logging_mixin.py:190} INFO - [2024-10-19T14:37:49.140+0000] {dag.py:3229} INFO - Sync 1 DAGs
[2024-10-19T14:37:49.251+0000] {logging_mixin.py:190} INFO - [2024-10-19T14:37:49.250+0000] {dag.py:4156} INFO - Setting next_dagrun for tutorial to 2024-10-18 00:00:00+00:00, run_after=2024-10-19 00:00:00+00:00
[2024-10-19T14:37:49.310+0000] {processor.py:208} INFO - Processing /home/airflow/.local/lib/python3.12/site-packages/airflow/example_dags/tutorial.py took 0.333 seconds
[2024-10-19T14:38:20.117+0000] {processor.py:186} INFO - Started process (PID=1405) to work on /home/airflow/.local/lib/python3.12/site-packages/airflow/example_dags/tutorial.py
[2024-10-19T14:38:20.123+0000] {processor.py:914} INFO - Processing file /home/airflow/.local/lib/python3.12/site-packages/airflow/example_dags/tutorial.py for tasks to queue
[2024-10-19T14:38:20.134+0000] {logging_mixin.py:190} INFO - [2024-10-19T14:38:20.133+0000] {dagbag.py:587} INFO - Filling up the DagBag from /home/airflow/.local/lib/python3.12/site-packages/airflow/example_dags/tutorial.py
[2024-10-19T14:38:20.183+0000] {processor.py:925} INFO - DAG(s) 'tutorial' retrieved from /home/airflow/.local/lib/python3.12/site-packages/airflow/example_dags/tutorial.py
[2024-10-19T14:38:20.281+0000] {logging_mixin.py:190} INFO - [2024-10-19T14:38:20.281+0000] {dag.py:3229} INFO - Sync 1 DAGs
[2024-10-19T14:38:20.420+0000] {logging_mixin.py:190} INFO - [2024-10-19T14:38:20.419+0000] {dag.py:4156} INFO - Setting next_dagrun for tutorial to 2024-10-18 00:00:00+00:00, run_after=2024-10-19 00:00:00+00:00
[2024-10-19T14:38:20.518+0000] {processor.py:208} INFO - Processing /home/airflow/.local/lib/python3.12/site-packages/airflow/example_dags/tutorial.py took 0.427 seconds
[2024-10-19T14:38:51.420+0000] {processor.py:186} INFO - Started process (PID=1468) to work on /home/airflow/.local/lib/python3.12/site-packages/airflow/example_dags/tutorial.py
[2024-10-19T14:38:51.422+0000] {processor.py:914} INFO - Processing file /home/airflow/.local/lib/python3.12/site-packages/airflow/example_dags/tutorial.py for tasks to queue
[2024-10-19T14:38:51.426+0000] {logging_mixin.py:190} INFO - [2024-10-19T14:38:51.425+0000] {dagbag.py:587} INFO - Filling up the DagBag from /home/airflow/.local/lib/python3.12/site-packages/airflow/example_dags/tutorial.py
[2024-10-19T14:38:51.443+0000] {processor.py:925} INFO - DAG(s) 'tutorial' retrieved from /home/airflow/.local/lib/python3.12/site-packages/airflow/example_dags/tutorial.py
[2024-10-19T14:38:51.492+0000] {logging_mixin.py:190} INFO - [2024-10-19T14:38:51.492+0000] {dag.py:3229} INFO - Sync 1 DAGs
[2024-10-19T14:38:51.544+0000] {logging_mixin.py:190} INFO - [2024-10-19T14:38:51.543+0000] {dag.py:4156} INFO - Setting next_dagrun for tutorial to 2024-10-18 00:00:00+00:00, run_after=2024-10-19 00:00:00+00:00
[2024-10-19T14:38:51.582+0000] {processor.py:208} INFO - Processing /home/airflow/.local/lib/python3.12/site-packages/airflow/example_dags/tutorial.py took 0.173 seconds
[2024-10-19T14:39:22.039+0000] {processor.py:186} INFO - Started process (PID=1531) to work on /home/airflow/.local/lib/python3.12/site-packages/airflow/example_dags/tutorial.py
[2024-10-19T14:39:22.051+0000] {processor.py:914} INFO - Processing file /home/airflow/.local/lib/python3.12/site-packages/airflow/example_dags/tutorial.py for tasks to queue
[2024-10-19T14:39:22.057+0000] {logging_mixin.py:190} INFO - [2024-10-19T14:39:22.056+0000] {dagbag.py:587} INFO - Filling up the DagBag from /home/airflow/.local/lib/python3.12/site-packages/airflow/example_dags/tutorial.py
[2024-10-19T14:39:22.103+0000] {processor.py:925} INFO - DAG(s) 'tutorial' retrieved from /home/airflow/.local/lib/python3.12/site-packages/airflow/example_dags/tutorial.py
[2024-10-19T14:39:22.186+0000] {logging_mixin.py:190} INFO - [2024-10-19T14:39:22.182+0000] {dag.py:3229} INFO - Sync 1 DAGs
[2024-10-19T14:39:22.291+0000] {logging_mixin.py:190} INFO - [2024-10-19T14:39:22.290+0000] {dag.py:4156} INFO - Setting next_dagrun for tutorial to 2024-10-18 00:00:00+00:00, run_after=2024-10-19 00:00:00+00:00
[2024-10-19T14:39:22.387+0000] {processor.py:208} INFO - Processing /home/airflow/.local/lib/python3.12/site-packages/airflow/example_dags/tutorial.py took 0.372 seconds
[2024-10-19T14:39:53.145+0000] {processor.py:186} INFO - Started process (PID=1594) to work on /home/airflow/.local/lib/python3.12/site-packages/airflow/example_dags/tutorial.py
[2024-10-19T14:39:53.148+0000] {processor.py:914} INFO - Processing file /home/airflow/.local/lib/python3.12/site-packages/airflow/example_dags/tutorial.py for tasks to queue
[2024-10-19T14:39:53.153+0000] {logging_mixin.py:190} INFO - [2024-10-19T14:39:53.153+0000] {dagbag.py:587} INFO - Filling up the DagBag from /home/airflow/.local/lib/python3.12/site-packages/airflow/example_dags/tutorial.py
[2024-10-19T14:39:53.171+0000] {processor.py:925} INFO - DAG(s) 'tutorial' retrieved from /home/airflow/.local/lib/python3.12/site-packages/airflow/example_dags/tutorial.py
[2024-10-19T14:39:53.213+0000] {logging_mixin.py:190} INFO - [2024-10-19T14:39:53.212+0000] {dag.py:3229} INFO - Sync 1 DAGs
[2024-10-19T14:39:53.267+0000] {logging_mixin.py:190} INFO - [2024-10-19T14:39:53.267+0000] {dag.py:4156} INFO - Setting next_dagrun for tutorial to 2024-10-18 00:00:00+00:00, run_after=2024-10-19 00:00:00+00:00
[2024-10-19T14:39:53.321+0000] {processor.py:208} INFO - Processing /home/airflow/.local/lib/python3.12/site-packages/airflow/example_dags/tutorial.py took 0.191 seconds
[2024-10-19T14:40:23.762+0000] {processor.py:186} INFO - Started process (PID=1656) to work on /home/airflow/.local/lib/python3.12/site-packages/airflow/example_dags/tutorial.py
[2024-10-19T14:40:23.766+0000] {processor.py:914} INFO - Processing file /home/airflow/.local/lib/python3.12/site-packages/airflow/example_dags/tutorial.py for tasks to queue
[2024-10-19T14:40:23.778+0000] {logging_mixin.py:190} INFO - [2024-10-19T14:40:23.777+0000] {dagbag.py:587} INFO - Filling up the DagBag from /home/airflow/.local/lib/python3.12/site-packages/airflow/example_dags/tutorial.py
[2024-10-19T14:40:23.817+0000] {processor.py:925} INFO - DAG(s) 'tutorial' retrieved from /home/airflow/.local/lib/python3.12/site-packages/airflow/example_dags/tutorial.py
[2024-10-19T14:40:23.924+0000] {logging_mixin.py:190} INFO - [2024-10-19T14:40:23.923+0000] {dag.py:3229} INFO - Sync 1 DAGs
[2024-10-19T14:40:24.008+0000] {logging_mixin.py:190} INFO - [2024-10-19T14:40:24.007+0000] {dag.py:4156} INFO - Setting next_dagrun for tutorial to 2024-10-18 00:00:00+00:00, run_after=2024-10-19 00:00:00+00:00
[2024-10-19T14:40:24.049+0000] {processor.py:208} INFO - Processing /home/airflow/.local/lib/python3.12/site-packages/airflow/example_dags/tutorial.py took 0.328 seconds
[2024-10-19T14:40:54.362+0000] {processor.py:186} INFO - Started process (PID=1719) to work on /home/airflow/.local/lib/python3.12/site-packages/airflow/example_dags/tutorial.py
[2024-10-19T14:40:54.365+0000] {processor.py:914} INFO - Processing file /home/airflow/.local/lib/python3.12/site-packages/airflow/example_dags/tutorial.py for tasks to queue
[2024-10-19T14:40:54.371+0000] {logging_mixin.py:190} INFO - [2024-10-19T14:40:54.370+0000] {dagbag.py:587} INFO - Filling up the DagBag from /home/airflow/.local/lib/python3.12/site-packages/airflow/example_dags/tutorial.py
[2024-10-19T14:40:54.392+0000] {processor.py:925} INFO - DAG(s) 'tutorial' retrieved from /home/airflow/.local/lib/python3.12/site-packages/airflow/example_dags/tutorial.py
[2024-10-19T14:40:54.442+0000] {logging_mixin.py:190} INFO - [2024-10-19T14:40:54.442+0000] {dag.py:3229} INFO - Sync 1 DAGs
[2024-10-19T14:40:54.517+0000] {logging_mixin.py:190} INFO - [2024-10-19T14:40:54.517+0000] {dag.py:4156} INFO - Setting next_dagrun for tutorial to 2024-10-18 00:00:00+00:00, run_after=2024-10-19 00:00:00+00:00
[2024-10-19T14:40:54.586+0000] {processor.py:208} INFO - Processing /home/airflow/.local/lib/python3.12/site-packages/airflow/example_dags/tutorial.py took 0.250 seconds
[2024-10-19T14:41:25.557+0000] {processor.py:186} INFO - Started process (PID=1784) to work on /home/airflow/.local/lib/python3.12/site-packages/airflow/example_dags/tutorial.py
[2024-10-19T14:41:25.560+0000] {processor.py:914} INFO - Processing file /home/airflow/.local/lib/python3.12/site-packages/airflow/example_dags/tutorial.py for tasks to queue
[2024-10-19T14:41:25.566+0000] {logging_mixin.py:190} INFO - [2024-10-19T14:41:25.565+0000] {dagbag.py:587} INFO - Filling up the DagBag from /home/airflow/.local/lib/python3.12/site-packages/airflow/example_dags/tutorial.py
[2024-10-19T14:41:25.589+0000] {processor.py:925} INFO - DAG(s) 'tutorial' retrieved from /home/airflow/.local/lib/python3.12/site-packages/airflow/example_dags/tutorial.py
[2024-10-19T14:41:25.633+0000] {logging_mixin.py:190} INFO - [2024-10-19T14:41:25.632+0000] {dag.py:3229} INFO - Sync 1 DAGs
[2024-10-19T14:41:25.698+0000] {logging_mixin.py:190} INFO - [2024-10-19T14:41:25.698+0000] {dag.py:4156} INFO - Setting next_dagrun for tutorial to 2024-10-18 00:00:00+00:00, run_after=2024-10-19 00:00:00+00:00
[2024-10-19T14:41:25.747+0000] {processor.py:208} INFO - Processing /home/airflow/.local/lib/python3.12/site-packages/airflow/example_dags/tutorial.py took 0.206 seconds
[2024-10-19T14:41:56.231+0000] {processor.py:186} INFO - Started process (PID=1848) to work on /home/airflow/.local/lib/python3.12/site-packages/airflow/example_dags/tutorial.py
[2024-10-19T14:41:56.234+0000] {processor.py:914} INFO - Processing file /home/airflow/.local/lib/python3.12/site-packages/airflow/example_dags/tutorial.py for tasks to queue
[2024-10-19T14:41:56.240+0000] {logging_mixin.py:190} INFO - [2024-10-19T14:41:56.239+0000] {dagbag.py:587} INFO - Filling up the DagBag from /home/airflow/.local/lib/python3.12/site-packages/airflow/example_dags/tutorial.py
[2024-10-19T14:41:56.260+0000] {processor.py:925} INFO - DAG(s) 'tutorial' retrieved from /home/airflow/.local/lib/python3.12/site-packages/airflow/example_dags/tutorial.py
[2024-10-19T14:41:56.305+0000] {logging_mixin.py:190} INFO - [2024-10-19T14:41:56.305+0000] {dag.py:3229} INFO - Sync 1 DAGs
[2024-10-19T14:41:56.357+0000] {logging_mixin.py:190} INFO - [2024-10-19T14:41:56.357+0000] {dag.py:4156} INFO - Setting next_dagrun for tutorial to 2024-10-18 00:00:00+00:00, run_after=2024-10-19 00:00:00+00:00
[2024-10-19T14:41:56.411+0000] {processor.py:208} INFO - Processing /home/airflow/.local/lib/python3.12/site-packages/airflow/example_dags/tutorial.py took 0.197 seconds
[2024-10-19T14:42:26.992+0000] {processor.py:186} INFO - Started process (PID=1912) to work on /home/airflow/.local/lib/python3.12/site-packages/airflow/example_dags/tutorial.py
[2024-10-19T14:42:26.994+0000] {processor.py:914} INFO - Processing file /home/airflow/.local/lib/python3.12/site-packages/airflow/example_dags/tutorial.py for tasks to queue
[2024-10-19T14:42:27.002+0000] {logging_mixin.py:190} INFO - [2024-10-19T14:42:27.000+0000] {dagbag.py:587} INFO - Filling up the DagBag from /home/airflow/.local/lib/python3.12/site-packages/airflow/example_dags/tutorial.py
[2024-10-19T14:42:27.021+0000] {processor.py:925} INFO - DAG(s) 'tutorial' retrieved from /home/airflow/.local/lib/python3.12/site-packages/airflow/example_dags/tutorial.py
[2024-10-19T14:42:27.066+0000] {logging_mixin.py:190} INFO - [2024-10-19T14:42:27.066+0000] {dag.py:3229} INFO - Sync 1 DAGs
[2024-10-19T14:42:27.122+0000] {logging_mixin.py:190} INFO - [2024-10-19T14:42:27.121+0000] {dag.py:4156} INFO - Setting next_dagrun for tutorial to 2024-10-18 00:00:00+00:00, run_after=2024-10-19 00:00:00+00:00
[2024-10-19T14:42:27.183+0000] {processor.py:208} INFO - Processing /home/airflow/.local/lib/python3.12/site-packages/airflow/example_dags/tutorial.py took 0.216 seconds
[2024-10-19T14:42:57.271+0000] {processor.py:186} INFO - Started process (PID=1975) to work on /home/airflow/.local/lib/python3.12/site-packages/airflow/example_dags/tutorial.py
[2024-10-19T14:42:57.283+0000] {processor.py:914} INFO - Processing file /home/airflow/.local/lib/python3.12/site-packages/airflow/example_dags/tutorial.py for tasks to queue
[2024-10-19T14:42:57.287+0000] {logging_mixin.py:190} INFO - [2024-10-19T14:42:57.286+0000] {dagbag.py:587} INFO - Filling up the DagBag from /home/airflow/.local/lib/python3.12/site-packages/airflow/example_dags/tutorial.py
[2024-10-19T14:42:57.302+0000] {processor.py:925} INFO - DAG(s) 'tutorial' retrieved from /home/airflow/.local/lib/python3.12/site-packages/airflow/example_dags/tutorial.py
[2024-10-19T14:42:57.344+0000] {logging_mixin.py:190} INFO - [2024-10-19T14:42:57.343+0000] {dag.py:3229} INFO - Sync 1 DAGs
[2024-10-19T14:42:57.419+0000] {logging_mixin.py:190} INFO - [2024-10-19T14:42:57.418+0000] {dag.py:4156} INFO - Setting next_dagrun for tutorial to 2024-10-18 00:00:00+00:00, run_after=2024-10-19 00:00:00+00:00
[2024-10-19T14:42:57.472+0000] {processor.py:208} INFO - Processing /home/airflow/.local/lib/python3.12/site-packages/airflow/example_dags/tutorial.py took 0.212 seconds
[2024-10-19T14:43:27.618+0000] {processor.py:186} INFO - Started process (PID=2038) to work on /home/airflow/.local/lib/python3.12/site-packages/airflow/example_dags/tutorial.py
[2024-10-19T14:43:27.634+0000] {processor.py:914} INFO - Processing file /home/airflow/.local/lib/python3.12/site-packages/airflow/example_dags/tutorial.py for tasks to queue
[2024-10-19T14:43:27.644+0000] {logging_mixin.py:190} INFO - [2024-10-19T14:43:27.642+0000] {dagbag.py:587} INFO - Filling up the DagBag from /home/airflow/.local/lib/python3.12/site-packages/airflow/example_dags/tutorial.py
[2024-10-19T14:43:27.683+0000] {processor.py:925} INFO - DAG(s) 'tutorial' retrieved from /home/airflow/.local/lib/python3.12/site-packages/airflow/example_dags/tutorial.py
[2024-10-19T14:43:27.764+0000] {logging_mixin.py:190} INFO - [2024-10-19T14:43:27.762+0000] {dag.py:3229} INFO - Sync 1 DAGs
[2024-10-19T14:43:27.922+0000] {logging_mixin.py:190} INFO - [2024-10-19T14:43:27.921+0000] {dag.py:4156} INFO - Setting next_dagrun for tutorial to 2024-10-18 00:00:00+00:00, run_after=2024-10-19 00:00:00+00:00
[2024-10-19T14:43:27.971+0000] {processor.py:208} INFO - Processing /home/airflow/.local/lib/python3.12/site-packages/airflow/example_dags/tutorial.py took 0.380 seconds
[2024-10-19T14:43:58.333+0000] {processor.py:186} INFO - Started process (PID=2101) to work on /home/airflow/.local/lib/python3.12/site-packages/airflow/example_dags/tutorial.py
[2024-10-19T14:43:58.346+0000] {processor.py:914} INFO - Processing file /home/airflow/.local/lib/python3.12/site-packages/airflow/example_dags/tutorial.py for tasks to queue
[2024-10-19T14:43:58.352+0000] {logging_mixin.py:190} INFO - [2024-10-19T14:43:58.351+0000] {dagbag.py:587} INFO - Filling up the DagBag from /home/airflow/.local/lib/python3.12/site-packages/airflow/example_dags/tutorial.py
[2024-10-19T14:43:58.396+0000] {processor.py:925} INFO - DAG(s) 'tutorial' retrieved from /home/airflow/.local/lib/python3.12/site-packages/airflow/example_dags/tutorial.py
[2024-10-19T14:43:58.451+0000] {logging_mixin.py:190} INFO - [2024-10-19T14:43:58.450+0000] {dag.py:3229} INFO - Sync 1 DAGs
[2024-10-19T14:43:58.508+0000] {logging_mixin.py:190} INFO - [2024-10-19T14:43:58.508+0000] {dag.py:4156} INFO - Setting next_dagrun for tutorial to 2024-10-18 00:00:00+00:00, run_after=2024-10-19 00:00:00+00:00
[2024-10-19T14:43:58.551+0000] {processor.py:208} INFO - Processing /home/airflow/.local/lib/python3.12/site-packages/airflow/example_dags/tutorial.py took 0.247 seconds
[2024-10-19T14:44:29.090+0000] {processor.py:186} INFO - Started process (PID=2166) to work on /home/airflow/.local/lib/python3.12/site-packages/airflow/example_dags/tutorial.py
[2024-10-19T14:44:29.097+0000] {processor.py:914} INFO - Processing file /home/airflow/.local/lib/python3.12/site-packages/airflow/example_dags/tutorial.py for tasks to queue
[2024-10-19T14:44:29.111+0000] {logging_mixin.py:190} INFO - [2024-10-19T14:44:29.110+0000] {dagbag.py:587} INFO - Filling up the DagBag from /home/airflow/.local/lib/python3.12/site-packages/airflow/example_dags/tutorial.py
[2024-10-19T14:44:29.153+0000] {processor.py:925} INFO - DAG(s) 'tutorial' retrieved from /home/airflow/.local/lib/python3.12/site-packages/airflow/example_dags/tutorial.py
[2024-10-19T14:44:29.248+0000] {logging_mixin.py:190} INFO - [2024-10-19T14:44:29.246+0000] {dag.py:3229} INFO - Sync 1 DAGs
[2024-10-19T14:44:29.356+0000] {logging_mixin.py:190} INFO - [2024-10-19T14:44:29.356+0000] {dag.py:4156} INFO - Setting next_dagrun for tutorial to 2024-10-18 00:00:00+00:00, run_after=2024-10-19 00:00:00+00:00
[2024-10-19T14:44:29.400+0000] {processor.py:208} INFO - Processing /home/airflow/.local/lib/python3.12/site-packages/airflow/example_dags/tutorial.py took 0.338 seconds
[2024-10-19T14:44:59.697+0000] {processor.py:186} INFO - Started process (PID=2229) to work on /home/airflow/.local/lib/python3.12/site-packages/airflow/example_dags/tutorial.py
[2024-10-19T14:44:59.700+0000] {processor.py:914} INFO - Processing file /home/airflow/.local/lib/python3.12/site-packages/airflow/example_dags/tutorial.py for tasks to queue
[2024-10-19T14:44:59.707+0000] {logging_mixin.py:190} INFO - [2024-10-19T14:44:59.707+0000] {dagbag.py:587} INFO - Filling up the DagBag from /home/airflow/.local/lib/python3.12/site-packages/airflow/example_dags/tutorial.py
[2024-10-19T14:44:59.724+0000] {processor.py:925} INFO - DAG(s) 'tutorial' retrieved from /home/airflow/.local/lib/python3.12/site-packages/airflow/example_dags/tutorial.py
[2024-10-19T14:44:59.775+0000] {logging_mixin.py:190} INFO - [2024-10-19T14:44:59.774+0000] {dag.py:3229} INFO - Sync 1 DAGs
[2024-10-19T14:44:59.827+0000] {logging_mixin.py:190} INFO - [2024-10-19T14:44:59.826+0000] {dag.py:4156} INFO - Setting next_dagrun for tutorial to 2024-10-18 00:00:00+00:00, run_after=2024-10-19 00:00:00+00:00
[2024-10-19T14:44:59.866+0000] {processor.py:208} INFO - Processing /home/airflow/.local/lib/python3.12/site-packages/airflow/example_dags/tutorial.py took 0.222 seconds
[2024-10-19T14:45:30.431+0000] {processor.py:186} INFO - Started process (PID=2292) to work on /home/airflow/.local/lib/python3.12/site-packages/airflow/example_dags/tutorial.py
[2024-10-19T14:45:30.433+0000] {processor.py:914} INFO - Processing file /home/airflow/.local/lib/python3.12/site-packages/airflow/example_dags/tutorial.py for tasks to queue
[2024-10-19T14:45:30.439+0000] {logging_mixin.py:190} INFO - [2024-10-19T14:45:30.438+0000] {dagbag.py:587} INFO - Filling up the DagBag from /home/airflow/.local/lib/python3.12/site-packages/airflow/example_dags/tutorial.py
[2024-10-19T14:45:30.458+0000] {processor.py:925} INFO - DAG(s) 'tutorial' retrieved from /home/airflow/.local/lib/python3.12/site-packages/airflow/example_dags/tutorial.py
[2024-10-19T14:45:30.504+0000] {logging_mixin.py:190} INFO - [2024-10-19T14:45:30.503+0000] {dag.py:3229} INFO - Sync 1 DAGs
[2024-10-19T14:45:30.546+0000] {logging_mixin.py:190} INFO - [2024-10-19T14:45:30.545+0000] {dag.py:4156} INFO - Setting next_dagrun for tutorial to 2024-10-18 00:00:00+00:00, run_after=2024-10-19 00:00:00+00:00
[2024-10-19T14:45:30.587+0000] {processor.py:208} INFO - Processing /home/airflow/.local/lib/python3.12/site-packages/airflow/example_dags/tutorial.py took 0.172 seconds
[2024-10-19T14:46:01.031+0000] {processor.py:186} INFO - Started process (PID=2356) to work on /home/airflow/.local/lib/python3.12/site-packages/airflow/example_dags/tutorial.py
[2024-10-19T14:46:01.033+0000] {processor.py:914} INFO - Processing file /home/airflow/.local/lib/python3.12/site-packages/airflow/example_dags/tutorial.py for tasks to queue
[2024-10-19T14:46:01.040+0000] {logging_mixin.py:190} INFO - [2024-10-19T14:46:01.039+0000] {dagbag.py:587} INFO - Filling up the DagBag from /home/airflow/.local/lib/python3.12/site-packages/airflow/example_dags/tutorial.py
[2024-10-19T14:46:01.061+0000] {processor.py:925} INFO - DAG(s) 'tutorial' retrieved from /home/airflow/.local/lib/python3.12/site-packages/airflow/example_dags/tutorial.py
[2024-10-19T14:46:01.113+0000] {logging_mixin.py:190} INFO - [2024-10-19T14:46:01.112+0000] {dag.py:3229} INFO - Sync 1 DAGs
[2024-10-19T14:46:01.177+0000] {logging_mixin.py:190} INFO - [2024-10-19T14:46:01.177+0000] {dag.py:4156} INFO - Setting next_dagrun for tutorial to 2024-10-18 00:00:00+00:00, run_after=2024-10-19 00:00:00+00:00
[2024-10-19T14:46:01.254+0000] {processor.py:208} INFO - Processing /home/airflow/.local/lib/python3.12/site-packages/airflow/example_dags/tutorial.py took 0.238 seconds
[2024-10-19T14:46:31.358+0000] {processor.py:186} INFO - Started process (PID=2418) to work on /home/airflow/.local/lib/python3.12/site-packages/airflow/example_dags/tutorial.py
[2024-10-19T14:46:31.363+0000] {processor.py:914} INFO - Processing file /home/airflow/.local/lib/python3.12/site-packages/airflow/example_dags/tutorial.py for tasks to queue
[2024-10-19T14:46:31.372+0000] {logging_mixin.py:190} INFO - [2024-10-19T14:46:31.371+0000] {dagbag.py:587} INFO - Filling up the DagBag from /home/airflow/.local/lib/python3.12/site-packages/airflow/example_dags/tutorial.py
[2024-10-19T14:46:31.410+0000] {processor.py:925} INFO - DAG(s) 'tutorial' retrieved from /home/airflow/.local/lib/python3.12/site-packages/airflow/example_dags/tutorial.py
[2024-10-19T14:46:31.504+0000] {logging_mixin.py:190} INFO - [2024-10-19T14:46:31.504+0000] {dag.py:3229} INFO - Sync 1 DAGs
[2024-10-19T14:46:31.564+0000] {logging_mixin.py:190} INFO - [2024-10-19T14:46:31.563+0000] {dag.py:4156} INFO - Setting next_dagrun for tutorial to 2024-10-18 00:00:00+00:00, run_after=2024-10-19 00:00:00+00:00
[2024-10-19T14:46:31.619+0000] {processor.py:208} INFO - Processing /home/airflow/.local/lib/python3.12/site-packages/airflow/example_dags/tutorial.py took 0.289 seconds
[2024-10-19T14:47:01.926+0000] {processor.py:186} INFO - Started process (PID=2481) to work on /home/airflow/.local/lib/python3.12/site-packages/airflow/example_dags/tutorial.py
[2024-10-19T14:47:01.928+0000] {processor.py:914} INFO - Processing file /home/airflow/.local/lib/python3.12/site-packages/airflow/example_dags/tutorial.py for tasks to queue
[2024-10-19T14:47:01.934+0000] {logging_mixin.py:190} INFO - [2024-10-19T14:47:01.933+0000] {dagbag.py:587} INFO - Filling up the DagBag from /home/airflow/.local/lib/python3.12/site-packages/airflow/example_dags/tutorial.py
[2024-10-19T14:47:01.955+0000] {processor.py:925} INFO - DAG(s) 'tutorial' retrieved from /home/airflow/.local/lib/python3.12/site-packages/airflow/example_dags/tutorial.py
[2024-10-19T14:47:02.013+0000] {logging_mixin.py:190} INFO - [2024-10-19T14:47:02.013+0000] {dag.py:3229} INFO - Sync 1 DAGs
[2024-10-19T14:47:02.086+0000] {logging_mixin.py:190} INFO - [2024-10-19T14:47:02.085+0000] {dag.py:4156} INFO - Setting next_dagrun for tutorial to 2024-10-18 00:00:00+00:00, run_after=2024-10-19 00:00:00+00:00
[2024-10-19T14:47:02.150+0000] {processor.py:208} INFO - Processing /home/airflow/.local/lib/python3.12/site-packages/airflow/example_dags/tutorial.py took 0.241 seconds
[2024-10-19T14:47:32.708+0000] {processor.py:186} INFO - Started process (PID=2543) to work on /home/airflow/.local/lib/python3.12/site-packages/airflow/example_dags/tutorial.py
[2024-10-19T14:47:32.713+0000] {processor.py:914} INFO - Processing file /home/airflow/.local/lib/python3.12/site-packages/airflow/example_dags/tutorial.py for tasks to queue
[2024-10-19T14:47:32.724+0000] {logging_mixin.py:190} INFO - [2024-10-19T14:47:32.723+0000] {dagbag.py:587} INFO - Filling up the DagBag from /home/airflow/.local/lib/python3.12/site-packages/airflow/example_dags/tutorial.py
[2024-10-19T14:47:32.758+0000] {processor.py:925} INFO - DAG(s) 'tutorial' retrieved from /home/airflow/.local/lib/python3.12/site-packages/airflow/example_dags/tutorial.py
[2024-10-19T14:47:32.808+0000] {logging_mixin.py:190} INFO - [2024-10-19T14:47:32.808+0000] {dag.py:3229} INFO - Sync 1 DAGs
[2024-10-19T14:47:32.862+0000] {logging_mixin.py:190} INFO - [2024-10-19T14:47:32.862+0000] {dag.py:4156} INFO - Setting next_dagrun for tutorial to 2024-10-18 00:00:00+00:00, run_after=2024-10-19 00:00:00+00:00
[2024-10-19T14:47:32.912+0000] {processor.py:208} INFO - Processing /home/airflow/.local/lib/python3.12/site-packages/airflow/example_dags/tutorial.py took 0.242 seconds
[2024-10-19T14:48:03.045+0000] {processor.py:186} INFO - Started process (PID=2606) to work on /home/airflow/.local/lib/python3.12/site-packages/airflow/example_dags/tutorial.py
[2024-10-19T14:48:03.060+0000] {processor.py:914} INFO - Processing file /home/airflow/.local/lib/python3.12/site-packages/airflow/example_dags/tutorial.py for tasks to queue
[2024-10-19T14:48:03.071+0000] {logging_mixin.py:190} INFO - [2024-10-19T14:48:03.069+0000] {dagbag.py:587} INFO - Filling up the DagBag from /home/airflow/.local/lib/python3.12/site-packages/airflow/example_dags/tutorial.py
[2024-10-19T14:48:03.135+0000] {processor.py:925} INFO - DAG(s) 'tutorial' retrieved from /home/airflow/.local/lib/python3.12/site-packages/airflow/example_dags/tutorial.py
[2024-10-19T14:48:03.211+0000] {logging_mixin.py:190} INFO - [2024-10-19T14:48:03.211+0000] {dag.py:3229} INFO - Sync 1 DAGs
[2024-10-19T14:48:03.260+0000] {logging_mixin.py:190} INFO - [2024-10-19T14:48:03.259+0000] {dag.py:4156} INFO - Setting next_dagrun for tutorial to 2024-10-18 00:00:00+00:00, run_after=2024-10-19 00:00:00+00:00
[2024-10-19T14:48:03.300+0000] {processor.py:208} INFO - Processing /home/airflow/.local/lib/python3.12/site-packages/airflow/example_dags/tutorial.py took 0.294 seconds
[2024-10-19T14:48:33.741+0000] {processor.py:186} INFO - Started process (PID=2670) to work on /home/airflow/.local/lib/python3.12/site-packages/airflow/example_dags/tutorial.py
[2024-10-19T14:48:33.743+0000] {processor.py:914} INFO - Processing file /home/airflow/.local/lib/python3.12/site-packages/airflow/example_dags/tutorial.py for tasks to queue
[2024-10-19T14:48:33.748+0000] {logging_mixin.py:190} INFO - [2024-10-19T14:48:33.747+0000] {dagbag.py:587} INFO - Filling up the DagBag from /home/airflow/.local/lib/python3.12/site-packages/airflow/example_dags/tutorial.py
[2024-10-19T14:48:33.766+0000] {processor.py:925} INFO - DAG(s) 'tutorial' retrieved from /home/airflow/.local/lib/python3.12/site-packages/airflow/example_dags/tutorial.py
[2024-10-19T14:48:33.814+0000] {logging_mixin.py:190} INFO - [2024-10-19T14:48:33.813+0000] {dag.py:3229} INFO - Sync 1 DAGs
[2024-10-19T14:48:33.875+0000] {logging_mixin.py:190} INFO - [2024-10-19T14:48:33.875+0000] {dag.py:4156} INFO - Setting next_dagrun for tutorial to 2024-10-18 00:00:00+00:00, run_after=2024-10-19 00:00:00+00:00
[2024-10-19T14:48:33.913+0000] {processor.py:208} INFO - Processing /home/airflow/.local/lib/python3.12/site-packages/airflow/example_dags/tutorial.py took 0.185 seconds
[2024-10-19T14:49:04.904+0000] {processor.py:186} INFO - Started process (PID=2734) to work on /home/airflow/.local/lib/python3.12/site-packages/airflow/example_dags/tutorial.py
[2024-10-19T14:49:04.909+0000] {processor.py:914} INFO - Processing file /home/airflow/.local/lib/python3.12/site-packages/airflow/example_dags/tutorial.py for tasks to queue
[2024-10-19T14:49:04.921+0000] {logging_mixin.py:190} INFO - [2024-10-19T14:49:04.920+0000] {dagbag.py:587} INFO - Filling up the DagBag from /home/airflow/.local/lib/python3.12/site-packages/airflow/example_dags/tutorial.py
[2024-10-19T14:49:04.960+0000] {processor.py:925} INFO - DAG(s) 'tutorial' retrieved from /home/airflow/.local/lib/python3.12/site-packages/airflow/example_dags/tutorial.py
[2024-10-19T14:49:05.052+0000] {logging_mixin.py:190} INFO - [2024-10-19T14:49:05.051+0000] {dag.py:3229} INFO - Sync 1 DAGs
[2024-10-19T14:49:05.166+0000] {logging_mixin.py:190} INFO - [2024-10-19T14:49:05.166+0000] {dag.py:4156} INFO - Setting next_dagrun for tutorial to 2024-10-18 00:00:00+00:00, run_after=2024-10-19 00:00:00+00:00
[2024-10-19T14:49:05.233+0000] {processor.py:208} INFO - Processing /home/airflow/.local/lib/python3.12/site-packages/airflow/example_dags/tutorial.py took 0.360 seconds
[2024-10-19T14:49:35.539+0000] {processor.py:186} INFO - Started process (PID=2797) to work on /home/airflow/.local/lib/python3.12/site-packages/airflow/example_dags/tutorial.py
[2024-10-19T14:49:35.541+0000] {processor.py:914} INFO - Processing file /home/airflow/.local/lib/python3.12/site-packages/airflow/example_dags/tutorial.py for tasks to queue
[2024-10-19T14:49:35.548+0000] {logging_mixin.py:190} INFO - [2024-10-19T14:49:35.547+0000] {dagbag.py:587} INFO - Filling up the DagBag from /home/airflow/.local/lib/python3.12/site-packages/airflow/example_dags/tutorial.py
[2024-10-19T14:49:35.572+0000] {processor.py:925} INFO - DAG(s) 'tutorial' retrieved from /home/airflow/.local/lib/python3.12/site-packages/airflow/example_dags/tutorial.py
[2024-10-19T14:49:35.629+0000] {logging_mixin.py:190} INFO - [2024-10-19T14:49:35.628+0000] {dag.py:3229} INFO - Sync 1 DAGs
[2024-10-19T14:49:35.680+0000] {logging_mixin.py:190} INFO - [2024-10-19T14:49:35.679+0000] {dag.py:4156} INFO - Setting next_dagrun for tutorial to 2024-10-18 00:00:00+00:00, run_after=2024-10-19 00:00:00+00:00
[2024-10-19T14:49:35.725+0000] {processor.py:208} INFO - Processing /home/airflow/.local/lib/python3.12/site-packages/airflow/example_dags/tutorial.py took 0.204 seconds
[2024-10-19T14:50:05.798+0000] {processor.py:186} INFO - Started process (PID=2859) to work on /home/airflow/.local/lib/python3.12/site-packages/airflow/example_dags/tutorial.py
[2024-10-19T14:50:05.800+0000] {processor.py:914} INFO - Processing file /home/airflow/.local/lib/python3.12/site-packages/airflow/example_dags/tutorial.py for tasks to queue
[2024-10-19T14:50:05.805+0000] {logging_mixin.py:190} INFO - [2024-10-19T14:50:05.804+0000] {dagbag.py:587} INFO - Filling up the DagBag from /home/airflow/.local/lib/python3.12/site-packages/airflow/example_dags/tutorial.py
[2024-10-19T14:50:05.823+0000] {processor.py:925} INFO - DAG(s) 'tutorial' retrieved from /home/airflow/.local/lib/python3.12/site-packages/airflow/example_dags/tutorial.py
[2024-10-19T14:50:05.877+0000] {logging_mixin.py:190} INFO - [2024-10-19T14:50:05.876+0000] {dag.py:3229} INFO - Sync 1 DAGs
[2024-10-19T14:50:05.935+0000] {logging_mixin.py:190} INFO - [2024-10-19T14:50:05.935+0000] {dag.py:4156} INFO - Setting next_dagrun for tutorial to 2024-10-18 00:00:00+00:00, run_after=2024-10-19 00:00:00+00:00
[2024-10-19T14:50:05.978+0000] {processor.py:208} INFO - Processing /home/airflow/.local/lib/python3.12/site-packages/airflow/example_dags/tutorial.py took 0.202 seconds
[2024-10-19T14:50:36.362+0000] {processor.py:186} INFO - Started process (PID=2922) to work on /home/airflow/.local/lib/python3.12/site-packages/airflow/example_dags/tutorial.py
[2024-10-19T14:50:36.367+0000] {processor.py:914} INFO - Processing file /home/airflow/.local/lib/python3.12/site-packages/airflow/example_dags/tutorial.py for tasks to queue
[2024-10-19T14:50:36.378+0000] {logging_mixin.py:190} INFO - [2024-10-19T14:50:36.376+0000] {dagbag.py:587} INFO - Filling up the DagBag from /home/airflow/.local/lib/python3.12/site-packages/airflow/example_dags/tutorial.py
[2024-10-19T14:50:36.418+0000] {processor.py:925} INFO - DAG(s) 'tutorial' retrieved from /home/airflow/.local/lib/python3.12/site-packages/airflow/example_dags/tutorial.py
[2024-10-19T14:50:36.470+0000] {logging_mixin.py:190} INFO - [2024-10-19T14:50:36.470+0000] {dag.py:3229} INFO - Sync 1 DAGs
[2024-10-19T14:50:36.517+0000] {logging_mixin.py:190} INFO - [2024-10-19T14:50:36.517+0000] {dag.py:4156} INFO - Setting next_dagrun for tutorial to 2024-10-18 00:00:00+00:00, run_after=2024-10-19 00:00:00+00:00
[2024-10-19T14:50:36.559+0000] {processor.py:208} INFO - Processing /home/airflow/.local/lib/python3.12/site-packages/airflow/example_dags/tutorial.py took 0.232 seconds
[2024-10-19T14:51:06.646+0000] {processor.py:186} INFO - Started process (PID=2984) to work on /home/airflow/.local/lib/python3.12/site-packages/airflow/example_dags/tutorial.py
[2024-10-19T14:51:06.649+0000] {processor.py:914} INFO - Processing file /home/airflow/.local/lib/python3.12/site-packages/airflow/example_dags/tutorial.py for tasks to queue
[2024-10-19T14:51:06.655+0000] {logging_mixin.py:190} INFO - [2024-10-19T14:51:06.654+0000] {dagbag.py:587} INFO - Filling up the DagBag from /home/airflow/.local/lib/python3.12/site-packages/airflow/example_dags/tutorial.py
[2024-10-19T14:51:06.675+0000] {processor.py:925} INFO - DAG(s) 'tutorial' retrieved from /home/airflow/.local/lib/python3.12/site-packages/airflow/example_dags/tutorial.py
[2024-10-19T14:51:06.721+0000] {logging_mixin.py:190} INFO - [2024-10-19T14:51:06.721+0000] {dag.py:3229} INFO - Sync 1 DAGs
[2024-10-19T14:51:06.787+0000] {logging_mixin.py:190} INFO - [2024-10-19T14:51:06.786+0000] {dag.py:4156} INFO - Setting next_dagrun for tutorial to 2024-10-18 00:00:00+00:00, run_after=2024-10-19 00:00:00+00:00
[2024-10-19T14:51:06.846+0000] {processor.py:208} INFO - Processing /home/airflow/.local/lib/python3.12/site-packages/airflow/example_dags/tutorial.py took 0.219 seconds
[2024-10-19T14:51:37.687+0000] {processor.py:186} INFO - Started process (PID=3047) to work on /home/airflow/.local/lib/python3.12/site-packages/airflow/example_dags/tutorial.py
[2024-10-19T14:51:37.689+0000] {processor.py:914} INFO - Processing file /home/airflow/.local/lib/python3.12/site-packages/airflow/example_dags/tutorial.py for tasks to queue
[2024-10-19T14:51:37.693+0000] {logging_mixin.py:190} INFO - [2024-10-19T14:51:37.693+0000] {dagbag.py:587} INFO - Filling up the DagBag from /home/airflow/.local/lib/python3.12/site-packages/airflow/example_dags/tutorial.py
[2024-10-19T14:51:37.710+0000] {processor.py:925} INFO - DAG(s) 'tutorial' retrieved from /home/airflow/.local/lib/python3.12/site-packages/airflow/example_dags/tutorial.py
[2024-10-19T14:51:37.749+0000] {logging_mixin.py:190} INFO - [2024-10-19T14:51:37.749+0000] {dag.py:3229} INFO - Sync 1 DAGs
[2024-10-19T14:51:37.799+0000] {logging_mixin.py:190} INFO - [2024-10-19T14:51:37.799+0000] {dag.py:4156} INFO - Setting next_dagrun for tutorial to 2024-10-18 00:00:00+00:00, run_after=2024-10-19 00:00:00+00:00
[2024-10-19T14:51:37.842+0000] {processor.py:208} INFO - Processing /home/airflow/.local/lib/python3.12/site-packages/airflow/example_dags/tutorial.py took 0.169 seconds
[2024-10-19T14:52:08.445+0000] {processor.py:186} INFO - Started process (PID=3110) to work on /home/airflow/.local/lib/python3.12/site-packages/airflow/example_dags/tutorial.py
[2024-10-19T14:52:08.447+0000] {processor.py:914} INFO - Processing file /home/airflow/.local/lib/python3.12/site-packages/airflow/example_dags/tutorial.py for tasks to queue
[2024-10-19T14:52:08.451+0000] {logging_mixin.py:190} INFO - [2024-10-19T14:52:08.450+0000] {dagbag.py:587} INFO - Filling up the DagBag from /home/airflow/.local/lib/python3.12/site-packages/airflow/example_dags/tutorial.py
[2024-10-19T14:52:08.470+0000] {processor.py:925} INFO - DAG(s) 'tutorial' retrieved from /home/airflow/.local/lib/python3.12/site-packages/airflow/example_dags/tutorial.py
[2024-10-19T14:52:08.519+0000] {logging_mixin.py:190} INFO - [2024-10-19T14:52:08.519+0000] {dag.py:3229} INFO - Sync 1 DAGs
[2024-10-19T14:52:08.583+0000] {logging_mixin.py:190} INFO - [2024-10-19T14:52:08.582+0000] {dag.py:4156} INFO - Setting next_dagrun for tutorial to 2024-10-18 00:00:00+00:00, run_after=2024-10-19 00:00:00+00:00
[2024-10-19T14:52:08.621+0000] {processor.py:208} INFO - Processing /home/airflow/.local/lib/python3.12/site-packages/airflow/example_dags/tutorial.py took 0.189 seconds
[2024-10-19T14:52:39.426+0000] {processor.py:186} INFO - Started process (PID=3172) to work on /home/airflow/.local/lib/python3.12/site-packages/airflow/example_dags/tutorial.py
[2024-10-19T14:52:39.429+0000] {processor.py:914} INFO - Processing file /home/airflow/.local/lib/python3.12/site-packages/airflow/example_dags/tutorial.py for tasks to queue
[2024-10-19T14:52:39.437+0000] {logging_mixin.py:190} INFO - [2024-10-19T14:52:39.436+0000] {dagbag.py:587} INFO - Filling up the DagBag from /home/airflow/.local/lib/python3.12/site-packages/airflow/example_dags/tutorial.py
[2024-10-19T14:52:39.462+0000] {processor.py:925} INFO - DAG(s) 'tutorial' retrieved from /home/airflow/.local/lib/python3.12/site-packages/airflow/example_dags/tutorial.py
[2024-10-19T14:52:39.520+0000] {logging_mixin.py:190} INFO - [2024-10-19T14:52:39.519+0000] {dag.py:3229} INFO - Sync 1 DAGs
[2024-10-19T14:52:39.567+0000] {logging_mixin.py:190} INFO - [2024-10-19T14:52:39.567+0000] {dag.py:4156} INFO - Setting next_dagrun for tutorial to 2024-10-18 00:00:00+00:00, run_after=2024-10-19 00:00:00+00:00
[2024-10-19T14:52:39.912+0000] {processor.py:208} INFO - Processing /home/airflow/.local/lib/python3.12/site-packages/airflow/example_dags/tutorial.py took 0.508 seconds
[2024-10-19T14:53:11.143+0000] {processor.py:186} INFO - Started process (PID=3238) to work on /home/airflow/.local/lib/python3.12/site-packages/airflow/example_dags/tutorial.py
[2024-10-19T14:53:11.144+0000] {processor.py:914} INFO - Processing file /home/airflow/.local/lib/python3.12/site-packages/airflow/example_dags/tutorial.py for tasks to queue
[2024-10-19T14:53:11.149+0000] {logging_mixin.py:190} INFO - [2024-10-19T14:53:11.149+0000] {dagbag.py:587} INFO - Filling up the DagBag from /home/airflow/.local/lib/python3.12/site-packages/airflow/example_dags/tutorial.py
[2024-10-19T14:53:11.167+0000] {processor.py:925} INFO - DAG(s) 'tutorial' retrieved from /home/airflow/.local/lib/python3.12/site-packages/airflow/example_dags/tutorial.py
[2024-10-19T14:53:11.208+0000] {logging_mixin.py:190} INFO - [2024-10-19T14:53:11.207+0000] {dag.py:3229} INFO - Sync 1 DAGs
[2024-10-19T14:53:11.262+0000] {logging_mixin.py:190} INFO - [2024-10-19T14:53:11.262+0000] {dag.py:4156} INFO - Setting next_dagrun for tutorial to 2024-10-18 00:00:00+00:00, run_after=2024-10-19 00:00:00+00:00
[2024-10-19T14:53:11.303+0000] {processor.py:208} INFO - Processing /home/airflow/.local/lib/python3.12/site-packages/airflow/example_dags/tutorial.py took 0.175 seconds
[2024-10-19T14:53:42.232+0000] {processor.py:186} INFO - Started process (PID=3309) to work on /home/airflow/.local/lib/python3.12/site-packages/airflow/example_dags/tutorial.py
[2024-10-19T14:53:42.234+0000] {processor.py:914} INFO - Processing file /home/airflow/.local/lib/python3.12/site-packages/airflow/example_dags/tutorial.py for tasks to queue
[2024-10-19T14:53:42.238+0000] {logging_mixin.py:190} INFO - [2024-10-19T14:53:42.237+0000] {dagbag.py:587} INFO - Filling up the DagBag from /home/airflow/.local/lib/python3.12/site-packages/airflow/example_dags/tutorial.py
[2024-10-19T14:53:42.252+0000] {processor.py:925} INFO - DAG(s) 'tutorial' retrieved from /home/airflow/.local/lib/python3.12/site-packages/airflow/example_dags/tutorial.py
[2024-10-19T14:53:42.294+0000] {logging_mixin.py:190} INFO - [2024-10-19T14:53:42.293+0000] {dag.py:3229} INFO - Sync 1 DAGs
[2024-10-19T14:53:42.364+0000] {logging_mixin.py:190} INFO - [2024-10-19T14:53:42.364+0000] {dag.py:4156} INFO - Setting next_dagrun for tutorial to 2024-10-18 00:00:00+00:00, run_after=2024-10-19 00:00:00+00:00
[2024-10-19T14:53:42.410+0000] {processor.py:208} INFO - Processing /home/airflow/.local/lib/python3.12/site-packages/airflow/example_dags/tutorial.py took 0.191 seconds
[2024-10-19T14:54:12.890+0000] {processor.py:186} INFO - Started process (PID=3373) to work on /home/airflow/.local/lib/python3.12/site-packages/airflow/example_dags/tutorial.py
[2024-10-19T14:54:12.891+0000] {processor.py:914} INFO - Processing file /home/airflow/.local/lib/python3.12/site-packages/airflow/example_dags/tutorial.py for tasks to queue
[2024-10-19T14:54:12.897+0000] {logging_mixin.py:190} INFO - [2024-10-19T14:54:12.896+0000] {dagbag.py:587} INFO - Filling up the DagBag from /home/airflow/.local/lib/python3.12/site-packages/airflow/example_dags/tutorial.py
[2024-10-19T14:54:12.914+0000] {processor.py:925} INFO - DAG(s) 'tutorial' retrieved from /home/airflow/.local/lib/python3.12/site-packages/airflow/example_dags/tutorial.py
[2024-10-19T14:54:12.961+0000] {logging_mixin.py:190} INFO - [2024-10-19T14:54:12.960+0000] {dag.py:3229} INFO - Sync 1 DAGs
[2024-10-19T14:54:13.014+0000] {logging_mixin.py:190} INFO - [2024-10-19T14:54:13.014+0000] {dag.py:4156} INFO - Setting next_dagrun for tutorial to 2024-10-18 00:00:00+00:00, run_after=2024-10-19 00:00:00+00:00
[2024-10-19T14:54:13.053+0000] {processor.py:208} INFO - Processing /home/airflow/.local/lib/python3.12/site-packages/airflow/example_dags/tutorial.py took 0.177 seconds
[2024-10-19T14:54:45.407+0000] {processor.py:186} INFO - Started process (PID=3436) to work on /home/airflow/.local/lib/python3.12/site-packages/airflow/example_dags/tutorial.py
[2024-10-19T14:54:45.409+0000] {processor.py:914} INFO - Processing file /home/airflow/.local/lib/python3.12/site-packages/airflow/example_dags/tutorial.py for tasks to queue
[2024-10-19T14:54:45.415+0000] {logging_mixin.py:190} INFO - [2024-10-19T14:54:45.414+0000] {dagbag.py:587} INFO - Filling up the DagBag from /home/airflow/.local/lib/python3.12/site-packages/airflow/example_dags/tutorial.py
[2024-10-19T14:54:45.433+0000] {processor.py:925} INFO - DAG(s) 'tutorial' retrieved from /home/airflow/.local/lib/python3.12/site-packages/airflow/example_dags/tutorial.py
[2024-10-19T14:54:45.481+0000] {logging_mixin.py:190} INFO - [2024-10-19T14:54:45.480+0000] {dag.py:3229} INFO - Sync 1 DAGs
[2024-10-19T14:54:45.538+0000] {logging_mixin.py:190} INFO - [2024-10-19T14:54:45.538+0000] {dag.py:4156} INFO - Setting next_dagrun for tutorial to 2024-10-18 00:00:00+00:00, run_after=2024-10-19 00:00:00+00:00
[2024-10-19T14:54:45.592+0000] {processor.py:208} INFO - Processing /home/airflow/.local/lib/python3.12/site-packages/airflow/example_dags/tutorial.py took 0.199 seconds
[2024-10-19T14:55:18.015+0000] {processor.py:186} INFO - Started process (PID=3498) to work on /home/airflow/.local/lib/python3.12/site-packages/airflow/example_dags/tutorial.py
[2024-10-19T14:55:18.016+0000] {processor.py:914} INFO - Processing file /home/airflow/.local/lib/python3.12/site-packages/airflow/example_dags/tutorial.py for tasks to queue
[2024-10-19T14:55:18.021+0000] {logging_mixin.py:190} INFO - [2024-10-19T14:55:18.021+0000] {dagbag.py:587} INFO - Filling up the DagBag from /home/airflow/.local/lib/python3.12/site-packages/airflow/example_dags/tutorial.py
[2024-10-19T14:55:18.041+0000] {processor.py:925} INFO - DAG(s) 'tutorial' retrieved from /home/airflow/.local/lib/python3.12/site-packages/airflow/example_dags/tutorial.py
[2024-10-19T14:55:18.083+0000] {logging_mixin.py:190} INFO - [2024-10-19T14:55:18.082+0000] {dag.py:3229} INFO - Sync 1 DAGs
[2024-10-19T14:55:18.477+0000] {logging_mixin.py:190} INFO - [2024-10-19T14:55:18.476+0000] {dag.py:4156} INFO - Setting next_dagrun for tutorial to 2024-10-18 00:00:00+00:00, run_after=2024-10-19 00:00:00+00:00
[2024-10-19T14:55:18.532+0000] {processor.py:208} INFO - Processing /home/airflow/.local/lib/python3.12/site-packages/airflow/example_dags/tutorial.py took 0.533 seconds
[2024-10-19T14:55:49.139+0000] {processor.py:186} INFO - Started process (PID=3561) to work on /home/airflow/.local/lib/python3.12/site-packages/airflow/example_dags/tutorial.py
[2024-10-19T14:55:49.141+0000] {processor.py:914} INFO - Processing file /home/airflow/.local/lib/python3.12/site-packages/airflow/example_dags/tutorial.py for tasks to queue
[2024-10-19T14:55:49.149+0000] {logging_mixin.py:190} INFO - [2024-10-19T14:55:49.148+0000] {dagbag.py:587} INFO - Filling up the DagBag from /home/airflow/.local/lib/python3.12/site-packages/airflow/example_dags/tutorial.py
[2024-10-19T14:55:49.175+0000] {processor.py:925} INFO - DAG(s) 'tutorial' retrieved from /home/airflow/.local/lib/python3.12/site-packages/airflow/example_dags/tutorial.py
[2024-10-19T14:55:49.236+0000] {logging_mixin.py:190} INFO - [2024-10-19T14:55:49.235+0000] {dag.py:3229} INFO - Sync 1 DAGs
[2024-10-19T14:55:49.294+0000] {logging_mixin.py:190} INFO - [2024-10-19T14:55:49.294+0000] {dag.py:4156} INFO - Setting next_dagrun for tutorial to 2024-10-18 00:00:00+00:00, run_after=2024-10-19 00:00:00+00:00
[2024-10-19T14:55:49.338+0000] {processor.py:208} INFO - Processing /home/airflow/.local/lib/python3.12/site-packages/airflow/example_dags/tutorial.py took 0.219 seconds
[2024-10-19T14:56:19.585+0000] {processor.py:186} INFO - Started process (PID=3625) to work on /home/airflow/.local/lib/python3.12/site-packages/airflow/example_dags/tutorial.py
[2024-10-19T14:56:19.587+0000] {processor.py:914} INFO - Processing file /home/airflow/.local/lib/python3.12/site-packages/airflow/example_dags/tutorial.py for tasks to queue
[2024-10-19T14:56:19.593+0000] {logging_mixin.py:190} INFO - [2024-10-19T14:56:19.592+0000] {dagbag.py:587} INFO - Filling up the DagBag from /home/airflow/.local/lib/python3.12/site-packages/airflow/example_dags/tutorial.py
[2024-10-19T14:56:19.614+0000] {processor.py:925} INFO - DAG(s) 'tutorial' retrieved from /home/airflow/.local/lib/python3.12/site-packages/airflow/example_dags/tutorial.py
[2024-10-19T14:56:19.666+0000] {logging_mixin.py:190} INFO - [2024-10-19T14:56:19.665+0000] {dag.py:3229} INFO - Sync 1 DAGs
[2024-10-19T14:56:19.720+0000] {logging_mixin.py:190} INFO - [2024-10-19T14:56:19.720+0000] {dag.py:4156} INFO - Setting next_dagrun for tutorial to 2024-10-18 00:00:00+00:00, run_after=2024-10-19 00:00:00+00:00
[2024-10-19T14:56:19.777+0000] {processor.py:208} INFO - Processing /home/airflow/.local/lib/python3.12/site-packages/airflow/example_dags/tutorial.py took 0.209 seconds
[2024-10-19T14:56:49.940+0000] {processor.py:186} INFO - Started process (PID=3689) to work on /home/airflow/.local/lib/python3.12/site-packages/airflow/example_dags/tutorial.py
[2024-10-19T14:56:49.942+0000] {processor.py:914} INFO - Processing file /home/airflow/.local/lib/python3.12/site-packages/airflow/example_dags/tutorial.py for tasks to queue
[2024-10-19T14:56:49.947+0000] {logging_mixin.py:190} INFO - [2024-10-19T14:56:49.946+0000] {dagbag.py:587} INFO - Filling up the DagBag from /home/airflow/.local/lib/python3.12/site-packages/airflow/example_dags/tutorial.py
[2024-10-19T14:56:49.964+0000] {processor.py:925} INFO - DAG(s) 'tutorial' retrieved from /home/airflow/.local/lib/python3.12/site-packages/airflow/example_dags/tutorial.py
[2024-10-19T14:56:50.002+0000] {logging_mixin.py:190} INFO - [2024-10-19T14:56:50.002+0000] {dag.py:3229} INFO - Sync 1 DAGs
[2024-10-19T14:56:50.054+0000] {logging_mixin.py:190} INFO - [2024-10-19T14:56:50.054+0000] {dag.py:4156} INFO - Setting next_dagrun for tutorial to 2024-10-18 00:00:00+00:00, run_after=2024-10-19 00:00:00+00:00
[2024-10-19T14:56:50.105+0000] {processor.py:208} INFO - Processing /home/airflow/.local/lib/python3.12/site-packages/airflow/example_dags/tutorial.py took 0.177 seconds
[2024-10-19T14:57:20.920+0000] {processor.py:186} INFO - Started process (PID=3752) to work on /home/airflow/.local/lib/python3.12/site-packages/airflow/example_dags/tutorial.py
[2024-10-19T14:57:20.921+0000] {processor.py:914} INFO - Processing file /home/airflow/.local/lib/python3.12/site-packages/airflow/example_dags/tutorial.py for tasks to queue
[2024-10-19T14:57:20.925+0000] {logging_mixin.py:190} INFO - [2024-10-19T14:57:20.924+0000] {dagbag.py:587} INFO - Filling up the DagBag from /home/airflow/.local/lib/python3.12/site-packages/airflow/example_dags/tutorial.py
[2024-10-19T14:57:20.940+0000] {processor.py:925} INFO - DAG(s) 'tutorial' retrieved from /home/airflow/.local/lib/python3.12/site-packages/airflow/example_dags/tutorial.py
[2024-10-19T14:57:20.984+0000] {logging_mixin.py:190} INFO - [2024-10-19T14:57:20.983+0000] {dag.py:3229} INFO - Sync 1 DAGs
[2024-10-19T14:57:21.032+0000] {logging_mixin.py:190} INFO - [2024-10-19T14:57:21.032+0000] {dag.py:4156} INFO - Setting next_dagrun for tutorial to 2024-10-18 00:00:00+00:00, run_after=2024-10-19 00:00:00+00:00
[2024-10-19T14:57:21.070+0000] {processor.py:208} INFO - Processing /home/airflow/.local/lib/python3.12/site-packages/airflow/example_dags/tutorial.py took 0.162 seconds
[2024-10-19T14:57:51.759+0000] {processor.py:186} INFO - Started process (PID=3815) to work on /home/airflow/.local/lib/python3.12/site-packages/airflow/example_dags/tutorial.py
[2024-10-19T14:57:51.761+0000] {processor.py:914} INFO - Processing file /home/airflow/.local/lib/python3.12/site-packages/airflow/example_dags/tutorial.py for tasks to queue
[2024-10-19T14:57:51.765+0000] {logging_mixin.py:190} INFO - [2024-10-19T14:57:51.765+0000] {dagbag.py:587} INFO - Filling up the DagBag from /home/airflow/.local/lib/python3.12/site-packages/airflow/example_dags/tutorial.py
[2024-10-19T14:57:51.778+0000] {processor.py:925} INFO - DAG(s) 'tutorial' retrieved from /home/airflow/.local/lib/python3.12/site-packages/airflow/example_dags/tutorial.py
[2024-10-19T14:57:51.821+0000] {logging_mixin.py:190} INFO - [2024-10-19T14:57:51.820+0000] {dag.py:3229} INFO - Sync 1 DAGs
[2024-10-19T14:57:51.884+0000] {logging_mixin.py:190} INFO - [2024-10-19T14:57:51.884+0000] {dag.py:4156} INFO - Setting next_dagrun for tutorial to 2024-10-18 00:00:00+00:00, run_after=2024-10-19 00:00:00+00:00
[2024-10-19T14:57:51.925+0000] {processor.py:208} INFO - Processing /home/airflow/.local/lib/python3.12/site-packages/airflow/example_dags/tutorial.py took 0.180 seconds
[2024-10-19T14:58:22.354+0000] {processor.py:186} INFO - Started process (PID=3878) to work on /home/airflow/.local/lib/python3.12/site-packages/airflow/example_dags/tutorial.py
[2024-10-19T14:58:22.355+0000] {processor.py:914} INFO - Processing file /home/airflow/.local/lib/python3.12/site-packages/airflow/example_dags/tutorial.py for tasks to queue
[2024-10-19T14:58:22.360+0000] {logging_mixin.py:190} INFO - [2024-10-19T14:58:22.359+0000] {dagbag.py:587} INFO - Filling up the DagBag from /home/airflow/.local/lib/python3.12/site-packages/airflow/example_dags/tutorial.py
[2024-10-19T14:58:22.385+0000] {processor.py:925} INFO - DAG(s) 'tutorial' retrieved from /home/airflow/.local/lib/python3.12/site-packages/airflow/example_dags/tutorial.py
[2024-10-19T14:58:22.441+0000] {logging_mixin.py:190} INFO - [2024-10-19T14:58:22.440+0000] {dag.py:3229} INFO - Sync 1 DAGs
[2024-10-19T14:58:22.505+0000] {logging_mixin.py:190} INFO - [2024-10-19T14:58:22.504+0000] {dag.py:4156} INFO - Setting next_dagrun for tutorial to 2024-10-18 00:00:00+00:00, run_after=2024-10-19 00:00:00+00:00
[2024-10-19T14:58:22.555+0000] {processor.py:208} INFO - Processing /home/airflow/.local/lib/python3.12/site-packages/airflow/example_dags/tutorial.py took 0.216 seconds
[2024-10-19T14:58:53.427+0000] {processor.py:186} INFO - Started process (PID=3941) to work on /home/airflow/.local/lib/python3.12/site-packages/airflow/example_dags/tutorial.py
[2024-10-19T14:58:53.430+0000] {processor.py:914} INFO - Processing file /home/airflow/.local/lib/python3.12/site-packages/airflow/example_dags/tutorial.py for tasks to queue
[2024-10-19T14:58:53.436+0000] {logging_mixin.py:190} INFO - [2024-10-19T14:58:53.435+0000] {dagbag.py:587} INFO - Filling up the DagBag from /home/airflow/.local/lib/python3.12/site-packages/airflow/example_dags/tutorial.py
[2024-10-19T14:58:53.454+0000] {processor.py:925} INFO - DAG(s) 'tutorial' retrieved from /home/airflow/.local/lib/python3.12/site-packages/airflow/example_dags/tutorial.py
[2024-10-19T14:58:53.505+0000] {logging_mixin.py:190} INFO - [2024-10-19T14:58:53.505+0000] {dag.py:3229} INFO - Sync 1 DAGs
[2024-10-19T14:58:53.572+0000] {logging_mixin.py:190} INFO - [2024-10-19T14:58:53.571+0000] {dag.py:4156} INFO - Setting next_dagrun for tutorial to 2024-10-18 00:00:00+00:00, run_after=2024-10-19 00:00:00+00:00
[2024-10-19T14:58:53.610+0000] {processor.py:208} INFO - Processing /home/airflow/.local/lib/python3.12/site-packages/airflow/example_dags/tutorial.py took 0.196 seconds
[2024-10-19T14:59:24.185+0000] {processor.py:186} INFO - Started process (PID=4003) to work on /home/airflow/.local/lib/python3.12/site-packages/airflow/example_dags/tutorial.py
[2024-10-19T14:59:24.187+0000] {processor.py:914} INFO - Processing file /home/airflow/.local/lib/python3.12/site-packages/airflow/example_dags/tutorial.py for tasks to queue
[2024-10-19T14:59:24.192+0000] {logging_mixin.py:190} INFO - [2024-10-19T14:59:24.191+0000] {dagbag.py:587} INFO - Filling up the DagBag from /home/airflow/.local/lib/python3.12/site-packages/airflow/example_dags/tutorial.py
[2024-10-19T14:59:24.211+0000] {processor.py:925} INFO - DAG(s) 'tutorial' retrieved from /home/airflow/.local/lib/python3.12/site-packages/airflow/example_dags/tutorial.py
[2024-10-19T14:59:24.264+0000] {logging_mixin.py:190} INFO - [2024-10-19T14:59:24.263+0000] {dag.py:3229} INFO - Sync 1 DAGs
[2024-10-19T14:59:24.326+0000] {logging_mixin.py:190} INFO - [2024-10-19T14:59:24.325+0000] {dag.py:4156} INFO - Setting next_dagrun for tutorial to 2024-10-18 00:00:00+00:00, run_after=2024-10-19 00:00:00+00:00
[2024-10-19T14:59:24.369+0000] {processor.py:208} INFO - Processing /home/airflow/.local/lib/python3.12/site-packages/airflow/example_dags/tutorial.py took 0.197 seconds
[2024-10-19T14:59:55.330+0000] {processor.py:186} INFO - Started process (PID=4066) to work on /home/airflow/.local/lib/python3.12/site-packages/airflow/example_dags/tutorial.py
[2024-10-19T14:59:55.332+0000] {processor.py:914} INFO - Processing file /home/airflow/.local/lib/python3.12/site-packages/airflow/example_dags/tutorial.py for tasks to queue
[2024-10-19T14:59:55.337+0000] {logging_mixin.py:190} INFO - [2024-10-19T14:59:55.336+0000] {dagbag.py:587} INFO - Filling up the DagBag from /home/airflow/.local/lib/python3.12/site-packages/airflow/example_dags/tutorial.py
[2024-10-19T14:59:55.353+0000] {processor.py:925} INFO - DAG(s) 'tutorial' retrieved from /home/airflow/.local/lib/python3.12/site-packages/airflow/example_dags/tutorial.py
[2024-10-19T14:59:55.404+0000] {logging_mixin.py:190} INFO - [2024-10-19T14:59:55.404+0000] {dag.py:3229} INFO - Sync 1 DAGs
[2024-10-19T14:59:55.482+0000] {logging_mixin.py:190} INFO - [2024-10-19T14:59:55.482+0000] {dag.py:4156} INFO - Setting next_dagrun for tutorial to 2024-10-18 00:00:00+00:00, run_after=2024-10-19 00:00:00+00:00
[2024-10-19T14:59:55.528+0000] {processor.py:208} INFO - Processing /home/airflow/.local/lib/python3.12/site-packages/airflow/example_dags/tutorial.py took 0.212 seconds
[2024-10-19T15:00:26.590+0000] {processor.py:186} INFO - Started process (PID=4128) to work on /home/airflow/.local/lib/python3.12/site-packages/airflow/example_dags/tutorial.py
[2024-10-19T15:00:26.592+0000] {processor.py:914} INFO - Processing file /home/airflow/.local/lib/python3.12/site-packages/airflow/example_dags/tutorial.py for tasks to queue
[2024-10-19T15:00:26.606+0000] {logging_mixin.py:190} INFO - [2024-10-19T15:00:26.605+0000] {dagbag.py:587} INFO - Filling up the DagBag from /home/airflow/.local/lib/python3.12/site-packages/airflow/example_dags/tutorial.py
[2024-10-19T15:00:26.635+0000] {processor.py:925} INFO - DAG(s) 'tutorial' retrieved from /home/airflow/.local/lib/python3.12/site-packages/airflow/example_dags/tutorial.py
[2024-10-19T15:00:26.692+0000] {logging_mixin.py:190} INFO - [2024-10-19T15:00:26.692+0000] {dag.py:3229} INFO - Sync 1 DAGs
[2024-10-19T15:00:26.753+0000] {logging_mixin.py:190} INFO - [2024-10-19T15:00:26.752+0000] {dag.py:4156} INFO - Setting next_dagrun for tutorial to 2024-10-18 00:00:00+00:00, run_after=2024-10-19 00:00:00+00:00
[2024-10-19T15:00:26.798+0000] {processor.py:208} INFO - Processing /home/airflow/.local/lib/python3.12/site-packages/airflow/example_dags/tutorial.py took 0.223 seconds
[2024-10-19T15:00:57.233+0000] {processor.py:186} INFO - Started process (PID=4192) to work on /home/airflow/.local/lib/python3.12/site-packages/airflow/example_dags/tutorial.py
[2024-10-19T15:00:57.236+0000] {processor.py:914} INFO - Processing file /home/airflow/.local/lib/python3.12/site-packages/airflow/example_dags/tutorial.py for tasks to queue
[2024-10-19T15:00:57.240+0000] {logging_mixin.py:190} INFO - [2024-10-19T15:00:57.240+0000] {dagbag.py:587} INFO - Filling up the DagBag from /home/airflow/.local/lib/python3.12/site-packages/airflow/example_dags/tutorial.py
[2024-10-19T15:00:57.257+0000] {processor.py:925} INFO - DAG(s) 'tutorial' retrieved from /home/airflow/.local/lib/python3.12/site-packages/airflow/example_dags/tutorial.py
[2024-10-19T15:00:57.307+0000] {logging_mixin.py:190} INFO - [2024-10-19T15:00:57.306+0000] {dag.py:3229} INFO - Sync 1 DAGs
[2024-10-19T15:00:57.362+0000] {logging_mixin.py:190} INFO - [2024-10-19T15:00:57.362+0000] {dag.py:4156} INFO - Setting next_dagrun for tutorial to 2024-10-18 00:00:00+00:00, run_after=2024-10-19 00:00:00+00:00
[2024-10-19T15:00:57.424+0000] {processor.py:208} INFO - Processing /home/airflow/.local/lib/python3.12/site-packages/airflow/example_dags/tutorial.py took 0.206 seconds
[2024-10-19T15:01:28.097+0000] {processor.py:186} INFO - Started process (PID=4255) to work on /home/airflow/.local/lib/python3.12/site-packages/airflow/example_dags/tutorial.py
[2024-10-19T15:01:28.099+0000] {processor.py:914} INFO - Processing file /home/airflow/.local/lib/python3.12/site-packages/airflow/example_dags/tutorial.py for tasks to queue
[2024-10-19T15:01:28.104+0000] {logging_mixin.py:190} INFO - [2024-10-19T15:01:28.104+0000] {dagbag.py:587} INFO - Filling up the DagBag from /home/airflow/.local/lib/python3.12/site-packages/airflow/example_dags/tutorial.py
[2024-10-19T15:01:28.123+0000] {processor.py:925} INFO - DAG(s) 'tutorial' retrieved from /home/airflow/.local/lib/python3.12/site-packages/airflow/example_dags/tutorial.py
[2024-10-19T15:01:28.250+0000] {logging_mixin.py:190} INFO - [2024-10-19T15:01:28.250+0000] {dag.py:3229} INFO - Sync 1 DAGs
[2024-10-19T15:01:28.301+0000] {logging_mixin.py:190} INFO - [2024-10-19T15:01:28.300+0000] {dag.py:4156} INFO - Setting next_dagrun for tutorial to 2024-10-18 00:00:00+00:00, run_after=2024-10-19 00:00:00+00:00
[2024-10-19T15:01:28.349+0000] {processor.py:208} INFO - Processing /home/airflow/.local/lib/python3.12/site-packages/airflow/example_dags/tutorial.py took 0.185 seconds
[2024-10-19T15:01:59.145+0000] {processor.py:186} INFO - Started process (PID=4318) to work on /home/airflow/.local/lib/python3.12/site-packages/airflow/example_dags/tutorial.py
[2024-10-19T15:01:59.147+0000] {processor.py:914} INFO - Processing file /home/airflow/.local/lib/python3.12/site-packages/airflow/example_dags/tutorial.py for tasks to queue
[2024-10-19T15:01:59.152+0000] {logging_mixin.py:190} INFO - [2024-10-19T15:01:59.151+0000] {dagbag.py:587} INFO - Filling up the DagBag from /home/airflow/.local/lib/python3.12/site-packages/airflow/example_dags/tutorial.py
[2024-10-19T15:01:59.169+0000] {processor.py:925} INFO - DAG(s) 'tutorial' retrieved from /home/airflow/.local/lib/python3.12/site-packages/airflow/example_dags/tutorial.py
[2024-10-19T15:01:59.213+0000] {logging_mixin.py:190} INFO - [2024-10-19T15:01:59.212+0000] {dag.py:3229} INFO - Sync 1 DAGs
[2024-10-19T15:01:59.262+0000] {logging_mixin.py:190} INFO - [2024-10-19T15:01:59.262+0000] {dag.py:4156} INFO - Setting next_dagrun for tutorial to 2024-10-18 00:00:00+00:00, run_after=2024-10-19 00:00:00+00:00
[2024-10-19T15:01:59.299+0000] {processor.py:208} INFO - Processing /home/airflow/.local/lib/python3.12/site-packages/airflow/example_dags/tutorial.py took 0.168 seconds
[2024-10-19T15:03:20.896+0000] {processor.py:186} INFO - Started process (PID=4468) to work on /home/airflow/.local/lib/python3.12/site-packages/airflow/example_dags/tutorial.py
[2024-10-19T15:03:20.899+0000] {processor.py:914} INFO - Processing file /home/airflow/.local/lib/python3.12/site-packages/airflow/example_dags/tutorial.py for tasks to queue
[2024-10-19T15:03:20.904+0000] {logging_mixin.py:190} INFO - [2024-10-19T15:03:20.903+0000] {dagbag.py:587} INFO - Filling up the DagBag from /home/airflow/.local/lib/python3.12/site-packages/airflow/example_dags/tutorial.py
[2024-10-19T15:03:20.929+0000] {processor.py:925} INFO - DAG(s) 'tutorial' retrieved from /home/airflow/.local/lib/python3.12/site-packages/airflow/example_dags/tutorial.py
[2024-10-19T15:03:20.978+0000] {logging_mixin.py:190} INFO - [2024-10-19T15:03:20.977+0000] {dag.py:3229} INFO - Sync 1 DAGs
[2024-10-19T15:03:21.041+0000] {logging_mixin.py:190} INFO - [2024-10-19T15:03:21.040+0000] {dag.py:4156} INFO - Setting next_dagrun for tutorial to 2024-10-18 00:00:00+00:00, run_after=2024-10-19 00:00:00+00:00
[2024-10-19T15:03:21.086+0000] {processor.py:208} INFO - Processing /home/airflow/.local/lib/python3.12/site-packages/airflow/example_dags/tutorial.py took 0.204 seconds
[2024-10-19T15:03:51.412+0000] {processor.py:186} INFO - Started process (PID=4531) to work on /home/airflow/.local/lib/python3.12/site-packages/airflow/example_dags/tutorial.py
[2024-10-19T15:03:51.414+0000] {processor.py:914} INFO - Processing file /home/airflow/.local/lib/python3.12/site-packages/airflow/example_dags/tutorial.py for tasks to queue
[2024-10-19T15:03:51.420+0000] {logging_mixin.py:190} INFO - [2024-10-19T15:03:51.419+0000] {dagbag.py:587} INFO - Filling up the DagBag from /home/airflow/.local/lib/python3.12/site-packages/airflow/example_dags/tutorial.py
[2024-10-19T15:03:51.437+0000] {processor.py:925} INFO - DAG(s) 'tutorial' retrieved from /home/airflow/.local/lib/python3.12/site-packages/airflow/example_dags/tutorial.py
[2024-10-19T15:03:51.479+0000] {logging_mixin.py:190} INFO - [2024-10-19T15:03:51.478+0000] {dag.py:3229} INFO - Sync 1 DAGs
[2024-10-19T15:03:51.521+0000] {logging_mixin.py:190} INFO - [2024-10-19T15:03:51.520+0000] {dag.py:4156} INFO - Setting next_dagrun for tutorial to 2024-10-18 00:00:00+00:00, run_after=2024-10-19 00:00:00+00:00
[2024-10-19T15:03:51.865+0000] {processor.py:208} INFO - Processing /home/airflow/.local/lib/python3.12/site-packages/airflow/example_dags/tutorial.py took 0.469 seconds
[2024-10-19T15:04:22.471+0000] {processor.py:186} INFO - Started process (PID=4594) to work on /home/airflow/.local/lib/python3.12/site-packages/airflow/example_dags/tutorial.py
[2024-10-19T15:04:22.474+0000] {processor.py:914} INFO - Processing file /home/airflow/.local/lib/python3.12/site-packages/airflow/example_dags/tutorial.py for tasks to queue
[2024-10-19T15:04:22.479+0000] {logging_mixin.py:190} INFO - [2024-10-19T15:04:22.478+0000] {dagbag.py:587} INFO - Filling up the DagBag from /home/airflow/.local/lib/python3.12/site-packages/airflow/example_dags/tutorial.py
[2024-10-19T15:04:22.497+0000] {processor.py:925} INFO - DAG(s) 'tutorial' retrieved from /home/airflow/.local/lib/python3.12/site-packages/airflow/example_dags/tutorial.py
[2024-10-19T15:04:22.548+0000] {logging_mixin.py:190} INFO - [2024-10-19T15:04:22.548+0000] {dag.py:3229} INFO - Sync 1 DAGs
[2024-10-19T15:04:22.599+0000] {logging_mixin.py:190} INFO - [2024-10-19T15:04:22.599+0000] {dag.py:4156} INFO - Setting next_dagrun for tutorial to 2024-10-18 00:00:00+00:00, run_after=2024-10-19 00:00:00+00:00
[2024-10-19T15:04:22.637+0000] {processor.py:208} INFO - Processing /home/airflow/.local/lib/python3.12/site-packages/airflow/example_dags/tutorial.py took 0.182 seconds
[2024-10-19T15:04:55.855+0000] {processor.py:186} INFO - Started process (PID=4659) to work on /home/airflow/.local/lib/python3.12/site-packages/airflow/example_dags/tutorial.py
[2024-10-19T15:04:55.857+0000] {processor.py:914} INFO - Processing file /home/airflow/.local/lib/python3.12/site-packages/airflow/example_dags/tutorial.py for tasks to queue
[2024-10-19T15:04:55.861+0000] {logging_mixin.py:190} INFO - [2024-10-19T15:04:55.861+0000] {dagbag.py:587} INFO - Filling up the DagBag from /home/airflow/.local/lib/python3.12/site-packages/airflow/example_dags/tutorial.py
[2024-10-19T15:04:55.874+0000] {processor.py:925} INFO - DAG(s) 'tutorial' retrieved from /home/airflow/.local/lib/python3.12/site-packages/airflow/example_dags/tutorial.py
[2024-10-19T15:04:55.913+0000] {logging_mixin.py:190} INFO - [2024-10-19T15:04:55.913+0000] {dag.py:3229} INFO - Sync 1 DAGs
[2024-10-19T15:04:55.951+0000] {logging_mixin.py:190} INFO - [2024-10-19T15:04:55.951+0000] {dag.py:4156} INFO - Setting next_dagrun for tutorial to 2024-10-18 00:00:00+00:00, run_after=2024-10-19 00:00:00+00:00
[2024-10-19T15:04:56.006+0000] {processor.py:208} INFO - Processing /home/airflow/.local/lib/python3.12/site-packages/airflow/example_dags/tutorial.py took 0.166 seconds
[2024-10-19T15:05:27.347+0000] {processor.py:186} INFO - Started process (PID=4721) to work on /home/airflow/.local/lib/python3.12/site-packages/airflow/example_dags/tutorial.py
[2024-10-19T15:05:27.350+0000] {processor.py:914} INFO - Processing file /home/airflow/.local/lib/python3.12/site-packages/airflow/example_dags/tutorial.py for tasks to queue
[2024-10-19T15:05:27.354+0000] {logging_mixin.py:190} INFO - [2024-10-19T15:05:27.353+0000] {dagbag.py:587} INFO - Filling up the DagBag from /home/airflow/.local/lib/python3.12/site-packages/airflow/example_dags/tutorial.py
[2024-10-19T15:05:27.370+0000] {processor.py:925} INFO - DAG(s) 'tutorial' retrieved from /home/airflow/.local/lib/python3.12/site-packages/airflow/example_dags/tutorial.py
[2024-10-19T15:05:27.408+0000] {logging_mixin.py:190} INFO - [2024-10-19T15:05:27.408+0000] {dag.py:3229} INFO - Sync 1 DAGs
[2024-10-19T15:05:27.460+0000] {logging_mixin.py:190} INFO - [2024-10-19T15:05:27.460+0000] {dag.py:4156} INFO - Setting next_dagrun for tutorial to 2024-10-18 00:00:00+00:00, run_after=2024-10-19 00:00:00+00:00
[2024-10-19T15:05:27.496+0000] {processor.py:208} INFO - Processing /home/airflow/.local/lib/python3.12/site-packages/airflow/example_dags/tutorial.py took 0.163 seconds
[2024-10-19T15:05:58.880+0000] {processor.py:186} INFO - Started process (PID=4784) to work on /home/airflow/.local/lib/python3.12/site-packages/airflow/example_dags/tutorial.py
[2024-10-19T15:05:58.893+0000] {processor.py:914} INFO - Processing file /home/airflow/.local/lib/python3.12/site-packages/airflow/example_dags/tutorial.py for tasks to queue
[2024-10-19T15:05:58.898+0000] {logging_mixin.py:190} INFO - [2024-10-19T15:05:58.897+0000] {dagbag.py:587} INFO - Filling up the DagBag from /home/airflow/.local/lib/python3.12/site-packages/airflow/example_dags/tutorial.py
[2024-10-19T15:05:58.925+0000] {processor.py:925} INFO - DAG(s) 'tutorial' retrieved from /home/airflow/.local/lib/python3.12/site-packages/airflow/example_dags/tutorial.py
[2024-10-19T15:05:58.992+0000] {logging_mixin.py:190} INFO - [2024-10-19T15:05:58.992+0000] {dag.py:3229} INFO - Sync 1 DAGs
[2024-10-19T15:05:59.436+0000] {logging_mixin.py:190} INFO - [2024-10-19T15:05:59.435+0000] {dag.py:4156} INFO - Setting next_dagrun for tutorial to 2024-10-18 00:00:00+00:00, run_after=2024-10-19 00:00:00+00:00
[2024-10-19T15:05:59.491+0000] {processor.py:208} INFO - Processing /home/airflow/.local/lib/python3.12/site-packages/airflow/example_dags/tutorial.py took 0.629 seconds
[2024-10-19T15:06:29.671+0000] {processor.py:186} INFO - Started process (PID=4847) to work on /home/airflow/.local/lib/python3.12/site-packages/airflow/example_dags/tutorial.py
[2024-10-19T15:06:29.673+0000] {processor.py:914} INFO - Processing file /home/airflow/.local/lib/python3.12/site-packages/airflow/example_dags/tutorial.py for tasks to queue
[2024-10-19T15:06:29.681+0000] {logging_mixin.py:190} INFO - [2024-10-19T15:06:29.680+0000] {dagbag.py:587} INFO - Filling up the DagBag from /home/airflow/.local/lib/python3.12/site-packages/airflow/example_dags/tutorial.py
[2024-10-19T15:06:29.700+0000] {processor.py:925} INFO - DAG(s) 'tutorial' retrieved from /home/airflow/.local/lib/python3.12/site-packages/airflow/example_dags/tutorial.py
[2024-10-19T15:06:29.741+0000] {logging_mixin.py:190} INFO - [2024-10-19T15:06:29.741+0000] {dag.py:3229} INFO - Sync 1 DAGs
[2024-10-19T15:06:29.784+0000] {logging_mixin.py:190} INFO - [2024-10-19T15:06:29.783+0000] {dag.py:4156} INFO - Setting next_dagrun for tutorial to 2024-10-18 00:00:00+00:00, run_after=2024-10-19 00:00:00+00:00
[2024-10-19T15:06:29.828+0000] {processor.py:208} INFO - Processing /home/airflow/.local/lib/python3.12/site-packages/airflow/example_dags/tutorial.py took 0.172 seconds
[2024-10-19T15:07:03.962+0000] {processor.py:186} INFO - Started process (PID=4910) to work on /home/airflow/.local/lib/python3.12/site-packages/airflow/example_dags/tutorial.py
[2024-10-19T15:07:03.964+0000] {processor.py:914} INFO - Processing file /home/airflow/.local/lib/python3.12/site-packages/airflow/example_dags/tutorial.py for tasks to queue
[2024-10-19T15:07:03.971+0000] {logging_mixin.py:190} INFO - [2024-10-19T15:07:03.971+0000] {dagbag.py:587} INFO - Filling up the DagBag from /home/airflow/.local/lib/python3.12/site-packages/airflow/example_dags/tutorial.py
[2024-10-19T15:07:03.990+0000] {processor.py:925} INFO - DAG(s) 'tutorial' retrieved from /home/airflow/.local/lib/python3.12/site-packages/airflow/example_dags/tutorial.py
[2024-10-19T15:07:04.040+0000] {logging_mixin.py:190} INFO - [2024-10-19T15:07:04.040+0000] {dag.py:3229} INFO - Sync 1 DAGs
[2024-10-19T15:07:04.112+0000] {logging_mixin.py:190} INFO - [2024-10-19T15:07:04.111+0000] {dag.py:4156} INFO - Setting next_dagrun for tutorial to 2024-10-18 00:00:00+00:00, run_after=2024-10-19 00:00:00+00:00
[2024-10-19T15:07:04.158+0000] {processor.py:208} INFO - Processing /home/airflow/.local/lib/python3.12/site-packages/airflow/example_dags/tutorial.py took 0.215 seconds
[2024-10-19T15:07:35.120+0000] {processor.py:186} INFO - Started process (PID=4973) to work on /home/airflow/.local/lib/python3.12/site-packages/airflow/example_dags/tutorial.py
[2024-10-19T15:07:35.123+0000] {processor.py:914} INFO - Processing file /home/airflow/.local/lib/python3.12/site-packages/airflow/example_dags/tutorial.py for tasks to queue
[2024-10-19T15:07:35.132+0000] {logging_mixin.py:190} INFO - [2024-10-19T15:07:35.131+0000] {dagbag.py:587} INFO - Filling up the DagBag from /home/airflow/.local/lib/python3.12/site-packages/airflow/example_dags/tutorial.py
[2024-10-19T15:07:35.156+0000] {processor.py:925} INFO - DAG(s) 'tutorial' retrieved from /home/airflow/.local/lib/python3.12/site-packages/airflow/example_dags/tutorial.py
[2024-10-19T15:07:35.207+0000] {logging_mixin.py:190} INFO - [2024-10-19T15:07:35.206+0000] {dag.py:3229} INFO - Sync 1 DAGs
[2024-10-19T15:07:35.254+0000] {logging_mixin.py:190} INFO - [2024-10-19T15:07:35.253+0000] {dag.py:4156} INFO - Setting next_dagrun for tutorial to 2024-10-18 00:00:00+00:00, run_after=2024-10-19 00:00:00+00:00
[2024-10-19T15:07:35.298+0000] {processor.py:208} INFO - Processing /home/airflow/.local/lib/python3.12/site-packages/airflow/example_dags/tutorial.py took 0.196 seconds
[2024-10-19T15:08:05.482+0000] {processor.py:186} INFO - Started process (PID=5036) to work on /home/airflow/.local/lib/python3.12/site-packages/airflow/example_dags/tutorial.py
[2024-10-19T15:08:05.485+0000] {processor.py:914} INFO - Processing file /home/airflow/.local/lib/python3.12/site-packages/airflow/example_dags/tutorial.py for tasks to queue
[2024-10-19T15:08:05.491+0000] {logging_mixin.py:190} INFO - [2024-10-19T15:08:05.490+0000] {dagbag.py:587} INFO - Filling up the DagBag from /home/airflow/.local/lib/python3.12/site-packages/airflow/example_dags/tutorial.py
[2024-10-19T15:08:05.513+0000] {processor.py:925} INFO - DAG(s) 'tutorial' retrieved from /home/airflow/.local/lib/python3.12/site-packages/airflow/example_dags/tutorial.py
[2024-10-19T15:08:05.564+0000] {logging_mixin.py:190} INFO - [2024-10-19T15:08:05.563+0000] {dag.py:3229} INFO - Sync 1 DAGs
[2024-10-19T15:08:05.609+0000] {logging_mixin.py:190} INFO - [2024-10-19T15:08:05.609+0000] {dag.py:4156} INFO - Setting next_dagrun for tutorial to 2024-10-18 00:00:00+00:00, run_after=2024-10-19 00:00:00+00:00
[2024-10-19T15:08:05.660+0000] {processor.py:208} INFO - Processing /home/airflow/.local/lib/python3.12/site-packages/airflow/example_dags/tutorial.py took 0.194 seconds
